0
5.05431e-13
8.0738e-12
4.08075e-11
1.28763e-10
3.13855e-10
6.49759e-10
1.20181e-09
2.04693e-09
3.27349e-09
4.98126e-09
7.28129e-09
1.02958e-08
1.41582e-08
1.90128e-08
2.50149e-08
3.23305e-08
4.11365e-08
5.16204e-08
6.39803e-08
7.84245e-08
9.5172e-08
1.14452e-07
1.36504e-07
1.61577e-07
1.89931e-07
2.21835e-07
2.57569e-07
2.97421e-07
3.41691e-07
3.90686e-07
4.44726e-07
5.04136e-07
5.69254e-07
6.40426e-07
7.18006e-07
8.0236e-07
8.9386e-07
9.92888e-07
1.09984e-06
1.2151e-06
1.3391e-06
1.47224e-06
1.61495e-06
1.76767e-06
1.93084e-06
2.1049e-06
2.29033e-06
2.48757e-06
2.69712e-06
2.91946e-06
3.15507e-06
3.40446e-06
3.66813e-06
3.94659e-06
4.24038e-06
4.55001e-06
4.87604e-06
5.219e-06
5.57944e-06
5.95792e-06
6.35502e-06
6.77131e-06
7.20736e-06
7.66376e-06
8.14112e-06
8.64003e-06
9.1611e-06
9.70494e-06
1.02722e-05
1.08635e-05
1.14794e-05
1.21206e-05
1.27878e-05
1.34816e-05
1.42027e-05
1.49517e-05
1.57293e-05
1.65362e-05
1.73731e-05
1.82407e-05
1.91396e-05
2.00705e-05
2.10343e-05
2.20315e-05
2.3063e-05
2.41294e-05
2.52314e-05
2.63699e-05
2.75455e-05
2.8759e-05
3.00112e-05
3.13027e-05
3.26344e-05
3.40071e-05
3.54215e-05
3.68783e-05
3.83785e-05
3.99227e-05
4.15117e-05
4.31465e-05
4.48276e-05
4.65561e-05
4.83326e-05
5.0158e-05
5.20331e-05
5.39588e-05
5.59358e-05
5.79651e-05
6.00474e-05
6.21836e-05
6.43745e-05
6.6621e-05
6.8924e-05
7.12842e-05
7.37026e-05
7.61801e-05
7.87175e-05
8.13156e-05
8.39754e-05
8.66978e-05
8.94836e-05
9.23337e-05
9.5249e-05
9.82304e-05
0.000101279
0.000104395
0.00010758
0.000110835
0.000114161
0.000117558
0.000121028
0.000124571
0.000128188
0.000131881
0.00013565
0.000139496
0.00014342
0.000147423
0.000151506
0.00015567
0.000159916
0.000164245
0.000168657
0.000173155
0.000177738
0.000182407
0.000187165
0.00019201
0.000196946
0.000201972
0.000207089
0.000212299
0.000217603
0.000223001
0.000228494
0.000234084
0.000239772
0.000245557
0.000251443
0.000257428
0.000263515
0.000269705
0.000275998
0.000282395
0.000288898
0.000295507
0.000302223
0.000309048
0.000315983
0.000323028
0.000330185
0.000337454
0.000344836
0.000352333
0.000359946
0.000367676
0.000375523
0.000383488
0.000391574
0.00039978
0.000408108
0.000416558
0.000425133
0.000433832
0.000442657
0.000451609
0.000460689
0.000469898
0.000479238
0.000488708
0.00049831
0.000508046
0.000517915
0.00052792
0.000538062
0.00054834
0.000558757
0.000569314
0.000580011
0.000590849
0.00060183
0.000612955
0.000624224
0.00063564
0.000647202
0.000658911
0.00067077
0.000682779
0.000694939
0.000707251
0.000719716
0.000732335
0.000745109
0.00075804
0.000771128
0.000784374
0.00079778
0.000811347
0.000825075
0.000838965
0.00085302
0.000867239
0.000881624
0.000896176
0.000910895
0.000925784
0.000940843
0.000956073
0.000971475
0.00098705
0.0010028
0.00101873
0.00103483
0.00105111
0.00106756
0.0010842
0.00110102
0.00111802
0.0011352
0.00115256
0.00117012
0.00118785
0.00120578
0.00122389
0.00124219
0.00126068
0.00127936
0.00129823
0.0013173
0.00133656
0.00135602
0.00137568
0.00139553
0.00141558
0.00143583
0.00145628
0.00147693
0.00149778
0.00151884
0.00154011
0.00156157
0.00158325
0.00160513
0.00162723
0.00164953
0.00167205
0.00169477
0.00171771
0.00174087
0.00176424
0.00178782
0.00181162
0.00183564
0.00185989
0.00188435
0.00190903
0.00193393
0.00195906
0.00198442
0.00201
0.0020358
0.00206183
0.0020881
0.00211459
0.00214131
0.00216827
0.00219545
0.00222287
0.00225053
0.00227842
0.00230655
0.00233492
0.00236352
0.00239237
0.00242145
0.00245078
0.00248035
0.00251017
0.00254023
0.00257053
0.00260108
0.00263189
0.00266294
0.00269424
0.00272579
0.00275759
0.00278964
0.00282195
0.00285452
0.00288734
0.00292042
0.00295375
0.00298735
0.0030212
0.00305532
0.00308969
0.00312433
0.00315924
0.00319441
0.00322984
0.00326554
0.00330151
0.00333775
0.00337426
0.00341103
0.00344808
0.00348541
0.003523
0.00356087
0.00359902
0.00363744
0.00367614
0.00371512
0.00375438
0.00379391
0.00383373
0.00387383
0.00391422
0.00395489
0.00399584
0.00403708
0.0040786
0.00412042
0.00416252
0.00420491
0.0042476
0.00429057
0.00433384
0.0043774
0.00442125
0.0044654
0.00450985
0.00455459
0.00459963
0.00464497
0.00469061
0.00473655
0.0047828
0.00482934
0.00487619
0.00492334
0.0049708
0.00501857
0.00506664
0.00511502
0.00516371
0.00521271
0.00526201
0.00531163
0.00536157
0.00541181
0.00546238
0.00551325
0.00556444
0.00561595
0.00566778
0.00571992
0.00577239
0.00582517
0.00587828
0.00593171
0.00598546
0.00603954
0.00609393
0.00614866
0.00620371
0.00625909
0.0063148
0.00637083
0.0064272
0.0064839
0.00654093
0.00659829
0.00665598
0.00671401
0.00677237
0.00683107
0.0068901
0.00694947
0.00700918
0.00706923
0.00712962
0.00719035
0.00725142
0.00731284
0.00737459
0.00743669
0.00749914
0.00756193
0.00762506
0.00768855
0.00775238
0.00781656
0.00788109
0.00794597
0.0080112
0.00807678
0.00814272
0.00820901
0.00827565
0.00834265
0.00841
0.00847771
0.00854578
0.00861421
0.00868299
0.00875214
0.00882164
0.00889151
0.00896173
0.00903232
0.00910328
0.0091746
0.00924628
0.00931833
0.00939074
0.00946353
0.00953668
0.00961019
0.00968408
0.00975834
0.00983297
0.00990797
0.00998334
0.0100591
0.0101352
0.0102117
0.0102886
0.0103658
0.0104434
0.0105214
0.0105998
0.0106786
0.0107577
0.0108372
0.0109171
0.0109974
0.0110781
0.0111591
0.0112405
0.0113223
0.0114045
0.0114871
0.0115701
0.0116534
0.0117372
0.0118213
0.0119058
0.0119908
0.0120761
0.0121617
0.0122478
0.0123343
0.0124212
0.0125084
0.0125961
0.0126841
0.0127726
0.0128614
0.0129507
0.0130403
0.0131304
0.0132208
0.0133116
0.0134029
0.0134945
0.0135865
0.013679
0.0137718
0.0138651
0.0139587
0.0140528
0.0141472
0.0142421
0.0143374
0.014433
0.0145291
0.0146256
0.0147225
0.0148198
0.0149176
0.0150157
0.0151142
0.0152132
0.0153126
0.0154124
0.0155125
0.0156132
0.0157142
0.0158156
0.0159175
0.0160197
0.0161224
0.0162255
0.0163291
0.016433
0.0165374
0.0166421
0.0167473
0.016853
0.016959
0.0170655
0.0171724
0.0172797
0.0173874
0.0174956
0.0176042
0.0177132
0.0178226
0.0179325
0.0180427
0.0181535
0.0182646
0.0183762
0.0184882
0.0186006
0.0187135
0.0188268
0.0189405
0.0190546
0.0191692
0.0192842
0.0193997
0.0195156
0.0196319
0.0197486
0.0198658
0.0199834
0.0201015
0.02022
0.0203389
0.0204583
0.0205781
0.0206983
0.020819
0.0209401
0.0210617
0.0211837
0.0213061
0.021429
0.0215523
0.0216761
0.0218003
0.021925
0.0220501
0.0221756
0.0223016
0.022428
0.0225549
0.0226822
0.02281
0.0229382
0.0230668
0.0231959
0.0233255
0.0234555
0.0235859
0.0237168
0.0238482
0.02398
0.0241122
0.0242449
0.0243781
0.0245117
0.0246457
0.0247802
0.0249152
0.0250506
0.0251865
0.0253228
0.0254596
0.0255968
0.0257345
0.0258726
0.0260112
0.0261502
0.0262897
0.0264297
0.0265701
0.026711
0.0268523
0.0269941
0.0271364
0.0272791
0.0274223
0.0275659
0.02771
0.0278545
0.0279996
0.028145
0.028291
0.0284374
0.0285842
0.0287315
0.0288793
0.0290276
0.0291763
0.0293255
0.0294751
0.0296252
0.0297758
0.0299268
0.0300783
0.0302303
0.0303827
0.0305356
0.030689
0.0308428
0.0309971
0.0311519
0.0313071
0.0314628
0.031619
0.0317756
0.0319327
0.0320903
0.0322484
0.0324069
0.0325659
0.0327253
0.0328853
0.0330457
0.0332066
0.0333679
0.0335297
0.033692
0.0338548
0.034018
0.0341817
0.0343459
0.0345106
0.0346757
0.0348413
0.0350074
0.035174
0.035341
0.0355085
0.0356765
0.035845
0.0360139
0.0361833
0.0363532
0.0365236
0.0366944
0.0368657
0.0370375
0.0372098
0.0373825
0.0375558
0.0377295
0.0379037
0.0380783
0.0382535
0.0384291
0.0386052
0.0387818
0.0389589
0.0391364
0.0393144
0.0394929
0.0396719
0.0398514
0.0400313
0.0402118
0.0403927
0.0405741
0.0407559
0.0409383
0.0411211
0.0413045
0.0414883
0.0416726
0.0418573
0.0420426
0.0422283
0.0424145
0.0426013
0.0427884
0.0429761
0.0431643
0.0433529
0.043542
0.0437317
0.0439218
0.0441123
0.0443034
0.044495
0.044687
0.0448795
0.0450725
0.045266
0.04546
0.0456545
0.0458494
0.0460449
0.0462408
0.0464372
0.0466341
0.0468315
0.0470294
0.0472278
0.0474266
0.047626
0.0478258
0.0480261
0.0482269
0.0484282
0.04863
0.0488323
0.049035
0.0492383
0.049442
0.0496462
0.049851
0.0500562
0.0502619
0.050468
0.0506747
0.0508819
0.0510895
0.0512977
0.0515063
0.0517154
0.051925
0.0521351
0.0523457
0.0525568
0.0527684
0.0529804
0.053193
0.053406
0.0536196
0.0538336
0.0540481
0.0542631
0.0544786
0.0546946
0.0549111
0.0551281
0.0553455
0.0555635
0.0557819
0.0560009
0.0562203
0.0564402
0.0566606
0.0568815
0.0571029
0.0573248
0.0575472
0.0577701
0.0579934
0.0582173
0.0584416
0.0586665
0.0588918
0.0591176
0.0593439
0.0595707
0.059798
0.0600258
0.0602541
0.0604829
0.0607122
0.0609419
0.0611722
0.0614029
0.0616342
0.0618659
0.0620981
0.0623308
0.062564
0.0627977
0.0630319
0.0632666
0.0635018
0.0637375
0.0639736
0.0642103
0.0644474
0.0646851
0.0649232
0.0651618
0.065401
0.0656406
0.0658807
0.0661213
0.0663624
0.066604
0.066846
0.0670886
0.0673317
0.0675752
0.0678192
0.0680638
0.0683088
0.0685543
0.0688004
0.0690469
0.0692939
0.0695413
0.0697893
0.0700378
0.0702868
0.0705362
0.0707862
0.0710366
0.0712876
0.071539
0.0717909
0.0720433
0.0722962
0.0725496
0.0728035
0.0730579
0.0733128
0.0735681
0.073824
0.0740803
0.0743372
0.0745945
0.0748523
0.0751106
0.0753694
0.0756287
0.0758885
0.0761488
0.0764095
0.0766708
0.0769325
0.0771948
0.0774575
0.0777207
0.0779844
0.0782486
0.0785133
0.0787785
0.0790442
0.0793103
0.079577
0.0798441
0.0801118
0.0803799
0.0806485
0.0809176
0.0811872
0.0814573
0.0817278
0.0819989
0.0822704
0.0825425
0.082815
0.083088
0.0833615
0.0836355
0.08391
0.084185
0.0844604
0.0847364
0.0850128
0.0852897
0.0855671
0.085845
0.0861234
0.0864023
0.0866817
0.0869615
0.0872418
0.0875227
0.087804
0.0880858
0.0883681
0.0886508
0.0889341
0.0892178
0.089502
0.0897868
0.090072
0.0903576
0.0906438
0.0909305
0.0912176
0.0915053
0.0917934
0.092082
0.0923711
0.0926606
0.0929507
0.0932412
0.0935322
0.0938237
0.0941157
0.0944082
0.0947012
0.0949946
0.0952885
0.0955829
0.0958778
0.0961732
0.0964691
0.0967654
0.0970622
0.0973595
0.0976573
0.0979556
0.0982544
0.0985536
0.0988533
0.0991535
0.0994542
0.0997553
0.100057
0.100359
0.100662
0.100965
0.101268
0.101572
0.101877
0.102182
0.102487
0.102793
0.1031
0.103407
0.103714
0.104022
0.10433
0.104639
0.104949
0.105258
0.105569
0.105879
0.106191
0.106502
0.106814
0.107127
0.10744
0.107754
0.108068
0.108382
0.108698
0.109013
0.109329
0.109645
0.109962
0.11028
0.110598
0.110916
0.111235
0.111554
0.111874
0.112194
0.112515
0.112836
0.113158
0.11348
0.113803
0.114126
0.114449
0.114773
0.115098
0.115423
0.115748
0.116074
0.116401
0.116728
0.117055
0.117383
0.117711
0.11804
0.118369
0.118699
0.119029
0.119359
0.11969
0.120022
0.120354
0.120687
0.12102
0.121353
0.121687
0.122021
0.122356
0.122691
0.123027
0.123363
0.1237
0.124037
0.124375
0.124713
0.125052
0.125391
0.12573
0.12607
0.12641
0.126751
0.127093
0.127435
0.127777
0.12812
0.128463
0.128806
0.129151
0.129495
0.12984
0.130186
0.130532
0.130878
0.131225
0.131572
0.13192
0.132268
0.132617
0.132966
0.133316
0.133666
0.134017
0.134368
0.134719
0.135071
0.135424
0.135776
0.13613
0.136483
0.136838
0.137192
0.137548
0.137903
0.138259
0.138616
0.138973
0.13933
0.139688
0.140046
0.140405
0.140764
0.141124
0.141484
0.141845
0.142206
0.142567
0.142929
0.143292
0.143654
0.144018
0.144381
0.144746
0.14511
0.145475
0.145841
0.146207
0.146573
0.14694
0.147308
0.147675
0.148044
0.148412
0.148781
0.149151
0.149521
0.149892
0.150263
0.150634
0.151006
0.151378
0.151751
0.152124
0.152497
0.152871
0.153246
0.153621
0.153996
0.154372
0.154748
0.155125
0.155502
0.15588
0.156258
0.156636
0.157015
0.157394
0.157774
0.158154
0.158535
0.158916
0.159298
0.15968
0.160062
0.160445
0.160828
0.161212
0.161596
0.161981
0.162366
0.162751
0.163137
0.163524
0.16391
0.164298
0.164685
0.165073
0.165462
0.165851
0.16624
0.16663
0.16702
0.167411
0.167802
0.168194
0.168586
0.168978
0.169371
0.169764
0.170158
0.170552
0.170947
0.171342
0.171737
0.172133
0.172529
0.172926
0.173323
0.173721
0.174119
0.174517
0.174916
0.175315
0.175715
0.176115
0.176515
0.176916
0.177318
0.17772
0.178122
0.178525
0.178928
0.179331
0.179735
0.180139
0.180544
0.180949
0.181355
0.181761
0.182168
0.182574
0.182982
0.18339
0.183798
0.184206
0.184615
0.185025
0.185434
0.185845
0.186255
0.186666
0.187078
0.18749
0.187902
0.188315
0.188728
0.189142
0.189555
0.18997
0.190385
0.1908
0.191216
0.191632
0.192048
0.192465
0.192882
0.1933
0.193718
0.194136
0.194555
0.194975
0.195394
0.195815
0.196235
0.196656
0.197078
0.197499
0.197922
0.198344
0.198767
0.199191
0.199614
0.200039
0.200463
0.200888
0.201314
0.201739
0.202166
0.202592
0.203019
0.203447
0.203875
0.204303
0.204732
0.205161
0.20559
0.20602
0.20645
0.206881
0.207312
0.207744
0.208175
0.208608
0.20904
0.209473
0.209907
0.210341
0.210775
0.21121
0.211645
0.21208
0.212516
0.212952
0.213389
0.213826
0.214263
0.214701
0.215139
0.215578
0.216017
0.216456
0.216896
0.217336
0.217777
0.218218
0.218659
0.219101
0.219543
0.219985
0.220428
0.220871
0.221315
0.221759
0.222204
0.222648
0.223094
0.223539
0.223985
0.224432
0.224878
0.225325
0.225773
0.226221
0.226669
0.227118
0.227567
0.228016
0.228466
0.228916
0.229367
0.229818
0.230269
0.230721
0.231173
0.231626
0.232079
0.232532
0.232985
0.233439
0.233894
0.234349
0.234804
0.235259
0.235715
0.236171
0.236628
0.237085
0.237542
0.238
0.238458
0.238917
0.239376
0.239835
0.240295
0.240755
0.241215
0.241676
0.242137
0.242598
0.24306
0.243522
0.243985
0.244448
0.244911
0.245375
0.245839
0.246304
0.246768
0.247234
0.247699
0.248165
0.248631
0.249098
0.249565
0.250032
0.2505
0.250968
0.251437
0.251905
0.252375
0.252844
0.253314
0.253784
0.254255
0.254726
0.255197
0.255669
0.256141
0.256614
0.257086
0.25756
0.258033
0.258507
0.258981
0.259456
0.259931
0.260406
0.260882
0.261358
0.261834
0.262311
0.262788
0.263265
0.263743
0.264221
0.2647
0.265178
0.265658
0.266137
0.266617
0.267097
0.267578
0.268059
0.26854
0.269022
0.269504
0.269986
0.270469
0.270952
0.271435
0.271919
0.272403
0.272887
0.273372
0.273857
0.274343
0.274829
0.275315
0.275801
0.276288
0.276775
0.277263
0.277751
0.278239
0.278727
0.279216
0.279706
0.280195
0.280685
0.281175
0.281666
0.282157
0.282648
0.28314
0.283632
0.284124
0.284616
0.285109
0.285603
0.286096
0.28659
0.287085
0.287579
0.288074
0.288569
0.289065
0.289561
0.290057
0.290554
0.291051
0.291548
0.292046
0.292544
0.293042
0.293541
0.29404
0.294539
0.295039
0.295539
0.296039
0.296539
0.29704
0.297542
0.298043
0.298545
0.299047
0.29955
0.300053
0.300556
0.301059
0.301563
0.302067
0.302572
0.303077
0.303582
0.304087
0.304593
0.305099
0.305605
0.306112
0.306619
0.307127
0.307634
0.308142
0.308651
0.309159
0.309668
0.310178
0.310687
0.311197
0.311707
0.312218
0.312729
0.31324
0.313751
0.314263
0.314775
0.315288
0.315801
0.316314
0.316827
0.317341
0.317855
0.318369
0.318884
0.319398
0.319914
0.320429
0.320945
0.321461
0.321978
0.322495
0.323012
0.323529
0.324047
0.324565
0.325083
0.325602
0.326121
0.32664
0.327159
0.327679
0.328199
0.32872
0.32924
0.329762
0.330283
0.330805
0.331326
0.331849
0.332371
0.332894
0.333417
0.333941
0.334464
0.334989
0.335513
0.336037
0.336562
0.337088
0.337613
0.338139
0.338665
0.339192
0.339718
0.340245
0.340773
0.3413
0.341828
0.342356
0.342885
0.343413
0.343943
0.344472
0.345002
0.345531
0.346062
0.346592
0.347123
0.347654
0.348185
0.348717
0.349249
0.349781
0.350314
0.350847
0.35138
0.351913
0.352447
0.352981
0.353515
0.35405
0.354584
0.355119
0.355655
0.356191
0.356726
0.357263
0.357799
0.358336
0.358873
0.35941
0.359948
0.360486
0.361024
0.361563
0.362101
0.36264
0.36318
0.363719
0.364259
0.364799
0.36534
0.36588
0.366421
0.366963
0.367504
0.368046
0.368588
0.36913
0.369673
0.370216
0.370759
0.371302
0.371846
0.37239
0.372934
0.373479
0.374023
0.374568
0.375114
0.375659
0.376205
0.376751
0.377298
0.377844
0.378391
0.378939
0.379486
0.380034
0.380582
0.38113
0.381678
0.382227
0.382776
0.383326
0.383875
0.384425
0.384975
0.385525
0.386076
0.386627
0.387178
0.387729
0.388281
0.388833
0.389385
0.389938
0.39049
0.391043
0.391597
0.39215
0.392704
0.393258
0.393812
0.394366
0.394921
0.395476
0.396031
0.396587
0.397143
0.397699
0.398255
0.398812
0.399368
0.399925
0.400483
0.40104
0.401598
0.402156
0.402714
0.403273
0.403832
0.404391
0.40495
0.40551
0.406069
0.406629
0.40719
0.40775
0.408311
0.408872
0.409433
0.409995
0.410556
0.411118
0.411681
0.412243
0.412806
0.413369
0.413932
0.414496
0.415059
0.415623
0.416187
0.416752
0.417316
0.417881
0.418446
0.419012
0.419577
0.420143
0.420709
0.421276
0.421842
0.422409
0.422976
0.423543
0.424111
0.424679
0.425247
0.425815
0.426383
0.426952
0.427521
0.42809
0.428659
0.429229
0.429799
0.430369
0.430939
0.43151
0.432081
0.432652
0.433223
0.433794
0.434366
0.434938
0.43551
0.436082
0.436655
0.437228
0.437801
0.438374
0.438948
0.439522
0.440095
0.44067
0.441244
0.441819
0.442394
0.442969
0.443544
0.44412
0.444695
0.445271
0.445847
0.446424
0.447
0.447577
0.448154
0.448732
0.449309
0.449887
0.450465
0.451043
0.451622
0.4522
0.452779
0.453358
0.453937
0.454517
0.455096
0.455676
0.456256
0.456837
0.457417
0.457998
0.458579
0.45916
0.459742
0.460323
0.460905
0.461487
0.462069
0.462652
0.463235
0.463817
0.464401
0.464984
0.465567
0.466151
0.466735
0.467319
0.467903
0.468488
0.469073
0.469658
0.470243
0.470828
0.471414
0.472
0.472586
0.473172
0.473758
0.474345
0.474932
0.475519
0.476106
0.476693
0.477281
0.477869
0.478457
0.479045
0.479633
0.480222
0.480811
0.4814
0.481989
0.482579
0.483168
0.483758
0.484348
0.484938
0.485529
0.486119
0.48671
0.487301
0.487892
0.488484
0.489075
0.489667
0.490259
0.490851
0.491444
0.492036
0.492629
0.493222
0.493815
0.494408
0.495002
0.495595
0.496189
0.496783
0.497378
0.497972
0.498567
0.499162
0.499757
0.500352
0.500947
0.501543
0.502139
0.502735
0.503331
0.503927
0.504524
0.50512
0.505717
0.506314
0.506912
0.507509
0.508107
0.508705
0.509303
0.509901
0.510499
0.511098
0.511696
0.512295
0.512894
0.513494
0.514093
0.514693
0.515292
0.515892
0.516493
0.517093
0.517693
0.518294
0.518895
0.519496
0.520097
0.520699
0.5213
0.521902
0.522504
0.523106
0.523708
0.524311
0.524913
0.525516
0.526119
0.526722
0.527326
0.527929
0.528533
0.529137
0.529741
0.530345
0.530949
0.531554
0.532158
0.532763
0.533368
0.533973
0.534579
0.535184
0.53579
0.536396
0.537002
0.537608
0.538215
0.538821
0.539428
0.540035
0.540642
0.541249
0.541856
0.542464
0.543071
0.543679
0.544287
0.544895
0.545504
0.546112
0.546721
0.54733
0.547939
0.548548
0.549157
0.549767
0.550376
0.550986
0.551596
0.552206
0.552816
0.553427
0.554037
0.554648
0.555259
0.55587
0.556481
0.557092
0.557704
0.558316
0.558927
0.559539
0.560152
0.560764
0.561376
0.561989
0.562602
0.563214
0.563827
0.564441
0.565054
0.565668
0.566281
0.566895
0.567509
0.568123
0.568737
0.569352
0.569966
0.570581
0.571196
0.571811
0.572426
0.573041
0.573657
0.574272
0.574888
0.575504
0.57612
0.576736
0.577352
0.577969
0.578585
0.579202
0.579819
0.580436
0.581053
0.58167
0.582288
0.582905
0.583523
0.584141
0.584759
0.585377
0.585996
0.586614
0.587233
0.587851
0.58847
0.589089
0.589708
0.590328
0.590947
0.591567
0.592186
0.592806
0.593426
0.594046
0.594666
0.595287
0.595907
0.596528
0.597149
0.59777
0.598391
0.599012
0.599633
0.600255
0.600876
0.601498
0.60212
0.602742
0.603364
0.603986
0.604608
0.605231
0.605853
0.606476
0.607099
0.607722
0.608345
0.608969
0.609592
0.610215
0.610839
0.611463
0.612087
0.612711
0.613335
0.613959
0.614584
0.615208
0.615833
0.616458
0.617083
0.617708
0.618333
0.618958
0.619584
0.620209
0.620835
0.621461
0.622086
0.622712
0.623339
0.623965
0.624591
0.625218
0.625844
0.626471
0.627098
0.627725
0.628352
0.628979
0.629607
0.630234
0.630862
0.631489
0.632117
0.632745
0.633373
0.634001
0.63463
0.635258
0.635887
0.636515
0.637144
0.637773
0.638402
0.639031
0.63966
0.640289
0.640919
0.641548
0.642178
0.642808
0.643438
0.644068
0.644698
0.645328
0.645958
0.646589
0.647219
0.64785
0.648481
0.649111
0.649742
0.650373
0.651005
0.651636
0.652267
0.652899
0.65353
0.654162
0.654794
0.655426
0.656058
0.65669
0.657322
0.657955
0.658587
0.65922
0.659852
0.660485
0.661118
0.661751
0.662384
0.663017
0.663651
0.664284
0.664917
0.665551
0.666185
0.666819
0.667452
0.668086
0.668721
0.669355
0.669989
0.670623
0.671258
0.671892
0.672527
0.673162
0.673797
0.674432
0.675067
0.675702
0.676337
0.676973
0.677608
0.678244
0.678879
0.679515
0.680151
0.680787
0.681423
0.682059
0.682695
0.683332
0.683968
0.684604
0.685241
0.685878
0.686514
0.687151
0.687788
0.688425
0.689062
0.6897
0.690337
0.690974
0.691612
0.69225
0.692887
0.693525
0.694163
0.694801
0.695439
0.696077
0.696715
0.697353
0.697992
0.69863
0.699269
0.699907
0.700546
0.701185
0.701824
0.702463
0.703102
0.703741
0.70438
0.705019
0.705659
0.706298
0.706938
0.707578
0.708217
0.708857
0.709497
0.710137
0.710777
0.711417
0.712057
0.712698
0.713338
0.713978
0.714619
0.71526
0.7159
0.716541
0.717182
0.717823
0.718464
0.719105
0.719746
0.720387
0.721029
0.72167
0.722311
0.722953
0.723595
0.724236
0.724878
0.72552
0.726162
0.726804
0.727446
0.728088
0.72873
0.729372
0.730015
0.730657
0.7313
0.731942
0.732585
0.733228
0.73387
0.734513
0.735156
0.735799
0.736442
0.737085
0.737729
0.738372
0.739015
0.739659
0.740302
0.740946
0.741589
0.742233
0.742877
0.743521
0.744164
0.744808
0.745452
0.746096
0.746741
0.747385
0.748029
0.748673
0.749318
0.749962
0.750607
0.751252
0.751896
0.752541
0.753186
0.753831
0.754475
0.75512
0.755766
0.756411
0.757056
0.757701
0.758346
0.758992
0.759637
0.760283
0.760928
0.761574
0.762219
0.762865
0.763511
0.764157
0.764803
0.765449
0.766095
0.766741
0.767387
0.768033
0.768679
0.769325
0.769972
0.770618
0.771265
0.771911
0.772558
0.773204
0.773851
0.774498
0.775145
0.775792
0.776438
0.777085
0.777732
0.778379
0.779027
0.779674
0.780321
0.780968
0.781616
0.782263
0.78291
0.783558
0.784205
0.784853
0.785501
0.786148
0.786796
0.787444
0.788092
0.78874
0.789388
0.790036
0.790684
0.791332
0.79198
0.792628
0.793276
0.793924
0.794573
0.795221
0.79587
0.796518
0.797166
0.797815
0.798464
0.799112
0.799761
0.80041
0.801058
0.801707
0.802356
0.803005
0.803654
0.804303
0.804952
0.805601
0.80625
0.806899
0.807549
0.808198
0.808847
0.809497
0.810146
0.810795
0.811445
0.812094
0.812744
0.813393
0.814043
0.814693
0.815342
0.815992
0.816642
0.817292
0.817942
0.818591
0.819241
0.819891
0.820541
0.821191
0.821841
0.822492
0.823142
0.823792
0.824442
0.825092
0.825743
0.826393
0.827043
0.827694
0.828344
0.828995
0.829645
0.830296
0.830946
0.831597
0.832248
0.832898
0.833549
0.8342
0.83485
0.835501
0.836152
0.836803
0.837454
0.838105
0.838756
0.839407
0.840058
0.840709
0.84136
0.842011
0.842662
0.843313
0.843964
0.844616
0.845267
0.845918
0.846569
0.847221
0.847872
0.848524
0.849175
0.849826
0.850478
0.851129
0.851781
0.852432
0.853084
0.853736
0.854387
0.855039
0.855691
0.856342
0.856994
0.857646
0.858298
0.858949
0.859601
0.860253
0.860905
0.861557
0.862209
0.862861
0.863513
0.864165
0.864817
0.865469
0.866121
0.866773
0.867425
0.868077
0.868729
0.869381
0.870033
0.870686
0.871338
0.87199
0.872642
0.873295
0.873947
0.874599
0.875252
0.875904
0.876556
0.877209
0.877861
0.878513
0.879166
0.879818
0.880471
0.881123
0.881776
0.882428
0.883081
0.883733
0.884386
0.885039
0.885691
0.886344
0.886996
0.887649
0.888302
0.888954
0.889607
0.89026
0.890912
0.891565
0.892218
0.892871
0.893523
0.894176
0.894829
0.895482
0.896134
0.896787
0.89744
0.898093
0.898746
0.899399
0.900051
0.900704
0.901357
0.90201
0.902663
0.903316
0.903969
0.904622
0.905275
0.905928
0.906581
0.907234
0.907887
0.908539
0.909192
0.909845
0.910498
0.911151
0.911804
0.912457
0.913111
0.913764
0.914417
0.91507
0.915723
0.916376
0.917029
0.917682
0.918335
0.918988
0.919641
0.920294
0.920947
0.9216
0.922253
0.922906
0.92356
0.924213
0.924866
0.925519
0.926172
0.926825
0.927478
0.928131
0.928784
0.929438
0.930091
0.930744
0.931397
0.93205
0.932703
0.933356
0.934009
0.934662
0.935316
0.935969
0.936622
0.937275
0.937928
0.938581
0.939234
0.939887
0.94054
0.941193
0.941847
0.9425
0.943153
0.943806
0.944459
0.945112
0.945765
0.946418
0.947071
0.947724
0.948377
0.94903
0.949683
0.950336
0.950989
0.951642
0.952295
0.952949
0.953602
0.954255
0.954908
0.95556
0.956213
0.956866
0.957519
0.958172
0.958825
0.959478
0.960131
0.960784
0.961437
0.96209
0.962743
0.963396
0.964049
0.964702
0.965354
0.966007
0.96666
0.967313
0.967966
0.968619
0.969271
0.969924
0.970577
0.97123
0.971882
0.972535
0.973188
0.973841
0.974493
0.975146
0.975799
0.976451
0.977104
0.977757
0.978409
0.979062
0.979715
0.980367
0.98102
0.981672
0.982325
0.982977
0.98363
0.984282
0.984935
0.985587
0.98624
0.986892
0.987545
0.988197
0.988849
0.989502
0.990154
0.990807
0.991459
0.992111
0.992763
0.993416
0.994068
0.99472
0.995372
0.996025
0.996677
0.997329
0.997981
0.998633
0.999285
0.999937
1.00059
1.00124
1.00189
1.00255
1.0032
1.00385
1.0045
1.00515
1.00581
1.00646
1.00711
1.00776
1.00841
1.00906
1.00972
1.01037
1.01102
1.01167
1.01232
1.01297
1.01363
1.01428
1.01493
1.01558
1.01623
1.01688
1.01754
1.01819
1.01884
1.01949
1.02014
1.02079
1.02144
1.0221
1.02275
1.0234
1.02405
1.0247
1.02535
1.026
1.02665
1.02731
1.02796
1.02861
1.02926
1.02991
1.03056
1.03121
1.03186
1.03251
1.03316
1.03382
1.03447
1.03512
1.03577
1.03642
1.03707
1.03772
1.03837
1.03902
1.03967
1.04032
1.04097
1.04162
1.04227
1.04292
1.04357
1.04422
1.04487
1.04553
1.04618
1.04683
1.04748
1.04813
1.04878
1.04943
1.05008
1.05073
1.05138
1.05203
1.05268
1.05333
1.05398
1.05463
1.05528
1.05593
1.05658
1.05723
1.05787
1.05852
1.05917
1.05982
1.06047
1.06112
1.06177
1.06242
1.06307
1.06372
1.06437
1.06502
1.06567
1.06632
1.06697
1.06762
1.06826
1.06891
1.06956
1.07021
1.07086
1.07151
1.07216
1.07281
1.07346
1.0741
1.07475
1.0754
1.07605
1.0767
1.07735
1.078
1.07865
1.07929
1.07994
1.08059
1.08124
1.08189
1.08254
1.08318
1.08383
1.08448
1.08513
1.08578
1.08642
1.08707
1.08772
1.08837
1.08902
1.08966
1.09031
1.09096
1.09161
1.09225
1.0929
1.09355
1.0942
1.09484
1.09549
1.09614
1.09679
1.09743
1.09808
1.09873
1.09938
1.10002
1.10067
1.10132
1.10196
1.10261
1.10326
1.1039
1.10455
1.1052
1.10584
1.10649
1.10714
1.10778
1.10843
1.10908
1.10972
1.11037
1.11102
1.11166
1.11231
1.11295
1.1136
1.11425
1.11489
1.11554
1.11619
1.11683
1.11748
1.11812
1.11877
1.11941
1.12006
1.12071
1.12135
1.122
1.12264
1.12329
1.12393
1.12458
1.12522
1.12587
1.12651
1.12716
1.1278
1.12845
1.12909
1.12974
1.13038
1.13103
1.13167
1.13232
1.13296
1.13361
1.13425
1.1349
1.13554
1.13618
1.13683
1.13747
1.13812
1.13876
1.13941
1.14005
1.14069
1.14134
1.14198
1.14263
1.14327
1.14391
1.14456
1.1452
1.14584
1.14649
1.14713
1.14777
1.14842
1.14906
1.1497
1.15035
1.15099
1.15163
1.15228
1.15292
1.15356
1.15421
1.15485
1.15549
1.15613
1.15678
1.15742
1.15806
1.1587
1.15935
1.15999
1.16063
1.16127
1.16192
1.16256
1.1632
1.16384
1.16448
1.16513
1.16577
1.16641
1.16705
1.16769
1.16833
1.16898
1.16962
1.17026
1.1709
1.17154
1.17218
1.17282
1.17346
1.17411
1.17475
1.17539
1.17603
1.17667
1.17731
1.17795
1.17859
1.17923
1.17987
1.18051
1.18115
1.18179
1.18243
1.18307
1.18371
1.18435
1.18499
1.18563
1.18627
1.18691
1.18755
1.18819
1.18883
1.18947
1.19011
1.19075
1.19139
1.19203
1.19267
1.19331
1.19395
1.19459
1.19523
1.19586
1.1965
1.19714
1.19778
1.19842
1.19906
1.1997
1.20034
1.20097
1.20161
1.20225
1.20289
1.20353
1.20417
1.2048
1.20544
1.20608
1.20672
1.20735
1.20799
1.20863
1.20927
1.2099
1.21054
1.21118
1.21182
1.21245
1.21309
1.21373
1.21437
1.215
1.21564
1.21628
1.21691
1.21755
1.21819
1.21882
1.21946
1.2201
1.22073
1.22137
1.222
1.22264
1.22328
1.22391
1.22455
1.22518
1.22582
1.22646
1.22709
1.22773
1.22836
1.229
1.22963
1.23027
1.2309
1.23154
1.23217
1.23281
1.23344
1.23408
1.23471
1.23535
1.23598
1.23662
1.23725
1.23789
1.23852
1.23915
1.23979
1.24042
1.24106
1.24169
1.24232
1.24296
1.24359
1.24423
1.24486
1.24549
1.24613
1.24676
1.24739
1.24803
1.24866
1.24929
1.24993
1.25056
1.25119
1.25182
1.25246
1.25309
1.25372
1.25435
1.25499
1.25562
1.25625
1.25688
1.25752
1.25815
1.25878
1.25941
1.26004
1.26067
1.26131
1.26194
1.26257
1.2632
1.26383
1.26446
1.26509
1.26573
1.26636
1.26699
1.26762
1.26825
1.26888
1.26951
1.27014
1.27077
1.2714
1.27203
1.27266
1.27329
1.27392
1.27455
1.27518
1.27581
1.27644
1.27707
1.2777
1.27833
1.27896
1.27959
1.28022
1.28085
1.28148
1.28211
1.28274
1.28336
1.28399
1.28462
1.28525
1.28588
1.28651
1.28714
1.28777
1.28839
1.28902
1.28965
1.29028
1.29091
1.29153
1.29216
1.29279
1.29342
1.29404
1.29467
1.2953
1.29593
1.29655
1.29718
1.29781
1.29843
1.29906
1.29969
1.30031
1.30094
1.30157
1.30219
1.30282
1.30345
1.30407
1.3047
1.30533
1.30595
1.30658
1.3072
1.30783
1.30845
1.30908
1.30971
1.31033
1.31096
1.31158
1.31221
1.31283
1.31346
1.31408
1.31471
1.31533
1.31596
1.31658
1.3172
1.31783
1.31845
1.31908
1.3197
1.32033
1.32095
1.32157
1.3222
1.32282
1.32344
1.32407
1.32469
1.32531
1.32594
1.32656
1.32718
1.32781
1.32843
1.32905
1.32967
1.3303
1.33092
1.33154
1.33216
1.33279
1.33341
1.33403
1.33465
1.33528
1.3359
1.33652
1.33714
1.33776
1.33838
1.339
1.33963
1.34025
1.34087
1.34149
1.34211
1.34273
1.34335
1.34397
1.34459
1.34521
1.34583
1.34645
1.34707
1.3477
1.34832
1.34894
1.34955
1.35017
1.35079
1.35141
1.35203
1.35265
1.35327
1.35389
1.35451
1.35513
1.35575
1.35637
1.35699
1.3576
1.35822
1.35884
1.35946
1.36008
1.3607
1.36132
1.36193
1.36255
1.36317
1.36379
1.3644
1.36502
1.36564
1.36626
1.36687
1.36749
1.36811
1.36873
1.36934
1.36996
1.37058
1.37119
1.37181
1.37243
1.37304
1.37366
1.37427
1.37489
1.37551
1.37612
1.37674
1.37735
1.37797
1.37859
1.3792
1.37982
1.38043
1.38105
1.38166
1.38228
1.38289
1.38351
1.38412
1.38474
1.38535
1.38596
1.38658
1.38719
1.38781
1.38842
1.38904
1.38965
1.39026
1.39088
1.39149
1.3921
1.39272
1.39333
1.39394
1.39456
1.39517
1.39578
1.3964
1.39701
1.39762
1.39823
1.39885
1.39946
1.40007
1.40068
1.40129
1.40191
1.40252
1.40313
1.40374
1.40435
1.40496
1.40558
1.40619
1.4068
1.40741
1.40802
1.40863
1.40924
1.40985
1.41046
1.41107
1.41168
1.41229
1.4129
1.41351
1.41412
1.41473
1.41534
1.41595
1.41656
1.41717
1.41778
1.41839
1.419
1.41961
1.42022
1.42083
1.42144
1.42204
1.42265
1.42326
1.42387
1.42448
1.42509
1.42569
1.4263
1.42691
1.42752
1.42813
1.42873
1.42934
1.42995
1.43055
1.43116
1.43177
1.43238
1.43298
1.43359
1.4342
1.4348
1.43541
1.43602
1.43662
1.43723
1.43783
1.43844
1.43905
1.43965
1.44026
1.44086
1.44147
1.44207
1.44268
1.44328
1.44389
1.44449
1.4451
1.4457
1.44631
1.44691
1.44752
1.44812
1.44873
1.44933
1.44993
1.45054
1.45114
1.45175
1.45235
1.45295
1.45356
1.45416
1.45476
1.45537
1.45597
1.45657
1.45717
1.45778
1.45838
1.45898
1.45958
1.46019
1.46079
1.46139
1.46199
1.46259
1.4632
1.4638
1.4644
1.465
1.4656
1.4662
1.4668
1.46741
1.46801
1.46861
1.46921
1.46981
1.47041
1.47101
1.47161
1.47221
1.47281
1.47341
1.47401
1.47461
1.47521
1.47581
1.47641
1.47701
1.47761
1.47821
1.4788
1.4794
1.48
1.4806
1.4812
1.4818
1.4824
1.48299
1.48359
1.48419
1.48479
1.48539
1.48598
1.48658
1.48718
1.48778
1.48837
1.48897
1.48957
1.49017
1.49076
1.49136
1.49196
1.49255
1.49315
1.49375
1.49434
1.49494
1.49553
1.49613
1.49673
1.49732
1.49792
1.49851
1.49911
1.4997
1.5003
1.50089
1.50149
1.50208
1.50268
1.50327
1.50387
1.50446
1.50506
1.50565
1.50624
1.50684
1.50743
1.50803
1.50862
1.50921
1.50981
1.5104
1.51099
1.51159
1.51218
1.51277
1.51336
1.51396
1.51455
1.51514
1.51573
1.51633
1.51692
1.51751
1.5181
1.51869
1.51929
1.51988
1.52047
1.52106
1.52165
1.52224
1.52283
1.52342
1.52402
1.52461
1.5252
1.52579
1.52638
1.52697
1.52756
1.52815
1.52874
1.52933
1.52992
1.53051
1.5311
1.53169
1.53227
1.53286
1.53345
1.53404
1.53463
1.53522
1.53581
1.5364
1.53698
1.53757
1.53816
1.53875
1.53934
1.53992
1.54051
1.5411
1.54169
1.54227
1.54286
1.54345
1.54404
1.54462
1.54521
1.5458
1.54638
1.54697
1.54756
1.54814
1.54873
1.54931
1.5499
1.55049
1.55107
1.55166
1.55224
1.55283
1.55341
1.554
1.55458
1.55517
1.55575
1.55634
1.55692
1.55751
1.55809
1.55868
1.55926
1.55984
1.56043
1.56101
1.56159
1.56218
1.56276
1.56334
1.56393
1.56451
1.56509
1.56568
1.56626
1.56684
1.56742
1.56801
1.56859
1.56917
1.56975
1.57034
1.57092
1.5715
1.57208
1.57266
1.57324
1.57382
1.57441
1.57499
1.57557
1.57615
1.57673
1.57731
1.57789
1.57847
1.57905
1.57963
1.58021
1.58079
1.58137
1.58195
1.58253
1.58311
1.58369
1.58427
1.58485
1.58543
1.586
1.58658
1.58716
1.58774
1.58832
1.5889
1.58947
1.59005
1.59063
1.59121
1.59179
1.59236
1.59294
1.59352
1.5941
1.59467
1.59525
1.59583
1.5964
1.59698
1.59756
1.59813
1.59871
1.59929
1.59986
1.60044
1.60101
1.60159
1.60216
1.60274
1.60332
1.60389
1.60447
1.60504
1.60562
1.60619
1.60677
1.60734
1.60791
1.60849
1.60906
1.60964
1.61021
1.61078
1.61136
1.61193
1.61251
1.61308
1.61365
1.61422
1.6148
1.61537
1.61594
1.61652
1.61709
1.61766
1.61823
1.61881
1.61938
1.61995
1.62052
1.62109
1.62166
1.62224
1.62281
1.62338
1.62395
1.62452
1.62509
1.62566
1.62623
1.6268
1.62737
1.62794
1.62851
1.62908
1.62965
1.63022
1.63079
1.63136
1.63193
1.6325
1.63307
1.63364
1.63421
1.63478
1.63535
1.63592
1.63648
1.63705
1.63762
1.63819
1.63876
1.63933
1.63989
1.64046
1.64103
1.6416
1.64216
1.64273
1.6433
1.64386
1.64443
1.645
1.64556
1.64613
1.6467
1.64726
1.64783
1.6484
1.64896
1.64953
1.65009
1.65066
1.65122
1.65179
1.65236
1.65292
1.65348
1.65405
1.65461
1.65518
1.65574
1.65631
1.65687
1.65744
1.658
1.65856
1.65913
1.65969
1.66025
1.66082
1.66138
1.66194
1.66251
1.66307
1.66363
1.6642
1.66476
1.66532
1.66588
1.66645
1.66701
1.66757
1.66813
1.66869
1.66925
1.66982
1.67038
1.67094
1.6715
1.67206
1.67262
1.67318
1.67374
1.6743
1.67486
1.67542
1.67598
1.67654
1.6771
1.67766
1.67822
1.67878
1.67934
1.6799
1.68046
1.68102
1.68158
1.68214
1.6827
1.68325
1.68381
1.68437
1.68493
1.68549
1.68604
1.6866
1.68716
1.68772
1.68828
1.68883
1.68939
1.68995
1.6905
1.69106
1.69162
1.69217
1.69273
1.69329
1.69384
1.6944
1.69496
1.69551
1.69607
1.69662
1.69718
1.69773
1.69829
1.69884
1.6994
1.69995
1.70051
1.70106
1.70162
1.70217
1.70273
1.70328
1.70383
1.70439
1.70494
1.7055
1.70605
1.7066
1.70716
1.70771
1.70826
1.70881
1.70937
1.70992
1.71047
1.71103
1.71158
1.71213
1.71268
1.71323
1.71379
1.71434
1.71489
1.71544
1.71599
1.71654
1.71709
1.71764
1.7182
1.71875
1.7193
1.71985
1.7204
1.72095
1.7215
1.72205
1.7226
1.72315
1.7237
1.72425
1.7248
1.72534
1.72589
1.72644
1.72699
1.72754
1.72809
1.72864
1.72919
1.72973
1.73028
1.73083
1.73138
1.73193
1.73247
1.73302
1.73357
1.73412
1.73466
1.73521
1.73576
1.7363
1.73685
1.7374
1.73794
1.73849
1.73903
1.73958
1.74013
1.74067
1.74122
1.74176
1.74231
1.74285
1.7434
1.74394
1.74449
1.74503
1.74558
1.74612
1.74667
1.74721
1.74776
1.7483
1.74884
1.74939
1.74993
1.75047
1.75102
1.75156
1.7521
1.75265
1.75319
1.75373
1.75428
1.75482
1.75536
1.7559
1.75644
1.75699
1.75753
1.75807
1.75861
1.75915
1.75969
1.76024
1.76078
1.76132
1.76186
1.7624
1.76294
1.76348
1.76402
1.76456
1.7651
1.76564
1.76618
1.76672
1.76726
1.7678
1.76834
1.76888
1.76942
1.76996
1.7705
1.77103
1.77157
1.77211
1.77265
1.77319
1.77373
1.77426
1.7748
1.77534
1.77588
1.77641
1.77695
1.77749
1.77803
1.77856
1.7791
1.77964
1.78017
1.78071
1.78125
1.78178
1.78232
1.78285
1.78339
1.78393
1.78446
1.785
1.78553
1.78607
1.7866
1.78714
1.78767
1.78821
1.78874
1.78928
1.78981
1.79035
1.79088
1.79141
1.79195
1.79248
1.79301
1.79355
1.79408
1.79461
1.79515
1.79568
1.79621
1.79675
1.79728
1.79781
1.79834
1.79888
1.79941
1.79994
1.80047
1.801
1.80153
1.80207
1.8026
1.80313
1.80366
1.80419
1.80472
1.80525
1.80578
1.80631
1.80684
1.80737
1.8079
1.80843
1.80896
1.80949
1.81002
1.81055
1.81108
1.81161
1.81214
1.81267
1.8132
1.81373
1.81425
1.81478
1.81531
1.81584
1.81637
1.81689
1.81742
1.81795
1.81848
1.81901
1.81953
1.82006
1.82059
1.82111
1.82164
1.82217
1.82269
1.82322
1.82375
1.82427
1.8248
1.82532
1.82585
1.82638
1.8269
1.82743
1.82795
1.82848
1.829
1.82953
1.83005
1.83058
1.8311
1.83162
1.83215
1.83267
1.8332
1.83372
1.83424
1.83477
1.83529
1.83581
1.83634
1.83686
1.83738
1.83791
1.83843
1.83895
1.83947
1.84
1.84052
1.84104
1.84156
1.84208
1.84261
1.84313
1.84365
1.84417
1.84469
1.84521
1.84573
1.84625
1.84677
1.84729
1.84782
1.84834
1.84886
1.84938
1.8499
1.85042
1.85093
1.85145
1.85197
1.85249
1.85301
1.85353
1.85405
1.85457
1.85509
1.85561
1.85612
1.85664
1.85716
1.85768
1.8582
1.85871
1.85923
1.85975
1.86027
1.86078
1.8613
1.86182
1.86233
1.86285
1.86337
1.86388
1.8644
1.86492
1.86543
1.86595
1.86646
1.86698
1.86749
1.86801
1.86853
1.86904
1.86956
1.87007
1.87059
1.8711
1.87161
1.87213
1.87264
1.87316
1.87367
1.87419
1.8747
1.87521
1.87573
1.87624
1.87675
1.87727
1.87778
1.87829
1.8788
1.87932
1.87983
1.88034
1.88085
1.88137
1.88188
1.88239
1.8829
1.88341
1.88392
1.88444
1.88495
1.88546
1.88597
1.88648
1.88699
1.8875
1.88801
1.88852
1.88903
1.88954
1.89005
1.89056
1.89107
1.89158
1.89209
1.8926
1.89311
1.89362
1.89413
1.89463
1.89514
1.89565
1.89616
1.89667
1.89718
1.89768
1.89819
1.8987
1.89921
1.89972
1.90022
1.90073
1.90124
1.90174
1.90225
1.90276
1.90326
1.90377
1.90428
1.90478
1.90529
1.90579
1.9063
1.90681
1.90731
1.90782
1.90832
1.90883
1.90933
1.90984
1.91034
1.91085
1.91135
1.91186
1.91236
1.91286
1.91337
1.91387
1.91438
1.91488
1.91538
1.91589
1.91639
1.91689
1.9174
1.9179
1.9184
1.9189
1.91941
1.91991
1.92041
1.92091
1.92141
1.92192
1.92242
1.92292
1.92342
1.92392
1.92442
1.92492
1.92543
1.92593
1.92643
1.92693
1.92743
1.92793
1.92843
1.92893
1.92943
1.92993
1.93043
1.93093
1.93143
1.93193
1.93242
1.93292
1.93342
1.93392
1.93442
1.93492
1.93542
1.93591
1.93641
1.93691
1.93741
1.93791
1.9384
1.9389
1.9394
1.9399
1.94039
1.94089
1.94139
1.94188
1.94238
1.94288
1.94337
1.94387
1.94436
1.94486
1.94536
1.94585
1.94635
1.94684
1.94734
1.94783
1.94833
1.94882
1.94932
1.94981
1.95031
1.9508
1.9513
1.95179
1.95228
1.95278
1.95327
1.95376
1.95426
1.95475
1.95524
1.95574
1.95623
1.95672
1.95722
1.95771
1.9582
1.95869
1.95919
1.95968
1.96017
1.96066
1.96115
1.96164
1.96214
1.96263
1.96312
1.96361
1.9641
1.96459
1.96508
1.96557
1.96606
1.96655
1.96704
1.96753
1.96802
1.96851
1.969
1.96949
1.96998
1.97047
1.97096
1.97145
1.97194
1.97242
1.97291
1.9734
1.97389
1.97438
1.97487
1.97535
1.97584
1.97633
1.97682
1.9773
1.97779
1.97828
1.97877
1.97925
1.97974
1.98023
1.98071
1.9812
1.98169
1.98217
1.98266
1.98314
1.98363
1.98411
1.9846
1.98509
1.98557
1.98606
1.98654
1.98703
1.98751
1.988
1.98848
1.98896
1.98945
1.98993
1.99042
1.9909
1.99138
1.99187
1.99235
1.99283
1.99332
1.9938
1.99428
1.99477
1.99525
1.99573
1.99621
1.9967
1.99718
1.99766
1.99814
1.99862
1.9991
1.99959
2.00007
2.00055
2.00103
2.00151
2.00199
2.00247
2.00295
2.00343
2.00391
2.00439
2.00487
2.00535
2.00583
2.00631
2.00679
2.00727
2.00775
2.00823
2.00871
2.00919
2.00967
2.01015
2.01063
2.0111
2.01158
2.01206
2.01254
2.01302
2.01349
2.01397
2.01445
2.01493
2.0154
2.01588
2.01636
2.01683
2.01731
2.01779
2.01826
2.01874
2.01922
2.01969
2.02017
2.02065
2.02112
2.0216
2.02207
2.02255
2.02302
2.0235
2.02397
2.02445
2.02492
2.0254
2.02587
2.02635
2.02682
2.02729
2.02777
2.02824
2.02871
2.02919
2.02966
2.03014
2.03061
2.03108
2.03155
2.03203
2.0325
2.03297
2.03344
2.03392
2.03439
2.03486
2.03533
2.0358
2.03628
2.03675
2.03722
2.03769
2.03816
2.03863
2.0391
2.03957
2.04004
2.04051
2.04099
2.04146
2.04193
2.0424
2.04287
2.04334
2.0438
2.04427
2.04474
2.04521
2.04568
2.04615
2.04662
2.04709
2.04756
2.04803
2.04849
2.04896
2.04943
2.0499
2.05037
2.05083
2.0513
2.05177
2.05224
2.0527
2.05317
2.05364
2.0541
2.05457
2.05504
2.0555
2.05597
2.05643
2.0569
2.05737
2.05783
2.0583
2.05876
2.05923
2.05969
2.06016
2.06062
2.06109
2.06155
2.06202
2.06248
2.06295
2.06341
2.06388
2.06434
2.0648
2.06527
2.06573
2.06619
2.06666
2.06712
2.06758
2.06805
2.06851
2.06897
2.06943
2.0699
2.07036
2.07082
2.07128
2.07175
2.07221
2.07267
2.07313
2.07359
2.07405
2.07451
2.07497
2.07544
2.0759
2.07636
2.07682
2.07728
2.07774
2.0782
2.07866
2.07912
2.07958
2.08004
2.0805
2.08096
2.08142
2.08187
2.08233
2.08279
2.08325
2.08371
2.08417
2.08463
2.08508
2.08554
2.086
2.08646
2.08692
2.08737
2.08783
2.08829
2.08875
2.0892
2.08966
2.09012
2.09057
2.09103
2.09149
2.09194
2.0924
2.09286
2.09331
2.09377
2.09422
2.09468
2.09513
2.09559
2.09604
2.0965
2.09695
2.09741
2.09786
2.09832
2.09877
2.09923
2.09968
2.10013
2.10059
2.10104
2.1015
2.10195
2.1024
2.10286
2.10331
2.10376
2.10422
2.10467
2.10512
2.10557
2.10603
2.10648
2.10693
2.10738
2.10783
2.10829
2.10874
2.10919
2.10964
2.11009
2.11054
2.11099
2.11144
2.11189
2.11235
2.1128
2.11325
2.1137
2.11415
2.1146
2.11505
2.1155
2.11595
2.11639
2.11684
2.11729
2.11774
2.11819
2.11864
2.11909
2.11954
2.11999
2.12043
2.12088
2.12133
2.12178
2.12223
2.12267
2.12312
2.12357
2.12402
2.12446
2.12491
2.12536
2.1258
2.12625
2.1267
2.12714
2.12759
2.12804
2.12848
2.12893
2.12937
2.12982
2.13027
2.13071
2.13116
2.1316
2.13205
2.13249
2.13294
2.13338
2.13383
2.13427
2.13471
2.13516
2.1356
2.13605
2.13649
2.13693
2.13738
2.13782
2.13826
2.13871
2.13915
2.13959
2.14004
2.14048
2.14092
2.14136
2.14181
2.14225
2.14269
2.14313
2.14357
2.14401
2.14446
2.1449
2.14534
2.14578
2.14622
2.14666
2.1471
2.14754
2.14798
2.14842
2.14886
2.1493
2.14974
2.15018
2.15062
2.15106
2.1515
2.15194
2.15238
2.15282
2.15326
2.1537
2.15414
2.15458
2.15502
2.15545
2.15589
2.15633
2.15677
2.15721
2.15764
2.15808
2.15852
2.15896
2.15939
2.15983
2.16027
2.1607
2.16114
2.16158
2.16201
2.16245
2.16289
2.16332
2.16376
2.16419
2.16463
2.16507
2.1655
2.16594
2.16637
2.16681
2.16724
2.16768
2.16811
2.16855
2.16898
2.16942
2.16985
2.17028
2.17072
2.17115
2.17159
2.17202
2.17245
2.17289
2.17332
2.17375
2.17419
2.17462
2.17505
2.17548
2.17592
2.17635
2.17678
2.17721
2.17764
2.17808
2.17851
2.17894
2.17937
2.1798
2.18023
2.18067
2.1811
2.18153
2.18196
2.18239
2.18282
2.18325
2.18368
2.18411
2.18454
2.18497
2.1854
2.18583
2.18626
2.18669
2.18712
2.18755
2.18798
2.1884
2.18883
2.18926
2.18969
2.19012
2.19055
2.19098
2.1914
2.19183
2.19226
2.19269
2.19311
2.19354
2.19397
2.1944
2.19482
2.19525
2.19568
2.1961
2.19653
2.19696
2.19738
2.19781
2.19823
2.19866
2.19909
2.19951
2.19994
2.20036
2.20079
2.20121
2.20164
2.20206
2.20249
2.20291
2.20334
2.20376
2.20419
2.20461
2.20503
2.20546
2.20588
2.20631
2.20673
2.20715
2.20758
2.208
2.20842
2.20885
2.20927
2.20969
2.21011
2.21054
2.21096
2.21138
2.2118
2.21222
2.21265
2.21307
2.21349
2.21391
2.21433
2.21475
2.21517
2.2156
2.21602
2.21644
2.21686
2.21728
2.2177
2.21812
2.21854
2.21896
2.21938
2.2198
2.22022
2.22064
2.22106
2.22148
2.2219
2.22231
2.22273
2.22315
2.22357
2.22399
2.22441
2.22483
2.22524
2.22566
2.22608
2.2265
2.22692
2.22733
2.22775
2.22817
2.22858
2.229
2.22942
2.22984
2.23025
2.23067
2.23108
2.2315
2.23192
2.23233
2.23275
2.23317
2.23358
2.234
2.23441
2.23483
2.23524
2.23566
2.23607
2.23649
2.2369
2.23732
2.23773
2.23815
2.23856
2.23897
2.23939
2.2398
2.24022
2.24063
2.24104
2.24146
2.24187
2.24228
2.24269
2.24311
2.24352
2.24393
2.24435
2.24476
2.24517
2.24558
2.24599
2.24641
2.24682
2.24723
2.24764
2.24805
2.24846
2.24888
2.24929
2.2497
2.25011
2.25052
2.25093
2.25134
2.25175
2.25216
2.25257
2.25298
2.25339
2.2538
2.25421
2.25462
2.25503
2.25544
2.25585
2.25626
2.25666
2.25707
2.25748
2.25789
2.2583
2.25871
2.25911
2.25952
2.25993
2.26034
2.26075
2.26115
2.26156
2.26197
2.26238
2.26278
2.26319
2.2636
2.264
2.26441
2.26482
2.26522
2.26563
2.26603
2.26644
2.26685
2.26725
2.26766
2.26806
2.26847
2.26887
2.26928
2.26968
2.27009
2.27049
2.2709
2.2713
2.27171
2.27211
2.27251
2.27292
2.27332
2.27373
2.27413
2.27453
2.27494
2.27534
2.27574
2.27615
2.27655
2.27695
2.27736
2.27776
2.27816
2.27856
2.27896
2.27937
2.27977
2.28017
2.28057
2.28097
2.28138
2.28178
2.28218
2.28258
2.28298
2.28338
2.28378
2.28418
2.28458
2.28498
2.28538
2.28578
2.28618
2.28658
2.28698
2.28738
2.28778
2.28818
2.28858
2.28898
2.28938
2.28978
2.29018
2.29058
2.29097
2.29137
2.29177
2.29217
2.29257
2.29297
2.29336
2.29376
2.29416
2.29456
2.29495
2.29535
2.29575
2.29615
2.29654
2.29694
2.29734
2.29773
2.29813
2.29853
2.29892
2.29932
2.29971
2.30011
2.30051
2.3009
2.3013
2.30169
2.30209
2.30248
2.30288
2.30327
2.30367
2.30406
2.30446
2.30485
2.30524
2.30564
2.30603
2.30643
2.30682
2.30721
2.30761
2.308
2.30839
2.30879
2.30918
2.30957
2.30997
2.31036
2.31075
2.31114
2.31154
2.31193
2.31232
2.31271
2.31311
2.3135
2.31389
2.31428
2.31467
2.31506
2.31545
2.31585
2.31624
2.31663
2.31702
2.31741
2.3178
2.31819
2.31858
2.31897
2.31936
2.31975
2.32014
2.32053
2.32092
2.32131
2.3217
2.32209
2.32248
2.32286
2.32325
2.32364
2.32403
2.32442
2.32481
2.3252
2.32558
2.32597
2.32636
2.32675
2.32714
2.32752
2.32791
2.3283
2.32868
2.32907
2.32946
2.32985
2.33023
2.33062
2.33101
2.33139
2.33178
2.33216
2.33255
2.33294
2.33332
2.33371
2.33409
2.33448
2.33486
2.33525
2.33563
2.33602
2.3364
2.33679
2.33717
2.33756
2.33794
2.33833
2.33871
2.33909
2.33948
2.33986
2.34025
2.34063
2.34101
2.3414
2.34178
2.34216
2.34254
2.34293
2.34331
2.34369
2.34408
2.34446
2.34484
2.34522
2.3456
2.34599
2.34637
2.34675
2.34713
2.34751
2.34789
2.34828
2.34866
2.34904
2.34942
2.3498
2.35018
2.35056
2.35094
2.35132
2.3517
2.35208
2.35246
2.35284
2.35322
2.3536
2.35398
2.35436
2.35474
2.35512
2.3555
2.35587
2.35625
2.35663
2.35701
2.35739
2.35777
2.35815
2.35852
2.3589
2.35928
2.35966
2.36003
2.36041
2.36079
2.36117
2.36154
2.36192
2.3623
2.36267
2.36305
2.36343
2.3638
2.36418
2.36456
2.36493
2.36531
2.36568
2.36606
2.36644
2.36681
2.36719
2.36756
2.36794
2.36831
2.36869
2.36906
2.36944
2.36981
2.37019
2.37056
2.37093
2.37131
2.37168
2.37206
2.37243
2.3728
2.37318
2.37355
2.37392
2.3743
2.37467
2.37504
2.37542
2.37579
2.37616
2.37653
2.37691
2.37728
2.37765
2.37802
2.37839
2.37877
2.37914
2.37951
2.37988
2.38025
2.38062
2.38099
2.38137
2.38174
2.38211
2.38248
2.38285
2.38322
2.38359
2.38396
2.38433
2.3847
2.38507
2.38544
2.38581
2.38618
2.38655
2.38692
2.38729
2.38766
2.38802
2.38839
2.38876
2.38913
2.3895
2.38987
2.39024
2.3906
2.39097
2.39134
2.39171
2.39207
2.39244
2.39281
2.39318
2.39354
2.39391
2.39428
2.39465
2.39501
2.39538
2.39575
2.39611
2.39648
2.39684
2.39721
2.39758
2.39794
2.39831
2.39867
2.39904
2.3994
2.39977
2.40014
2.4005
2.40087
2.40123
2.40159
2.40196
2.40232
2.40269
2.40305
2.40342
2.40378
2.40414
2.40451
2.40487
2.40524
2.4056
2.40596
2.40633
2.40669
2.40705
2.40741
2.40778
2.40814
2.4085
2.40887
2.40923
2.40959
2.40995
2.41031
2.41068
2.41104
2.4114
2.41176
2.41212
2.41248
2.41284
2.41321
2.41357
2.41393
2.41429
2.41465
2.41501
2.41537
2.41573
2.41609
2.41645
2.41681
2.41717
2.41753
2.41789
2.41825
2.41861
2.41897
2.41933
2.41969
2.42005
2.4204
2.42076
2.42112
2.42148
2.42184
2.4222
2.42255
2.42291
2.42327
2.42363
2.42399
2.42434
2.4247
2.42506
2.42542
2.42577
2.42613
2.42649
2.42684
2.4272
2.42756
2.42791
2.42827
2.42863
2.42898
2.42934
2.42969
2.43005
2.43041
2.43076
2.43112
2.43147
2.43183
2.43218
2.43254
2.43289
2.43325
2.4336
2.43396
2.43431
2.43467
2.43502
2.43537
2.43573
2.43608
2.43644
2.43679
2.43714
2.4375
2.43785
2.4382
2.43856
2.43891
2.43926
2.43962
2.43997
2.44032
2.44067
2.44103
2.44138
2.44173
2.44208
2.44243
2.44279
2.44314
2.44349
2.44384
2.44419
2.44454
2.44489
2.44525
2.4456
2.44595
2.4463
2.44665
2.447
2.44735
2.4477
2.44805
2.4484
2.44875
2.4491
2.44945
2.4498
2.45015
2.4505
2.45085
2.4512
2.45155
2.45189
2.45224
2.45259
2.45294
2.45329
2.45364
2.45399
2.45433
2.45468
2.45503
2.45538
2.45573
2.45607
2.45642
2.45677
2.45712
2.45746
2.45781
2.45816
2.4585
2.45885
2.4592
2.45954
2.45989
2.46024
2.46058
2.46093
2.46127
2.46162
2.46197
2.46231
2.46266
2.463
2.46335
2.46369
2.46404
2.46438
2.46473
2.46507
2.46542
2.46576
2.46611
2.46645
2.46679
2.46714
2.46748
2.46783
2.46817
2.46851
2.46886
2.4692
2.46954
2.46989
2.47023
2.47057
2.47092
2.47126
2.4716
2.47194
2.47229
2.47263
2.47297
2.47331
2.47366
2.474
2.47434
2.47468
2.47502
2.47536
2.47571
2.47605
2.47639
2.47673
2.47707
2.47741
2.47775
2.47809
2.47843
2.47877
2.47911
2.47945
2.47979
2.48013
2.48047
2.48081
2.48115
2.48149
2.48183
2.48217
2.48251
2.48285
2.48319
2.48353
2.48387
2.48421
2.48454
2.48488
2.48522
2.48556
2.4859
2.48624
2.48657
2.48691
2.48725
2.48759
2.48792
2.48826
2.4886
2.48894
2.48927
2.48961
2.48995
2.49028
2.49062
2.49096
2.49129
2.49163
2.49197
2.4923
2.49264
2.49297
2.49331
2.49364
2.49398
2.49432
2.49465
2.49499
2.49532
2.49566
2.49599
2.49633
2.49666
2.497
2.49733
2.49766
2.498
2.49833
2.49867
2.499
2.49933
2.49967
2.5
2.50034
2.50067
2.501
2.50134
2.50167
2.502
2.50233
2.50267
2.503
2.50333
2.50366
2.504
2.50433
2.50466
2.50499
2.50533
2.50566
2.50599
2.50632
2.50665
2.50698
2.50731
2.50765
2.50798
2.50831
2.50864
2.50897
2.5093
2.50963
2.50996
2.51029
2.51062
2.51095
2.51128
2.51161
2.51194
2.51227
2.5126
2.51293
2.51326
2.51359
2.51392
2.51425
2.51458
2.5149
2.51523
2.51556
2.51589
2.51622
2.51655
2.51688
2.5172
2.51753
2.51786
2.51819
2.51852
2.51884
2.51917
2.5195
2.51982
2.52015
2.52048
2.52081
2.52113
2.52146
2.52179
2.52211
2.52244
2.52277
2.52309
2.52342
2.52374
2.52407
2.5244
2.52472
2.52505
2.52537
2.5257
2.52602
2.52635
2.52667
2.527
2.52732
2.52765
2.52797
2.5283
2.52862
2.52895
2.52927
2.52959
2.52992
2.53024
2.53057
2.53089
2.53121
2.53154
2.53186
2.53218
2.53251
2.53283
2.53315
2.53348
2.5338
2.53412
2.53444
2.53477
2.53509
2.53541
2.53573
2.53605
2.53638
2.5367
2.53702
2.53734
2.53766
2.53798
2.53831
2.53863
2.53895
2.53927
2.53959
2.53991
2.54023
2.54055
2.54087
2.54119
2.54151
2.54183
2.54215
2.54247
2.54279
2.54311
2.54343
2.54375
2.54407
2.54439
2.54471
2.54503
2.54535
2.54567
2.54599
2.5463
2.54662
2.54694
2.54726
2.54758
2.5479
2.54821
2.54853
2.54885
2.54917
2.54949
2.5498
2.55012
2.55044
2.55076
2.55107
2.55139
2.55171
2.55202
2.55234
2.55266
2.55297
2.55329
2.55361
2.55392
2.55424
2.55455
2.55487
2.55519
2.5555
2.55582
2.55613
2.55645
2.55676
2.55708
2.55739
2.55771
2.55802
2.55834
2.55865
2.55897
2.55928
2.5596
2.55991
2.56023
2.56054
2.56085
2.56117
2.56148
2.56179
2.56211
2.56242
2.56274
2.56305
2.56336
2.56367
2.56399
2.5643
2.56461
2.56493
2.56524
2.56555
2.56586
2.56618
2.56649
2.5668
2.56711
2.56742
2.56774
2.56805
2.56836
2.56867
2.56898
2.56929
2.5696
2.56991
2.57023
2.57054
2.57085
2.57116
2.57147
2.57178
2.57209
2.5724
2.57271
2.57302
2.57333
2.57364
2.57395
2.57426
2.57457
2.57488
2.57519
2.5755
2.57581
2.57611
2.57642
2.57673
2.57704
2.57735
2.57766
2.57797
2.57827
2.57858
2.57889
2.5792
2.57951
2.57981
2.58012
2.58043
2.58074
2.58104
2.58135
2.58166
2.58197
2.58227
2.58258
2.58289
2.58319
2.5835
2.58381
2.58411
2.58442
2.58473
2.58503
2.58534
2.58564
2.58595
2.58626
2.58656
2.58687
2.58717
2.58748
2.58778
2.58809
2.58839
2.5887
2.589
2.58931
2.58961
2.58992
2.59022
2.59052
2.59083
2.59113
2.59144
2.59174
2.59204
2.59235
2.59265
2.59296
2.59326
2.59356
2.59387
2.59417
2.59447
2.59477
2.59508
2.59538
2.59568
2.59598
2.59629
2.59659
2.59689
2.59719
2.5975
2.5978
2.5981
2.5984
2.5987
2.599
2.59931
2.59961
2.59991
2.60021
2.60051
2.60081
2.60111
2.60141
2.60171
2.60201
2.60231
2.60261
2.60291
2.60322
2.60352
2.60382
2.60411
2.60441
2.60471
2.60501
2.60531
2.60561
2.60591
2.60621
2.60651
2.60681
2.60711
2.60741
2.60771
2.608
2.6083
2.6086
2.6089
2.6092
2.6095
2.60979
2.61009
2.61039
2.61069
2.61098
2.61128
2.61158
2.61188
2.61217
2.61247
2.61277
2.61306
2.61336
2.61366
2.61395
2.61425
2.61455
2.61484
2.61514
2.61544
2.61573
2.61603
2.61632
2.61662
2.61691
2.61721
2.61751
2.6178
2.6181
2.61839
2.61869
2.61898
2.61928
2.61957
2.61987
2.62016
2.62045
2.62075
2.62104
2.62134
2.62163
2.62193
2.62222
2.62251
2.62281
2.6231
2.62339
2.62369
2.62398
2.62427
2.62457
2.62486
2.62515
2.62545
2.62574
2.62603
2.62632
2.62662
2.62691
2.6272
2.62749
2.62778
2.62808
2.62837
2.62866
2.62895
2.62924
2.62953
2.62983
2.63012
2.63041
2.6307
2.63099
2.63128
2.63157
2.63186
2.63215
2.63244
2.63273
2.63302
2.63331
2.6336
2.63389
2.63418
2.63447
2.63476
2.63505
2.63534
2.63563
2.63592
2.63621
2.6365
2.63679
2.63708
2.63737
2.63766
2.63795
2.63823
2.63852
2.63881
2.6391
2.63939
2.63968
2.63996
2.64025
2.64054
2.64083
2.64111
2.6414
2.64169
2.64198
2.64226
2.64255
2.64284
2.64312
2.64341
2.6437
2.64399
2.64427
2.64456
2.64484
2.64513
2.64542
2.6457
2.64599
2.64627
2.64656
2.64685
2.64713
2.64742
2.6477
2.6477
