0
1.347573e-09
1.07612e-08
3.62538e-08
8.578058e-08
1.672394e-07
2.884709e-07
4.572591e-07
6.813316e-07
9.683596e-07
1.325959e-06
1.761688e-06
2.283054e-06
2.897504e-06
3.612435e-06
4.435187e-06
5.373045e-06
6.433244e-06
7.622962e-06
8.949326e-06
1.041941e-05
1.204023e-05
1.381875e-05
1.57619e-05
1.787654e-05
2.016948e-05
2.264748e-05
2.531725e-05
2.818545e-05
3.125869e-05
3.454353e-05
3.804648e-05
4.1774e-05
4.57325e-05
4.992835e-05
5.436784e-05
5.905726e-05
6.400281e-05
6.921066e-05
7.468693e-05
8.04377e-05
8.646899e-05
9.278678e-05
9.9397e-05
0.0001063055
0.0001135182
0.0001210409
0.0001288792
0.000137039
0.0001455257
0.0001543452
0.0001635029
0.0001730044
0.0001828551
0.0001930604
0.0002036259
0.0002145567
0.0002258583
0.0002375358
0.0002495945
0.0002620397
0.0002748763
0.0002881095
0.0003017443
0.0003157859
0.000330239
0.0003451087
0.0003603998
0.0003761172
0.0003922657
0.0004088501
0.000425875
0.0004433452
0.0004612653
0.0004796399
0.0004984735
0.0005177708
0.0005375361
0.000557774
0.0005784889
0.000599685
0.0006213668
0.0006435386
0.0006662046
0.0006893691
0.0007130362
0.0007372101
0.0007618948
0.0007870946
0.0008128133
0.0008390551
0.0008658239
0.0008931236
0.0009209581
0.0009493313
0.0009782471
0.001007709
0.001037721
0.001068287
0.001099411
0.001131095
0.001163344
0.001196162
0.001229552
0.001263517
0.001298061
0.001333187
0.001368899
0.0014052
0.001442094
0.001479584
0.001517673
0.001556364
0.001595662
0.001635568
0.001676086
0.001717219
0.00175897
0.001801343
0.001844341
0.001887966
0.001932221
0.00197711
0.002022634
0.002068799
0.002115605
0.002163056
0.002211155
0.002259905
0.002309307
0.002359366
0.002410084
0.002461462
0.002513505
0.002566215
0.002619593
0.002673644
0.002728368
0.00278377
0.002839851
0.002896613
0.00295406
0.003012193
0.003071015
0.003130528
0.003190735
0.003251637
0.003313238
0.003375539
0.003438543
0.003502251
0.003566667
0.003631791
0.003697627
0.003764175
0.003831439
0.003899421
0.003968122
0.004037544
0.004107689
0.00417856
0.004250158
0.004322485
0.004395543
0.004469333
0.004543859
0.00461912
0.00469512
0.00477186
0.004849342
0.004927567
0.005006537
0.005086254
0.005166719
0.005247934
0.005329901
0.005412621
0.005496096
0.005580327
0.005665316
0.005751064
0.005837573
0.005924844
0.006012879
0.006101679
0.006191245
0.006281579
0.006372683
0.006464557
0.006557202
0.006650621
0.006744814
0.006839783
0.006935528
0.007032052
0.007129355
0.007227438
0.007326303
0.00742595
0.007526382
0.007627598
0.0077296
0.007832389
0.007935967
0.008040333
0.00814549
0.008251438
0.008358177
0.00846571
0.008574037
0.008683159
0.008793076
0.00890379
0.009015301
0.009127611
0.009240721
0.00935463
0.00946934
0.009584851
0.009701165
0.009818282
0.009936202
0.01005493
0.01017446
0.01029479
0.01041594
0.01053789
0.01066065
0.01078421
0.01090859
0.01103377
0.01115977
0.01128657
0.01141419
0.01154262
0.01167186
0.01180192
0.01193279
0.01206447
0.01219696
0.01233027
0.0124644
0.01259934
0.0127351
0.01287167
0.01300906
0.01314727
0.0132863
0.01342614
0.0135668
0.01370828
0.01385057
0.01399369
0.01413763
0.01428238
0.01442795
0.01457435
0.01472156
0.0148696
0.01501845
0.01516813
0.01531862
0.01546994
0.01562208
0.01577504
0.01592882
0.01608342
0.01623884
0.01639509
0.01655215
0.01671004
0.01686875
0.01702828
0.01718863
0.0173498
0.0175118
0.01767462
0.01783826
0.01800272
0.018168
0.0183341
0.01850102
0.01866877
0.01883734
0.01900672
0.01917693
0.01934796
0.01951981
0.01969248
0.01986597
0.02004028
0.02021541
0.02039136
0.02056813
0.02074572
0.02092413
0.02110336
0.0212834
0.02146427
0.02164595
0.02182845
0.02201177
0.0221959
0.02238086
0.02256662
0.02275321
0.02294061
0.02312883
0.02331786
0.0235077
0.02369837
0.02388984
0.02408213
0.02427523
0.02446915
0.02466388
0.02485942
0.02505577
0.02525293
0.02545091
0.02564969
0.02584929
0.02604969
0.02625091
0.02645293
0.02665576
0.0268594
0.02706384
0.0272691
0.02747515
0.02768202
0.02788968
0.02809816
0.02830743
0.02851751
0.0287284
0.02894008
0.02915257
0.02936585
0.02957994
0.02979483
0.03001052
0.030227
0.03044428
0.03066237
0.03088124
0.03110092
0.03132138
0.03154265
0.03176471
0.03198756
0.0322112
0.03243564
0.03266086
0.03288688
0.03311369
0.03334129
0.03356967
0.03379884
0.0340288
0.03425955
0.03449108
0.0347234
0.0349565
0.03519039
0.03542505
0.0356605
0.03589673
0.03613374
0.03637153
0.0366101
0.03684945
0.03708957
0.03733047
0.03757215
0.0378146
0.03805782
0.03830182
0.03854659
0.03879213
0.03903844
0.03928552
0.03953337
0.03978199
0.04003137
0.04028152
0.04053244
0.04078412
0.04103656
0.04128977
0.04154374
0.04179847
0.04205396
0.04231021
0.04256721
0.04282498
0.0430835
0.04334277
0.0436028
0.04386359
0.04412512
0.04438741
0.04465045
0.04491424
0.04517878
0.04544406
0.0457101
0.04597687
0.0462444
0.04651267
0.04678168
0.04705143
0.04732192
0.04759316
0.04786513
0.04813784
0.04841129
0.04868547
0.04896039
0.04923605
0.04951243
0.04978955
0.0500674
0.05034598
0.05062529
0.05090533
0.05118609
0.05146758
0.0517498
0.05203273
0.0523164
0.05260078
0.05288588
0.05317171
0.05345825
0.05374551
0.05403348
0.05432218
0.05461158
0.0549017
0.05519253
0.05548407
0.05577633
0.05606929
0.05636296
0.05665733
0.05695241
0.0572482
0.05754469
0.05784188
0.05813978
0.05843837
0.05873766
0.05903765
0.05933834
0.05963972
0.0599418
0.06024457
0.06054804
0.06085219
0.06115704
0.06146257
0.06176879
0.0620757
0.0623833
0.06269157
0.06300054
0.06331018
0.06362051
0.06393151
0.0642432
0.06455556
0.0648686
0.06518231
0.0654967
0.06581176
0.0661275
0.0664439
0.06676097
0.06707871
0.06739712
0.0677162
0.06803594
0.06835634
0.06867741
0.06899914
0.06932153
0.06964457
0.06996828
0.07029264
0.07061766
0.07094333
0.07126966
0.07159663
0.07192426
0.07225254
0.07258146
0.07291104
0.07324126
0.07357212
0.07390363
0.07423578
0.07456857
0.074902
0.07523607
0.07557078
0.07590613
0.07624211
0.07657872
0.07691597
0.07725385
0.07759236
0.0779315
0.07827126
0.07861166
0.07895268
0.07929432
0.07963659
0.07997948
0.08032299
0.08066712
0.08101187
0.08135723
0.08170321
0.08204981
0.08239702
0.08274484
0.08309328
0.08344232
0.08379197
0.08414223
0.0844931
0.08484457
0.08519665
0.08554932
0.0859026
0.08625648
0.08661096
0.08696604
0.08732171
0.08767798
0.08803484
0.08839229
0.08875034
0.08910898
0.0894682
0.08982802
0.09018842
0.09054941
0.09091098
0.09127313
0.09163586
0.09199918
0.09236308
0.09272755
0.0930926
0.09345823
0.09382443
0.0941912
0.09455855
0.09492647
0.09529495
0.09566401
0.09603363
0.09640382
0.09677457
0.09714588
0.09751776
0.0978902
0.0982632
0.09863676
0.09901087
0.09938554
0.09976077
0.1001365
0.1005129
0.1008898
0.1012672
0.1016452
0.1020237
0.1024028
0.1027824
0.1031626
0.1035433
0.1039245
0.1043063
0.1046886
0.1050715
0.1054549
0.1058388
0.1062233
0.1066083
0.1069938
0.1073799
0.1077665
0.1081536
0.1085413
0.1089294
0.1093181
0.1097074
0.1100971
0.1104874
0.1108781
0.1112694
0.1116613
0.1120536
0.1124464
0.1128398
0.1132337
0.1136281
0.1140229
0.1144183
0.1148143
0.1152107
0.1156076
0.116005
0.1164029
0.1168014
0.1172003
0.1175997
0.1179996
0.1184
0.118801
0.1192024
0.1196043
0.1200067
0.1204095
0.1208129
0.1212168
0.1216211
0.1220259
0.1224312
0.122837
0.1232433
0.1236501
0.1240573
0.124465
0.1248732
0.1252819
0.125691
0.1261006
0.1265107
0.1269213
0.1273323
0.1277438
0.1281558
0.1285682
0.1289811
0.1293945
0.1298083
0.1302226
0.1306373
0.1310525
0.1314682
0.1318843
0.1323009
0.1327179
0.1331354
0.1335533
0.1339717
0.1343905
0.1348098
0.1352295
0.1356497
0.1360703
0.1364914
0.1369129
0.1373349
0.1377572
0.1381801
0.1386033
0.139027
0.1394512
0.1398757
0.1403008
0.1407262
0.1411521
0.1415783
0.1420051
0.1424322
0.1428598
0.1432878
0.1437162
0.1441451
0.1445744
0.1450041
0.1454342
0.1458647
0.1462956
0.146727
0.1471588
0.147591
0.1480236
0.1484566
0.14889
0.1493238
0.1497581
0.1501927
0.1506278
0.1510632
0.1514991
0.1519354
0.152372
0.1528091
0.1532466
0.1536844
0.1541227
0.1545613
0.1550004
0.1554398
0.1558796
0.1563199
0.1567605
0.1572015
0.1576429
0.1580846
0.1585268
0.1589693
0.1594123
0.1598556
0.1602993
0.1607433
0.1611878
0.1616326
0.1620778
0.1625234
0.1629693
0.1634157
0.1638624
0.1643094
0.1647569
0.1652047
0.1656528
0.1661014
0.1665503
0.1669996
0.1674492
0.1678992
0.1683495
0.1688002
0.1692513
0.1697028
0.1701545
0.1706067
0.1710592
0.171512
0.1719652
0.1724188
0.1728727
0.1733269
0.1737816
0.1742365
0.1746918
0.1751474
0.1756034
0.1760597
0.1765164
0.1769734
0.1774308
0.1778885
0.1783465
0.1788048
0.1792635
0.1797226
0.1801819
0.1806416
0.1811017
0.181562
0.1820227
0.1824837
0.182945
0.1834067
0.1838687
0.184331
0.1847937
0.1852566
0.1857199
0.1861835
0.1866474
0.1871116
0.1875762
0.1880411
0.1885062
0.1889717
0.1894376
0.1899037
0.1903701
0.1908368
0.1913039
0.1917712
0.1922389
0.1927069
0.1931751
0.1936437
0.1941126
0.1945818
0.1950512
0.195521
0.1959911
0.1964615
0.1969321
0.1974031
0.1978744
0.1983459
0.1988178
0.1992899
0.1997623
0.200235
0.200708
0.2011813
0.2016549
0.2021288
0.2026029
0.2030773
0.203552
0.204027
0.2045023
0.2049779
0.2054537
0.2059298
0.2064062
0.2068829
0.2073598
0.207837
0.2083145
0.2087922
0.2092703
0.2097486
0.2102271
0.2107059
0.211185
0.2116644
0.212144
0.2126239
0.2131041
0.2135845
0.2140652
0.2145461
0.2150273
0.2155088
0.2159905
0.2164725
0.2169547
0.2174372
0.2179199
0.2184029
0.2188861
0.2193696
0.2198534
0.2203374
0.2208216
0.2213061
0.2217908
0.2222758
0.222761
0.2232465
0.2237322
0.2242181
0.2247043
0.2251908
0.2256774
0.2261643
0.2266515
0.2271389
0.2276265
0.2281143
0.2286024
0.2290907
0.2295793
0.2300681
0.2305571
0.2310463
0.2315358
0.2320255
0.2325154
0.2330055
0.2334959
0.2339865
0.2344773
0.2349684
0.2354596
0.2359511
0.2364428
0.2369347
0.2374269
0.2379192
0.2384118
0.2389046
0.2393976
0.2398908
0.2403842
0.2408778
0.2413717
0.2418657
0.24236
0.2428545
0.2433492
0.243844
0.2443391
0.2448344
0.2453299
0.2458256
0.2463215
0.2468176
0.2473139
0.2478105
0.2483072
0.2488041
0.2493012
0.2497985
0.250296
0.2507936
0.2512915
0.2517896
0.2522879
0.2527863
0.253285
0.2537838
0.2542828
0.254782
0.2552814
0.255781
0.2562808
0.2567808
0.2572809
0.2577812
0.2582817
0.2587824
0.2592833
0.2597843
0.2602856
0.260787
0.2612885
0.2617903
0.2622922
0.2627944
0.2632966
0.2637991
0.2643017
0.2648045
0.2653075
0.2658107
0.266314
0.2668174
0.2673211
0.2678249
0.2683289
0.2688331
0.2693374
0.2698418
0.2703465
0.2708513
0.2713563
0.2718614
0.2723667
0.2728721
0.2733777
0.2738835
0.2743894
0.2748955
0.2754017
0.2759081
0.2764147
0.2769214
0.2774282
0.2779352
0.2784424
0.2789497
0.2794571
0.2799647
0.2804725
0.2809803
0.2814884
0.2819966
0.2825049
0.2830134
0.283522
0.2840308
0.2845397
0.2850487
0.2855579
0.2860672
0.2865767
0.2870863
0.2875961
0.2881059
0.288616
0.2891261
0.2896364
0.2901468
0.2906574
0.2911681
0.2916789
0.2921898
0.2927009
0.2932121
0.2937235
0.294235
0.2947466
0.2952583
0.2957701
0.2962821
0.2967942
0.2973064
0.2978188
0.2983313
0.2988439
0.2993566
0.2998694
0.3003824
0.3008955
0.3014087
0.301922
0.3024354
0.3029489
0.3034626
0.3039764
0.3044903
0.3050043
0.3055184
0.3060327
0.306547
0.3070615
0.307576
0.3080907
0.3086055
0.3091204
0.3096354
0.3101505
0.3106657
0.3111811
0.3116965
0.312212
0.3127277
0.3132434
0.3137593
0.3142752
0.3147913
0.3153074
0.3158237
0.31634
0.3168565
0.317373
0.3178897
0.3184064
0.3189232
0.3194402
0.3199572
0.3204743
0.3209915
0.3215088
0.3220262
0.3225437
0.3230613
0.323579
0.3240968
0.3246146
0.3251326
0.3256506
0.3261687
0.3266869
0.3272052
0.3277236
0.3282421
0.3287606
0.3292792
0.3297979
0.3303167
0.3308356
0.3313546
0.3318736
0.3323927
0.3329119
0.3334312
0.3339506
0.33447
0.3349895
0.3355091
0.3360288
0.3365485
0.3370683
0.3375882
0.3381082
0.3386282
0.3391483
0.3396685
0.3401888
0.3407091
0.3412295
0.3417499
0.3422705
0.3427911
0.3433117
0.3438325
0.3443533
0.3448741
0.3453951
0.345916
0.3464371
0.3469582
0.3474794
0.3480007
0.348522
0.3490433
0.3495648
0.3500863
0.3506078
0.3511294
0.3516511
0.3521728
0.3526946
0.3532165
0.3537384
0.3542603
0.3547823
0.3553044
0.3558265
0.3563487
0.3568709
0.3573932
0.3579155
0.3584379
0.3589603
0.3594828
0.3600054
0.3605279
0.3610506
0.3615732
0.362096
0.3626187
0.3631416
0.3636644
0.3641873
0.3647103
0.3652333
0.3657563
0.3662794
0.3668026
0.3673257
0.367849
0.3683722
0.3688955
0.3694188
0.3699422
0.3704656
0.3709891
0.3715126
0.3720361
0.3725597
0.3730833
0.3736069
0.3741306
0.3746543
0.3751781
0.3757019
0.3762257
0.3767495
0.3772734
0.3777973
0.3783213
0.3788452
0.3793693
0.3798933
0.3804174
0.3809415
0.3814656
0.3819897
0.3825139
0.3830381
0.3835624
0.3840866
0.3846109
0.3851352
0.3856596
0.3861839
0.3867083
0.3872327
0.3877571
0.3882816
0.3888061
0.3893306
0.3898551
0.3903796
0.3909042
0.3914288
0.3919534
0.392478
0.3930026
0.3935273
0.3940519
0.3945766
0.3951013
0.395626
0.3961508
0.3966755
0.3972003
0.3977251
0.3982499
0.3987747
0.3992995
0.3998243
0.4003491
0.400874
0.4013989
0.4019237
0.4024486
0.4029735
0.4034984
0.4040233
0.4045482
0.4050732
0.4055981
0.406123
0.406648
0.4071729
0.4076979
0.4082229
0.4087478
0.4092728
0.4097978
0.4103228
0.4108477
0.4113727
0.4118977
0.4124227
0.4129477
0.4134727
0.4139977
0.4145227
0.4150476
0.4155726
0.4160976
0.4166226
0.4171476
0.4176726
0.4181976
0.4187225
0.4192475
0.4197725
0.4202974
0.4208224
0.4213473
0.4218723
0.4223972
0.4229222
0.4234471
0.423972
0.4244969
0.4250218
0.4255467
0.4260716
0.4265965
0.4271213
0.4276462
0.428171
0.4286959
0.4292207
0.4297455
0.4302703
0.4307951
0.4313198
0.4318446
0.4323693
0.4328941
0.4334188
0.4339435
0.4344682
0.4349928
0.4355175
0.4360421
0.4365667
0.4370913
0.4376159
0.4381405
0.438665
0.4391896
0.4397141
0.4402386
0.440763
0.4412875
0.4418119
0.4423363
0.4428607
0.4433851
0.4439094
0.4444337
0.444958
0.4454823
0.4460065
0.4465308
0.447055
0.4475792
0.4481033
0.4486274
0.4491515
0.4496756
0.4501996
0.4507237
0.4512477
0.4517716
0.4522956
0.4528195
0.4533433
0.4538672
0.454391
0.4549148
0.4554386
0.4559623
0.456486
0.4570097
0.4575333
0.4580569
0.4585805
0.459104
0.4596275
0.460151
0.4606744
0.4611979
0.4617212
0.4622446
0.4627679
0.4632911
0.4638144
0.4643376
0.4648607
0.4653838
0.4659069
0.46643
0.466953
0.467476
0.4679989
0.4685218
0.4690447
0.4695675
0.4700903
0.470613
0.4711357
0.4716584
0.472181
0.4727035
0.4732261
0.4737486
0.474271
0.4747934
0.4753158
0.4758381
0.4763604
0.4768826
0.4774048
0.477927
0.4784491
0.4789711
0.4794931
0.4800151
0.480537
0.4810589
0.4815807
0.4821025
0.4826243
0.4831459
0.4836676
0.4841892
0.4847107
0.4852322
0.4857536
0.486275
0.4867964
0.4873177
0.4878389
0.4883601
0.4888813
0.4894024
0.4899234
0.4904444
0.4909653
0.4914862
0.4920071
0.4925278
0.4930486
0.4935692
0.4940899
0.4946104
0.4951309
0.4956514
0.4961718
0.4966922
0.4972124
0.4977327
0.4982529
0.498773
0.4992931
0.4998131
0.500333
0.5008529
0.5013728
0.5018925
0.5024123
0.5029319
0.5034515
0.5039711
0.5044906
0.50501
0.5055294
0.5060487
0.5065679
0.5070871
0.5076063
0.5081253
0.5086443
0.5091633
0.5096821
0.510201
0.5107197
0.5112384
0.511757
0.5122756
0.5127941
0.5133126
0.5138309
0.5143492
0.5148675
0.5153857
0.5159038
0.5164218
0.5169398
0.5174577
0.5179756
0.5184934
0.5190111
0.5195288
0.5200463
0.5205639
0.5210813
0.5215987
0.522116
0.5226333
0.5231504
0.5236675
0.5241846
0.5247015
0.5252185
0.5257353
0.526252
0.5267687
0.5272854
0.5278019
0.5283184
0.5288348
0.5293511
0.5298674
0.5303836
0.5308997
0.5314157
0.5319317
0.5324476
0.5329634
0.5334792
0.5339949
0.5345105
0.535026
0.5355415
0.5360568
0.5365722
0.5370874
0.5376025
0.5381176
0.5386326
0.5391476
0.5396624
0.5401772
0.5406919
0.5412065
0.5417211
0.5422355
0.5427499
0.5432642
0.5437785
0.5442926
0.5448067
0.5453207
0.5458346
0.5463485
0.5468622
0.5473759
0.5478895
0.548403
0.5489165
0.5494298
0.5499431
0.5504563
0.5509695
0.5514825
0.5519954
0.5525083
0.5530211
0.5535338
0.5540465
0.554559
0.5550715
0.5555838
0.5560961
0.5566084
0.5571205
0.5576325
0.5581445
0.5586564
0.5591682
0.5596799
0.5601915
0.560703
0.5612145
0.5617259
0.5622371
0.5627483
0.5632594
0.5637705
0.5642814
0.5647923
0.565303
0.5658137
0.5663243
0.5668348
0.5673452
0.5678555
0.5683658
0.5688759
0.569386
0.569896
0.5704059
0.5709157
0.5714254
0.571935
0.5724445
0.5729539
0.5734633
0.5739726
0.5744817
0.5749908
0.5754998
0.5760087
0.5765175
0.5770262
0.5775348
0.5780434
0.5785518
0.5790602
0.5795684
0.5800766
0.5805846
0.5810926
0.5816005
0.5821083
0.582616
0.5831236
0.5836311
0.5841385
0.5846459
0.5851531
0.5856602
0.5861673
0.5866742
0.5871811
0.5876878
0.5881945
0.5887011
0.5892075
0.5897139
0.5902202
0.5907264
0.5912325
0.5917385
0.5922444
0.5927502
0.5932559
0.5937615
0.594267
0.5947724
0.5952777
0.5957829
0.596288
0.596793
0.597298
0.5978028
0.5983075
0.5988121
0.5993167
0.5998211
0.6003254
0.6008297
0.6013338
0.6018378
0.6023418
0.6028456
0.6033493
0.603853
0.6043565
0.6048599
0.6053632
0.6058665
0.6063696
0.6068726
0.6073756
0.6078784
0.6083811
0.6088837
0.6093862
0.6098887
0.610391
0.6108932
0.6113953
0.6118973
0.6123992
0.612901
0.6134027
0.6139043
0.6144058
0.6149072
0.6154085
0.6159097
0.6164107
0.6169117
0.6174126
0.6179133
0.618414
0.6189146
0.619415
0.6199154
0.6204156
0.6209157
0.6214158
0.6219157
0.6224155
0.6229152
0.6234148
0.6239143
0.6244137
0.624913
0.6254122
0.6259113
0.6264102
0.6269091
0.6274079
0.6279065
0.628405
0.6289035
0.6294018
0.6299
0.6303981
0.6308961
0.631394
0.6318918
0.6323895
0.6328871
0.6333845
0.6338819
0.6343791
0.6348762
0.6353733
0.6358702
0.636367
0.6368637
0.6373603
0.6378568
0.6383531
0.6388494
0.6393455
0.6398416
0.6403375
0.6408333
0.641329
0.6418246
0.6423201
0.6428155
0.6433107
0.6438059
0.6443009
0.6447958
0.6452907
0.6457854
0.6462799
0.6467744
0.6472688
0.6477631
0.6482572
0.6487512
0.6492451
0.649739
0.6502326
0.6507262
0.6512197
0.6517131
0.6522063
0.6526994
0.6531924
0.6536853
0.6541781
0.6546708
0.6551634
0.6556558
0.6561481
0.6566403
0.6571325
0.6576244
0.6581163
0.6586081
0.6590997
0.6595912
0.6600827
0.660574
0.6610651
0.6615562
0.6620472
0.662538
0.6630287
0.6635193
0.6640098
0.6645002
0.6649905
0.6654806
0.6659706
0.6664605
0.6669503
0.66744
0.6679296
0.668419
0.6689083
0.6693975
0.6698866
0.6703756
0.6708645
0.6713532
0.6718418
0.6723303
0.6728187
0.673307
0.6737952
0.6742832
0.6747711
0.6752589
0.6757466
0.6762341
0.6767216
0.6772089
0.6776961
0.6781832
0.6786702
0.679157
0.6796437
0.6801304
0.6806169
0.6811032
0.6815895
0.6820756
0.6825616
0.6830475
0.6835333
0.6840189
0.6845045
0.6849899
0.6854752
0.6859604
0.6864454
0.6869304
0.6874152
0.6878999
0.6883844
0.6888689
0.6893532
0.6898374
0.6903215
0.6908055
0.6912893
0.6917731
0.6922567
0.6927401
0.6932235
0.6937067
0.6941899
0.6946729
0.6951557
0.6956385
0.6961211
0.6966036
0.697086
0.6975683
0.6980504
0.6985324
0.6990143
0.6994961
0.6999778
0.7004593
0.7009407
0.701422
0.7019031
0.7023842
0.7028651
0.7033459
0.7038265
0.7043071
0.7047875
0.7052678
0.705748
0.706228
0.706708
0.7071878
0.7076674
0.708147
0.7086264
0.7091057
0.7095849
0.710064
0.7105429
0.7110217
0.7115004
0.711979
0.7124574
0.7129357
0.7134139
0.713892
0.7143699
0.7148477
0.7153254
0.7158029
0.7162804
0.7167577
0.7172349
0.7177119
0.7181889
0.7186657
0.7191424
0.7196189
0.7200954
0.7205717
0.7210478
0.7215239
0.7219998
0.7224756
0.7229513
0.7234269
0.7239023
0.7243776
0.7248528
0.7253278
0.7258027
0.7262775
0.7267522
0.7272267
0.7277011
0.7281754
0.7286496
0.7291236
0.7295975
0.7300713
0.7305449
0.7310185
0.7314919
0.7319651
0.7324383
0.7329113
0.7333842
0.7338569
0.7343296
0.7348021
0.7352744
0.7357467
0.7362188
0.7366908
0.7371627
0.7376344
0.738106
0.7385775
0.7390488
0.7395201
0.7399911
0.7404621
0.740933
0.7414037
0.7418742
0.7423447
0.742815
0.7432852
0.7437553
0.7442252
0.744695
0.7451647
0.7456343
0.7461037
0.746573
0.7470421
0.7475112
0.7479801
0.7484489
0.7489175
0.749386
0.7498544
0.7503227
0.7507908
0.7512588
0.7517267
0.7521944
0.752662
0.7531295
0.7535969
0.7540641
0.7545312
0.7549981
0.755465
0.7559317
0.7563982
0.7568647
0.757331
0.7577972
0.7582632
0.7587291
0.7591949
0.7596606
0.7601261
0.7605915
0.7610568
0.7615219
0.7619869
0.7624518
0.7629165
0.7633812
0.7638456
0.76431
0.7647742
0.7652383
0.7657023
0.7661661
0.7666298
0.7670933
0.7675568
0.7680201
0.7684833
0.7689463
0.7694092
0.769872
0.7703346
0.7707972
0.7712595
0.7717218
0.7721839
0.7726459
0.7731078
0.7735695
0.7740311
0.7744925
0.7749539
0.7754151
0.7758761
0.7763371
0.7767979
0.7772585
0.7777191
0.7781795
0.7786398
0.7790999
0.7795599
0.7800198
0.7804795
0.7809392
0.7813986
0.781858
0.7823172
0.7827763
0.7832352
0.7836941
0.7841527
0.7846113
0.7850697
0.785528
0.7859862
0.7864442
0.7869021
0.7873598
0.7878175
0.7882749
0.7887323
0.7891895
0.7896466
0.7901036
0.7905604
0.7910171
0.7914737
0.7919301
0.7923864
0.7928426
0.7932986
0.7937545
0.7942102
0.7946659
0.7951214
0.7955767
0.796032
0.7964871
0.796942
0.7973968
0.7978515
0.7983061
0.7987605
0.7992148
0.799669
0.800123
0.8005769
0.8010307
0.8014843
0.8019378
0.8023911
0.8028444
0.8032975
0.8037504
0.8042032
0.8046559
0.8051085
0.8055609
0.8060132
0.8064653
0.8069174
0.8073692
0.807821
0.8082726
0.8087241
0.8091754
0.8096267
0.8100777
0.8105287
0.8109795
0.8114302
0.8118807
0.8123311
0.8127814
0.8132316
0.8136816
0.8141314
0.8145812
0.8150308
0.8154802
0.8159296
0.8163788
0.8168278
0.8172768
0.8177256
0.8181742
0.8186228
0.8190711
0.8195194
0.8199675
0.8204155
0.8208634
0.8213111
0.8217587
0.8222061
0.8226534
0.8231006
0.8235477
0.8239946
0.8244413
0.824888
0.8253345
0.8257809
0.8262271
0.8266732
0.8271192
0.827565
0.8280107
0.8284563
0.8289017
0.829347
0.8297921
0.8302371
0.830682
0.8311268
0.8315714
0.8320159
0.8324602
0.8329044
0.8333485
0.8337925
0.8342363
0.8346799
0.8351235
0.8355669
0.8360101
0.8364532
0.8368962
0.8373391
0.8377818
0.8382244
0.8386669
0.8391092
0.8395514
0.8399934
0.8404353
0.8408771
0.8413187
0.8417602
0.8422016
0.8426428
0.8430839
0.8435249
0.8439657
0.8444064
0.844847
0.8452874
0.8457277
0.8461678
0.8466078
0.8470477
0.8474874
0.8479271
0.8483665
0.8488059
0.8492451
0.8496841
0.850123
0.8505618
0.8510005
0.851439
0.8518774
0.8523157
0.8527538
0.8531917
0.8536296
0.8540673
0.8545049
0.8549423
0.8553796
0.8558168
0.8562538
0.8566907
0.8571274
0.8575641
0.8580005
0.8584369
0.8588731
0.8593092
0.8597451
0.8601809
0.8606166
0.8610521
0.8614875
0.8619228
0.8623579
0.8627929
0.8632278
0.8636625
0.8640971
0.8645315
0.8649658
0.8654
0.8658341
0.866268
0.8667017
0.8671354
0.8675689
0.8680022
0.8684354
0.8688685
0.8693015
0.8697343
0.870167
0.8705995
0.8710319
0.8714642
0.8718963
0.8723283
0.8727602
0.8731919
0.8736235
0.874055
0.8744863
0.8749175
0.8753485
0.8757794
0.8762102
0.8766409
0.8770714
0.8775017
0.877932
0.8783621
0.878792
0.8792219
0.8796515
0.8800811
0.8805105
0.8809398
0.8813689
0.881798
0.8822268
0.8826556
0.8830842
0.8835126
0.883941
0.8843692
0.8847972
0.8852251
0.8856529
0.8860806
0.8865081
0.8869355
0.8873627
0.8877898
0.8882168
0.8886436
0.8890703
0.8894969
0.8899233
0.8903496
0.8907757
0.8912018
0.8916276
0.8920534
0.892479
0.8929045
0.8933298
0.893755
0.8941801
0.894605
0.8950298
0.8954545
0.895879
0.8963034
0.8967276
0.8971517
0.8975757
0.8979995
0.8984233
0.8988468
0.8992703
0.8996936
0.9001167
0.9005398
0.9009626
0.9013854
0.901808
0.9022305
0.9026528
0.9030751
0.9034971
0.9039191
0.9043409
0.9047626
0.9051841
0.9056055
0.9060267
0.9064479
0.9068689
0.9072897
0.9077104
0.908131
0.9085515
0.9089718
0.9093919
0.909812
0.9102319
0.9106517
0.9110713
0.9114908
0.9119101
0.9123294
0.9127485
0.9131674
0.9135862
0.9140049
0.9144235
0.9148419
0.9152601
0.9156783
0.9160963
0.9165142
0.9169319
0.9173495
0.9177669
0.9181843
0.9186015
0.9190185
0.9194354
0.9198522
0.9202689
0.9206854
0.9211018
0.921518
0.9219341
0.9223501
0.9227659
0.9231816
0.9235972
0.9240126
0.9244279
0.924843
0.9252581
0.925673
0.9260877
0.9265023
0.9269168
0.9273311
0.9277454
0.9281594
0.9285734
0.9289872
0.9294008
0.9298144
0.9302278
0.930641
0.9310542
0.9314671
0.93188
0.9322927
0.9327053
0.9331178
0.9335301
0.9339423
0.9343543
0.9347662
0.935178
0.9355896
0.9360011
0.9364125
0.9368237
0.9372348
0.9376458
0.9380566
0.9384673
0.9388779
0.9392883
0.9396986
0.9401087
0.9405188
0.9409286
0.9413384
0.941748
0.9421575
0.9425668
0.942976
0.9433851
0.943794
0.9442028
0.9446115
0.94502
0.9454284
0.9458367
0.9462448
0.9466528
0.9470607
0.9474684
0.947876
0.9482835
0.9486908
0.949098
0.949505
0.9499119
0.9503187
0.9507254
0.9511319
0.9515383
0.9519445
0.9523506
0.9527566
0.9531624
0.9535681
0.9539737
0.9543791
0.9547844
0.9551896
0.9555946
0.9559995
0.9564043
0.9568089
0.9572134
0.9576178
0.958022
0.9584261
0.9588301
0.9592339
0.9596376
0.9600411
0.9604446
0.9608478
0.961251
0.961654
0.9620569
0.9624596
0.9628623
0.9632647
0.9636671
0.9640693
0.9644714
0.9648733
0.9652751
0.9656768
0.9660784
0.9664798
0.966881
0.9672822
0.9676832
0.9680841
0.9684848
0.9688854
0.9692859
0.9696862
0.9700864
0.9704865
0.9708864
0.9712862
0.9716859
0.9720854
0.9724848
0.9728841
0.9732832
0.9736822
0.9740811
0.9744798
0.9748784
0.9752769
0.9756752
0.9760734
0.9764715
0.9768694
0.9772672
0.9776649
0.9780624
0.9784598
0.9788571
0.9792542
0.9796512
0.980048
0.9804448
0.9808414
0.9812378
0.9816342
0.9820304
0.9824264
0.9828224
0.9832181
0.9836138
0.9840093
0.9844047
0.9848
0.9851951
0.9855901
0.985985
0.9863797
0.9867743
0.9871688
0.9875631
0.9879573
0.9883514
0.9887453
0.9891391
0.9895328
0.9899263
0.9903197
0.990713
0.9911061
0.9914992
0.991892
0.9922848
0.9926774
0.9930698
0.9934622
0.9938544
0.9942465
0.9946384
0.9950302
0.9954219
0.9958134
0.9962049
0.9965961
0.9969873
0.9973783
0.9977692
0.9981599
0.9985506
0.998941
0.9993314
0.9997216
1.000112
1.000502
1.000891
1.001281
1.001671
1.00206
1.002449
1.002839
1.003228
1.003617
1.004005
1.004394
1.004782
1.005171
1.005559
1.005947
1.006335
1.006723
1.007111
1.007498
1.007886
1.008273
1.00866
1.009047
1.009434
1.009821
1.010208
1.010594
1.010981
1.011367
1.011753
1.012139
1.012525
1.012911
1.013296
1.013682
1.014067
1.014452
1.014837
1.015222
1.015607
1.015992
1.016376
1.016761
1.017145
1.017529
1.017913
1.018297
1.018681
1.019065
1.019448
1.019831
1.020215
1.020598
1.020981
1.021364
1.021746
1.022129
1.022511
1.022894
1.023276
1.023658
1.02404
1.024422
1.024803
1.025185
1.025566
1.025948
1.026329
1.02671
1.027091
1.027471
1.027852
1.028233
1.028613
1.028993
1.029373
1.029753
1.030133
1.030513
1.030892
1.031272
1.031651
1.03203
1.032409
1.032788
1.033167
1.033546
1.033924
1.034303
1.034681
1.035059
1.035437
1.035815
1.036193
1.036571
1.036948
1.037325
1.037703
1.03808
1.038457
1.038834
1.03921
1.039587
1.039963
1.04034
1.040716
1.041092
1.041468
1.041844
1.042219
1.042595
1.04297
1.043346
1.043721
1.044096
1.044471
1.044846
1.04522
1.045595
1.045969
1.046344
1.046718
1.047092
1.047466
1.047839
1.048213
1.048586
1.04896
1.049333
1.049706
1.050079
1.050452
1.050825
1.051197
1.05157
1.051942
1.052314
1.052686
1.053058
1.05343
1.053802
1.054173
1.054545
1.054916
1.055287
1.055658
1.056029
1.0564
1.056771
1.057141
1.057512
1.057882
1.058252
1.058622
1.058992
1.059362
1.059731
1.060101
1.06047
1.060839
1.061209
1.061578
1.061946
1.062315
1.062684
1.063052
1.063421
1.063789
1.064157
1.064525
1.064893
1.06526
1.065628
1.065996
1.066363
1.06673
1.067097
1.067464
1.067831
1.068198
1.068564
1.068931
1.069297
1.069663
1.070029
1.070395
1.070761
1.071127
1.071492
1.071858
1.072223
1.072588
1.072953
1.073318
1.073683
1.074047
1.074412
1.074776
1.075141
1.075505
1.075869
1.076233
1.076596
1.07696
1.077324
1.077687
1.07805
1.078413
1.078776
1.079139
1.079502
1.079865
1.080227
1.08059
1.080952
1.081314
1.081676
1.082038
1.0824
1.082761
1.083123
1.083484
1.083845
1.084206
1.084567
1.084928
1.085289
1.08565
1.08601
1.08637
1.086731
1.087091
1.087451
1.087811
1.08817
1.08853
1.088889
1.089249
1.089608
1.089967
1.090326
1.090685
1.091044
1.091402
1.091761
1.092119
1.092477
1.092835
1.093193
1.093551
1.093909
1.094267
1.094624
1.094981
1.095339
1.095696
1.096053
1.09641
1.096766
1.097123
1.097479
1.097836
1.098192
1.098548
1.098904
1.09926
1.099615
1.099971
1.100327
1.100682
1.101037
1.101392
1.101747
1.102102
1.102457
1.102811
1.103166
1.10352
1.103874
1.104229
1.104582
1.104936
1.10529
1.105644
1.105997
1.106351
1.106704
1.107057
1.10741
1.107763
1.108115
1.108468
1.108821
1.109173
1.109525
1.109877
1.110229
1.110581
1.110933
1.111284
1.111636
1.111987
1.112339
1.11269
1.113041
1.113392
1.113742
1.114093
1.114443
1.114794
1.115144
1.115494
1.115844
1.116194
1.116544
1.116894
1.117243
1.117593
1.117942
1.118291
1.11864
1.118989
1.119338
1.119686
1.120035
1.120383
1.120732
1.12108
1.121428
1.121776
1.122124
1.122471
1.122819
1.123166
1.123513
1.123861
1.124208
1.124555
1.124902
1.125248
1.125595
1.125941
1.126288
1.126634
1.12698
1.127326
1.127672
1.128017
1.128363
1.128708
1.129054
1.129399
1.129744
1.130089
1.130434
1.130779
1.131123
1.131468
1.131812
1.132157
1.132501
1.132845
1.133189
1.133532
1.133876
1.134219
1.134563
1.134906
1.135249
1.135592
1.135935
1.136278
1.136621
1.136963
1.137306
1.137648
1.13799
1.138332
1.138674
1.139016
1.139358
1.139699
1.140041
1.140382
1.140723
1.141065
1.141406
1.141746
1.142087
1.142428
1.142768
1.143109
1.143449
1.143789
1.144129
1.144469
1.144809
1.145148
1.145488
1.145827
1.146167
1.146506
1.146845
1.147184
1.147523
1.147861
1.1482
1.148538
1.148877
1.149215
1.149553
1.149891
1.150229
1.150566
1.150904
1.151242
1.151579
1.151916
1.152253
1.15259
1.152927
1.153264
1.153601
1.153937
1.154274
1.15461
1.154946
1.155282
1.155618
1.155954
1.15629
1.156625
1.156961
1.157296
1.157631
1.157966
1.158301
1.158636
1.158971
1.159306
1.15964
1.159974
1.160309
1.160643
1.160977
1.161311
1.161645
1.161978
1.162312
1.162645
1.162979
1.163312
1.163645
1.163978
1.164311
1.164643
1.164976
1.165308
1.165641
1.165973
1.166305
1.166637
1.166969
1.167301
1.167633
1.167964
1.168296
1.168627
1.168958
1.169289
1.16962
1.169951
1.170282
1.170612
1.170943
1.171273
1.171603
1.171933
1.172263
1.172593
1.172923
1.173253
1.173582
1.173912
1.174241
1.17457
1.174899
1.175228
1.175557
1.175886
1.176214
1.176543
1.176871
1.177199
1.177528
1.177856
1.178184
1.178511
1.178839
1.179167
1.179494
1.179821
1.180148
1.180476
1.180802
1.181129
1.181456
1.181783
1.182109
1.182436
1.182762
1.183088
1.183414
1.18374
1.184066
1.184391
1.184717
1.185042
1.185368
1.185693
1.186018
1.186343
1.186668
1.186993
1.187317
1.187642
1.187966
1.18829
1.188615
1.188939
1.189263
1.189586
1.18991
1.190234
1.190557
1.190881
1.191204
1.191527
1.19185
1.192173
1.192496
1.192818
1.193141
1.193463
1.193786
1.194108
1.19443
1.194752
1.195074
1.195395
1.195717
1.196039
1.19636
1.196681
1.197002
1.197323
1.197644
1.197965
1.198286
1.198607
1.198927
1.199247
1.199568
1.199888
1.200208
1.200528
1.200847
1.201167
1.201487
1.201806
1.202125
1.202445
1.202764
1.203083
1.203402
1.20372
1.204039
1.204358
1.204676
1.204994
1.205312
1.205631
1.205949
1.206266
1.206584
1.206902
1.207219
1.207537
1.207854
1.208171
1.208488
1.208805
1.209122
1.209439
1.209755
1.210072
1.210388
1.210704
1.21102
1.211336
1.211652
1.211968
1.212284
1.212599
1.212915
1.21323
1.213545
1.213861
1.214176
1.21449
1.214805
1.21512
1.215434
1.215749
1.216063
1.216377
1.216692
1.217006
1.217319
1.217633
1.217947
1.21826
1.218574
1.218887
1.2192
1.219513
1.219826
1.220139
1.220452
1.220765
1.221077
1.22139
1.221702
1.222014
1.222326
1.222638
1.22295
1.223262
1.223573
1.223885
1.224196
1.224508
1.224819
1.22513
1.225441
1.225752
1.226062
1.226373
1.226683
1.226994
1.227304
1.227614
1.227924
1.228234
1.228544
1.228854
1.229163
1.229473
1.229782
1.230092
1.230401
1.23071
1.231019
1.231328
1.231636
1.231945
1.232254
1.232562
1.23287
1.233178
1.233486
1.233794
1.234102
1.23441
1.234718
1.235025
1.235332
1.23564
1.235947
1.236254
1.236561
1.236868
1.237175
1.237481
1.237788
1.238094
1.2384
1.238707
1.239013
1.239319
1.239624
1.23993
1.240236
1.240541
1.240847
1.241152
1.241457
1.241762
1.242067
1.242372
1.242677
1.242981
1.243286
1.24359
1.243895
1.244199
1.244503
1.244807
1.245111
1.245415
1.245718
1.246022
1.246325
1.246629
1.246932
1.247235
1.247538
1.247841
1.248144
1.248446
1.248749
1.249051
1.249354
1.249656
1.249958
1.25026
1.250562
1.250864
1.251165
1.251467
1.251768
1.25207
1.252371
1.252672
1.252973
1.253274
1.253575
1.253876
1.254176
1.254477
1.254777
1.255077
1.255377
1.255677
1.255977
1.256277
1.256577
1.256877
1.257176
1.257476
1.257775
1.258074
1.258373
1.258672
1.258971
1.25927
1.259568
1.259867
1.260165
1.260464
1.260762
1.26106
1.261358
1.261656
1.261954
1.262251
1.262549
1.262846
1.263144
1.263441
1.263738
1.264035
1.264332
1.264629
1.264926
1.265222
1.265519
1.265815
1.266111
1.266408
1.266704
1.267
1.267295
1.267591
1.267887
1.268182
1.268478
1.268773
1.269068
1.269363
1.269658
1.269953
1.270248
1.270543
1.270837
1.271132
1.271426
1.27172
1.272015
1.272309
1.272603
1.272896
1.27319
1.273484
1.273777
1.274071
1.274364
1.274657
1.27495
1.275243
1.275536
1.275829
1.276121
1.276414
1.276706
1.276999
1.277291
1.277583
1.277875
1.278167
1.278459
1.278751
1.279042
1.279334
1.279625
1.279916
1.280208
1.280499
1.28079
1.28108
1.281371
1.281662
1.281952
1.282243
1.282533
1.282823
1.283114
1.283404
1.283693
1.283983
1.284273
1.284563
1.284852
1.285142
1.285431
1.28572
1.286009
1.286298
1.286587
1.286876
1.287164
1.287453
1.287741
1.28803
1.288318
1.288606
1.288894
1.289182
1.28947
1.289758
1.290045
1.290333
1.29062
1.290907
1.291195
1.291482
1.291769
1.292056
1.292342
1.292629
1.292916
1.293202
1.293488
1.293775
1.294061
1.294347
1.294633
1.294919
1.295204
1.29549
1.295776
1.296061
1.296346
1.296632
1.296917
1.297202
1.297487
1.297771
1.298056
1.298341
1.298625
1.29891
1.299194
1.299478
1.299762
1.300046
1.30033
1.300614
1.300898
1.301181
1.301465
1.301748
1.302031
1.302314
1.302597
1.30288
1.303163
1.303446
1.303729
1.304011
1.304294
1.304576
1.304858
1.30514
1.305422
1.305704
1.305986
1.306268
1.306549
1.306831
1.307112
1.307394
1.307675
1.307956
1.308237
1.308518
1.308799
1.309079
1.30936
1.309641
1.309921
1.310201
1.310481
1.310762
1.311042
1.311321
1.311601
1.311881
1.31216
1.31244
1.312719
1.312999
1.313278
1.313557
1.313836
1.314115
1.314393
1.314672
1.314951
1.315229
1.315508
1.315786
1.316064
1.316342
1.31662
1.316898
1.317176
1.317453
1.317731
1.318008
1.318286
1.318563
1.31884
1.319117
1.319394
1.319671
1.319948
1.320224
1.320501
1.320777
1.321054
1.32133
1.321606
1.321882
1.322158
1.322434
1.32271
1.322985
1.323261
1.323536
1.323812
1.324087
1.324362
1.324637
1.324912
1.325187
1.325462
1.325736
1.326011
1.326285
1.32656
1.326834
1.327108
1.327382
1.327656
1.32793
1.328204
1.328477
1.328751
1.329024
1.329298
1.329571
1.329844
1.330117
1.33039
1.330663
1.330936
1.331208
1.331481
1.331753
1.332026
1.332298
1.33257
1.332842
1.333114
1.333386
1.333658
1.333929
1.334201
1.334472
1.334744
1.335015
1.335286
1.335557
1.335828
1.336099
1.33637
1.336641
1.336911
1.337182
1.337452
1.337722
1.337993
1.338263
1.338533
1.338803
1.339072
1.339342
1.339612
1.339881
1.340151
1.34042
1.340689
1.340958
1.341227
1.341496
1.341765
1.342034
1.342302
1.342571
1.342839
1.343107
1.343376
1.343644
1.343912
1.34418
1.344448
1.344715
1.344983
1.34525
1.345518
1.345785
1.346053
1.34632
1.346587
1.346854
1.347121
1.347387
1.347654
1.347921
1.348187
1.348453
1.34872
1.348986
1.349252
1.349518
1.349784
1.35005
1.350315
1.350581
1.350846
1.351112
1.351377
1.351642
1.351907
1.352172
1.352437
1.352702
1.352967
1.353232
1.353496
1.35376
1.354025
1.354289
1.354553
1.354817
1.355081
1.355345
1.355609
1.355873
1.356136
1.3564
1.356663
1.356926
1.357189
1.357453
1.357716
1.357978
1.358241
1.358504
1.358767
1.359029
1.359291
1.359554
1.359816
1.360078
1.36034
1.360602
1.360864
1.361126
1.361387
1.361649
1.36191
1.362172
1.362433
1.362694
1.362955
1.363216
1.363477
1.363738
1.363999
1.364259
1.36452
1.36478
1.365041
1.365301
1.365561
1.365821
1.366081
1.366341
1.366601
1.36686
1.36712
1.367379
1.367639
1.367898
1.368157
1.368416
1.368675
1.368934
1.369193
1.369452
1.36971
1.369969
1.370227
1.370485
1.370744
1.371002
1.37126
1.371518
1.371776
1.372033
1.372291
1.372549
1.372806
1.373064
1.373321
1.373578
1.373835
1.374092
1.374349
1.374606
1.374863
1.375119
1.375376
1.375632
1.375889
1.376145
1.376401
1.376657
1.376913
1.377169
1.377425
1.377681
1.377936
1.378192
1.378447
1.378703
1.378958
1.379213
1.379468
1.379723
1.379978
1.380233
1.380487
1.380742
1.380996
1.381251
1.381505
1.381759
1.382013
1.382267
1.382521
1.382775
1.383029
1.383283
1.383536
1.38379
1.384043
1.384296
1.38455
1.384803
1.385056
1.385309
1.385561
1.385814
1.386067
1.386319
1.386572
1.386824
1.387076
1.387329
1.387581
1.387833
1.388085
1.388336
1.388588
1.38884
1.389091
1.389343
1.389594
1.389845
1.390097
1.390348
1.390599
1.39085
1.3911
1.391351
1.391602
1.391852
1.392103
1.392353
1.392603
1.392853
1.393103
1.393353
1.393603
1.393853
1.394103
1.394352
1.394602
1.394851
1.395101
1.39535
1.395599
1.395848
1.396097
1.396346
1.396595
1.396844
1.397092
1.397341
1.397589
1.397837
1.398086
1.398334
1.398582
1.39883
1.399078
1.399326
1.399573
1.399821
1.400068
1.400316
1.400563
1.40081
1.401058
1.401305
1.401552
1.401799
1.402045
1.402292
1.402539
1.402785
1.403032
1.403278
1.403524
1.40377
1.404017
1.404262
1.404508
1.404754
1.405
1.405246
1.405491
1.405737
1.405982
1.406227
1.406472
1.406717
1.406962
1.407207
1.407452
1.407697
1.407942
1.408186
1.408431
1.408675
1.408919
1.409163
1.409408
1.409652
1.409895
1.410139
1.410383
1.410627
1.41087
1.411114
1.411357
1.4116
1.411844
1.412087
1.41233
1.412573
1.412816
1.413058
1.413301
1.413544
1.413786
1.414029
1.414271
1.414513
1.414755
1.414997
1.415239
1.415481
1.415723
1.415965
1.416206
1.416448
1.416689
1.416931
1.417172
1.417413
1.417654
1.417895
1.418136
1.418377
1.418618
1.418858
1.419099
1.419339
1.41958
1.41982
1.42006
1.4203
1.42054
1.42078
1.42102
1.42126
1.4215
1.421739
1.421979
1.422218
1.422457
1.422697
1.422936
1.423175
1.423414
1.423653
1.423892
1.42413
1.424369
1.424608
1.424846
1.425084
1.425323
1.425561
1.425799
1.426037
1.426275
1.426513
1.42675
1.426988
1.427226
1.427463
1.427701
1.427938
1.428175
1.428412
1.428649
1.428886
1.429123
1.42936
1.429597
1.429833
1.43007
1.430306
1.430543
1.430779
1.431015
1.431251
1.431487
1.431723
1.431959
1.432195
1.432431
1.432666
1.432902
1.433137
1.433372
1.433608
1.433843
1.434078
1.434313
1.434548
1.434783
1.435017
1.435252
1.435487
1.435721
1.435955
1.43619
1.436424
1.436658
1.436892
1.437126
1.43736
1.437594
1.437827
1.438061
1.438294
1.438528
1.438761
1.438995
1.439228
1.439461
1.439694
1.439927
1.44016
1.440392
1.440625
1.440858
1.44109
1.441323
1.441555
1.441787
1.442019
1.442251
1.442483
1.442715
1.442947
1.443179
1.44341
1.443642
1.443874
1.444105
1.444336
1.444567
1.444799
1.44503
1.445261
1.445492
1.445722
1.445953
1.446184
1.446414
1.446645
1.446875
1.447105
1.447336
1.447566
1.447796
1.448026
1.448256
1.448485
1.448715
1.448945
1.449174
1.449404
1.449633
1.449862
1.450092
1.450321
1.45055
1.450779
1.451008
1.451236
1.451465
1.451694
1.451922
1.452151
1.452379
1.452607
1.452835
1.453064
1.453292
1.45352
1.453747
1.453975
1.454203
1.454431
1.454658
1.454885
1.455113
1.45534
1.455567
1.455794
1.456021
1.456248
1.456475
1.456702
1.456929
1.457155
1.457382
1.457608
1.457835
1.458061
1.458287
1.458513
1.458739
1.458965
1.459191
1.459417
1.459643
1.459868
1.460094
1.460319
1.460545
1.46077
1.460995
1.46122
1.461445
1.46167
1.461895
1.46212
1.462345
1.462569
1.462794
1.463018
1.463243
1.463467
1.463691
1.463915
1.464139
1.464363
1.464587
1.464811
1.465035
1.465258
1.465482
1.465705
1.465929
1.466152
1.466375
1.466598
1.466821
1.467044
1.467267
1.46749
1.467713
1.467936
1.468158
1.468381
1.468603
1.468825
1.469048
1.46927
1.469492
1.469714
1.469936
1.470158
1.470379
1.470601
1.470823
1.471044
1.471266
1.471487
1.471708
1.471929
1.472151
1.472372
1.472593
1.472813
1.473034
1.473255
1.473475
1.473696
1.473916
1.474137
1.474357
1.474577
1.474798
1.475018
1.475238
1.475457
1.475677
1.475897
1.476117
1.476336
1.476556
1.476775
1.476994
1.477214
1.477433
1.477652
1.477871
1.47809
1.478309
1.478528
1.478746
1.478965
1.479183
1.479402
1.47962
1.479838
1.480057
1.480275
1.480493
1.480711
1.480929
1.481147
1.481364
1.481582
1.481799
1.482017
1.482234
1.482452
1.482669
1.482886
1.483103
1.48332
1.483537
1.483754
1.483971
1.484187
1.484404
1.484621
1.484837
1.485053
1.48527
1.485486
1.485702
1.485918
1.486134
1.48635
1.486566
1.486782
1.486997
1.487213
1.487428
1.487644
1.487859
1.488074
1.48829
1.488505
1.48872
1.488935
1.489149
1.489364
1.489579
1.489794
1.490008
1.490223
1.490437
1.490651
1.490866
1.49108
1.491294
1.491508
1.491722
1.491936
1.492149
1.492363
1.492577
1.49279
1.493004
1.493217
1.49343
1.493644
1.493857
1.49407
1.494283
1.494496
1.494708
1.494921
1.495134
1.495346
1.495559
1.495771
1.495984
1.496196
1.496408
1.49662
1.496832
1.497044
1.497256
1.497468
1.49768
1.497892
1.498103
1.498315
1.498526
1.498737
1.498949
1.49916
1.499371
1.499582
1.499793
1.500004
1.500215
1.500425
1.500636
1.500847
1.501057
1.501267
1.501478
1.501688
1.501898
1.502108
1.502318
1.502528
1.502738
1.502948
1.503158
1.503367
1.503577
1.503786
1.503996
1.504205
1.504415
1.504624
1.504833
1.505042
1.505251
1.50546
1.505668
1.505877
1.506086
1.506294
1.506503
1.506711
1.50692
1.507128
1.507336
1.507544
1.507752
1.50796
1.508168
1.508376
1.508584
1.508791
1.508999
1.509206
1.509414
1.509621
1.509828
1.510036
1.510243
1.51045
1.510657
1.510864
1.51107
1.511277
1.511484
1.51169
1.511897
1.512103
1.51231
1.512516
1.512722
1.512928
1.513134
1.51334
1.513546
1.513752
1.513958
1.514164
1.514369
1.514575
1.51478
1.514986
1.515191
1.515396
1.515601
1.515806
1.516011
1.516216
1.516421
1.516626
1.516831
1.517035
1.51724
1.517444
1.517649
1.517853
1.518057
1.518261
1.518465
1.518669
1.518873
1.519077
1.519281
1.519485
1.519688
1.519892
1.520096
1.520299
1.520502
1.520706
1.520909
1.521112
1.521315
1.521518
1.521721
1.521924
1.522126
1.522329
1.522532
1.522734
1.522937
1.523139
1.523341
1.523544
1.523746
1.523948
1.52415
1.524352
1.524554
1.524755
1.524957
1.525159
1.52536
1.525562
1.525763
1.525965
1.526166
1.526367
1.526568
1.526769
1.52697
1.527171
1.527372
1.527573
1.527773
1.527974
1.528174
1.528375
1.528575
1.528776
1.528976
1.529176
1.529376
1.529576
1.529776
1.529976
1.530176
1.530375
1.530575
1.530775
1.530974
1.531174
1.531373
1.531572
1.531771
1.531971
1.53217
1.532369
1.532567
1.532766
1.532965
1.533164
1.533362
1.533561
1.533759
1.533958
1.534156
1.534354
1.534553
1.534751
1.534949
1.535147
1.535345
1.535542
1.53574
1.535938
1.536135
1.536333
1.53653
1.536728
1.536925
1.537122
1.53732
1.537517
1.537714
1.537911
1.538107
1.538304
1.538501
1.538698
1.538894
1.539091
1.539287
1.539484
1.53968
1.539876
1.540072
1.540268
1.540464
1.54066
1.540856
1.541052
1.541248
1.541443
1.541639
1.541834
1.54203
1.542225
1.54242
1.542616
1.542811
1.543006
1.543201
1.543396
1.543591
1.543785
1.54398
1.544175
1.544369
1.544564
1.544758
1.544953
1.545147
1.545341
1.545535
1.545729
1.545923
1.546117
1.546311
1.546505
1.546699
1.546892
1.547086
1.547279
1.547473
1.547666
1.54786
1.548053
1.548246
1.548439
1.548632
1.548825
1.549018
1.549211
1.549403
1.549596
1.549789
1.549981
1.550173
1.550366
1.550558
1.55075
1.550942
1.551135
1.551327
1.551519
1.55171
1.551902
1.552094
1.552286
1.552477
1.552669
1.55286
1.553052
1.553243
1.553434
1.553625
1.553816
1.554007
1.554198
1.554389
1.55458
1.554771
1.554961
1.555152
1.555343
1.555533
1.555723
1.555914
1.556104
1.556294
1.556484
1.556674
1.556864
1.557054
1.557244
1.557434
1.557624
1.557813
1.558003
1.558192
1.558382
1.558571
1.55876
1.558949
1.559139
1.559328
1.559517
1.559706
1.559894
1.560083
1.560272
1.560461
1.560649
1.560838
1.561026
1.561215
1.561403
1.561591
1.561779
1.561967
1.562155
1.562343
1.562531
1.562719
1.562907
1.563095
1.563282
1.56347
1.563657
1.563845
1.564032
1.564219
1.564406
1.564593
1.564781
1.564968
1.565154
1.565341
1.565528
1.565715
1.565901
1.566088
1.566275
1.566461
1.566647
1.566834
1.56702
1.567206
1.567392
1.567578
1.567764
1.56795
1.568136
1.568322
1.568507
1.568693
1.568879
1.569064
1.569249
1.569435
1.56962
1.569805
1.56999
1.570176
1.570361
1.570545
1.57073
1.570915
1.5711
1.571285
1.571469
1.571654
1.571838
1.572023
1.572207
1.572391
1.572575
1.572759
1.572943
1.573127
1.573311
1.573495
1.573679
1.573863
1.574046
1.57423
1.574414
1.574597
1.57478
1.574964
1.575147
1.57533
1.575513
1.575696
1.575879
1.576062
1.576245
1.576428
1.57661
1.576793
1.576976
1.577158
1.577341
1.577523
1.577705
1.577888
1.57807
1.578252
1.578434
1.578616
1.578798
1.57898
1.579161
1.579343
1.579525
1.579706
1.579888
1.580069
1.580251
1.580432
1.580613
1.580794
1.580975
1.581156
1.581337
1.581518
1.581699
1.58188
1.582061
1.582241
1.582422
1.582602
1.582783
1.582963
1.583143
1.583324
1.583504
1.583684
1.583864
1.584044
1.584224
1.584404
1.584583
1.584763
1.584943
1.585122
1.585302
1.585481
1.585661
1.58584
1.586019
1.586198
1.586377
1.586557
1.586735
1.586914
1.587093
1.587272
1.587451
1.587629
1.587808
1.587986
1.588165
1.588343
1.588522
1.5887
1.588878
1.589056
1.589234
1.589412
1.58959
1.589768
1.589946
1.590124
1.590301
1.590479
1.590656
1.590834
1.591011
1.591189
1.591366
1.591543
1.59172
1.591897
1.592074
1.592251
1.592428
1.592605
1.592782
1.592958
1.593135
1.593312
1.593488
1.593665
1.593841
1.594017
1.594193
1.59437
1.594546
1.594722
1.594898
1.595074
1.595249
1.595425
1.595601
1.595777
1.595952
1.596128
1.596303
1.596479
1.596654
1.596829
1.597004
1.597179
1.597355
1.59753
1.597704
1.597879
1.598054
1.598229
1.598404
1.598578
1.598753
1.598927
1.599102
1.599276
1.59945
1.599625
1.599799
1.599973
1.600147
1.600321
1.600495
1.600669
1.600842
1.601016
1.60119
1.601363
1.601537
1.60171
1.601884
1.602057
1.60223
1.602404
1.602577
1.60275
1.602923
1.603096
1.603269
1.603442
1.603614
1.603787
1.60396
1.604132
1.604305
1.604477
1.60465
1.604822
1.604994
1.605166
1.605338
1.60551
1.605682
1.605854
1.606026
1.606198
1.60637
1.606542
1.606713
1.606885
1.607056
1.607228
1.607399
1.60757
1.607742
1.607913
1.608084
1.608255
1.608426
1.608597
1.608768
1.608938
1.609109
1.60928
1.609451
1.609621
1.609792
1.609962
1.610132
1.610303
1.610473
1.610643
1.610813
1.610983
1.611153
1.611323
1.611493
1.611663
1.611832
1.612002
1.612172
1.612341
1.612511
1.61268
1.61285
1.613019
1.613188
1.613357
1.613526
1.613695
1.613864
1.614033
1.614202
1.614371
1.61454
1.614708
1.614877
1.615046
1.615214
1.615383
1.615551
1.615719
1.615887
1.616056
1.616224
1.616392
1.61656
1.616728
1.616896
1.617063
1.617231
1.617399
1.617566
1.617734
1.617901
1.618069
1.618236
1.618404
1.618571
1.618738
1.618905
1.619072
1.619239
1.619406
1.619573
1.61974
1.619907
1.620073
1.62024
1.620407
1.620573
1.62074
1.620906
1.621072
1.621239
1.621405
1.621571
1.621737
1.621903
1.622069
1.622235
1.622401
1.622566
1.622732
1.622898
1.623063
1.623229
1.623394
1.62356
1.623725
1.623891
1.624056
1.624221
1.624386
1.624551
1.624716
1.624881
1.625046
1.625211
1.625375
1.62554
1.625705
1.625869
1.626034
1.626198
1.626363
1.626527
1.626691
1.626855
1.62702
1.627184
1.627348
1.627512
1.627675
1.627839
1.628003
1.628167
1.62833
1.628494
1.628658
1.628821
1.628984
1.629148
1.629311
1.629474
1.629638
1.629801
1.629964
1.630127
1.63029
1.630453
1.630615
1.630778
1.630941
1.631103
1.631266
1.631428
1.631591
1.631753
1.631916
1.632078
1.63224
1.632402
1.632564
1.632726
1.632888
1.63305
1.633212
1.633374
1.633536
1.633697
1.633859
1.634021
1.634182
1.634344
1.634505
1.634666
1.634827
1.634989
1.63515
1.635311
1.635472
1.635633
1.635794
1.635955
1.636115
1.636276
1.636437
1.636597
1.636758
1.636918
1.637079
1.637239
1.6374
1.63756
1.63772
1.63788
1.63804
1.6382
1.63836
1.63852
1.63868
1.63884
1.638999
1.639159
1.639319
1.639478
1.639638
1.639797
1.639957
1.640116
1.640275
1.640434
1.640593
1.640753
1.640912
1.64107
1.641229
1.641388
1.641547
1.641706
1.641864
1.642023
1.642182
1.64234
1.642498
1.642657
1.642815
1.642973
1.643132
1.64329
1.643448
1.643606
1.643764
1.643922
1.64408
1.644237
1.644395
1.644553
1.64471
1.644868
1.645025
1.645183
1.64534
1.645498
1.645655
1.645812
1.645969
1.646126
1.646283
1.64644
1.646597
1.646754
1.646911
1.647068
1.647224
1.647381
1.647538
1.647694
1.647851
1.648007
1.648163
1.64832
1.648476
1.648632
1.648788
1.648944
1.6491
1.649256
1.649412
1.649568
1.649724
1.649879
1.650035
1.650191
1.650346
1.650502
1.650657
1.650812
1.650968
1.651123
1.651278
1.651433
1.651588
1.651743
1.651898
1.652053
1.652208
1.652363
1.652518
1.652672
1.652827
1.652981
1.653136
1.65329
1.653445
1.653599
1.653753
1.653908
1.654062
1.654216
1.65437
1.654524
1.654678
1.654832
1.654986
1.655139
1.655293
1.655447
1.6556
1.655754
1.655907
1.656061
1.656214
1.656368
1.656521
1.656674
1.656827
1.65698
1.657133
1.657286
1.657439
1.657592
1.657745
1.657898
1.65805
1.658203
1.658356
1.658508
1.658661
1.658813
1.658965
1.659118
1.65927
1.659422
1.659574
1.659726
1.659878
1.66003
1.660182
1.660334
1.660486
1.660638
1.660789
1.660941
1.661093
1.661244
1.661395
1.661547
1.661698
1.66185
1.662001
1.662152
1.662303
1.662454
1.662605
1.662756
1.662907
1.663058
1.663209
1.663359
1.66351
1.663661
1.663811
1.663962
1.664112
1.664263
1.664413
1.664563
1.664714
1.664864
1.665014
1.665164
1.665314
1.665464
1.665614
1.665764
1.665914
1.666063
1.666213
1.666363
1.666512
1.666662
1.666811
1.666961
1.66711
1.667259
1.667408
1.667558
1.667707
1.667856
1.668005
1.668154
1.668303
1.668452
1.6686
1.668749
1.668898
1.669047
1.669195
1.669344
1.669492
1.669641
1.669789
1.669937
1.670085
1.670234
1.670382
1.67053
1.670678
1.670826
1.670974
1.671122
1.67127
1.671417
1.671565
1.671713
1.67186
1.672008
1.672155
1.672303
1.67245
1.672598
1.672745
1.672892
1.673039
1.673186
1.673333
1.67348
1.673627
1.673774
1.673921
1.674068
1.674215
1.674361
1.674508
1.674654
1.674801
1.674947
1.675094
1.67524
1.675387
1.675533
1.675679
1.675825
1.675971
1.676117
1.676263
1.676409
1.676555
1.676701
1.676847
1.676992
1.677138
1.677284
1.677429
1.677575
1.67772
1.677865
1.678011
1.678156
1.678301
1.678446
1.678592
1.678737
1.678882
1.679027
1.679171
1.679316
1.679461
1.679606
1.679751
1.679895
1.68004
1.680184
1.680329
1.680473
1.680618
1.680762
1.680906
1.68105
1.681195
1.681339
1.681483
1.681627
1.681771
1.681915
1.682058
1.682202
1.682346
1.68249
1.682633
1.682777
1.68292
1.683064
1.683207
1.683351
1.683494
1.683637
1.68378
1.683924
1.684067
1.68421
1.684353
1.684496
1.684638
1.684781
1.684924
1.685067
1.68521
1.685352
1.685495
1.685637
1.68578
1.685922
1.686064
1.686207
1.686349
1.686491
1.686633
1.686775
1.686918
1.68706
1.687201
1.687343
1.687485
1.687627
1.687769
1.68791
1.688052
1.688194
1.688335
1.688477
1.688618
1.688759
1.688901
1.689042
1.689183
1.689324
1.689465
1.689607
1.689748
1.689888
1.690029
1.69017
1.690311
1.690452
1.690592
1.690733
1.690874
1.691014
1.691155
1.691295
1.691435
1.691576
1.691716
1.691856
1.691996
1.692137
1.692277
1.692417
1.692557
1.692697
1.692836
1.692976
1.693116
1.693256
1.693395
1.693535
1.693675
1.693814
1.693953
1.694093
1.694232
1.694372
1.694511
1.69465
1.694789
1.694928
1.695067
1.695206
1.695345
1.695484
1.695623
1.695762
1.6959
1.696039
1.696178
1.696316
1.696455
1.696593
1.696732
1.69687
1.697008
1.697147
1.697285
1.697423
1.697561
1.697699
1.697837
1.697975
1.698113
1.698251
1.698389
1.698527
1.698664
1.698802
1.69894
1.699077
1.699215
1.699352
1.69949
1.699627
1.699764
1.699901
1.700039
1.700176
1.700313
1.70045
1.700587
1.700724
1.700861
1.700998
1.701134
1.701271
1.701408
1.701545
1.701681
1.701818
1.701954
1.702091
1.702227
1.702363
1.7025
1.702636
1.702772
1.702908
1.703044
1.70318
1.703316
1.703452
1.703588
1.703724
1.70386
1.703996
1.704131
1.704267
1.704403
1.704538
1.704674
1.704809
1.704944
1.70508
1.705215
1.70535
1.705485
1.705621
1.705756
1.705891
1.706026
1.706161
1.706296
1.70643
1.706565
1.7067
1.706835
1.706969
1.707104
1.707238
1.707373
1.707507
1.707642
1.707776
1.70791
1.708045
1.708179
1.708313
1.708447
1.708581
1.708715
1.708849
1.708983
1.709117
1.709251
1.709384
1.709518
1.709652
1.709785
1.709919
1.710053
1.710186
1.710319
1.710453
1.710586
1.710719
1.710853
1.710986
1.711119
1.711252
1.711385
1.711518
1.711651
1.711784
1.711916
1.712049
1.712182
1.712315
1.712447
1.71258
1.712712
1.712845
1.712977
1.71311
1.713242
1.713374
1.713506
1.713639
1.713771
1.713903
1.714035
1.714167
1.714299
1.714431
1.714563
1.714694
1.714826
1.714958
1.715089
1.715221
1.715353
1.715484
1.715616
1.715747
1.715878
1.71601
1.716141
1.716272
1.716403
1.716534
1.716665
1.716796
1.716927
1.717058
1.717189
1.71732
1.717451
1.717582
1.717712
1.717843
1.717973
1.718104
1.718234
1.718365
1.718495
1.718626
1.718756
1.718886
1.719016
1.719146
1.719277
1.719407
1.719537
1.719667
1.719797
1.719926
1.720056
1.720186
1.720316
1.720445
1.720575
1.720705
1.720834
1.720964
1.721093
1.721222
1.721352
1.721481
1.72161
1.721739
1.721869
1.721998
1.722127
1.722256
1.722385
1.722514
1.722642
1.722771
1.7229
1.723029
1.723157
1.723286
1.723415
1.723543
1.723672
1.7238
1.723928
1.724057
1.724185
1.724313
1.724441
1.72457
1.724698
1.724826
1.724954
1.725082
1.72521
1.725337
1.725465
1.725593
1.725721
1.725848
1.725976
1.726104
1.726231
1.726359
1.726486
1.726613
1.726741
1.726868
1.726995
1.727123
1.72725
1.727377
1.727504
1.727631
1.727758
1.727885
1.728012
1.728139
1.728265
1.728392
1.728519
1.728645
1.728772
1.728898
1.729025
1.729151
1.729278
1.729404
1.729531
1.729657
1.729783
1.729909
1.730035
1.730161
1.730287
1.730413
1.730539
1.730665
1.730791
1.730917
1.731043
1.731168
1.731294
1.73142
1.731545
1.731671
1.731796
1.731922
1.732047
1.732172
1.732298
1.732423
1.732548
1.732673
1.732798
1.732923
1.733048
1.733173
1.733298
1.733423
1.733548
1.733673
1.733798
1.733922
1.734047
1.734171
1.734296
1.734421
1.734545
1.734669
1.734794
1.734918
1.735042
1.735167
1.735291
1.735415
1.735539
1.735663
1.735787
1.735911
1.736035
1.736159
1.736283
1.736406
1.73653
1.736654
1.736777
1.736901
1.737025
1.737148
1.737272
1.737395
1.737518
1.737642
1.737765
1.737888
1.738011
1.738134
1.738258
1.738381
1.738504
1.738627
1.738749
1.738872
1.738995
1.739118
1.739241
1.739363
1.739486
1.739609
1.739731
1.739854
1.739976
1.740098
1.740221
1.740343
1.740465
1.740588
1.74071
1.740832
1.740954
1.741076
1.741198
1.74132
1.741442
1.741564
1.741686
1.741807
1.741929
1.742051
1.742172
1.742294
1.742416
1.742537
1.742659
1.74278
1.742901
1.743023
1.743144
1.743265
1.743386
1.743508
1.743629
1.74375
1.743871
1.743992
1.744113
1.744234
1.744354
1.744475
1.744596
1.744717
1.744837
1.744958
1.745078
1.745199
1.745319
1.74544
1.74556
1.745681
1.745801
1.745921
1.746041
1.746162
1.746282
1.746402
1.746522
1.746642
1.746762
1.746882
1.747002
1.747121
1.747241
1.747361
1.747481
1.7476
1.74772
1.747839
1.747959
1.748078
1.748198
1.748317
1.748436
1.748556
1.748675
1.748794
1.748913
1.749032
1.749151
1.74927
1.749389
1.749508
1.749627
1.749746
1.749865
1.749984
1.750102
1.750221
1.75034
1.750458
1.750577
1.750695
1.750814
1.750932
1.75105
1.751169
1.751287
1.751405
1.751523
1.751642
1.75176
1.751878
1.751996
1.752114
1.752232
1.75235
1.752467
1.752585
1.752703
1.752821
1.752938
1.753056
1.753174
1.753291
1.753409
1.753526
1.753643
1.753761
1.753878
1.753995
1.754113
1.75423
1.754347
1.754464
1.754581
1.754698
1.754815
1.754932
1.755049
1.755166
1.755282
1.755399
1.755516
1.755633
1.755749
1.755866
1.755982
1.756099
1.756215
1.756332
1.756448
1.756564
1.756681
1.756797
1.756913
1.757029
1.757145
1.757261
1.757377
1.757493
1.757609
1.757725
1.757841
1.757957
1.758073
1.758188
1.758304
1.75842
1.758535
1.758651
1.758766
1.758882
1.758997
1.759113
1.759228
1.759343
1.759459
1.759574
1.759689
1.759804
1.759919
1.760034
1.760149
1.760264
1.760379
1.760494
1.760609
1.760724
1.760838
1.760953
1.761068
1.761182
1.761297
1.761411
1.761526
1.76164
1.761755
1.761869
1.761983
1.762098
1.762212
1.762326
1.76244
1.762554
1.762668
1.762782
1.762896
1.76301
1.763124
1.763238
1.763352
1.763466
1.763579
1.763693
1.763807
1.76392
1.764034
1.764147
1.764261
1.764374
1.764488
1.764601
1.764714
1.764828
1.764941
1.765054
1.765167
1.76528
1.765393
1.765506
1.765619
1.765732
1.765845
1.765958
1.766071
1.766184
1.766296
1.766409
1.766522
1.766634
1.766747
1.766859
1.766972
1.767084
1.767197
1.767309
1.767421
1.767534
1.767646
1.767758
1.76787
1.767982
1.768094
1.768206
1.768318
1.76843
1.768542
1.768654
1.768766
1.768878
1.768989
1.769101
1.769213
1.769324
1.769436
1.769547
1.769659
1.76977
1.769882
1.769993
1.770104
1.770216
1.770327
1.770438
1.770549
1.77066
1.770771
1.770882
1.770993
1.771104
1.771215
1.771326
1.771437
1.771548
1.771659
1.771769
1.77188
1.771991
1.772101
1.772212
1.772322
1.772433
1.772543
1.772653
1.772764
1.772874
1.772984
1.773094
1.773205
1.773315
1.773425
1.773535
1.773645
1.773755
1.773865
1.773975
1.774085
1.774194
1.774304
1.774414
1.774524
1.774633
1.774743
1.774852
1.774962
1.775071
1.775181
1.77529
1.7754
1.775509
1.775618
1.775727
1.775837
1.775946
1.776055
1.776164
1.776273
1.776382
1.776491
1.7766
1.776709
1.776818
1.776926
1.777035
1.777144
1.777252
1.777361
1.77747
1.777578
1.777687
1.777795
1.777904
1.778012
1.77812
1.778229
1.778337
1.778445
1.778553
1.778662
1.77877
1.778878
1.778878
