0
2.24646e-09
1.79434e-08
6.04638e-08
1.43096e-07
2.79046e-07
4.81434e-07
7.63299e-07
1.1376e-06
1.6172e-06
2.2149e-06
2.94341e-06
3.81536e-06
4.8433e-06
6.03969e-06
7.41693e-06
8.98731e-06
1.07631e-05
1.27564e-05
1.49793e-05
1.74438e-05
2.01619e-05
2.31453e-05
2.64058e-05
2.99551e-05
3.38049e-05
3.79666e-05
4.24517e-05
4.72717e-05
5.24377e-05
5.79611e-05
6.38531e-05
7.01246e-05
7.67867e-05
8.38504e-05
9.13266e-05
9.9226e-05
0.000107559
0.000116337
0.00012557
0.000135269
0.000145444
0.000156106
0.000167264
0.00017893
0.000191112
0.000203822
0.00021707
0.000230864
0.000245216
0.000260135
0.000275631
0.000291713
0.000308392
0.000325676
0.000343575
0.000362099
0.000381257
0.000401058
0.000421512
0.000442627
0.000464413
0.000486879
0.000510034
0.000533886
0.000558445
0.000583719
0.000609718
0.000636449
0.000663922
0.000692145
0.000721126
0.000750874
0.000781397
0.000812704
0.000844802
0.000877701
0.000911407
0.00094593
0.000981277
0.00101746
0.00105447
0.00109234
0.00113106
0.00117065
0.00121111
0.00125244
0.00129467
0.00133778
0.0013818
0.00142672
0.00147257
0.00151933
0.00156703
0.00161566
0.00166524
0.00171576
0.00176725
0.00181971
0.00187313
0.00192754
0.00198293
0.00203932
0.0020967
0.00215509
0.0022145
0.00227492
0.00233637
0.00239886
0.00246238
0.00252694
0.00259256
0.00265924
0.00272698
0.00279579
0.00286568
0.00293665
0.0030087
0.00308185
0.00315611
0.00323146
0.00330793
0.00338552
0.00346423
0.00354407
0.00362505
0.00370716
0.00379042
0.00387483
0.0039604
0.00404713
0.00413503
0.0042241
0.00431435
0.00440578
0.0044984
0.00459222
0.00468723
0.00478345
0.00488087
0.00497951
0.00507937
0.00518045
0.00528276
0.0053863
0.00549108
0.0055971
0.00570437
0.0058129
0.00592267
0.00603371
0.00614602
0.0062596
0.00637445
0.00649057
0.00660799
0.00672668
0.00684668
0.00696796
0.00709055
0.00721444
0.00733964
0.00746615
0.00759398
0.00772313
0.00785361
0.00798541
0.00811854
0.00825302
0.00838883
0.00852598
0.00866449
0.00880434
0.00894555
0.00908812
0.00923205
0.00937734
0.00952401
0.00967204
0.00982146
0.00997225
0.0101244
0.010278
0.0104329
0.0105893
0.010747
0.0109062
0.0110667
0.0112287
0.011392
0.0115568
0.011723
0.0118906
0.0120596
0.0122301
0.0124019
0.0125752
0.01275
0.0129262
0.0131038
0.0132828
0.0134633
0.0136453
0.0138287
0.0140135
0.0141998
0.0143876
0.0145768
0.0147675
0.0149596
0.0151532
0.0153483
0.0155449
0.0157429
0.0159424
0.0161434
0.0163458
0.0165498
0.0167552
0.0169621
0.0171705
0.0173805
0.0175919
0.0178047
0.0180191
0.018235
0.0184524
0.0186713
0.0188918
0.0191137
0.0193371
0.019562
0.0197885
0.0200165
0.020246
0.020477
0.0207095
0.0209436
0.0211791
0.0214162
0.0216549
0.021895
0.0221367
0.02238
0.0226247
0.022871
0.0231189
0.0233682
0.0236192
0.0238716
0.0241256
0.0243812
0.0246383
0.0248969
0.0251571
0.0254188
0.0256821
0.025947
0.0262134
0.0264813
0.0267508
0.0270219
0.0272945
0.0275687
0.0278445
0.0281218
0.0284006
0.0286811
0.0289631
0.0292466
0.0295318
0.0298185
0.0301067
0.0303966
0.030688
0.030981
0.0312755
0.0315716
0.0318693
0.0321686
0.0324695
0.0327719
0.0330759
0.0333815
0.0336886
0.0339974
0.0343077
0.0346196
0.0349331
0.0352481
0.0355648
0.035883
0.0362028
0.0365242
0.0368472
0.0371717
0.0374979
0.0378256
0.0381549
0.0384858
0.0388183
0.0391524
0.039488
0.0398253
0.0401641
0.0405045
0.0408465
0.0411901
0.0415353
0.0418821
0.0422305
0.0425804
0.042932
0.0432851
0.0436399
0.0439962
0.0443541
0.0447136
0.0450747
0.0454374
0.0458016
0.0461675
0.0465349
0.046904
0.0472746
0.0476468
0.0480207
0.0483961
0.0487731
0.0491516
0.0495318
0.0499136
0.0502969
0.0506819
0.0510684
0.0514566
0.0518463
0.0522376
0.0526305
0.0530249
0.053421
0.0538187
0.0542179
0.0546188
0.0550212
0.0554252
0.0558308
0.056238
0.0566467
0.0570571
0.057469
0.0578825
0.0582977
0.0587143
0.0591326
0.0595525
0.0599739
0.0603969
0.0608215
0.0612477
0.0616755
0.0621048
0.0625358
0.0629683
0.0634024
0.063838
0.0642753
0.0647141
0.0651545
0.0655964
0.06604
0.0664851
0.0669318
0.06738
0.0678299
0.0682813
0.0687343
0.0691888
0.0696449
0.0701026
0.0705619
0.0710227
0.0714851
0.071949
0.0724146
0.0728816
0.0733503
0.0738205
0.0742923
0.0747656
0.0752405
0.0757169
0.076195
0.0766745
0.0771556
0.0776383
0.0781226
0.0786083
0.0790957
0.0795846
0.080075
0.080567
0.0810606
0.0815557
0.0820523
0.0825505
0.0830502
0.0835515
0.0840543
0.0845587
0.0850646
0.085572
0.086081
0.0865915
0.0871036
0.0876172
0.0881323
0.0886489
0.0891671
0.0896869
0.0902081
0.0907309
0.0912552
0.0917811
0.0923084
0.0928373
0.0933677
0.0938997
0.0944331
0.0949681
0.0955046
0.0960426
0.0965821
0.0971232
0.0976657
0.0982098
0.0987554
0.0993025
0.0998511
0.100401
0.100953
0.101506
0.102061
0.102617
0.103174
0.103733
0.104294
0.104856
0.10542
0.105985
0.106552
0.10712
0.107689
0.10826
0.108833
0.109407
0.109982
0.11056
0.111138
0.111718
0.112299
0.112882
0.113467
0.114053
0.11464
0.115229
0.115819
0.116411
0.117004
0.117599
0.118195
0.118793
0.119392
0.119993
0.120595
0.121198
0.121803
0.122409
0.123017
0.123627
0.124237
0.12485
0.125463
0.126078
0.126695
0.127313
0.127932
0.128553
0.129175
0.129799
0.130424
0.131051
0.131679
0.132309
0.132939
0.133572
0.134205
0.134841
0.135477
0.136115
0.136755
0.137396
0.138038
0.138682
0.139327
0.139973
0.140621
0.14127
0.141921
0.142573
0.143227
0.143882
0.144538
0.145196
0.145855
0.146516
0.147177
0.147841
0.148506
0.149172
0.149839
0.150508
0.151178
0.15185
0.152523
0.153197
0.153873
0.15455
0.155229
0.155909
0.15659
0.157272
0.157956
0.158642
0.159328
0.160016
0.160706
0.161397
0.162089
0.162782
0.163477
0.164173
0.164871
0.16557
0.16627
0.166972
0.167674
0.168379
0.169084
0.169791
0.1705
0.171209
0.17192
0.172632
0.173346
0.174061
0.174777
0.175495
0.176213
0.176934
0.177655
0.178378
0.179102
0.179828
0.180554
0.181282
0.182012
0.182742
0.183474
0.184208
0.184942
0.185678
0.186415
0.187154
0.187893
0.188634
0.189377
0.19012
0.190865
0.191611
0.192359
0.193108
0.193858
0.194609
0.195361
0.196115
0.19687
0.197627
0.198384
0.199143
0.199903
0.200665
0.201427
0.202191
0.202956
0.203723
0.20449
0.205259
0.206029
0.206801
0.207574
0.208347
0.209123
0.209899
0.210676
0.211455
0.212235
0.213017
0.213799
0.214583
0.215368
0.216154
0.216941
0.21773
0.21852
0.219311
0.220103
0.220897
0.221691
0.222487
0.223284
0.224083
0.224882
0.225683
0.226485
0.227288
0.228092
0.228898
0.229704
0.230512
0.231321
0.232131
0.232943
0.233755
0.234569
0.235384
0.2362
0.237017
0.237836
0.238655
0.239476
0.240298
0.241121
0.241945
0.242771
0.243597
0.244425
0.245254
0.246084
0.246915
0.247748
0.248581
0.249416
0.250251
0.251088
0.251926
0.252766
0.253606
0.254447
0.25529
0.256134
0.256978
0.257824
0.258671
0.25952
0.260369
0.261219
0.262071
0.262924
0.263777
0.264632
0.265488
0.266345
0.267203
0.268063
0.268923
0.269785
0.270647
0.271511
0.272376
0.273241
0.274108
0.274976
0.275845
0.276716
0.277587
0.278459
0.279333
0.280207
0.281083
0.281959
0.282837
0.283716
0.284596
0.285477
0.286359
0.287242
0.288126
0.289011
0.289897
0.290784
0.291672
0.292562
0.293452
0.294344
0.295236
0.29613
0.297024
0.29792
0.298816
0.299714
0.300613
0.301512
0.302413
0.303315
0.304218
0.305121
0.306026
0.306932
0.307839
0.308747
0.309655
0.310565
0.311476
0.312388
0.313301
0.314215
0.31513
0.316046
0.316963
0.31788
0.318799
0.319719
0.32064
0.321562
0.322485
0.323408
0.324333
0.325259
0.326186
0.327113
0.328042
0.328972
0.329902
0.330834
0.331766
0.3327
0.333634
0.33457
0.335506
0.336444
0.337382
0.338321
0.339261
0.340202
0.341145
0.342088
0.343032
0.343977
0.344922
0.345869
0.346817
0.347766
0.348715
0.349666
0.350617
0.35157
0.352523
0.353477
0.354432
0.355388
0.356345
0.357303
0.358262
0.359222
0.360182
0.361144
0.362106
0.36307
0.364034
0.364999
0.365965
0.366932
0.3679
0.368869
0.369838
0.370809
0.37178
0.372753
0.373726
0.3747
0.375675
0.37665
0.377627
0.378605
0.379583
0.380562
0.381543
0.382524
0.383505
0.384488
0.385472
0.386456
0.387442
0.388428
0.389415
0.390403
0.391392
0.392381
0.393372
0.394363
0.395355
0.396348
0.397342
0.398336
0.399332
0.400328
0.401325
0.402323
0.403322
0.404322
0.405322
0.406324
0.407326
0.408329
0.409332
0.410337
0.411342
0.412348
0.413355
0.414363
0.415372
0.416381
0.417392
0.418403
0.419414
0.420427
0.42144
0.422455
0.42347
0.424485
0.425502
0.426519
0.427538
0.428556
0.429576
0.430597
0.431618
0.43264
0.433663
0.434686
0.435711
0.436736
0.437762
0.438789
0.439816
0.440844
0.441873
0.442903
0.443933
0.444965
0.445997
0.447029
0.448063
0.449097
0.450132
0.451168
0.452204
0.453242
0.45428
0.455318
0.456358
0.457398
0.458439
0.459481
0.460523
0.461566
0.46261
0.463654
0.4647
0.465746
0.466792
0.46784
0.468888
0.469937
0.470986
0.472037
0.473088
0.474139
0.475192
0.476245
0.477299
0.478353
0.479409
0.480465
0.481521
0.482578
0.483636
0.484695
0.485755
0.486815
0.487875
0.488937
0.489999
0.491062
0.492125
0.493189
0.494254
0.49532
0.496386
0.497453
0.49852
0.499589
0.500657
0.501727
0.502797
0.503868
0.50494
0.506012
0.507085
0.508158
0.509232
0.510307
0.511382
0.512458
0.513535
0.514613
0.515691
0.516769
0.517849
0.518929
0.520009
0.52109
0.522172
0.523255
0.524338
0.525421
0.526506
0.527591
0.528676
0.529763
0.53085
0.531937
0.533025
0.534114
0.535203
0.536293
0.537384
0.538475
0.539567
0.540659
0.541752
0.542845
0.54394
0.545034
0.54613
0.547226
0.548322
0.54942
0.550517
0.551616
0.552715
0.553814
0.554914
0.556015
0.557116
0.558218
0.55932
0.560423
0.561527
0.562631
0.563736
0.564841
0.565947
0.567054
0.568161
0.569268
0.570376
0.571485
0.572594
0.573704
0.574815
0.575926
0.577037
0.578149
0.579262
0.580375
0.581489
0.582603
0.583718
0.584833
0.585949
0.587065
0.588182
0.5893
0.590418
0.591537
0.592656
0.593775
0.594896
0.596016
0.597137
0.598259
0.599382
0.600504
0.601628
0.602752
0.603876
0.605001
0.606126
0.607252
0.608379
0.609506
0.610633
0.611761
0.61289
0.614019
0.615148
0.616278
0.617409
0.61854
0.619671
0.620803
0.621936
0.623069
0.624202
0.625336
0.62647
0.627605
0.628741
0.629877
0.631013
0.63215
0.633287
0.634425
0.635564
0.636702
0.637842
0.638981
0.640122
0.641262
0.642404
0.643545
0.644687
0.64583
0.646973
0.648116
0.64926
0.650405
0.65155
0.652695
0.653841
0.654987
0.656134
0.657281
0.658429
0.659577
0.660725
0.661874
0.663024
0.664173
0.665324
0.666474
0.667626
0.668777
0.669929
0.671082
0.672235
0.673388
0.674542
0.675696
0.676851
0.678006
0.679161
0.680317
0.681473
0.68263
0.683787
0.684945
0.686103
0.687261
0.68842
0.68958
0.690739
0.691899
0.69306
0.694221
0.695382
0.696544
0.697706
0.698868
0.700031
0.701195
0.702358
0.703522
0.704687
0.705852
0.707017
0.708183
0.709349
0.710516
0.711682
0.71285
0.714017
0.715185
0.716354
0.717523
0.718692
0.719861
0.721031
0.722202
0.723372
0.724543
0.725715
0.726887
0.728059
0.729231
0.730404
0.731578
0.732751
0.733925
0.7351
0.736274
0.73745
0.738625
0.739801
0.740977
0.742154
0.743331
0.744508
0.745685
0.746863
0.748042
0.74922
0.750399
0.751579
0.752758
0.753938
0.755119
0.756299
0.757481
0.758662
0.759844
0.761026
0.762208
0.763391
0.764574
0.765757
0.766941
0.768125
0.769309
0.770494
0.771679
0.772865
0.77405
0.775236
0.776423
0.777609
0.778796
0.779984
0.781171
0.782359
0.783547
0.784736
0.785925
0.787114
0.788303
0.789493
0.790683
0.791873
0.793064
0.794255
0.795446
0.796638
0.79783
0.799022
0.800215
0.801407
0.8026
0.803794
0.804987
0.806181
0.807376
0.80857
0.809765
0.81096
0.812156
0.813351
0.814547
0.815743
0.81694
0.818137
0.819334
0.820531
0.821729
0.822927
0.824125
0.825323
0.826522
0.827721
0.82892
0.83012
0.83132
0.83252
0.83372
0.834921
0.836121
0.837323
0.838524
0.839726
0.840927
0.84213
0.843332
0.844535
0.845738
0.846941
0.848144
0.849348
0.850552
0.851756
0.85296
0.854165
0.85537
0.856575
0.85778
0.858986
0.860192
0.861398
0.862604
0.863811
0.865018
0.866225
0.867432
0.86864
0.869847
0.871055
0.872264
0.873472
0.874681
0.87589
0.877099
0.878308
0.879518
0.880728
0.881938
0.883148
0.884358
0.885569
0.88678
0.887991
0.889202
0.890414
0.891626
0.892838
0.89405
0.895262
0.896475
0.897688
0.898901
0.900114
0.901327
0.902541
0.903755
0.904969
0.906183
0.907398
0.908612
0.909827
0.911042
0.912257
0.913473
0.914688
0.915904
0.91712
0.918336
0.919553
0.920769
0.921986
0.923203
0.92442
0.925637
0.926855
0.928073
0.929291
0.930509
0.931727
0.932945
0.934164
0.935383
0.936602
0.937821
0.93904
0.940259
0.941479
0.942699
0.943919
0.945139
0.946359
0.94758
0.9488
0.950021
0.951242
0.952463
0.953685
0.954906
0.956128
0.95735
0.958572
0.959794
0.961016
0.962238
0.963461
0.964684
0.965907
0.96713
0.968353
0.969576
0.9708
0.972023
0.973247
0.974471
0.975695
0.976919
0.978144
0.979368
0.980593
0.981818
0.983042
0.984268
0.985493
0.986718
0.987944
0.989169
0.990395
0.991621
0.992847
0.994073
0.995299
0.996526
0.997752
0.998979
1.00021
1.00143
1.00266
1.00389
1.00511
1.00634
1.00757
1.0088
1.01002
1.01125
1.01248
1.01371
1.01494
1.01617
1.01739
1.01862
1.01985
1.02108
1.02231
1.02354
1.02477
1.026
1.02723
1.02846
1.02968
1.03091
1.03214
1.03337
1.0346
1.03583
1.03706
1.0383
1.03953
1.04076
1.04199
1.04322
1.04445
1.04568
1.04691
1.04814
1.04937
1.0506
1.05184
1.05307
1.0543
1.05553
1.05676
1.05799
1.05923
1.06046
1.06169
1.06292
1.06415
1.06539
1.06662
1.06785
1.06908
1.07032
1.07155
1.07278
1.07401
1.07525
1.07648
1.07771
1.07895
1.08018
1.08141
1.08265
1.08388
1.08511
1.08635
1.08758
1.08881
1.09005
1.09128
1.09252
1.09375
1.09498
1.09622
1.09745
1.09869
1.09992
1.10116
1.10239
1.10362
1.10486
1.10609
1.10733
1.10856
1.1098
1.11103
1.11227
1.1135
1.11474
1.11597
1.11721
1.11844
1.11968
1.12091
1.12215
1.12338
1.12462
1.12585
1.12709
1.12833
1.12956
1.1308
1.13203
1.13327
1.1345
1.13574
1.13697
1.13821
1.13945
1.14068
1.14192
1.14315
1.14439
1.14563
1.14686
1.1481
1.14933
1.15057
1.15181
1.15304
1.15428
1.15551
1.15675
1.15799
1.15922
1.16046
1.1617
1.16293
1.16417
1.16541
1.16664
1.16788
1.16912
1.17035
1.17159
1.17282
1.17406
1.1753
1.17653
1.17777
1.17901
1.18024
1.18148
1.18272
1.18395
1.18519
1.18643
1.18766
1.1889
1.19014
1.19137
1.19261
1.19385
1.19508
1.19632
1.19756
1.19879
1.20003
1.20127
1.2025
1.20374
1.20498
1.20621
1.20745
1.20869
1.20992
1.21116
1.2124
1.21363
1.21487
1.21611
1.21734
1.21858
1.21982
1.22105
1.22229
1.22353
1.22476
1.226
1.22724
1.22847
1.22971
1.23095
1.23218
1.23342
1.23466
1.23589
1.23713
1.23837
1.2396
1.24084
1.24207
1.24331
1.24455
1.24578
1.24702
1.24826
1.24949
1.25073
1.25197
1.2532
1.25444
1.25567
1.25691
1.25815
1.25938
1.26062
1.26185
1.26309
1.26433
1.26556
1.2668
1.26803
1.26927
1.2705
1.27174
1.27298
1.27421
1.27545
1.27668
1.27792
1.27915
1.28039
1.28162
1.28286
1.28409
1.28533
1.28656
1.2878
1.28904
1.29027
1.29151
1.29274
1.29398
1.29521
1.29644
1.29768
1.29891
1.30015
1.30138
1.30262
1.30385
1.30509
1.30632
1.30756
1.30879
1.31002
1.31126
1.31249
1.31373
1.31496
1.3162
1.31743
1.31866
1.3199
1.32113
1.32236
1.3236
1.32483
1.32606
1.3273
1.32853
1.32977
1.331
1.33223
1.33346
1.3347
1.33593
1.33716
1.3384
1.33963
1.34086
1.34209
1.34333
1.34456
1.34579
1.34702
1.34826
1.34949
1.35072
1.35195
1.35319
1.35442
1.35565
1.35688
1.35811
1.35934
1.36058
1.36181
1.36304
1.36427
1.3655
1.36673
1.36796
1.3692
1.37043
1.37166
1.37289
1.37412
1.37535
1.37658
1.37781
1.37904
1.38027
1.3815
1.38273
1.38396
1.38519
1.38642
1.38765
1.38888
1.39011
1.39134
1.39257
1.3938
1.39503
1.39626
1.39749
1.39871
1.39994
1.40117
1.4024
1.40363
1.40486
1.40609
1.40731
1.40854
1.40977
1.411
1.41223
1.41345
1.41468
1.41591
1.41714
1.41836
1.41959
1.42082
1.42205
1.42327
1.4245
1.42573
1.42695
1.42818
1.42941
1.43063
1.43186
1.43308
1.43431
1.43554
1.43676
1.43799
1.43921
1.44044
1.44166
1.44289
1.44412
1.44534
1.44657
1.44779
1.44901
1.45024
1.45146
1.45269
1.45391
1.45514
1.45636
1.45758
1.45881
1.46003
1.46126
1.46248
1.4637
1.46493
1.46615
1.46737
1.46859
1.46982
1.47104
1.47226
1.47349
1.47471
1.47593
1.47715
1.47837
1.4796
1.48082
1.48204
1.48326
1.48448
1.4857
1.48692
1.48814
1.48936
1.49059
1.49181
1.49303
1.49425
1.49547
1.49669
1.49791
1.49913
1.50035
1.50157
1.50278
1.504
1.50522
1.50644
1.50766
1.50888
1.5101
1.51132
1.51253
1.51375
1.51497
1.51619
1.51741
1.51862
1.51984
1.52106
1.52228
1.52349
1.52471
1.52593
1.52714
1.52836
1.52958
1.53079
1.53201
1.53322
1.53444
1.53566
1.53687
1.53809
1.5393
1.54052
1.54173
1.54295
1.54416
1.54538
1.54659
1.5478
1.54902
1.55023
1.55145
1.55266
1.55387
1.55509
1.5563
1.55751
1.55873
1.55994
1.56115
1.56236
1.56358
1.56479
1.566
1.56721
1.56842
1.56963
1.57085
1.57206
1.57327
1.57448
1.57569
1.5769
1.57811
1.57932
1.58053
1.58174
1.58295
1.58416
1.58537
1.58658
1.58779
1.589
1.59021
1.59141
1.59262
1.59383
1.59504
1.59625
1.59745
1.59866
1.59987
1.60108
1.60228
1.60349
1.6047
1.6059
1.60711
1.60832
1.60952
1.61073
1.61194
1.61314
1.61435
1.61555
1.61676
1.61796
1.61917
1.62037
1.62158
1.62278
1.62399
1.62519
1.62639
1.6276
1.6288
1.63
1.63121
1.63241
1.63361
1.63481
1.63602
1.63722
1.63842
1.63962
1.64083
1.64203
1.64323
1.64443
1.64563
1.64683
1.64803
1.64923
1.65043
1.65163
1.65283
1.65403
1.65523
1.65643
1.65763
1.65883
1.66003
1.66123
1.66243
1.66363
1.66482
1.66602
1.66722
1.66842
1.66961
1.67081
1.67201
1.67321
1.6744
1.6756
1.6768
1.67799
1.67919
1.68038
1.68158
1.68277
1.68397
1.68516
1.68636
1.68755
1.68875
1.68994
1.69114
1.69233
1.69352
1.69472
1.69591
1.6971
1.6983
1.69949
1.70068
1.70188
1.70307
1.70426
1.70545
1.70664
1.70784
1.70903
1.71022
1.71141
1.7126
1.71379
1.71498
1.71617
1.71736
1.71855
1.71974
1.72093
1.72212
1.72331
1.7245
1.72568
1.72687
1.72806
1.72925
1.73044
1.73162
1.73281
1.734
1.73518
1.73637
1.73756
1.73874
1.73993
1.74112
1.7423
1.74349
1.74467
1.74586
1.74704
1.74823
1.74941
1.7506
1.75178
1.75297
1.75415
1.75533
1.75652
1.7577
1.75888
1.76006
1.76125
1.76243
1.76361
1.76479
1.76597
1.76716
1.76834
1.76952
1.7707
1.77188
1.77306
1.77424
1.77542
1.7766
1.77778
1.77896
1.78014
1.78132
1.7825
1.78368
1.78485
1.78603
1.78721
1.78839
1.78956
1.79074
1.79192
1.7931
1.79427
1.79545
1.79663
1.7978
1.79898
1.80015
1.80133
1.8025
1.80368
1.80485
1.80603
1.8072
1.80838
1.80955
1.81072
1.8119
1.81307
1.81424
1.81542
1.81659
1.81776
1.81893
1.8201
1.82128
1.82245
1.82362
1.82479
1.82596
1.82713
1.8283
1.82947
1.83064
1.83181
1.83298
1.83415
1.83532
1.83649
1.83766
1.83883
1.83999
1.84116
1.84233
1.8435
1.84466
1.84583
1.847
1.84816
1.84933
1.8505
1.85166
1.85283
1.85399
1.85516
1.85632
1.85749
1.85865
1.85982
1.86098
1.86215
1.86331
1.86447
1.86564
1.8668
1.86796
1.86913
1.87029
1.87145
1.87261
1.87377
1.87493
1.8761
1.87726
1.87842
1.87958
1.88074
1.8819
1.88306
1.88422
1.88538
1.88654
1.8877
1.88885
1.89001
1.89117
1.89233
1.89349
1.89464
1.8958
1.89696
1.89811
1.89927
1.90043
1.90158
1.90274
1.9039
1.90505
1.90621
1.90736
1.90852
1.90967
1.91082
1.91198
1.91313
1.91429
1.91544
1.91659
1.91774
1.9189
1.92005
1.9212
1.92235
1.92351
1.92466
1.92581
1.92696
1.92811
1.92926
1.93041
1.93156
1.93271
1.93386
1.93501
1.93616
1.93731
1.93845
1.9396
1.94075
1.9419
1.94305
1.94419
1.94534
1.94649
1.94763
1.94878
1.94993
1.95107
1.95222
1.95336
1.95451
1.95565
1.9568
1.95794
1.95909
1.96023
1.96137
1.96252
1.96366
1.9648
1.96595
1.96709
1.96823
1.96937
1.97052
1.97166
1.9728
1.97394
1.97508
1.97622
1.97736
1.9785
1.97964
1.98078
1.98192
1.98306
1.9842
1.98534
1.98647
1.98761
1.98875
1.98989
1.99102
1.99216
1.9933
1.99444
1.99557
1.99671
1.99784
1.99898
2.00011
2.00125
2.00238
2.00352
2.00465
2.00579
2.00692
2.00805
2.00919
2.01032
2.01145
2.01259
2.01372
2.01485
2.01598
2.01711
2.01825
2.01938
2.02051
2.02164
2.02277
2.0239
2.02503
2.02616
2.02729
2.02842
2.02954
2.03067
2.0318
2.03293
2.03406
2.03519
2.03631
2.03744
2.03857
2.03969
2.04082
2.04194
2.04307
2.0442
2.04532
2.04645
2.04757
2.0487
2.04982
2.05094
2.05207
2.05319
2.05431
2.05544
2.05656
2.05768
2.0588
2.05993
2.06105
2.06217
2.06329
2.06441
2.06553
2.06665
2.06777
2.06889
2.07001
2.07113
2.07225
2.07337
2.07449
2.07561
2.07672
2.07784
2.07896
2.08008
2.08119
2.08231
2.08343
2.08454
2.08566
2.08677
2.08789
2.089
2.09012
2.09123
2.09235
2.09346
2.09458
2.09569
2.0968
2.09792
2.09903
2.10014
2.10125
2.10237
2.10348
2.10459
2.1057
2.10681
2.10792
2.10903
2.11014
2.11125
2.11236
2.11347
2.11458
2.11569
2.1168
2.11791
2.11901
2.12012
2.12123
2.12234
2.12344
2.12455
2.12566
2.12676
2.12787
2.12898
2.13008
2.13119
2.13229
2.1334
2.1345
2.1356
2.13671
2.13781
2.13891
2.14002
2.14112
2.14222
2.14333
2.14443
2.14553
2.14663
2.14773
2.14883
2.14993
2.15103
2.15213
2.15323
2.15433
2.15543
2.15653
2.15763
2.15873
2.15983
2.16092
2.16202
2.16312
2.16422
2.16531
2.16641
2.16751
2.1686
2.1697
2.17079
2.17189
2.17298
2.17408
2.17517
2.17627
2.17736
2.17846
2.17955
2.18064
2.18173
2.18283
2.18392
2.18501
2.1861
2.18719
2.18829
2.18938
2.19047
2.19156
2.19265
2.19374
2.19483
2.19592
2.19701
2.19809
2.19918
2.20027
2.20136
2.20245
2.20353
2.20462
2.20571
2.20679
2.20788
2.20897
2.21005
2.21114
2.21222
2.21331
2.21439
2.21548
2.21656
2.21764
2.21873
2.21981
2.22089
2.22198
2.22306
2.22414
2.22522
2.22631
2.22739
2.22847
2.22955
2.23063
2.23171
2.23279
2.23387
2.23495
2.23603
2.23711
2.23819
2.23926
2.24034
2.24142
2.2425
2.24357
2.24465
2.24573
2.2468
2.24788
2.24896
2.25003
2.25111
2.25218
2.25326
2.25433
2.25541
2.25648
2.25755
2.25863
2.2597
2.26077
2.26185
2.26292
2.26399
2.26506
2.26613
2.2672
2.26827
2.26935
2.27042
2.27149
2.27256
2.27362
2.27469
2.27576
2.27683
2.2779
2.27897
2.28004
2.2811
2.28217
2.28324
2.2843
2.28537
2.28644
2.2875
2.28857
2.28963
2.2907
2.29176
2.29283
2.29389
2.29496
2.29602
2.29708
2.29815
2.29921
2.30027
2.30133
2.3024
2.30346
2.30452
2.30558
2.30664
2.3077
2.30876
2.30982
2.31088
2.31194
2.313
2.31406
2.31512
2.31617
2.31723
2.31829
2.31935
2.3204
2.32146
2.32252
2.32357
2.32463
2.32569
2.32674
2.3278
2.32885
2.32991
2.33096
2.33202
2.33307
2.33412
2.33518
2.33623
2.33728
2.33833
2.33939
2.34044
2.34149
2.34254
2.34359
2.34464
2.34569
2.34674
2.34779
2.34884
2.34989
2.35094
2.35199
2.35304
2.35409
2.35513
2.35618
2.35723
2.35827
2.35932
2.36037
2.36141
2.36246
2.36351
2.36455
2.3656
2.36664
2.36768
2.36873
2.36977
2.37082
2.37186
2.3729
2.37395
2.37499
2.37603
2.37707
2.37811
2.37915
2.3802
2.38124
2.38228
2.38332
2.38436
2.3854
2.38644
2.38747
2.38851
2.38955
2.39059
2.39163
2.39267
2.3937
2.39474
2.39578
2.39681
2.39785
2.39889
2.39992
2.40096
2.40199
2.40303
2.40406
2.40509
2.40613
2.40716
2.4082
2.40923
2.41026
2.41129
2.41233
2.41336
2.41439
2.41542
2.41645
2.41748
2.41851
2.41954
2.42057
2.4216
2.42263
2.42366
2.42469
2.42572
2.42675
2.42777
2.4288
2.42983
2.43086
2.43188
2.43291
2.43394
2.43496
2.43599
2.43701
2.43804
2.43906
2.44009
2.44111
2.44213
2.44316
2.44418
2.4452
2.44623
2.44725
2.44827
2.44929
2.45031
2.45134
2.45236
2.45338
2.4544
2.45542
2.45644
2.45746
2.45848
2.4595
2.46051
2.46153
2.46255
2.46357
2.46459
2.4656
2.46662
2.46764
2.46865
2.46967
2.47069
2.4717
2.47272
2.47373
2.47475
2.47576
2.47677
2.47779
2.4788
2.47981
2.48083
2.48184
2.48285
2.48386
2.48488
2.48589
2.4869
2.48791
2.48892
2.48993
2.49094
2.49195
2.49296
2.49397
2.49498
2.49599
2.49699
2.498
2.49901
2.50002
2.50103
2.50203
2.50304
2.50404
2.50505
2.50606
2.50706
2.50807
2.50907
2.51008
2.51108
2.51208
2.51309
2.51409
2.51509
2.5161
2.5171
2.5181
2.5191
2.52011
2.52111
2.52211
2.52311
2.52411
2.52511
2.52611
2.52711
2.52811
2.52911
2.53011
2.5311
2.5321
2.5331
2.5341
2.5351
2.53609
2.53709
2.53809
2.53908
2.54008
2.54107
2.54207
2.54306
2.54406
2.54505
2.54605
2.54704
2.54803
2.54903
2.55002
2.55101
2.55201
2.553
2.55399
2.55498
2.55597
2.55696
2.55795
2.55894
2.55993
2.56092
2.56191
2.5629
2.56389
2.56488
2.56587
2.56686
2.56784
2.56883
2.56982
2.5708
2.57179
2.57278
2.57376
2.57475
2.57573
2.57672
2.5777
2.57869
2.57967
2.58066
2.58164
2.58262
2.58361
2.58459
2.58557
2.58656
2.58754
2.58852
2.5895
2.59048
2.59146
2.59244
2.59342
2.5944
2.59538
2.59636
2.59734
2.59832
2.5993
2.60028
2.60125
2.60223
2.60321
2.60418
2.60516
2.60614
2.60711
2.60809
2.60907
2.61004
2.61102
2.61199
2.61296
2.61394
2.61491
2.61589
2.61686
2.61783
2.6188
2.61978
2.62075
2.62172
2.62269
2.62366
2.62463
2.6256
2.62657
2.62754
2.62851
2.62948
2.63045
2.63142
2.63239
2.63336
2.63433
2.63529
2.63626
2.63723
2.6382
2.63916
2.64013
2.64109
2.64206
2.64303
2.64399
2.64495
2.64592
2.64688
2.64785
2.64881
2.64977
2.65074
2.6517
2.65266
2.65362
2.65459
2.65555
2.65651
2.65747
2.65843
2.65939
2.66035
2.66131
2.66227
2.66323
2.66419
2.66515
2.66611
2.66706
2.66802
2.66898
2.66994
2.67089
2.67185
2.67281
2.67376
2.67472
2.67567
2.67663
2.67758
2.67854
2.67949
2.68045
2.6814
2.68235
2.68331
2.68426
2.68521
2.68616
2.68712
2.68807
2.68902
2.68997
2.69092
2.69187
2.69282
2.69377
2.69472
2.69567
2.69662
2.69757
2.69852
2.69946
2.70041
2.70136
2.70231
2.70325
2.7042
2.70515
2.70609
2.70704
2.70799
2.70893
2.70988
2.71082
2.71176
2.71271
2.71365
2.7146
2.71554
2.71648
2.71742
2.71837
2.71931
2.72025
2.72119
2.72213
2.72307
2.72402
2.72496
2.7259
2.72684
2.72777
2.72871
2.72965
2.73059
2.73153
2.73247
2.73341
2.73434
2.73528
2.73622
2.73715
2.73809
2.73903
2.73996
2.7409
2.74183
2.74277
2.7437
2.74464
2.74557
2.7465
2.74744
2.74837
2.7493
2.75023
2.75117
2.7521
2.75303
2.75396
2.75489
2.75582
2.75675
2.75768
2.75861
2.75954
2.76047
2.7614
2.76233
2.76326
2.76419
2.76511
2.76604
2.76697
2.7679
2.76882
2.76975
2.77068
2.7716
2.77253
2.77345
2.77438
2.7753
2.77623
2.77715
2.77807
2.779
2.77992
2.78084
2.78177
2.78269
2.78361
2.78453
2.78545
2.78638
2.7873
2.78822
2.78914
2.79006
2.79098
2.7919
2.79282
2.79373
2.79465
2.79557
2.79649
2.79741
2.79832
2.79924
2.80016
2.80108
2.80199
2.80291
2.80382
2.80474
2.80565
2.80657
2.80748
2.8084
2.80931
2.81022
2.81114
2.81205
2.81296
2.81388
2.81479
2.8157
2.81661
2.81752
2.81843
2.81935
2.82026
2.82117
2.82208
2.82299
2.8239
2.8248
2.82571
2.82662
2.82753
2.82844
2.82935
2.83025
2.83116
2.83207
2.83297
2.83388
2.83478
2.83569
2.8366
2.8375
2.83841
2.83931
2.84021
2.84112
2.84202
2.84292
2.84383
2.84473
2.84563
2.84653
2.84744
2.84834
2.84924
2.85014
2.85104
2.85194
2.85284
2.85374
2.85464
2.85554
2.85644
2.85734
2.85824
2.85913
2.86003
2.86093
2.86183
2.86272
2.86362
2.86452
2.86541
2.86631
2.8672
2.8681
2.86899
2.86989
2.87078
2.87168
2.87257
2.87347
2.87436
2.87525
2.87614
2.87704
2.87793
2.87882
2.87971
2.8806
2.88149
2.88238
2.88327
2.88416
2.88505
2.88594
2.88683
2.88772
2.88861
2.8895
2.89039
2.89127
2.89216
2.89305
2.89394
2.89482
2.89571
2.8966
2.89748
2.89837
2.89925
2.90014
2.90102
2.90191
2.90279
2.90367
2.90456
2.90544
2.90632
2.90721
2.90809
2.90897
2.90985
2.91073
2.91161
2.9125
2.91338
2.91426
2.91514
2.91602
2.9169
2.91778
2.91865
2.91953
2.92041
2.92129
2.92217
2.92304
2.92392
2.9248
2.92567
2.92655
2.92743
2.9283
2.92918
2.93005
2.93093
2.9318
2.93268
2.93355
2.93443
2.9353
2.93617
2.93705
2.93792
2.93879
2.93966
2.94053
2.94141
2.94228
2.94315
2.94402
2.94489
2.94576
2.94663
2.9475
2.94837
2.94924
2.9501
2.95097
2.95184
2.95271
2.95358
2.95444
2.95531
2.95618
2.95704
2.95791
2.95878
2.95964
2.96051
2.96137
2.96224
2.9631
2.96396
2.96483
2.96569
2.96656
2.96742
2.96828
2.96914
2.97001
2.97087
2.97173
2.97259
2.97345
2.97431
2.97517
2.97603
2.97689
2.97775
2.97861
2.97947
2.98033
2.98119
2.98205
2.9829
2.98376
2.98462
2.98548
2.98633
2.98719
2.98804
2.9889
2.98976
2.99061
2.99147
2.99232
2.99318
2.99403
2.99488
2.99574
2.99659
2.99744
2.9983
2.99915
3
3.00085
3.00171
3.00256
3.00341
3.00426
3.00511
3.00596
3.00681
3.00766
3.00851
3.00936
3.01021
3.01106
3.0119
3.01275
3.0136
3.01445
3.01529
3.01614
3.01699
3.01783
3.01868
3.01953
3.02037
3.02122
3.02206
3.02291
3.02375
3.02459
3.02544
3.02628
3.02712
3.02797
3.02881
3.02965
3.03049
3.03134
3.03218
3.03302
3.03386
3.0347
3.03554
3.03638
3.03722
3.03806
3.0389
3.03974
3.04058
3.04142
3.04225
3.04309
3.04393
3.04477
3.0456
3.04644
3.04728
3.04811
3.04895
3.04979
3.05062
3.05146
3.05229
3.05313
3.05396
3.05479
3.05563
3.05646
3.05729
3.05813
3.05896
3.05979
3.06062
3.06146
3.06229
3.06312
3.06395
3.06478
3.06561
3.06644
3.06727
3.0681
3.06893
3.06976
3.07059
3.07142
3.07224
3.07307
3.0739
3.07473
3.07555
3.07638
3.07721
3.07803
3.07886
3.07968
3.08051
3.08134
3.08216
3.08298
3.08381
3.08463
3.08546
3.08628
3.0871
3.08793
3.08875
3.08957
3.09039
3.09121
3.09204
3.09286
3.09368
3.0945
3.09532
3.09614
3.09696
3.09778
3.0986
3.09942
3.10024
3.10105
3.10187
3.10269
3.10351
3.10433
3.10514
3.10596
3.10678
3.10759
3.10841
3.10922
3.11004
3.11085
3.11167
3.11248
3.1133
3.11411
3.11493
3.11574
3.11655
3.11737
3.11818
3.11899
3.1198
3.12061
3.12143
3.12224
3.12305
3.12386
3.12467
3.12548
3.12629
3.1271
3.12791
3.12872
3.12953
3.13033
3.13114
3.13195
3.13276
3.13357
3.13437
3.13518
3.13599
3.13679
3.1376
3.13841
3.13921
3.14002
3.14082
3.14163
3.14243
3.14323
3.14404
3.14484
3.14564
3.14645
3.14725
3.14805
3.14886
3.14966
3.15046
3.15126
3.15206
3.15286
3.15366
3.15446
3.15526
3.15606
3.15686
3.15766
3.15846
3.15926
3.16006
3.16086
3.16165
3.16245
3.16325
3.16405
3.16484
3.16564
3.16644
3.16723
3.16803
3.16882
3.16962
3.17041
3.17121
3.172
3.1728
3.17359
3.17438
3.17518
3.17597
3.17676
3.17755
3.17835
3.17914
3.17993
3.18072
3.18151
3.1823
3.18309
3.18388
3.18467
3.18546
3.18625
3.18704
3.18783
3.18862
3.18941
3.1902
3.19098
3.19177
3.19256
3.19335
3.19413
3.19492
3.1957
3.19649
3.19728
3.19806
3.19885
3.19963
3.20042
3.2012
3.20198
3.20277
3.20355
3.20434
3.20512
3.2059
3.20668
3.20747
3.20825
3.20903
3.20981
3.21059
3.21137
3.21215
3.21293
3.21371
3.21449
3.21527
3.21605
3.21683
3.21761
3.21839
3.21917
3.21994
3.22072
3.2215
3.22227
3.22305
3.22383
3.2246
3.22538
3.22616
3.22693
3.22771
3.22848
3.22926
3.23003
3.2308
3.23158
3.23235
3.23313
3.2339
3.23467
3.23544
3.23622
3.23699
3.23776
3.23853
3.2393
3.24007
3.24084
3.24161
3.24238
3.24315
3.24392
3.24469
3.24546
3.24623
3.247
3.24777
3.24853
3.2493
3.25007
3.25084
3.2516
3.25237
3.25314
3.2539
3.25467
3.25543
3.2562
3.25696
3.25773
3.25849
3.25926
3.26002
3.26079
3.26155
3.26231
3.26308
3.26384
3.2646
3.26536
3.26612
3.26689
3.26765
3.26841
3.26917
3.26993
3.27069
3.27145
3.27221
3.27297
3.27373
3.27449
3.27525
3.276
3.27676
3.27752
3.27828
3.27903
3.27979
3.28055
3.2813
3.28206
3.28282
3.28357
3.28433
3.28508
3.28584
3.28659
3.28735
3.2881
3.28886
3.28961
3.29036
3.29112
3.29187
3.29262
3.29337
3.29413
3.29488
3.29563
3.29638
3.29713
3.29788
3.29863
3.29938
3.30013
3.30088
3.30163
3.30238
3.30313
3.30388
3.30463
3.30538
3.30612
3.30687
3.30762
3.30837
3.30911
3.30986
3.3106
3.31135
3.3121
3.31284
3.31359
3.31433
3.31508
3.31582
3.31657
3.31731
3.31805
3.3188
3.31954
3.32028
3.32103
3.32177
3.32251
3.32325
3.32399
3.32473
3.32548
3.32622
3.32696
3.3277
3.32844
3.32918
3.32992
3.33066
3.33139
3.33213
3.33287
3.33361
3.33435
3.33509
3.33582
3.33656
3.3373
3.33803
3.33877
3.33951
3.34024
3.34098
3.34171
3.34245
3.34318
3.34392
3.34465
3.34539
3.34612
3.34685
3.34759
3.34832
3.34905
3.34979
3.35052
3.35125
3.35198
3.35271
3.35344
3.35417
3.35491
3.35564
3.35637
3.3571
3.35783
3.35856
3.35928
3.36001
3.36074
3.36147
3.3622
3.36293
3.36365
3.36438
3.36511
3.36584
3.36656
3.36729
3.36801
3.36874
3.36947
3.37019
3.37092
3.37164
3.37237
3.37309
3.37381
3.37454
3.37526
3.37598
3.37671
3.37743
3.37815
3.37887
3.3796
3.38032
3.38104
3.38176
3.38248
3.3832
3.38392
3.38464
3.38536
3.38608
3.3868
3.38752
3.38824
3.38896
3.38968
3.3904
3.39111
3.39183
3.39255
3.39327
3.39398
3.3947
3.39542
3.39613
3.39685
3.39756
3.39828
3.39899
3.39971
3.40042
3.40114
3.40185
3.40257
3.40328
3.40399
3.4047
3.40542
3.40613
3.40684
3.40755
3.40827
3.40898
3.40969
3.4104
3.41111
3.41182
3.41253
3.41324
3.41395
3.41466
3.41537
3.41608
3.41679
3.4175
3.4182
3.41891
3.41962
3.42033
3.42104
3.42174
3.42245
3.42316
3.42386
3.42457
3.42527
3.42598
3.42668
3.42739
3.42809
3.4288
3.4295
3.43021
3.43091
3.43161
3.43232
3.43302
3.43372
3.43443
3.43513
3.43583
3.43653
3.43723
3.43793
3.43863
3.43934
3.44004
3.44074
3.44144
3.44214
3.44284
3.44353
3.44423
3.44493
3.44563
3.44633
3.44703
3.44772
3.44842
3.44912
3.44982
3.45051
3.45121
3.45191
3.4526
3.4533
3.45399
3.45469
3.45538
3.45608
3.45677
3.45747
3.45816
3.45885
3.45955
3.46024
3.46093
3.46163
3.46232
3.46301
3.4637
3.46439
3.46509
3.46578
3.46647
3.46716
3.46785
3.46854
3.46923
3.46992
3.47061
3.4713
3.47199
3.47268
3.47336
3.47405
3.47474
3.47543
3.47612
3.4768
3.47749
3.47818
3.47886
3.47955
3.48024
3.48092
3.48161
3.48229
3.48298
3.48366
3.48435
3.48503
3.48572
3.4864
3.48708
3.48777
3.48845
3.48913
3.48981
3.4905
3.49118
3.49186
3.49254
3.49322
3.49391
3.49459
3.49527
3.49595
3.49663
3.49731
3.49799
3.49867
3.49935
3.50002
3.5007
3.50138
3.50206
3.50274
3.50342
3.50409
3.50477
3.50545
3.50612
3.5068
3.50748
3.50815
3.50883
3.5095
3.51018
3.51085
3.51153
3.5122
3.51288
3.51355
3.51423
3.5149
3.51557
3.51625
3.51692
3.51759
3.51826
3.51894
3.51961
3.52028
3.52095
3.52162
3.52229
3.52296
3.52363
3.5243
3.52497
3.52564
3.52631
3.52698
3.52765
3.52832
3.52899
3.52966
3.53032
3.53099
3.53166
3.53233
3.53299
3.53366
3.53433
3.53499
3.53566
3.53632
3.53699
3.53766
3.53832
3.53899
3.53965
3.54031
3.54098
3.54164
3.54231
3.54297
3.54363
3.5443
3.54496
3.54562
3.54628
3.54694
3.54761
3.54827
3.54893
3.54959
3.55025
3.55091
3.55157
3.55223
3.55289
3.55355
3.55421
3.55487
3.55553
3.55619
3.55685
3.5575
3.55816
3.55882
3.55948
3.56013
3.56079
3.56145
3.5621
3.56276
3.56342
3.56407
3.56473
3.56538
3.56604
3.56669
3.56735
3.568
3.56865
3.56931
3.56996
3.57062
3.57127
3.57192
3.57257
3.57323
3.57388
3.57453
3.57518
3.57583
3.57648
3.57714
3.57779
3.57844
3.57909
3.57974
3.58039
3.58104
3.58169
3.58234
3.58298
3.58363
3.58428
3.58493
3.58558
3.58622
3.58687
3.58752
3.58817
3.58881
3.58946
3.59011
3.59075
3.5914
3.59204
3.59269
3.59333
3.59398
3.59462
3.59527
3.59591
3.59656
3.5972
3.59784
3.59849
3.59913
3.59977
3.60041
3.60106
3.6017
3.60234
3.60298
3.60362
3.60426
3.6049
3.60555
3.60619
3.60683
3.60747
3.60811
3.60874
3.60938
3.61002
3.61066
3.6113
3.61194
3.61258
3.61321
3.61385
3.61449
3.61513
3.61576
3.6164
3.61704
3.61767
3.61831
3.61894
3.61958
3.62021
3.62085
3.62148
3.62212
3.62275
3.62339
3.62402
3.62466
3.62529
3.62592
3.62655
3.62719
3.62782
3.62845
3.62908
3.62972
3.63035
3.63098
3.63161
3.63224
3.63287
3.6335
3.63413
3.63476
3.63539
3.63602
3.63665
3.63728
3.63791
3.63854
3.63916
3.63979
3.64042
3.64105
3.64168
3.6423
3.64293
3.64356
3.64418
3.64481
3.64543
3.64606
3.64669
3.64731
3.64794
3.64856
3.64919
3.64981
3.65043
3.65106
3.65168
3.65231
3.65293
3.65355
3.65417
3.6548
3.65542
3.65604
3.65666
3.65729
3.65791
3.65853
3.65915
3.65977
3.66039
3.66101
3.66163
3.66225
3.66287
3.66349
3.66411
3.66473
3.66535
3.66596
3.66658
3.6672
3.66782
3.66844
3.66905
3.66967
3.67029
3.6709
3.67152
3.67214
3.67275
3.67337
3.67398
3.6746
3.67521
3.67583
3.67644
3.67706
3.67767
3.67829
3.6789
3.67951
3.68013
3.68074
3.68135
3.68196
3.68258
3.68319
3.6838
3.68441
3.68502
3.68563
3.68625
3.68686
3.68747
3.68808
3.68869
3.6893
3.68991
3.69052
3.69113
3.69173
3.69234
3.69295
3.69356
3.69417
3.69478
3.69538
3.69599
3.6966
3.6972
3.69781
3.69842
3.69902
3.69963
3.70024
3.70084
3.70145
3.70205
3.70266
3.70326
3.70387
3.70447
3.70507
3.70568
3.70628
3.70689
3.70749
3.70809
3.70869
3.7093
3.7099
3.7105
3.7111
3.7117
3.71231
3.71291
3.71351
3.71411
3.71471
3.71531
3.71591
3.71651
3.71711
3.71771
3.71831
3.71891
3.7195
3.7201
3.7207
3.7213
3.7219
3.72249
3.72309
3.72369
3.72429
3.72488
3.72548
3.72608
3.72667
3.72727
3.72786
3.72846
3.72905
3.72965
3.73024
3.73084
3.73143
3.73203
3.73262
3.73321
3.73381
3.7344
3.73499
3.73558
3.73618
3.73677
3.73736
3.73795
3.73855
3.73914
3.73973
3.74032
3.74091
3.7415
3.74209
3.74268
3.74327
3.74386
3.74445
3.74504
3.74563
3.74622
3.7468
3.74739
3.74798
3.74857
3.74916
3.74974
3.75033
3.75092
3.75151
3.75209
3.75268
3.75326
3.75385
3.75444
3.75502
3.75561
3.75619
3.75678
3.75736
3.75795
3.75853
3.75911
3.7597
3.76028
3.76086
3.76145
3.76203
3.76261
3.7632
3.76378
3.76436
3.76494
3.76552
3.76611
3.76669
3.76727
3.76785
3.76843
3.76901
3.76959
3.77017
3.77075
3.77133
3.77191
3.77249
3.77306
3.77364
3.77422
3.7748
3.77538
3.77596
3.77653
3.77711
3.77769
3.77826
3.77884
3.77942
3.77999
3.78057
3.78115
3.78172
3.7823
3.78287
3.78345
3.78402
3.7846
3.78517
3.78574
3.78632
3.78689
3.78746
3.78804
3.78861
3.78918
3.78976
3.79033
3.7909
3.79147
3.79204
3.79262
3.79319
3.79376
3.79433
3.7949
3.79547
3.79604
3.79661
3.79718
3.79775
3.79832
3.79889
3.79946
3.80003
3.80059
3.80116
3.80173
3.8023
3.80287
3.80343
3.804
3.80457
3.80513
3.8057
3.80627
3.80683
3.8074
3.80797
3.80853
3.8091
3.80966
3.81023
3.81079
3.81136
3.81192
3.81248
3.81305
3.81361
3.81417
3.81474
3.8153
3.81586
3.81643
3.81699
3.81755
3.81811
3.81867
3.81924
3.8198
3.82036
3.82092
3.82148
3.82204
3.8226
3.82316
3.82372
3.82428
3.82484
3.8254
3.82596
3.82652
3.82708
3.82763
3.82819
3.82875
3.82931
3.82987
3.83042
3.83098
3.83154
3.83209
3.83265
3.83321
3.83376
3.83432
3.83487
3.83543
3.83599
3.83654
3.8371
3.83765
3.8382
3.83876
3.83931
3.83987
3.84042
3.84097
3.84153
3.84208
3.84263
3.84318
3.84374
3.84429
3.84484
3.84539
3.84594
3.8465
3.84705
3.8476
3.84815
3.8487
3.84925
3.8498
3.85035
3.8509
3.85145
3.852
3.85255
3.8531
3.85364
3.85419
3.85474
3.85529
3.85584
3.85638
3.85693
3.85748
3.85803
3.85857
3.85912
3.85967
3.86021
3.86076
3.8613
3.86185
3.86239
3.86294
3.86348
3.86403
3.86457
3.86512
3.86566
3.86621
3.86675
3.86729
3.86784
3.86838
3.86892
3.86947
3.87001
3.87055
3.87109
3.87163
3.87218
3.87272
3.87326
3.8738
3.87434
3.87488
3.87542
3.87596
3.8765
3.87704
3.87758
3.87812
3.87866
3.8792
3.87974
3.88028
3.88082
3.88135
3.88189
3.88243
3.88297
3.8835
3.88404
3.88458
3.88512
3.88565
3.88619
3.88672
3.88726
3.8878
3.88833
3.88887
3.8894
3.88994
3.89047
3.89101
3.89154
3.89208
3.89261
3.89314
3.89368
3.89421
3.89474
3.89528
3.89581
3.89634
3.89687
3.89741
3.89794
3.89847
3.899
3.89953
3.90006
3.9006
3.90113
3.90166
3.90219
3.90272
3.90325
3.90378
3.90431
3.90484
3.90536
3.90589
3.90642
3.90695
3.90748
3.90801
3.90854
3.90906
3.90959
3.91012
3.91065
3.91117
3.9117
3.91223
3.91275
3.91328
3.9138
3.91433
3.91486
3.91538
3.91591
3.91643
3.91696
3.91748
3.91801
3.91853
3.91905
3.91958
3.9201
3.92062
3.92115
3.92167
3.92219
3.92272
3.92324
3.92376
3.92428
3.9248
3.92533
3.92585
3.92637
3.92689
3.92741
3.92793
3.92845
3.92897
3.92949
3.93001
3.93053
3.93105
3.93157
3.93209
3.93261
3.93313
3.93365
3.93416
3.93468
3.9352
3.93572
3.93623
3.93675
3.93727
3.93779
3.9383
3.93882
3.93934
3.93985
3.94037
3.94088
3.9414
3.94191
3.94243
3.94294
3.94346
3.94397
3.94449
3.945
3.94552
3.94603
3.94654
3.94706
3.94757
3.94808
3.9486
3.94911
3.94962
3.95013
3.95065
3.95116
3.95167
3.95218
3.95269
3.9532
3.95371
3.95422
3.95474
3.95525
3.95576
3.95627
3.95678
3.95728
3.95779
3.9583
3.95881
3.95932
3.95983
3.96034
3.96085
3.96135
3.96186
3.96237
3.96288
3.96338
3.96389
3.9644
3.9649
3.96541
3.96592
3.96642
3.96693
3.96743
3.96794
3.96845
3.96895
3.96946
3.96996
3.97046
3.97097
3.97147
3.97198
3.97248
3.97298
3.97349
3.97399
3.97449
3.975
3.9755
3.976
3.9765
3.97701
3.97751
3.97801
3.97851
3.97901
3.97951
3.98001
3.98052
3.98102
3.98152
3.98202
3.98252
3.98302
3.98352
3.98401
3.98451
3.98501
3.98551
3.98601
3.98651
3.98701
3.98751
3.988
3.9885
3.989
3.9895
3.98999
3.99049
3.99099
3.99148
3.99198
3.99248
3.99297
3.99347
3.99396
3.99446
3.99495
3.99545
3.99594
3.99644
3.99693
3.99743
3.99792
3.99841
3.99891
3.9994
3.9999
4.00039
4.00088
4.00137
4.00187
4.00236
4.00285
4.00334
4.00384
4.00433
4.00482
4.00531
4.0058
4.00629
4.00678
4.00727
4.00776
4.00825
4.00874
4.00923
4.00972
4.01021
4.0107
4.01119
4.01168
4.01217
4.01266
4.01314
4.01363
4.01412
4.01461
4.0151
4.01558
4.01607
4.01656
4.01704
4.01753
4.01802
4.0185
4.01899
4.01948
4.01996
4.02045
4.02093
4.02142
4.0219
4.02239
4.02287
4.02336
4.02384
4.02432
4.02481
4.02529
4.02578
4.02626
4.02674
4.02722
4.02771
4.02819
4.02867
4.02915
4.02964
4.03012
4.0306
4.03108
4.03156
4.03204
4.03252
4.03301
4.03349
4.03397
4.03445
4.03493
4.03541
4.03589
4.03637
4.03684
4.03732
4.0378
4.03828
4.03876
4.03924
4.03972
4.04019
4.04067
4.04115
4.04163
4.0421
4.04258
4.04306
4.04354
4.04401
4.04449
4.04496
4.04544
4.04592
4.04639
4.04687
4.04734
4.04782
4.04829
4.04877
4.04924
4.04972
4.05019
4.05066
4.05114
4.05161
4.05208
4.05256
4.05303
4.0535
4.05398
4.05445
4.05492
4.05539
4.05587
4.05634
4.05681
4.05728
4.05775
4.05822
4.05869
4.05916
4.05964
4.06011
4.06058
4.06105
4.06152
4.06199
4.06245
4.06292
4.06339
4.06386
4.06433
4.0648
4.06527
4.06574
4.0662
4.06667
4.06714
4.06761
4.06807
4.06854
4.06901
4.06948
4.06994
4.07041
4.07087
4.07134
4.07181
4.07227
4.07274
4.0732
4.07367
4.07413
4.0746
4.07506
4.07553
4.07599
4.07646
4.07692
4.07738
4.07785
4.07831
4.07877
4.07924
4.0797
4.08016
4.08062
4.08109
4.08155
4.08201
4.08247
4.08293
4.0834
4.08386
4.08432
4.08478
4.08524
4.0857
4.08616
4.08662
4.08708
4.08754
4.088
4.08846
4.08892
4.08938
4.08984
4.0903
4.09076
4.09121
4.09167
4.09213
4.09259
4.09305
4.0935
4.09396
4.09442
4.09488
4.09533
4.09579
4.09625
4.0967
4.09716
4.09761
4.09807
4.09853
4.09898
4.09944
4.09989
4.10035
4.1008
4.10126
4.10171
4.10216
4.10262
4.10307
4.10353
4.10398
4.10443
4.10489
4.10534
4.10579
4.10624
4.1067
4.10715
4.1076
4.10805
4.10851
4.10896
4.10941
4.10986
4.11031
4.11076
4.11121
4.11166
4.11211
4.11256
4.11301
4.11346
4.11391
4.11436
4.11481
4.11526
4.11571
4.11616
4.11661
4.11706
4.11751
4.11795
4.1184
4.11885
4.1193
4.11974
4.12019
4.12064
4.12109
4.12153
4.12198
4.12243
4.12287
4.12332
4.12376
4.12421
4.12466
4.1251
4.12555
4.12599
4.12644
4.12688
4.12733
4.12777
4.12822
4.12866
4.1291
4.12955
4.12999
4.13043
4.13088
4.13132
4.13176
4.13221
4.13265
4.13309
4.13353
4.13397
4.13442
4.13486
4.1353
4.13574
4.13618
4.13662
4.13706
4.13751
4.13795
4.13839
4.13883
4.13927
4.13971
4.14015
4.14059
4.14102
4.14146
4.1419
4.14234
4.14278
4.14322
4.14366
4.14409
4.14453
4.14497
4.14541
4.14585
4.14628
4.14672
4.14716
4.14759
4.14803
4.14847
4.1489
4.14934
4.14978
4.15021
4.15065
4.15108
4.15152
4.15195
4.15239
4.15282
4.15326
4.15369
4.15413
4.15456
4.15499
4.15543
4.15586
4.15629
4.15673
4.15716
4.15759
4.15803
4.15846
4.15889
4.15932
4.15976
4.16019
4.16062
4.16105
4.16148
4.16191
4.16235
4.16278
4.16321
4.16364
4.16407
4.1645
4.16493
4.16536
4.16579
4.16622
4.16665
4.16708
4.16751
4.16794
4.16836
4.16879
4.16922
4.16965
4.17008
4.17051
4.17093
4.17136
4.17179
4.17222
4.17264
4.17307
4.1735
4.17392
4.17435
4.17478
4.1752
4.17563
4.17605
4.17648
4.17691
4.17733
4.17776
4.17818
4.17861
4.17903
4.17945
4.17988
4.1803
4.18073
4.18115
4.18157
4.182
4.18242
4.18284
4.18327
4.18369
4.18411
4.18454
4.18496
4.18538
4.1858
4.18622
4.18665
4.18707
4.18749
4.18791
4.18833
4.18875
4.18917
4.18959
4.19001
4.19043
4.19086
4.19128
4.19169
4.19211
4.19253
4.19295
4.19337
4.19379
4.19421
4.19463
4.19505
4.19547
4.19588
4.1963
4.19672
4.19714
4.19755
4.19797
4.19839
4.19881
4.19922
4.19964
4.20006
4.20047
4.20089
4.20131
4.20172
4.20214
4.20255
4.20297
4.20338
4.2038
4.20421
4.20463
4.20504
4.20546
4.20587
4.20629
4.2067
4.20711
4.20753
4.20794
4.20835
4.20877
4.20918
4.20959
4.21001
4.21042
4.21083
4.21124
4.21166
4.21207
4.21248
4.21289
4.2133
4.21371
4.21412
4.21454
4.21495
4.21536
4.21577
4.21618
4.21659
4.217
4.21741
4.21782
4.21823
4.21864
4.21905
4.21945
4.21986
4.22027
4.22068
4.22109
4.2215
4.22191
4.22231
4.22272
4.22313
4.22354
4.22394
4.22435
4.22476
4.22517
4.22557
4.22598
4.22638
4.22679
4.2272
4.2276
4.22801
4.22841
4.22882
4.22923
4.22963
4.23004
4.23044
4.23084
4.23125
4.23165
4.23206
4.23246
4.23287
4.23327
4.23367
4.23408
4.23448
4.23488
4.23529
4.23569
4.23609
4.23649
4.2369
4.2373
4.2377
4.2381
4.2385
4.23891
4.23931
4.23971
4.24011
4.24051
4.24091
4.24131
4.24171
4.24211
4.24251
4.24291
4.24331
4.24371
4.24411
4.24451
4.24491
4.24531
4.24571
4.24611
4.2465
4.2469
4.2473
4.2477
4.2481
4.2485
4.24889
4.24929
4.24969
4.25009
4.25048
4.25088
4.25128
4.25167
4.25207
4.25247
4.25286
4.25326
4.25365
4.25405
4.25444
4.25484
4.25524
4.25563
4.25603
4.25642
4.25681
4.25721
4.2576
4.258
4.25839
4.25879
4.25918
4.25957
4.25997
4.26036
4.26075
4.26114
4.26154
4.26193
4.26232
4.26272
4.26311
4.2635
4.26389
4.26428
4.26467
4.26507
4.26546
4.26585
4.26624
4.26663
4.26702
4.26741
4.2678
4.26819
4.26858
4.26897
4.26936
4.26975
4.27014
4.27053
4.27092
4.27131
4.2717
4.27209
4.27247
4.27286
4.27325
4.27364
4.27403
4.27441
4.2748
4.27519
4.27558
4.27596
4.27635
4.27674
4.27712
4.27751
4.2779
4.27828
4.27867
4.27906
4.27944
4.27983
4.28021
4.2806
4.28098
4.28137
4.28175
4.28214
4.28252
4.28291
4.28329
4.28368
4.28406
4.28444
4.28483
4.28521
4.28559
4.28598
4.28636
4.28674
4.28713
4.28751
4.28789
4.28827
4.28866
4.28904
4.28942
4.2898
4.29018
4.29057
4.29095
4.29133
4.29171
4.29209
4.29247
4.29285
4.29323
4.29361
4.29399
4.29437
4.29475
4.29513
4.29551
4.29589
4.29627
4.29665
4.29703
4.29741
4.29779
4.29816
4.29854
4.29892
4.2993
4.29968
4.30005
4.30043
4.30081
4.30119
4.30156
4.30194
4.30232
4.3027
4.30307
4.30345
4.30382
4.3042
4.30458
4.30495
4.30533
4.3057
4.30608
4.30645
4.30683
4.30721
4.30758
4.30795
4.30833
4.3087
4.30908
4.30945
4.30983
4.3102
4.31057
4.31095
4.31132
4.31169
4.31207
4.31244
4.31281
4.31319
4.31356
4.31393
4.3143
4.31468
4.31505
4.31542
4.31579
4.31616
4.31653
4.3169
4.31728
4.31765
4.31802
4.31839
4.31876
4.31913
4.3195
4.31987
4.32024
4.32061
4.32098
4.32135
4.32172
4.32209
4.32246
4.32283
4.32319
4.32356
4.32393
4.3243
4.32467
4.32504
4.3254
4.32577
4.32614
4.32651
4.32687
4.32724
4.32761
4.32798
4.32834
4.32871
4.32908
4.32944
4.32981
4.33017
4.33054
4.33091
4.33127
4.33164
4.332
4.33237
4.33273
4.3331
4.33346
4.33383
4.33419
4.33456
4.33492
4.33528
4.33565
4.33601
4.33638
4.33674
4.3371
4.33747
4.33783
4.33819
4.33856
4.33892
4.33928
4.33964
4.34001
4.34037
4.34073
4.34109
4.34145
4.34181
4.34218
4.34254
4.3429
4.34326
4.34362
4.34398
4.34434
4.3447
4.34506
4.34542
4.34578
4.34614
4.3465
4.34686
4.34722
4.34758
4.34794
4.3483
4.34866
4.34902
4.34937
4.34973
4.35009
4.35045
4.35081
4.35117
4.35152
4.35188
4.35224
4.3526
4.35295
4.35331
4.35367
4.35402
4.35438
4.35474
4.35509
4.35545
4.35581
4.35616
4.35652
4.35687
4.35723
4.35758
4.35794
4.35829
4.35865
4.359
4.35936
4.35971
4.36007
4.36042
4.36078
4.36113
4.36148
4.36184
4.36219
4.36255
4.3629
4.36325
4.36361
4.36396
4.36431
4.36466
4.36502
4.36537
4.36572
4.36607
4.36642
4.36678
4.36713
4.36748
4.36783
4.36818
4.36853
4.36888
4.36924
4.36959
4.36994
4.37029
4.37064
4.37099
4.37134
4.37169
4.37204
4.37239
4.37274
4.37309
4.37344
4.37378
4.37413
4.37448
4.37483
4.37518
4.37553
4.37588
4.37622
4.37657
4.37692
4.37727
4.37762
4.37796
4.37831
4.37866
4.379
4.37935
4.3797
4.38004
4.38039
4.38074
4.38108
4.38143
4.38178
4.38212
4.38247
4.38281
4.38316
4.3835
4.38385
4.38419
4.38454
4.38488
4.38523
4.38557
4.38592
4.38626
4.38661
4.38695
4.38729
4.38764
4.38798
4.38832
4.38867
4.38901
4.38935
4.3897
4.39004
4.39038
4.39072
4.39107
4.39141
4.39175
4.39209
4.39243
4.39278
4.39312
4.39346
4.3938
4.39414
4.39448
4.39482
4.39516
4.3955
4.39585
4.39619
4.39653
4.39687
4.39721
4.39755
4.39789
4.39822
4.39856
4.3989
4.39924
4.39958
4.39992
4.40026
4.4006
4.40094
4.40127
4.40161
4.40195
4.40229
4.40263
4.40296
4.4033
4.40364
4.40398
4.40431
4.40465
4.40499
4.40532
4.40566
4.406
4.40633
4.40667
4.40701
4.40734
4.40768
4.40801
4.40835
4.40869
4.40902
4.40936
4.40969
4.41003
4.41036
4.4107
4.41103
4.41136
4.4117
4.41203
4.41237
4.4127
4.41303
4.41337
4.4137
4.41403
4.41437
4.4147
4.41503
4.41537
4.4157
4.41603
4.41636
4.4167
4.41703
4.41736
4.41769
4.41802
4.41836
4.41869
4.41902
4.41935
4.41968
4.42001
4.42034
4.42067
4.42101
4.42134
4.42167
4.422
4.42233
4.42266
4.42299
4.42332
4.42365
4.42398
4.4243
4.42463
4.42496
4.42529
4.42562
4.42595
4.42628
4.42661
4.42693
4.42726
4.42759
4.42792
4.42825
4.42857
4.4289
4.42923
4.42956
4.42988
4.43021
4.43054
4.43086
4.43119
4.43152
4.43184
4.43217
4.4325
4.43282
4.43315
4.43347
4.4338
4.43413
4.43445
4.43478
4.4351
4.43543
4.43575
4.43608
4.4364
4.43672
4.43705
4.43737
4.4377
4.43802
4.43835
4.43867
4.43899
4.43932
4.43964
4.43996
4.44029
4.44061
4.44093
4.44125
4.44158
4.4419
4.44222
4.44254
4.44287
4.44319
4.44351
4.44383
4.44415
4.44447
4.4448
4.44512
4.44544
4.44576
4.44608
4.4464
4.44672
4.44704
4.44736
4.44768
4.448
4.44832
4.44864
4.44896
4.44928
4.4496
4.44992
4.45024
4.45056
4.45088
4.4512
4.45152
4.45183
4.45215
4.45247
4.45279
4.45311
4.45342
4.45374
4.45406
4.45438
4.4547
4.45501
4.45533
4.45565
4.45596
4.45628
4.4566
4.45691
4.45723
4.45755
4.45786
4.45818
4.45849
4.45881
4.45913
4.45944
4.45976
4.46007
4.46039
4.4607
4.46102
4.46133
4.46165
4.46196
4.46228
4.46259
4.46291
4.46322
4.46353
4.46385
4.46416
4.46447
4.46479
4.4651
4.46541
4.46573
4.46604
4.46635
4.46667
4.46698
4.46729
4.4676
4.46792
4.46823
4.46854
4.46885
4.46916
4.46948
4.46979
4.4701
4.47041
4.47072
4.47103
4.47134
4.47165
4.47196
4.47228
4.47259
4.4729
4.47321
4.47352
4.47383
4.47414
4.47445
4.47476
4.47506
4.47537
4.47568
4.47599
4.4763
4.47661
4.47692
4.47723
4.47754
4.47784
4.47815
4.47846
4.47877
4.47908
4.47938
4.47969
4.48
4.48031
4.48061
4.48092
4.48123
4.48154
4.48184
4.48215
4.48246
4.48276
4.48307
4.48337
4.48368
4.48399
4.48429
4.4846
4.4849
4.48521
4.48551
4.48582
4.48613
4.48643
4.48674
4.48704
4.48734
4.48765
4.48795
4.48826
4.48856
4.48887
4.48917
4.48947
4.48978
4.49008
4.49038
4.49069
4.49099
4.49129
4.4916
4.4919
4.4922
4.49251
4.49281
4.49311
4.49341
4.49371
4.49402
4.49432
4.49462
4.49492
4.49522
4.49553
4.49583
4.49613
4.49643
4.49673
4.49703
4.49733
4.49763
4.49793
4.49823
4.49853
4.49883
4.49913
4.49943
4.49973
4.50003
4.50033
4.50063
4.50093
4.50123
4.50153
4.50183
4.50213
4.50243
4.50272
4.50302
4.50332
4.50362
4.50392
4.50422
4.50451
4.50481
4.50511
4.50541
4.5057
4.506
4.5063
4.5066
4.50689
4.50719
4.50749
4.50778
4.50778
