0
4.49191e-06
1.79353e-05
4.02821e-05
7.1484e-05
0.000111493
0.000160262
0.000217744
0.000283891
0.000358656
0.000441992
0.000533854
0.000634194
0.000742967
0.000860127
0.000985628
0.00111942
0.00126147
0.00141172
0.00157014
0.00173666
0.00191126
0.00209389
0.0022845
0.00248305
0.0026895
0.0029038
0.0031259
0.00335578
0.00359337
0.00383865
0.00409157
0.00435208
0.00462014
0.00489572
0.00517877
0.00546925
0.00576712
0.00607233
0.00638485
0.00670463
0.00703164
0.00736583
0.00770717
0.00805561
0.00841112
0.00877365
0.00914317
0.00951964
0.00990301
0.0102933
0.0106903
0.0110942
0.0115048
0.0119221
0.0123461
0.0127768
0.013214
0.0136579
0.0141082
0.014565
0.0150283
0.015498
0.0159741
0.0164565
0.0169452
0.0174402
0.0179415
0.0184489
0.0189625
0.0194823
0.0200081
0.02054
0.0210779
0.0216218
0.0221716
0.0227274
0.0232891
0.0238566
0.0244299
0.025009
0.0255939
0.0261844
0.0267807
0.0273826
0.0279901
0.0286032
0.0292219
0.0298461
0.0304758
0.0311109
0.0317514
0.0323974
0.0330487
0.0337053
0.0343672
0.0350344
0.0357068
0.0363845
0.0370673
0.0377552
0.0384482
0.0391464
0.0398495
0.0405577
0.0412709
0.0419891
0.0427122
0.0434401
0.044173
0.0449107
0.0456532
0.0464004
0.0471525
0.0479092
0.0486707
0.0494368
0.0502076
0.050983
0.0517629
0.0525475
0.0533365
0.0541301
0.0549281
0.0557305
0.0565374
0.0573487
0.0581643
0.0589843
0.0598086
0.0606372
0.06147
0.0623071
0.0631483
0.0639937
0.0648433
0.0656971
0.0665549
0.0674168
0.0682827
0.0691527
0.0700266
0.0709046
0.0717864
0.0726722
0.0735619
0.0744555
0.0753529
0.0762542
0.0771592
0.0780681
0.0789806
0.0798969
0.080817
0.0817406
0.082668
0.083599
0.0845336
0.0854717
0.0864135
0.0873587
0.0883075
0.0892598
0.0902156
0.0911748
0.0921374
0.0931034
0.0940728
0.0950456
0.0960217
0.0970012
0.0979839
0.0989699
0.0999591
0.100952
0.101947
0.102946
0.103948
0.104953
0.105962
0.106973
0.107987
0.109005
0.110025
0.111049
0.112076
0.113105
0.114138
0.115173
0.116211
0.117253
0.118297
0.119344
0.120394
0.121446
0.122502
0.12356
0.124621
0.125685
0.126751
0.12782
0.128892
0.129966
0.131044
0.132123
0.133206
0.134291
0.135378
0.136468
0.137561
0.138656
0.139753
0.140854
0.141956
0.143061
0.144168
0.145278
0.146391
0.147505
0.148622
0.149741
0.150863
0.151987
0.153113
0.154242
0.155372
0.156505
0.15764
0.158778
0.159917
0.161059
0.162203
0.163349
0.164497
0.165647
0.1668
0.167954
0.169111
0.170269
0.17143
0.172592
0.173757
0.174923
0.176092
0.177262
0.178435
0.179609
0.180785
0.181963
0.183143
0.184325
0.185509
0.186694
0.187882
0.189071
0.190262
0.191454
0.192649
0.193845
0.195043
0.196243
0.197444
0.198647
0.199851
0.201058
0.202266
0.203475
0.204687
0.205899
0.207114
0.20833
0.209547
0.210766
0.211987
0.213209
0.214433
0.215658
0.216885
0.218113
0.219342
0.220573
0.221806
0.22304
0.224275
0.225512
0.22675
0.227989
0.22923
0.230472
0.231715
0.23296
0.234206
0.235454
0.236702
0.237952
0.239203
0.240456
0.241709
0.242964
0.24422
0.245478
0.246736
0.247996
0.249257
0.250519
0.251782
0.253046
0.254311
0.255578
0.256846
0.258114
0.259384
0.260655
0.261927
0.2632
0.264474
0.265749
0.267025
0.268302
0.26958
0.270859
0.272139
0.27342
0.274701
0.275984
0.277268
0.278553
0.279838
0.281125
0.282412
0.2837
0.284989
0.286279
0.28757
0.288862
0.290154
0.291448
0.292742
0.294037
0.295332
0.296629
0.297926
0.299224
0.300523
0.301823
0.303123
0.304424
0.305726
0.307028
0.308331
0.309635
0.31094
0.312245
0.313551
0.314857
0.316164
0.317472
0.318781
0.32009
0.321399
0.32271
0.32402
0.325332
0.326644
0.327957
0.32927
0.330583
0.331898
0.333213
0.334528
0.335844
0.33716
0.338477
0.339794
0.341112
0.342431
0.34375
0.345069
0.346389
0.347709
0.34903
0.350351
0.351672
0.352994
0.354316
0.355639
0.356962
0.358286
0.35961
0.360934
0.362259
0.363584
0.364909
0.366235
0.367561
0.368888
0.370215
0.371542
0.372869
0.374197
0.375525
0.376853
0.378182
0.379511
0.38084
0.382169
0.383499
0.384829
0.386159
0.387489
0.38882
0.390151
0.391482
0.392813
0.394145
0.395477
0.396809
0.398141
0.399473
0.400805
0.402138
0.403471
0.404804
0.406137
0.40747
0.408804
0.410137
0.411471
0.412805
0.414139
0.415473
0.416807
0.418141
0.419475
0.42081
0.422144
0.423479
0.424814
0.426148
0.427483
0.428818
0.430153
0.431488
0.432823
0.434158
0.435493
0.436828
0.438163
0.439498
0.440833
0.442168
0.443503
0.444838
0.446173
0.447508
0.448843
0.450178
0.451513
0.452848
0.454183
0.455518
0.456853
0.458188
0.459522
0.460857
0.462191
0.463526
0.46486
0.466195
0.467529
0.468863
0.470197
0.471531
0.472865
0.474198
0.475532
0.476865
0.478199
0.479532
0.480865
0.482198
0.48353
0.484863
0.486195
0.487528
0.48886
0.490192
0.491524
0.492855
0.494187
0.495518
0.496849
0.49818
0.499511
0.500841
0.502172
0.503502
0.504832
0.506161
0.507491
0.50882
0.510149
0.511478
0.512806
0.514134
0.515463
0.51679
0.518118
0.519445
0.520772
0.522099
0.523426
0.524752
0.526078
0.527404
0.528729
0.530054
0.531379
0.532704
0.534028
0.535352
0.536676
0.537999
0.539322
0.540645
0.541968
0.54329
0.544612
0.545933
0.547254
0.548575
0.549896
0.551216
0.552536
0.553856
0.555175
0.556494
0.557812
0.55913
0.560448
0.561765
0.563083
0.564399
0.565716
0.567032
0.568347
0.569662
0.570977
0.572292
0.573606
0.57492
0.576233
0.577546
0.578858
0.58017
0.581482
0.582793
0.584104
0.585415
0.586725
0.588035
0.589344
0.590653
0.591961
0.593269
0.594577
0.595884
0.59719
0.598497
0.599802
0.601108
0.602413
0.603717
0.605021
0.606325
0.607628
0.608931
0.610233
0.611535
0.612836
0.614137
0.615437
0.616737
0.618037
0.619335
0.620634
0.621932
0.623229
0.624527
0.625823
0.627119
0.628415
0.62971
0.631004
0.632299
0.633592
0.634885
0.636178
0.63747
0.638762
0.640053
0.641343
0.642633
0.643923
0.645212
0.6465
0.647788
0.649076
0.650363
0.651649
0.652935
0.654221
0.655505
0.65679
0.658073
0.659357
0.660639
0.661922
0.663203
0.664484
0.665765
0.667045
0.668324
0.669603
0.670881
0.672159
0.673436
0.674713
0.675989
0.677265
0.67854
0.679814
0.681088
0.682361
0.683634
0.684906
0.686178
0.687449
0.688719
0.689989
0.691258
0.692527
0.693795
0.695063
0.69633
0.697596
0.698862
0.700127
0.701392
0.702656
0.703919
0.705182
0.706444
0.707706
0.708967
0.710227
0.711487
0.712747
0.714005
0.715263
0.716521
0.717778
0.719034
0.720289
0.721544
0.722799
0.724053
0.725306
0.726558
0.72781
0.729062
0.730312
0.731562
0.732812
0.734061
0.735309
0.736557
0.737804
0.73905
0.740296
0.741541
0.742785
0.744029
0.745272
0.746515
0.747757
0.748998
0.750239
0.751479
0.752718
0.753957
0.755195
0.756433
0.757669
0.758906
0.760141
0.761376
0.76261
0.763844
0.765077
0.766309
0.767541
0.768772
0.770002
0.771232
0.772461
0.77369
0.774917
0.776144
0.777371
0.778597
0.779822
0.781046
0.78227
0.783493
0.784716
0.785938
0.787159
0.788379
0.789599
0.790818
0.792037
0.793255
0.794472
0.795689
0.796904
0.79812
0.799334
0.800548
0.801761
0.802974
0.804186
0.805397
0.806607
0.807817
0.809026
0.810235
0.811443
0.81265
0.813856
0.815062
0.816267
0.817471
0.818675
0.819878
0.821081
0.822282
0.823483
0.824684
0.825883
0.827082
0.828281
0.829478
0.830675
0.831871
0.833067
0.834262
0.835456
0.83665
0.837842
0.839035
0.840226
0.841417
0.842607
0.843796
0.844985
0.846173
0.84736
0.848547
0.849733
0.850918
0.852103
0.853287
0.85447
0.855652
0.856834
0.858015
0.859195
0.860375
0.861554
0.862732
0.86391
0.865087
0.866263
0.867439
0.868614
0.869788
0.870961
0.872134
0.873306
0.874477
0.875648
0.876818
0.877987
0.879156
0.880324
0.881491
0.882657
0.883823
0.884988
0.886152
0.887316
0.888479
0.889641
0.890803
0.891964
0.893124
0.894283
0.895442
0.8966
0.897757
0.898914
0.90007
0.901225
0.90238
0.903534
0.904687
0.905839
0.906991
0.908142
0.909292
0.910442
0.911591
0.912739
0.913887
0.915033
0.916179
0.917325
0.91847
0.919614
0.920757
0.921899
0.923041
0.924182
0.925323
0.926463
0.927602
0.92874
0.929878
0.931015
0.932151
0.933286
0.934421
0.935555
0.936689
0.937821
0.938953
0.940085
0.941215
0.942345
0.943474
0.944603
0.945731
0.946858
0.947984
0.94911
0.950235
0.951359
0.952482
0.953605
0.954727
0.955849
0.95697
0.95809
0.959209
0.960328
0.961445
0.962563
0.963679
0.964795
0.96591
0.967024
0.968138
0.969251
0.970363
0.971475
0.972586
0.973696
0.974805
0.975914
0.977022
0.978129
0.979236
0.980342
0.981447
0.982552
0.983655
0.984759
0.985861
0.986963
0.988064
0.989164
0.990264
0.991362
0.992461
0.993558
0.994655
0.995751
0.996846
0.997941
0.999035
1.00013
1.00122
1.00231
1.0034
1.00449
1.00558
1.00667
1.00776
1.00885
1.00994
1.01102
1.01211
1.01319
1.01428
1.01536
1.01644
1.01753
1.01861
1.01969
1.02077
1.02185
1.02293
1.024
1.02508
1.02616
1.02723
1.02831
1.02938
1.03046
1.03153
1.0326
1.03367
1.03474
1.03581
1.03688
1.03795
1.03902
1.04009
1.04116
1.04222
1.04329
1.04435
1.04542
1.04648
1.04754
1.0486
1.04966
1.05073
1.05179
1.05284
1.0539
1.05496
1.05602
1.05707
1.05813
1.05919
1.06024
1.06129
1.06235
1.0634
1.06445
1.0655
1.06655
1.0676
1.06865
1.0697
1.07075
1.07179
1.07284
1.07388
1.07493
1.07597
1.07702
1.07806
1.0791
1.08014
1.08118
1.08222
1.08326
1.0843
1.08534
1.08638
1.08741
1.08845
1.08948
1.09052
1.09155
1.09259
1.09362
1.09465
1.09568
1.09671
1.09774
1.09877
1.0998
1.10083
1.10185
1.10288
1.10391
1.10493
1.10595
1.10698
1.108
1.10902
1.11005
1.11107
1.11209
1.11311
1.11413
1.11514
1.11616
1.11718
1.1182
1.11921
1.12023
1.12124
1.12225
1.12327
1.12428
1.12529
1.1263
1.12731
1.12832
1.12933
1.13034
1.13135
1.13235
1.13336
1.13437
1.13537
1.13638
1.13738
1.13838
1.13938
1.14039
1.14139
1.14239
1.14339
1.14439
1.14538
1.14638
1.14738
1.14838
1.14937
1.15037
1.15136
1.15235
1.15335
1.15434
1.15533
1.15632
1.15731
1.1583
1.15929
1.16028
1.16127
1.16226
1.16324
1.16423
1.16522
1.1662
1.16718
1.16817
1.16915
1.17013
1.17111
1.17209
1.17307
1.17405
1.17503
1.17601
1.17699
1.17797
1.17894
1.17992
1.18089
1.18187
1.18284
1.18381
1.18479
1.18576
1.18673
1.1877
1.18867
1.18964
1.19061
1.19157
1.19254
1.19351
1.19447
1.19544
1.1964
1.19737
1.19833
1.19929
1.20026
1.20122
1.20218
1.20314
1.2041
1.20506
1.20602
1.20697
1.20793
1.20889
1.20984
1.2108
1.21175
1.21271
1.21366
1.21461
1.21557
1.21652
1.21747
1.21842
1.21937
1.22032
1.22127
1.22221
1.22316
1.22411
1.22505
1.226
1.22694
1.22789
1.22883
1.22977
1.23071
1.23166
1.2326
1.23354
1.23448
1.23542
1.23635
1.23729
1.23823
1.23917
1.2401
1.24104
1.24197
1.24291
1.24384
1.24477
1.24571
1.24664
1.24757
1.2485
1.24943
1.25036
1.25129
1.25221
1.25314
1.25407
1.25499
1.25592
1.25684
1.25777
1.25869
1.25962
1.26054
1.26146
1.26238
1.2633
1.26422
1.26514
1.26606
1.26698
1.2679
1.26881
1.26973
1.27065
1.27156
1.27248
1.27339
1.2743
1.27522
1.27613
1.27704
1.27795
1.27886
1.27977
1.28068
1.28159
1.2825
1.28341
1.28431
1.28522
1.28613
1.28703
1.28794
1.28884
1.28974
1.29065
1.29155
1.29245
1.29335
1.29425
1.29515
1.29605
1.29695
1.29785
1.29874
1.29964
1.30054
1.30143
1.30233
1.30322
1.30412
1.30501
1.3059
1.3068
1.30769
1.30858
1.30947
1.31036
1.31125
1.31214
1.31303
1.31391
1.3148
1.31569
1.31657
1.31746
1.31834
1.31923
1.32011
1.321
1.32188
1.32276
1.32364
1.32452
1.3254
1.32628
1.32716
1.32804
1.32892
1.32979
1.33067
1.33155
1.33242
1.3333
1.33417
1.33505
1.33592
1.33679
1.33767
1.33854
1.33941
1.34028
1.34115
1.34202
1.34289
1.34376
1.34462
1.34549
1.34636
1.34722
1.34809
1.34895
1.34982
1.35068
1.35155
1.35241
1.35327
1.35413
1.35499
1.35585
1.35671
1.35757
1.35843
1.35929
1.36015
1.36101
1.36186
1.36272
1.36357
1.36443
1.36528
1.36614
1.36699
1.36784
1.3687
1.36955
1.3704
1.37125
1.3721
1.37295
1.3738
1.37465
1.3755
1.37634
1.37719
1.37804
1.37888
1.37973
1.38057
1.38142
1.38226
1.3831
1.38395
1.38479
1.38563
1.38647
1.38731
1.38815
1.38899
1.38983
1.39067
1.3915
1.39234
1.39318
1.39401
1.39485
1.39569
1.39652
1.39735
1.39819
1.39902
1.39985
1.40068
1.40152
1.40235
1.40318
1.40401
1.40484
1.40566
1.40649
1.40732
1.40815
1.40897
1.4098
1.41063
1.41145
1.41228
1.4131
1.41392
1.41475
1.41557
1.41639
1.41721
1.41803
1.41885
1.41967
1.42049
1.42131
1.42213
1.42295
1.42376
1.42458
1.4254
1.42621
1.42703
1.42784
1.42866
1.42947
1.43028
1.4311
1.43191
1.43272
1.43353
1.43434
1.43515
1.43596
1.43677
1.43758
1.43839
1.4392
1.44
1.44081
1.44162
1.44242
1.44323
1.44403
1.44483
1.44564
1.44644
1.44724
1.44805
1.44885
1.44965
1.45045
1.45125
1.45205
1.45285
1.45365
1.45444
1.45524
1.45604
1.45684
1.45763
1.45843
1.45922
1.46002
1.46081
1.4616
1.4624
1.46319
1.46398
1.46477
1.46556
1.46635
1.46715
1.46793
1.46872
1.46951
1.4703
1.47109
1.47188
1.47266
1.47345
1.47423
1.47502
1.4758
1.47659
1.47737
1.47816
1.47894
1.47972
1.4805
1.48128
1.48206
1.48284
1.48362
1.4844
1.48518
1.48596
1.48674
1.48752
1.48829
1.48907
1.48985
1.49062
1.4914
1.49217
1.49295
1.49372
1.49449
1.49527
1.49604
1.49681
1.49758
1.49835
1.49912
1.49989
1.50066
1.50143
1.5022
1.50297
1.50373
1.5045
1.50527
1.50603
1.5068
1.50756
1.50833
1.50909
1.50986
1.51062
1.51138
1.51215
1.51291
1.51367
1.51443
1.51519
1.51595
1.51671
1.51747
1.51823
1.51899
1.51974
1.5205
1.52126
1.52201
1.52277
1.52353
1.52428
1.52503
1.52579
1.52654
1.5273
1.52805
1.5288
1.52955
1.5303
1.53105
1.5318
1.53255
1.5333
1.53405
1.5348
1.53555
1.5363
1.53704
1.53779
1.53854
1.53928
1.54003
1.54077
1.54152
1.54226
1.54301
1.54375
1.54449
1.54523
1.54598
1.54672
1.54746
1.5482
1.54894
1.54968
1.55042
1.55116
1.55189
1.55263
1.55337
1.55411
1.55484
1.55558
1.55631
1.55705
1.55778
1.55852
1.55925
1.55999
1.56072
1.56145
1.56218
1.56291
1.56365
1.56438
1.56511
1.56584
1.56657
1.56729
1.56802
1.56875
1.56948
1.57021
1.57093
1.57166
1.57239
1.57311
1.57384
1.57456
1.57528
1.57601
1.57673
1.57745
1.57818
1.5789
1.57962
1.58034
1.58106
1.58178
1.5825
1.58322
1.58394
1.58466
1.58538
1.5861
1.58681
1.58753
1.58825
1.58896
1.58968
1.59039
1.59111
1.59182
1.59254
1.59325
1.59396
1.59468
1.59539
1.5961
1.59681
1.59752
1.59823
1.59894
1.59965
1.60036
1.60107
1.60178
1.60249
1.6032
1.6039
1.60461
1.60532
1.60602
1.60673
1.60743
1.60814
1.60884
1.60955
1.61025
1.61095
1.61166
1.61236
1.61306
1.61376
1.61446
1.61516
1.61586
1.61656
1.61726
1.61796
1.61866
1.61936
1.62006
1.62075
1.62145
1.62215
1.62284
1.62354
1.62423
1.62493
1.62562
1.62632
1.62701
1.62771
1.6284
1.62909
1.62978
1.63047
1.63117
1.63186
1.63255
1.63324
1.63393
1.63462
1.63531
1.63599
1.63668
1.63737
1.63806
1.63874
1.63943
1.64012
1.6408
1.64149
1.64217
1.64286
1.64354
1.64422
1.64491
1.64559
1.64627
1.64696
1.64764
1.64832
1.649
1.64968
1.65036
1.65104
1.65172
1.6524
1.65308
1.65375
1.65443
1.65511
1.65579
1.65646
1.65714
1.65782
1.65849
1.65917
1.65984
1.66052
1.66119
1.66186
1.66254
1.66321
1.66388
1.66455
1.66522
1.6659
1.66657
1.66724
1.66791
1.66858
1.66925
1.66992
1.67058
1.67125
1.67192
1.67259
1.67325
1.67392
1.67459
1.67525
1.67592
1.67658
1.67725
1.67791
1.67858
1.67924
1.6799
1.68057
1.68123
1.68189
1.68255
1.68321
1.68387
1.68454
1.6852
1.68586
1.68652
1.68717
1.68783
1.68849
1.68915
1.68981
1.69046
1.69112
1.69178
1.69243
1.69309
1.69374
1.6944
1.69505
1.69571
1.69636
1.69702
1.69767
1.69832
1.69897
1.69963
1.70028
1.70093
1.70158
1.70223
1.70288
1.70353
1.70418
1.70483
1.70548
1.70613
1.70677
1.70742
1.70807
1.70872
1.70936
1.71001
1.71065
1.7113
1.71195
1.71259
1.71323
1.71388
1.71452
1.71517
1.71581
1.71645
1.71709
1.71774
1.71838
1.71902
1.71966
1.7203
1.72094
1.72158
1.72222
1.72286
1.7235
1.72413
1.72477
1.72541
1.72605
1.72668
1.72732
1.72796
1.72859
1.72923
1.72986
1.7305
1.73113
1.73177
1.7324
1.73303
1.73367
1.7343
1.73493
1.73556
1.73619
1.73683
1.73746
1.73809
1.73872
1.73935
1.73998
1.74061
1.74123
1.74186
1.74249
1.74312
1.74375
1.74437
1.745
1.74563
1.74625
1.74688
1.7475
1.74813
1.74875
1.74938
1.75
1.75062
1.75125
1.75187
1.75249
1.75312
1.75374
1.75436
1.75498
1.7556
1.75622
1.75684
1.75746
1.75808
1.7587
1.75932
1.75994
1.76056
1.76117
1.76179
1.76241
1.76302
1.76364
1.76426
1.76487
1.76549
1.7661
1.76672
1.76733
1.76795
1.76856
1.76917
1.76979
1.7704
1.77101
1.77162
1.77224
1.77285
1.77346
1.77407
1.77468
1.77529
1.7759
1.77651
1.77712
1.77773
1.77833
1.77894
1.77955
1.78016
1.78076
1.78137
1.78198
1.78258
1.78319
1.7838
1.7844
1.785
1.78561
1.78621
1.78682
1.78742
1.78802
1.78863
1.78923
1.78983
1.79043
1.79103
1.79164
1.79224
1.79284
1.79344
1.79404
1.79464
1.79524
1.79584
1.79643
1.79703
1.79763
1.79823
1.79882
1.79942
1.80002
1.80061
1.80121
1.80181
1.8024
1.803
1.80359
1.80419
1.80478
1.80537
1.80597
1.80656
1.80715
1.80775
1.80834
1.80893
1.80952
1.81011
1.8107
1.81129
1.81188
1.81247
1.81306
1.81365
1.81424
1.81483
1.81542
1.81601
1.8166
1.81718
1.81777
1.81836
1.81894
1.81953
1.82012
1.8207
1.82129
1.82187
1.82246
1.82304
1.82362
1.82421
1.82479
1.82537
1.82596
1.82654
1.82712
1.8277
1.82829
1.82887
1.82945
1.83003
1.83061
1.83119
1.83177
1.83235
1.83293
1.8335
1.83408
1.83466
1.83524
1.83582
1.83639
1.83697
1.83755
1.83812
1.8387
1.83928
1.83985
1.84043
1.841
1.84158
1.84215
1.84272
1.8433
1.84387
1.84444
1.84502
1.84559
1.84616
1.84673
1.8473
1.84787
1.84845
1.84902
1.84959
1.85016
1.85073
1.8513
1.85186
1.85243
1.853
1.85357
1.85414
1.8547
1.85527
1.85584
1.85641
1.85697
1.85754
1.8581
1.85867
1.85923
1.8598
1.86036
1.86093
1.86149
1.86206
1.86262
1.86318
1.86375
1.86431
1.86487
1.86543
1.86599
1.86655
1.86712
1.86768
1.86824
1.8688
1.86936
1.86992
1.87048
1.87104
1.87159
1.87215
1.87271
1.87327
1.87383
1.87438
1.87494
1.8755
1.87605
1.87661
1.87716
1.87772
1.87828
1.87883
1.87939
1.87994
1.88049
1.88105
1.8816
1.88215
1.88271
1.88326
1.88381
1.88436
1.88492
1.88547
1.88602
1.88657
1.88712
1.88767
1.88822
1.88877
1.88932
1.88987
1.89042
1.89097
1.89152
1.89206
1.89261
1.89316
1.89371
1.89425
1.8948
1.89535
1.89589
1.89644
1.89698
1.89753
1.89807
1.89862
1.89916
1.89971
1.90025
1.90079
1.90134
1.90188
1.90242
1.90297
1.90351
1.90405
1.90459
1.90513
1.90567
1.90621
1.90676
1.9073
1.90784
1.90838
1.90891
1.90945
1.90999
1.91053
1.91107
1.91161
1.91215
1.91268
1.91322
1.91376
1.91429
1.91483
1.91537
1.9159
1.91644
1.91697
1.91751
1.91804
1.91858
1.91911
1.91964
1.92018
1.92071
1.92124
1.92178
1.92231
1.92284
1.92337
1.92391
1.92444
1.92497
1.9255
1.92603
1.92656
1.92709
1.92762
1.92815
1.92868
1.92921
1.92974
1.93027
1.93079
1.93132
1.93185
1.93238
1.9329
1.93343
1.93396
1.93448
1.93501
1.93554
1.93606
1.93659
1.93711
1.93764
1.93816
1.93869
1.93921
1.93973
1.94026
1.94078
1.9413
1.94183
1.94235
1.94287
1.94339
1.94391
1.94444
1.94496
1.94548
1.946
1.94652
1.94704
1.94756
1.94808
1.9486
1.94912
1.94963
1.95015
1.95067
1.95119
1.95171
1.95222
1.95274
1.95326
1.95377
1.95429
1.95481
1.95532
1.95584
1.95635
1.95687
1.95738
1.9579
1.95841
1.95893
1.95944
1.95995
1.96047
1.96098
1.96149
1.962
1.96252
1.96303
1.96354
1.96405
1.96456
1.96507
1.96559
1.9661
1.96661
1.96712
1.96763
1.96813
1.96864
1.96915
1.96966
1.97017
1.97068
1.97119
1.97169
1.9722
1.97271
1.97321
1.97372
1.97423
1.97473
1.97524
1.97575
1.97625
1.97676
1.97726
1.97777
1.97827
1.97877
1.97928
1.97978
1.98028
1.98079
1.98129
1.98179
1.9823
1.9828
1.9833
1.9838
1.9843
1.9848
1.9853
1.98581
1.98631
1.98681
1.98731
1.98781
1.9883
1.9888
1.9893
1.9898
1.9903
1.9908
1.9913
1.99179
1.99229
1.99279
1.99328
1.99378
1.99428
1.99477
1.99527
1.99577
1.99626
1.99676
1.99725
1.99775
1.99824
1.99873
1.99923
1.99972
2.00022
2.00071
2.0012
2.00169
2.00219
2.00268
2.00317
2.00366
2.00416
2.00465
2.00514
2.00563
2.00612
2.00661
2.0071
2.00759
2.00808
2.00857
2.00906
2.00955
2.01003
2.01052
2.01101
2.0115
2.01199
2.01247
2.01296
2.01345
2.01394
2.01442
2.01491
2.01539
2.01588
2.01637
2.01685
2.01734
2.01782
2.01831
2.01879
2.01927
2.01976
2.02024
2.02072
2.02121
2.02169
2.02217
2.02266
2.02314
2.02362
2.0241
2.02458
2.02506
2.02555
2.02603
2.02651
2.02699
2.02747
2.02795
2.02843
2.02891
2.02939
2.02986
2.03034
2.03082
2.0313
2.03178
2.03226
2.03273
2.03321
2.03369
2.03417
2.03464
2.03512
2.03559
2.03607
2.03655
2.03702
2.0375
2.03797
2.03845
2.03892
2.0394
2.03987
2.04034
2.04082
2.04129
2.04176
2.04224
2.04271
2.04318
2.04365
2.04413
2.0446
2.04507
2.04554
2.04601
2.04648
2.04695
2.04742
2.04789
2.04836
2.04883
2.0493
2.04977
2.05024
2.05071
2.05118
2.05165
2.05212
2.05258
2.05305
2.05352
2.05399
2.05445
2.05492
2.05539
2.05585
2.05632
2.05678
2.05725
2.05772
2.05818
2.05865
2.05911
2.05958
2.06004
2.0605
2.06097
2.06143
2.06189
2.06236
2.06282
2.06328
2.06375
2.06421
2.06467
2.06513
2.06559
2.06606
2.06652
2.06698
2.06744
2.0679
2.06836
2.06882
2.06928
2.06974
2.0702
2.07066
2.07112
2.07158
2.07203
2.07249
2.07295
2.07341
2.07387
2.07432
2.07478
2.07524
2.07569
2.07615
2.07661
2.07706
2.07752
2.07798
2.07843
2.07889
2.07934
2.0798
2.08025
2.08071
2.08116
2.08161
2.08207
2.08252
2.08297
2.08343
2.08388
2.08433
2.08479
2.08524
2.08569
2.08614
2.08659
2.08704
2.0875
2.08795
2.0884
2.08885
2.0893
2.08975
2.0902
2.09065
2.0911
2.09155
2.092
2.09244
2.09289
2.09334
2.09379
2.09424
2.09469
2.09513
2.09558
2.09603
2.09647
2.09692
2.09737
2.09781
2.09826
2.09871
2.09915
2.0996
2.10004
2.10049
2.10093
2.10138
2.10182
2.10226
2.10271
2.10315
2.1036
2.10404
2.10448
2.10493
2.10537
2.10581
2.10625
2.10669
2.10714
2.10758
2.10802
2.10846
2.1089
2.10934
2.10978
2.11022
2.11066
2.1111
2.11154
2.11198
2.11242
2.11286
2.1133
2.11374
2.11418
2.11462
2.11505
2.11549
2.11593
2.11637
2.1168
2.11724
2.11768
2.11812
2.11855
2.11899
2.11942
2.11986
2.1203
2.12073
2.12117
2.1216
2.12204
2.12247
2.12291
2.12334
2.12377
2.12421
2.12464
2.12507
2.12551
2.12594
2.12637
2.12681
2.12724
2.12767
2.1281
2.12853
2.12897
2.1294
2.12983
2.13026
2.13069
2.13112
2.13155
2.13198
2.13241
2.13284
2.13327
2.1337
2.13413
2.13456
2.13499
2.13541
2.13584
2.13627
2.1367
2.13713
2.13755
2.13798
2.13841
2.13884
2.13926
2.13969
2.14012
2.14054
2.14097
2.14139
2.14182
2.14224
2.14267
2.14309
2.14352
2.14394
2.14437
2.14479
2.14522
2.14564
2.14606
2.14649
2.14691
2.14733
2.14776
2.14818
2.1486
2.14902
2.14944
2.14987
2.15029
2.15071
2.15113
2.15155
2.15197
2.15239
2.15281
2.15323
2.15365
2.15407
2.15449
2.15491
2.15533
2.15575
2.15617
2.15659
2.15701
2.15743
2.15784
2.15826
2.15868
2.1591
2.15951
2.15993
2.16035
2.16076
2.16118
2.1616
2.16201
2.16243
2.16284
2.16326
2.16368
2.16409
2.16451
2.16492
2.16534
2.16575
2.16616
2.16658
2.16699
2.16741
2.16782
2.16823
2.16865
2.16906
2.16947
2.16988
2.1703
2.17071
2.17112
2.17153
2.17194
2.17235
2.17277
2.17318
2.17359
2.174
2.17441
2.17482
2.17523
2.17564
2.17605
2.17646
2.17687
2.17728
2.17768
2.17809
2.1785
2.17891
2.17932
2.17973
2.18013
2.18054
2.18095
2.18136
2.18176
2.18217
2.18258
2.18298
2.18339
2.18379
2.1842
2.18461
2.18501
2.18542
2.18582
2.18623
2.18663
2.18704
2.18744
2.18785
2.18825
2.18865
2.18906
2.18946
2.18986
2.19027
2.19067
2.19107
2.19147
2.19188
2.19228
2.19268
2.19308
2.19348
2.19389
2.19429
2.19469
2.19509
2.19549
2.19589
2.19629
2.19669
2.19709
2.19749
2.19789
2.19829
2.19869
2.19909
2.19949
2.19989
2.20028
2.20068
2.20108
2.20148
2.20188
2.20227
2.20267
2.20307
2.20347
2.20386
2.20426
2.20466
2.20505
2.20545
2.20584
2.20624
2.20663
2.20703
2.20743
2.20782
2.20822
2.20861
2.209
2.2094
2.20979
2.21019
2.21058
2.21097
2.21137
2.21176
2.21215
2.21255
2.21294
2.21333
2.21372
2.21412
2.21451
2.2149
2.21529
2.21568
2.21607
2.21647
2.21686
2.21725
2.21764
2.21803
2.21842
2.21881
2.2192
2.21959
2.21998
2.22037
2.22076
2.22114
2.22153
2.22192
2.22231
2.2227
2.22309
2.22347
2.22386
2.22425
2.22464
2.22502
2.22541
2.2258
2.22619
2.22657
2.22696
2.22734
2.22773
2.22812
2.2285
2.22889
2.22927
2.22966
2.23004
2.23043
2.23081
2.2312
2.23158
2.23196
2.23235
2.23273
2.23311
2.2335
2.23388
2.23426
2.23465
2.23503
2.23541
2.23579
2.23618
2.23656
2.23694
2.23732
2.2377
2.23808
2.23847
2.23885
2.23923
2.23961
2.23999
2.24037
2.24075
2.24113
2.24151
2.24189
2.24227
2.24265
2.24303
2.2434
2.24378
2.24416
2.24454
2.24492
2.2453
2.24567
2.24605
2.24643
2.24681
2.24718
2.24756
2.24794
2.24831
2.24869
2.24907
2.24944
2.24982
2.25019
2.25057
2.25095
2.25132
2.2517
2.25207
2.25245
2.25282
2.25319
2.25357
2.25394
2.25432
2.25469
2.25506
2.25544
2.25581
2.25618
2.25656
2.25693
2.2573
2.25767
2.25805
2.25842
2.25879
2.25916
2.25953
2.25991
2.26028
2.26065
2.26102
2.26139
2.26176
2.26213
2.2625
2.26287
2.26324
2.26361
2.26398
2.26435
2.26472
2.26509
2.26546
2.26583
2.26619
2.26656
2.26693
2.2673
2.26767
2.26803
2.2684
2.26877
2.26914
2.2695
2.26987
2.27024
2.2706
2.27097
2.27134
2.2717
2.27207
2.27243
2.2728
2.27317
2.27353
2.2739
2.27426
2.27463
2.27499
2.27535
2.27572
2.27608
2.27645
2.27681
2.27717
2.27754
2.2779
2.27826
2.27863
2.27899
2.27935
2.27972
2.28008
2.28044
2.2808
2.28116
2.28153
2.28189
2.28225
2.28261
2.28297
2.28333
2.28369
2.28405
2.28441
2.28477
2.28513
2.28549
2.28585
2.28621
2.28657
2.28693
2.28729
2.28765
2.28801
2.28837
2.28873
2.28908
2.28944
2.2898
2.29016
2.29052
2.29087
2.29123
2.29159
2.29194
2.2923
2.29266
2.29301
2.29337
2.29373
2.29408
2.29444
2.2948
2.29515
2.29551
2.29586
2.29622
2.29657
2.29693
2.29728
2.29764
2.29799
2.29834
2.2987
2.29905
2.29941
2.29976
2.30011
2.30047
2.30082
2.30117
2.30152
2.30188
2.30223
2.30258
2.30293
2.30329
2.30364
2.30399
2.30434
2.30469
2.30504
2.3054
2.30575
2.3061
2.30645
2.3068
2.30715
2.3075
2.30785
2.3082
2.30855
2.3089
2.30925
2.3096
2.30994
2.31029
2.31064
2.31099
2.31134
2.31169
2.31204
2.31238
2.31273
2.31308
2.31343
2.31377
2.31412
2.31447
2.31481
2.31516
2.31551
2.31585
2.3162
2.31655
2.31689
2.31724
2.31758
2.31793
2.31828
2.31862
2.31897
2.31931
2.31965
2.32
2.32034
2.32069
2.32103
2.32138
2.32172
2.32206
2.32241
2.32275
2.32309
2.32344
2.32378
2.32412
2.32446
2.32481
2.32515
2.32549
2.32583
2.32618
2.32652
2.32686
2.3272
2.32754
2.32788
2.32822
2.32856
2.3289
2.32925
2.32959
2.32993
2.33027
2.33061
2.33095
2.33129
2.33162
2.33196
2.3323
2.33264
2.33298
2.33332
2.33366
2.334
2.33433
2.33467
2.33501
2.33535
2.33569
2.33602
2.33636
2.3367
2.33704
2.33737
2.33771
2.33805
2.33838
2.33872
2.33905
2.33939
2.33973
2.34006
2.3404
2.34073
2.34107
2.3414
2.34174
2.34207
2.34241
2.34274
2.34308
2.34341
2.34374
2.34408
2.34441
2.34475
2.34508
2.34541
2.34575
2.34608
2.34641
2.34674
2.34708
2.34741
2.34774
2.34807
2.34841
2.34874
2.34907
2.3494
2.34973
2.35006
2.3504
2.35073
2.35106
2.35139
2.35172
2.35205
2.35238
2.35271
2.35304
2.35337
2.3537
2.35403
2.35436
2.35469
2.35502
2.35535
2.35567
2.356
2.35633
2.35666
2.35699
2.35732
2.35764
2.35797
2.3583
2.35863
2.35895
2.35928
2.35961
2.35994
2.36026
2.36059
2.36092
2.36124
2.36157
2.3619
2.36222
2.36255
2.36287
2.3632
2.36352
2.36385
2.36417
2.3645
2.36482
2.36515
2.36547
2.3658
2.36612
2.36645
2.36677
2.36709
2.36742
2.36774
2.36806
2.36839
2.36871
2.36903
2.36936
2.36968
2.37
2.37032
2.37065
2.37097
2.37129
2.37161
2.37193
2.37226
2.37258
2.3729
2.37322
2.37354
2.37386
2.37418
2.3745
2.37482
2.37514
2.37546
2.37578
2.3761
2.37642
2.37674
2.37706
2.37738
2.3777
2.37802
2.37834
2.37866
2.37898
2.37929
2.37961
2.37993
2.38025
2.38057
2.38089
2.3812
2.38152
2.38184
2.38216
2.38247
2.38279
2.38311
2.38342
2.38374
2.38406
2.38437
2.38469
2.385
2.38532
2.38564
2.38595
2.38627
2.38658
2.3869
2.38721
2.38753
2.38784
2.38816
2.38847
2.38879
2.3891
2.38941
2.38973
2.39004
2.39036
2.39067
2.39098
2.3913
2.39161
2.39192
2.39223
2.39255
2.39286
2.39317
2.39348
2.3938
2.39411
2.39442
2.39473
2.39504
2.39536
2.39567
2.39598
2.39629
2.3966
2.39691
2.39722
2.39753
2.39784
2.39815
2.39846
2.39877
2.39908
2.39939
2.3997
2.40001
2.40032
2.40063
2.40094
2.40125
2.40156
2.40187
2.40217
2.40248
2.40279
2.4031
2.40341
2.40371
2.40402
2.40433
2.40464
2.40495
2.40525
2.40556
2.40587
2.40617
2.40648
2.40679
2.40709
2.4074
2.40771
2.40801
2.40832
2.40862
2.40893
2.40923
2.40954
2.40984
2.41015
2.41045
2.41076
2.41106
2.41137
2.41167
2.41198
2.41228
2.41259
2.41289
2.41319
2.4135
2.4138
2.4141
2.41441
2.41471
2.41501
2.41532
2.41562
2.41592
2.41622
2.41653
2.41683
2.41713
2.41743
2.41773
2.41804
2.41834
2.41864
2.41894
2.41924
2.41954
2.41984
2.42014
2.42044
2.42074
2.42104
2.42134
2.42164
2.42194
2.42224
2.42254
2.42284
2.42314
2.42344
2.42374
2.42404
2.42434
2.42464
2.42494
2.42524
2.42553
2.42583
2.42613
2.42643
2.42673
2.42702
2.42732
2.42762
2.42792
2.42821
2.42851
2.42881
2.42911
2.4294
2.4297
2.43
2.43029
2.43059
2.43088
2.43118
2.43148
2.43177
2.43207
2.43236
2.43266
2.43295
2.43325
2.43354
2.43384
2.43413
2.43443
2.43472
2.43502
2.43531
2.4356
2.4359
2.43619
2.43649
2.43678
2.43707
2.43737
2.43766
2.43795
2.43825
2.43854
2.43883
2.43912
2.43942
2.43971
2.44
2.44029
2.44058
2.44088
2.44117
2.44146
2.44175
2.44204
2.44233
2.44262
2.44291
2.44321
2.4435
2.44379
2.44408
2.44437
2.44466
2.44495
2.44524
2.44553
2.44582
2.44611
2.4464
2.44669
2.44697
2.44726
2.44755
2.44784
2.44813
2.44842
2.44871
2.449
2.44928
2.44957
2.44986
2.45015
2.45043
2.45072
2.45101
2.4513
2.45158
2.45187
2.45216
2.45245
2.45273
2.45302
2.4533
2.45359
2.45388
2.45416
2.45445
2.45474
2.45502
2.45531
2.45559
2.45588
2.45616
2.45645
2.45673
2.45702
2.4573
2.45759
2.45787
2.45816
2.45844
2.45872
2.45901
2.45929
2.45958
2.45986
2.46014
2.46043
2.46071
2.46099
2.46128
2.46156
2.46184
2.46212
2.46241
2.46269
2.46297
2.46325
2.46354
2.46382
2.4641
2.46438
2.46466
2.46494
2.46523
2.46551
2.46579
2.46607
2.46635
2.46663
2.46691
2.46719
2.46747
2.46775
2.46803
2.46831
2.46859
2.46887
2.46915
2.46943
2.46971
2.46999
2.47027
2.47055
2.47083
2.47111
2.47138
2.47166
2.47194
2.47222
2.4725
2.47278
2.47305
2.47333
2.47361
2.47389
2.47416
2.47444
2.47472
2.475
2.47527
2.47555
2.47583
2.4761
2.47638
2.47666
2.47693
2.47721
2.47749
2.47776
2.47804
2.47831
2.47859
2.47886
2.47914
2.47941
2.47969
2.47996
2.48024
2.48051
2.48079
2.48106
2.48134
2.48161
2.48189
2.48216
2.48243
2.48271
2.48298
2.48326
2.48353
2.4838
2.48408
2.48435
2.48462
2.4849
2.48517
2.48544
2.48571
2.48599
2.48626
2.48653
2.4868
2.48707
2.48735
2.48762
2.48789
2.48816
2.48843
2.4887
2.48898
2.48925
2.48952
2.48979
2.49006
2.49033
2.4906
2.49087
2.49114
2.49141
2.49168
2.49195
2.49222
2.49249
2.49276
2.49303
2.4933
2.49357
2.49384
2.49411
2.49437
2.49464
2.49491
2.49518
2.49545
2.49572
2.49599
2.49625
2.49652
2.49679
2.49706
2.49732
2.49759
2.49786
2.49813
2.49839
2.49866
2.49893
2.49919
2.49946
2.49973
2.49999
2.50026
2.50053
2.50079
2.50106
2.50133
2.50159
2.50186
2.50212
2.50239
2.50265
2.50292
2.50318
2.50345
2.50371
2.50398
2.50424
2.50451
2.50477
2.50504
2.5053
2.50556
2.50583
2.50609
2.50636
2.50662
2.50688
2.50715
2.50741
2.50767
2.50794
2.5082
2.50846
2.50872
2.50899
2.50925
2.50951
2.50977
2.51004
2.5103
2.51056
2.51082
2.51108
2.51135
2.51161
2.51187
2.51213
2.51239
2.51265
2.51291
2.51317
2.51344
2.5137
2.51396
2.51422
2.51448
2.51474
2.515
2.51526
2.51552
2.51578
2.51604
2.5163
2.51656
2.51682
2.51707
2.51733
2.51759
2.51785
2.51811
2.51837
2.51863
2.51889
2.51914
2.5194
2.51966
2.51992
2.52018
2.52043
2.52069
2.52095
2.52121
2.52146
2.52172
2.52198
2.52224
2.52249
2.52275
2.52301
2.52326
2.52352
2.52378
2.52403
2.52429
2.52454
2.5248
2.52506
2.52531
2.52557
2.52582
2.52608
2.52633
2.52659
2.52684
2.5271
2.52735
2.52761
2.52786
2.52812
2.52837
2.52863
2.52888
2.52913
2.52939
2.52964
2.5299
2.53015
2.5304
2.53066
2.53091
2.53116
2.53142
2.53167
2.53192
2.53218
2.53243
2.53268
2.53293
2.53319
2.53344
2.53369
2.53394
2.53419
2.53445
2.5347
2.53495
2.5352
2.53545
2.5357
2.53595
2.53621
2.53646
2.53671
2.53696
2.53721
2.53746
2.53771
2.53796
2.53821
2.53846
2.53871
2.53896
2.53921
2.53946
2.53971
2.53996
2.54021
2.54046
2.54071
2.54096
2.54121
2.54145
2.5417
2.54195
2.5422
2.54245
2.5427
2.54295
2.54319
2.54344
2.54369
2.54394
2.54419
2.54443
2.54468
2.54493
2.54518
2.54542
2.54567
2.54592
2.54616
2.54641
2.54666
2.5469
2.54715
2.5474
2.54764
2.54789
2.54813
2.54838
2.54863
2.54887
2.54912
2.54936
2.54961
2.54985
2.5501
2.55034
2.55059
2.55083
2.55108
2.55132
2.55157
2.55181
2.55206
2.5523
2.55255
2.55279
2.55303
2.55328
2.55352
2.55377
2.55401
2.55425
2.5545
2.55474
2.55498
2.55523
2.55547
2.55571
2.55595
2.5562
2.55644
2.55668
2.55692
2.55717
2.55741
2.55765
2.55789
2.55813
2.55838
2.55862
2.55886
2.5591
2.55934
2.55958
2.55982
2.56007
2.56031
2.56055
2.56079
2.56103
2.56127
2.56151
2.56175
2.56199
2.56223
2.56247
2.56271
2.56295
2.56319
2.56343
2.56367
2.56391
2.56415
2.56439
2.56463
2.56487
2.5651
2.56534
2.56558
2.56582
2.56606
2.5663
2.56654
2.56677
2.56701
2.56725
2.56749
2.56773
2.56796
2.5682
2.56844
2.56868
2.56891
2.56915
2.56939
2.56962
2.56986
2.5701
2.57033
2.57057
2.57081
2.57104
2.57128
2.57152
2.57175
2.57199
2.57222
2.57246
2.5727
2.57293
2.57317
2.5734
2.57364
2.57387
2.57411
2.57434
2.57458
2.57481
2.57505
2.57528
2.57552
2.57575
2.57599
2.57622
2.57645
2.57669
2.57692
2.57716
2.57739
2.57762
2.57786
2.57809
2.57832
2.57856
2.57879
2.57902
2.57926
2.57949
2.57972
2.57995
2.58019
2.58042
2.58065
2.58088
2.58112
2.58135
2.58158
2.58181
2.58204
2.58228
2.58251
2.58274
2.58297
2.5832
2.58343
2.58366
2.58389
2.58413
2.58436
2.58459
2.58482
2.58505
2.58528
2.58551
2.58574
2.58597
2.5862
2.58643
2.58666
2.58689
2.58712
2.58735
2.58758
2.58781
2.58804
2.58827
2.58849
2.58872
2.58895
2.58918
2.58941
2.58964
2.58987
2.5901
2.59032
2.59055
2.59078
2.59101
2.59124
2.59146
2.59169
2.59192
2.59215
2.59237
2.5926
2.59283
2.59306
2.59328
2.59351
2.59374
2.59396
2.59419
2.59442
2.59464
2.59487
2.5951
2.59532
2.59555
2.59577
2.596
2.59623
2.59645
2.59668
2.5969
2.59713
2.59735
2.59758
2.5978
2.59803
2.59825
2.59848
2.5987
2.59893
2.59915
2.59938
2.5996
2.59983
2.60005
2.60028
2.6005
2.60072
2.60095
2.60117
2.60139
2.60162
2.60184
2.60207
2.60229
2.60251
2.60273
2.60296
2.60318
2.6034
2.60363
2.60385
2.60407
2.60429
2.60452
2.60474
2.60496
2.60518
2.60541
2.60563
2.60585
2.60607
2.60629
2.60651
2.60674
2.60696
2.60718
2.6074
2.60762
2.60784
2.60806
2.60828
2.6085
2.60872
2.60894
2.60916
2.60939
2.60961
2.60983
2.61005
2.61027
2.61049
2.61071
2.61092
2.61114
2.61136
2.61158
2.6118
2.61202
2.61224
2.61246
2.61268
2.6129
2.61312
2.61334
2.61355
2.61377
2.61399
2.61421
2.61443
2.61465
2.61486
2.61508
2.6153
2.61552
2.61573
2.61595
2.61617
2.61639
2.6166
2.61682
2.61704
2.61726
2.61747
2.61769
2.61791
2.61812
2.61834
2.61856
2.61877
2.61899
2.61921
2.61942
2.61964
2.61985
2.62007
2.62029
2.6205
2.62072
2.62093
2.62115
2.62136
2.62158
2.62179
2.62201
2.62222
2.62244
2.62265
2.62287
2.62308
2.6233
2.62351
2.62373
2.62394
2.62415
2.62437
2.62458
2.6248
2.62501
2.62522
2.62544
2.62565
2.62586
2.62608
2.62629
2.6265
2.62672
2.62693
2.62714
2.62736
2.62757
2.62778
2.62799
2.62821
2.62842
2.62863
2.62884
2.62906
2.62927
2.62948
2.62969
2.6299
2.63011
2.63033
2.63054
2.63075
2.63096
2.63117
2.63138
2.63159
2.6318
2.63202
2.63223
2.63244
2.63265
2.63286
2.63307
2.63328
2.63349
2.6337
2.63391
2.63412
2.63433
2.63454
2.63475
2.63496
2.63517
2.63538
2.63559
2.6358
2.63601
2.63621
2.63642
2.63663
2.63684
2.63705
2.63726
2.63747
2.63768
2.63788
2.63809
2.6383
2.63851
2.63872
2.63893
2.63913
2.63934
2.63955
2.63976
2.63996
2.64017
2.64038
2.64059
2.64079
2.641
2.64121
2.64142
2.64162
2.64183
2.64204
2.64224
2.64245
2.64266
2.64286
2.64307
2.64327
2.64348
2.64369
2.64389
2.6441
2.6443
2.64451
2.64471
2.64492
2.64513
2.64533
2.64554
2.64574
2.64595
2.64615
2.64636
2.64656
2.64677
2.64697
2.64718
2.64738
2.64758
2.64779
2.64799
2.6482
2.6484
2.64861
2.64881
2.64901
2.64922
2.64942
2.64962
2.64983
2.65003
2.65023
2.65044
2.65064
2.65084
2.65105
2.65125
2.65145
2.65165
2.65186
2.65206
2.65226
2.65246
2.65267
2.65287
2.65307
2.65327
2.65348
2.65368
2.65388
2.65408
2.65428
2.65448
2.65469
2.65489
2.65509
2.65529
2.65549
2.65569
2.65589
2.65609
2.65629
2.65649
2.6567
2.6569
2.6571
2.6573
2.6575
2.6577
2.6579
2.6581
2.6583
2.6585
2.6587
2.6589
2.6591
2.6593
2.6595
2.65969
2.65989
2.66009
2.66029
2.66049
2.66069
2.66089
2.66109
2.66129
2.66149
2.66168
2.66188
2.66208
2.66228
2.66248
2.66268
2.66287
2.66307
2.66327
2.66347
2.66366
2.66386
2.66406
2.66426
2.66446
2.66465
2.66485
2.66505
2.66524
2.66544
2.66564
2.66583
2.66603
2.66623
2.66642
2.66662
2.66682
2.66701
2.66721
2.66741
2.6676
2.6678
2.66799
2.66819
2.66839
2.66858
2.66878
2.66897
2.66917
2.66936
2.66956
2.66975
2.66995
2.67014
2.67034
2.67053
2.67073
2.67092
2.67112
2.67131
2.67151
2.6717
2.6719
2.67209
2.67228
2.67248
2.67267
2.67287
2.67306
2.67325
2.67345
2.67364
2.67383
2.67403
2.67422
2.67441
2.67461
2.6748
2.67499
2.67519
2.67538
2.67557
2.67577
2.67596
2.67615
2.67634
2.67654
2.67673
2.67692
2.67711
2.6773
2.6775
2.67769
2.67788
2.67807
2.67826
2.67846
2.67865
2.67884
2.67903
2.67922
2.67941
2.6796
2.67979
2.67999
2.68018
2.68037
2.68056
2.68075
2.68094
2.68113
2.68132
2.68151
2.6817
2.68189
2.68208
2.68227
2.68246
2.68265
2.68284
2.68303
2.68322
2.68341
2.6836
2.68379
2.68398
2.68417
2.68436
2.68455
2.68473
2.68492
2.68511
2.6853
2.68549
2.68568
2.68587
2.68605
2.68624
2.68643
2.68662
2.68681
2.687
2.68718
2.68737
2.68756
2.68775
2.68794
2.68812
2.68831
2.6885
2.68869
2.68887
2.68906
2.68925
2.68943
2.68962
2.68981
2.68999
2.69018
2.69037
2.69055
2.69074
2.69093
2.69111
2.6913
2.69149
2.69167
2.69186
2.69204
2.69223
2.69242
2.6926
2.69279
2.69297
2.69316
2.69334
2.69353
2.69372
2.6939
2.69409
2.69427
2.69446
2.69464
2.69483
2.69501
2.69519
2.69538
2.69556
2.69575
2.69593
2.69612
2.6963
2.69649
2.69667
2.69685
2.69704
2.69722
2.69741
2.69759
2.69777
2.69796
2.69814
2.69832
2.69851
2.69869
2.69887
2.69906
2.69924
2.69942
2.6996
2.69979
2.69997
2.70015
2.70034
2.70052
2.7007
2.70088
2.70106
2.70125
2.70143
2.70161
2.70179
2.70197
2.70216
2.70234
2.70252
2.7027
2.70288
2.70306
2.70325
2.70343
2.70361
2.70379
2.70397
2.70415
2.70433
2.70451
2.70469
2.70487
2.70506
2.70524
2.70542
2.7056
2.70578
2.70596
2.70614
2.70632
2.7065
2.70668
2.70686
2.70704
2.70722
2.7074
2.70758
2.70776
2.70794
2.70811
2.70829
2.70847
2.70865
2.70883
2.70901
2.70919
2.70937
2.70955
2.70973
2.7099
2.71008
2.71026
2.71044
2.71062
2.7108
2.71097
2.71115
2.71133
2.71151
2.71169
2.71186
2.71204
2.71222
2.7124
2.71257
2.71275
2.71293
2.71311
2.71328
2.71346
2.71364
2.71382
2.71399
2.71417
2.71435
2.71452
2.7147
2.71488
2.71505
2.71523
2.71541
2.71558
2.71576
2.71593
2.71611
2.71629
2.71646
2.71664
2.71681
2.71699
2.71716
2.71734
2.71752
2.71769
2.71787
2.71804
2.71822
2.71839
2.71857
2.71874
2.71892
2.71909
2.71927
2.71944
2.71962
2.71979
2.71996
2.72014
2.72031
2.72049
2.72066
2.72084
2.72101
2.72118
2.72136
2.72153
2.72171
2.72188
2.72205
2.72223
2.7224
2.72257
2.72275
2.72292
2.72309
2.72327
2.72344
2.72361
2.72379
2.72396
2.72413
2.7243
2.72448
2.72465
2.72482
2.72499
2.72517
2.72534
2.72551
2.72568
2.72585
2.72603
2.7262
2.72637
2.72654
2.72671
2.72689
2.72706
2.72723
2.7274
2.72757
2.72774
2.72791
2.72808
2.72826
2.72843
2.7286
2.72877
2.72894
2.72911
2.72928
2.72945
2.72962
2.72979
2.72996
2.73013
2.7303
2.73047
2.73064
2.73081
2.73098
2.73115
2.73132
2.73149
2.73166
2.73183
2.732
2.73217
2.73234
2.73251
2.73268
2.73285
2.73302
2.73319
2.73336
2.73352
2.73369
2.73386
2.73403
2.7342
2.73437
2.73454
2.7347
2.73487
2.73504
2.73521
2.73538
2.73555
2.73571
2.73588
2.73605
2.73622
2.73639
2.73655
2.73672
2.73689
2.73706
2.73722
2.73739
2.73756
2.73772
2.73789
2.73806
2.73823
2.73839
2.73856
2.73873
2.73889
2.73906
2.73923
2.73939
2.73956
2.73973
2.73989
2.74006
2.74022
2.74039
2.74056
2.74072
2.74089
2.74105
2.74122
2.74139
2.74155
2.74172
2.74188
2.74205
2.74221
2.74238
2.74254
2.74271
2.74287
2.74304
2.7432
2.74337
2.74353
2.7437
2.74386
2.74403
2.74419
2.74436
2.74452
2.74468
2.74485
2.74501
2.74518
2.74534
2.74551
2.74567
2.74583
2.746
2.74616
2.74632
2.74649
2.74665
2.74681
2.74698
2.74714
2.7473
2.74747
2.74763
2.74779
2.74796
2.74812
2.74828
2.74845
2.74861
2.74877
2.74893
2.7491
2.74926
2.74942
2.74958
2.74975
2.74991
2.75007
2.75023
2.75039
2.75056
2.75072
2.75088
2.75104
2.7512
2.75136
2.75153
2.75169
2.75185
2.75201
2.75217
2.75233
2.75249
2.75265
2.75282
2.75298
2.75314
2.7533
2.75346
2.75362
2.75378
2.75394
2.7541
2.75426
2.75442
2.75458
2.75474
2.7549
2.75506
2.75522
2.75538
2.75554
2.7557
2.75586
2.75602
2.75618
2.75634
2.7565
2.75666
2.75682
2.75698
2.75714
2.7573
2.75746
2.75761
2.75777
2.75793
2.75809
2.75825
2.75841
2.75857
2.75873
2.75888
2.75904
2.7592
2.75936
2.75952
2.75968
2.75983
2.75999
2.76015
2.76031
2.76047
2.76062
2.76078
2.76094
2.7611
2.76125
2.76141
2.76157
2.76173
2.76188
2.76204
2.7622
2.76236
2.76251
2.76267
2.76283
2.76298
2.76314
2.7633
2.76345
2.76361
2.76377
2.76392
2.76408
2.76424
2.76439
2.76455
2.7647
2.76486
2.76502
2.76517
2.76533
2.76548
2.76564
2.7658
2.76595
2.76611
2.76626
2.76642
2.76657
2.76673
2.76688
2.76704
2.76719
2.76735
2.7675
2.76766
2.76781
2.76797
2.76812
2.76828
2.76843
2.76859
2.76874
2.7689
2.76905
2.7692
2.76936
2.76951
2.76967
2.76982
2.76997
2.77013
2.77028
2.77044
2.77059
2.77074
2.7709
2.77105
2.7712
2.77136
2.77151
2.77166
2.77182
2.77197
2.77212
2.77228
2.77243
2.77258
2.77274
2.77289
2.77304
2.77319
2.77335
2.7735
2.77365
2.7738
2.77396
2.77411
2.77426
2.77441
2.77457
2.77472
2.77487
2.77502
2.77517
2.77532
2.77548
2.77563
2.77578
2.77593
2.77608
2.77623
2.77639
2.77654
2.77669
2.77684
2.77699
2.77714
2.77729
2.77744
2.77759
2.77774
2.7779
2.77805
2.7782
2.77835
2.7785
2.77865
2.7788
2.77895
2.7791
2.77925
2.7794
2.77955
2.7797
2.77985
2.78
2.78015
2.7803
2.78045
2.7806
2.78075
2.7809
2.78105
2.7812
2.78135
2.78149
2.78164
2.78179
2.78194
2.78209
2.78224
2.78239
2.78254
2.78269
2.78284
2.78298
2.78313
2.78328
2.78343
2.78358
2.78373
2.78387
2.78402
2.78417
2.78432
2.78447
2.78462
2.78476
2.78491
2.78506
2.78521
2.78535
2.7855
2.78565
2.7858
2.78594
2.78609
2.78624
2.78639
2.78653
2.78668
2.78683
2.78698
2.78712
2.78727
2.78742
2.78756
2.78771
2.78786
2.788
2.78815
2.7883
2.78844
2.78859
2.78874
2.78888
2.78903
2.78917
2.78932
2.78947
2.78961
2.78976
2.7899
2.79005
2.7902
2.79034
2.79049
2.79063
2.79078
2.79092
2.79107
2.79121
2.79136
2.7915
2.79165
2.79179
2.79194
2.79208
2.79223
2.79237
2.79252
2.79266
2.79281
2.79295
2.7931
2.79324
2.79339
2.79353
2.79367
2.79382
2.79396
2.79411
2.79425
2.7944
2.79454
2.79468
2.79483
2.79497
2.79511
2.79526
2.7954
2.79555
2.79569
2.79583
2.79598
2.79612
2.79626
2.79641
2.79655
2.79669
2.79683
2.79698
2.79712
2.79726
2.79741
2.79755
2.79769
2.79783
2.79798
2.79812
2.79826
2.7984
2.79855
2.79869
2.79883
2.79897
2.79911
2.79926
2.7994
2.79954
2.79968
2.79982
2.79997
2.80011
2.80025
2.80039
2.80053
2.80067
2.80082
2.80096
2.8011
2.80124
2.80138
2.80152
2.80166
2.8018
2.80194
2.80209
2.80223
2.80237
2.80251
2.80265
2.80279
2.80293
2.80307
2.80321
2.80335
2.80349
2.80363
2.80377
2.80391
2.80405
2.80419
2.80433
2.80447
2.80461
2.80475
2.80489
2.80503
2.80517
2.80531
2.80545
2.80559
2.80573
2.80587
2.80601
2.80615
2.80629
2.80642
2.80656
2.8067
2.80684
2.80698
2.80712
2.80726
2.8074
2.80754
2.80767
2.80781
2.80795
2.80809
2.80823
2.80837
2.8085
2.80864
2.80878
2.80892
2.80906
2.8092
2.80933
2.80947
2.80961
2.80975
2.80988
2.81002
2.81016
2.8103
2.81043
2.81057
2.81071
2.81085
2.81098
2.81112
2.81126
2.8114
2.81153
2.81167
2.81181
2.81194
2.81208
2.81222
2.81235
2.81249
2.81263
2.81276
2.8129
2.81304
2.81317
2.81331
2.81345
2.81358
2.81372
2.81385
2.81399
2.81413
2.81426
2.8144
2.81453
2.81467
2.8148
2.81494
2.81508
2.81521
2.81535
2.81548
2.81562
2.81575
2.81589
2.81602
2.81616
2.81629
2.81643
2.81656
2.8167
2.81683
2.81697
2.8171
2.81724
2.81737
2.81751
2.81764
2.81778
2.81791
2.81805
2.81818
2.81831
2.81845
2.81858
2.81872
2.81885
2.81898
2.81912
2.81925
2.81939
2.81952
2.81965
2.81979
2.81992
2.82005
2.82019
2.82032
2.82046
2.82059
2.82072
2.82086
2.82099
2.82112
2.82125
2.82139
2.82152
2.82165
2.82179
2.82192
2.82205
2.82218
2.82232
2.82245
2.82258
2.82272
2.82285
2.82298
2.82311
2.82324
2.82338
2.82351
2.82364
2.82377
2.82391
2.82404
2.82417
2.8243
2.82443
2.82456
2.8247
2.82483
2.82496
2.82509
2.82522
2.82535
2.82549
2.82562
2.82575
2.82588
2.82601
2.82614
2.82627
2.8264
2.82653
2.82667
2.8268
2.82693
2.82706
2.82719
2.82732
2.82745
2.82758
2.82771
2.82784
2.82797
2.8281
2.82823
2.82836
2.82849
2.82862
2.82875
2.82888
2.82901
2.82914
2.82927
2.8294
2.82953
2.82966
2.82979
2.82992
2.83005
2.83018
2.83031
2.83044
2.83057
2.8307
2.83083
2.83096
2.83108
2.83121
2.83134
2.83147
2.8316
2.83173
2.83186
2.83199
2.83212
2.83224
2.83237
2.8325
2.83263
2.83276
2.83289
2.83301
2.83314
2.83327
2.8334
2.83353
2.83366
2.83378
2.83391
2.83404
2.83417
2.8343
2.83442
2.83455
2.83468
2.83481
2.83493
2.83506
2.83519
2.83532
2.83544
2.83557
2.8357
2.83582
2.83595
2.83608
2.83621
2.83633
2.83646
2.83659
2.83671
2.83684
2.83697
2.83709
2.83722
2.83735
2.83747
2.8376
2.83773
2.83785
2.83798
2.83811
2.83823
2.83836
2.83848
2.83861
2.83874
2.83886
2.83899
2.83911
2.83924
2.83937
2.83949
2.83962
2.83974
2.83987
2.83999
2.84012
2.84024
2.84037
2.84049
2.84062
2.84075
2.84087
2.841
2.84112
2.84125
2.84137
2.8415
2.84162
2.84174
2.84187
2.84199
2.84212
2.84224
2.84237
2.84249
2.84262
2.84274
2.84287
2.84299
2.84311
2.84324
2.84336
2.84349
2.84361
2.84373
2.84386
2.84398
2.84411
2.84423
2.84435
2.84448
2.8446
2.84472
2.84485
2.84497
2.8451
2.84522
2.84534
2.84547
2.84559
2.84571
2.84583
2.84596
2.84608
2.8462
2.84633
2.84645
2.84657
2.8467
2.84682
2.84694
2.84706
2.84719
2.84731
2.84743
2.84755
2.84768
2.8478
2.84792
2.84804
2.84816
2.84829
2.84841
2.84853
2.84865
2.84878
2.8489
2.84902
2.84914
2.84926
2.84938
2.84951
2.84963
2.84975
2.84987
2.84999
2.85011
2.85023
2.85036
2.85048
2.8506
2.85072
2.85084
2.85096
2.85108
2.8512
2.85132
2.85145
2.85157
2.85169
2.85181
2.85193
2.85205
2.85217
2.85229
2.85241
2.85253
2.85265
2.85277
2.85289
2.85301
2.85313
2.85325
2.85337
2.85349
2.85361
2.85373
2.85385
2.85397
2.85409
2.85421
2.85433
2.85445
2.85457
2.85469
2.85481
2.85493
2.85505
2.85517
2.85529
2.85541
2.85553
2.85565
2.85576
2.85588
2.856
2.85612
2.85624
2.85636
2.85648
2.8566
2.85672
2.85683
2.85695
2.85707
2.85719
2.85731
2.85743
2.85755
2.85766
2.85778
2.8579
2.85802
2.85814
2.85825
2.85837
2.85849
2.85861
2.85873
2.85884
2.85896
2.85908
2.8592
2.85932
2.85943
2.85955
2.85967
2.85979
2.8599
2.86002
2.86014
2.86026
2.86037
2.86049
2.86061
2.86072
2.86084
2.86096
2.86108
2.86119
2.86131
2.86143
2.86154
2.86166
2.86178
2.86189
2.86201
2.86213
2.86224
2.86236
2.86248
2.86259
2.86271
2.86282
2.86294
2.86306
2.86317
2.86329
2.86341
2.86352
2.86364
2.86375
2.86387
2.86398
2.8641
2.86422
2.86433
2.86445
2.86456
2.86468
2.86479
2.86491
2.86502
2.86514
2.86526
2.86537
2.86549
2.8656
2.86572
2.86583
2.86595
2.86606
2.86618
2.86629
2.86641
2.86652
2.86664
2.86675
2.86686
2.86698
2.86709
2.86721
2.86732
2.86744
2.86755
2.86767
2.86778
2.86789
2.86801
2.86812
2.86824
2.86835
2.86846
2.86858
2.86869
2.86881
2.86892
2.86903
2.86915
2.86926
2.86938
2.86949
2.8696
2.86972
2.86983
2.86994
2.87006
2.87017
2.87028
2.8704
2.87051
2.87062
2.87074
2.87085
2.87096
2.87107
2.87119
2.8713
2.87141
2.87153
2.87164
2.87175
2.87186
2.87198
2.87209
2.8722
2.87231
2.87243
2.87254
2.87265
2.87276
2.87287
2.87299
2.8731
2.87321
2.87332
2.87344
2.87355
2.87366
2.87377
2.87388
2.87399
2.87411
2.87422
2.87433
2.87444
2.87455
2.87466
2.87478
2.87489
2.875
2.87511
2.87522
2.87533
2.87544
2.87555
2.87567
2.87578
2.87589
2.876
2.87611
2.87622
2.87633
2.87644
2.87655
2.87666
2.87677
2.87688
2.877
2.87711
2.87722
2.87733
2.87744
2.87755
2.87766
2.87777
2.87788
2.87799
2.8781
2.87821
2.87832
2.87843
2.87854
2.87865
2.87876
2.87887
2.87898
2.87909
2.8792
2.87931
2.87942
2.87953
2.87964
2.87975
2.87985
2.87996
2.88007
2.88018
2.88029
2.8804
2.88051
2.88062
2.88073
2.88084
2.88095
2.88106
2.88116
2.88127
2.88138
2.88149
2.8816
2.88171
2.88182
2.88192
2.88203
2.88214
2.88225
2.88236
2.88247
2.88258
2.88268
2.88279
2.8829
2.88301
2.88312
2.88322
2.88333
2.88344
2.88355
2.88366
2.88376
2.88387
2.88398
2.88409
2.88419
2.8843
2.88441
2.88452
2.88463
2.88473
2.88484
2.88495
2.88505
2.88516
2.88527
2.88538
2.88548
2.88559
2.8857
2.8858
2.88591
2.88602
2.88613
2.88623
2.88634
2.88645
2.88655
2.88666
2.88677
2.88687
2.88698
2.88709
2.88719
2.8873
2.8874
2.88751
2.88762
2.88772
2.88783
2.88794
2.88804
2.88815
2.88825
2.88836
2.88847
2.88857
2.88868
2.88878
2.88889
2.889
2.8891
2.88921
2.88931
2.88942
2.88952
2.88963
2.88973
2.88984
2.88994
2.89005
2.89016
2.89026
2.89037
2.89047
2.89058
2.89068
2.89079
2.89089
2.891
2.8911
2.89121
2.89131
2.89142
2.89152
2.89162
2.89173
2.89183
2.89194
2.89204
2.89215
2.89225
2.89236
2.89246
2.89256
2.89267
2.89277
2.89288
2.89298
2.89309
2.89319
2.89329
2.8934
2.8935
2.89361
2.89371
2.89381
2.89392
2.89402
2.89412
2.89423
2.89433
2.89444
2.89454
2.89464
2.89475
2.89485
2.89495
2.89506
2.89516
2.89526
2.89537
2.89547
2.89557
2.89567
2.89578
2.89588
2.89598
2.89609
2.89619
2.89629
2.89639
2.8965
2.8966
2.8967
2.89681
2.89691
2.89701
2.89711
2.89722
2.89732
2.89742
2.89752
2.89762
2.89773
2.89783
2.89793
2.89803
2.89814
2.89824
2.89834
2.89844
2.89854
2.89864
2.89875
2.89885
2.89895
2.89905
2.89915
2.89925
2.89936
2.89946
2.89956
2.89966
2.89976
2.89986
2.89997
2.90007
2.90017
2.90027
2.90037
2.90047
2.90057
2.90067
2.90077
2.90088
2.90098
2.90108
2.90118
2.90128
2.90138
2.90148
2.90158
2.90168
2.90178
2.90188
2.90198
2.90208
2.90218
2.90228
2.90238
2.90238
