0
5.054e-13
8.07284e-12
4.08002e-11
1.28732e-10
3.13761e-10
6.49525e-10
1.20131e-09
2.04595e-09
3.27172e-09
4.97827e-09
7.27648e-09
1.02884e-08
1.41472e-08
1.89968e-08
2.49924e-08
3.22995e-08
4.10946e-08
5.15648e-08
6.39074e-08
7.83305e-08
9.50523e-08
1.14301e-07
1.36316e-07
1.61345e-07
1.89646e-07
2.21489e-07
2.57152e-07
2.96922e-07
3.41098e-07
3.89985e-07
4.43901e-07
5.03171e-07
5.6813e-07
6.39123e-07
7.16503e-07
8.00632e-07
8.91881e-07
9.90631e-07
1.09727e-06
1.2122e-06
1.33582e-06
1.46854e-06
1.6108e-06
1.76302e-06
1.92564e-06
2.09911e-06
2.28389e-06
2.48044e-06
2.68923e-06
2.91074e-06
3.14546e-06
3.39388e-06
3.65651e-06
3.93386e-06
4.22645e-06
4.5348e-06
4.85944e-06
5.20092e-06
5.55978e-06
5.93658e-06
6.33188e-06
6.74625e-06
7.18025e-06
7.63449e-06
8.10954e-06
8.606e-06
9.12447e-06
9.66557e-06
1.02299e-05
1.08181e-05
1.14308e-05
1.20686e-05
1.27322e-05
1.34221e-05
1.41392e-05
1.4884e-05
1.56571e-05
1.64593e-05
1.72913e-05
1.81537e-05
1.90472e-05
1.99725e-05
2.09303e-05
2.19213e-05
2.29462e-05
2.40058e-05
2.51007e-05
2.62317e-05
2.73995e-05
2.86049e-05
2.98485e-05
3.11312e-05
3.24537e-05
3.38168e-05
3.52212e-05
3.66676e-05
3.81569e-05
3.96899e-05
4.12672e-05
4.28897e-05
4.45583e-05
4.62736e-05
4.80365e-05
4.98477e-05
5.17082e-05
5.36187e-05
5.558e-05
5.75929e-05
5.96583e-05
6.1777e-05
6.39498e-05
6.61775e-05
6.84611e-05
7.08013e-05
7.3199e-05
7.56551e-05
7.81703e-05
8.07456e-05
8.33818e-05
8.60799e-05
8.88405e-05
9.16647e-05
9.45533e-05
9.75072e-05
0.000100527
0.000103614
0.000106769
0.000109993
0.000113287
0.000116651
0.000120087
0.000123595
0.000127177
0.000130833
0.000134564
0.000138371
0.000142255
0.000146217
0.000150258
0.000154378
0.000158579
0.000162862
0.000167228
0.000171677
0.00017621
0.000180829
0.000185534
0.000190327
0.000195208
0.000200177
0.000205237
0.000210388
0.000215631
0.000220968
0.000226398
0.000231923
0.000237543
0.000243261
0.000249077
0.000254991
0.000261005
0.00026712
0.000273336
0.000279655
0.000286078
0.000292605
0.000299239
0.000305978
0.000312825
0.000319781
0.000326847
0.000334023
0.00034131
0.00034871
0.000356224
0.000363852
0.000371595
0.000379456
0.000387433
0.000395529
0.000403745
0.000412081
0.000420539
0.000429119
0.000437822
0.00044665
0.000455604
0.000464684
0.000473892
0.000483228
0.000492694
0.00050229
0.000512018
0.000521879
0.000531873
0.000542001
0.000552266
0.000562667
0.000573205
0.000583882
0.000594699
0.000605657
0.000616756
0.000627998
0.000639383
0.000650914
0.00066259
0.000674413
0.000686383
0.000698503
0.000710772
0.000723192
0.000735764
0.000748489
0.000761367
0.000774401
0.00078759
0.000800937
0.000814441
0.000828104
0.000841928
0.000855912
0.000870058
0.000884368
0.000898841
0.00091348
0.000928284
0.000943256
0.000958396
0.000973705
0.000989184
0.00100483
0.00102066
0.00103665
0.00105282
0.00106917
0.00108569
0.00110239
0.00111926
0.00113632
0.00115356
0.00117097
0.00118857
0.00120636
0.00122432
0.00124248
0.00126081
0.00127934
0.00129806
0.00131696
0.00133605
0.00135534
0.00137482
0.00139449
0.00141436
0.00143442
0.00145467
0.00147513
0.00149578
0.00151663
0.00153769
0.00155894
0.0015804
0.00160206
0.00162392
0.00164599
0.00166827
0.00169075
0.00171344
0.00173634
0.00175945
0.00178278
0.00180631
0.00183006
0.00185402
0.0018782
0.00190259
0.0019272
0.00195203
0.00197707
0.00200234
0.00202783
0.00205354
0.00207947
0.00210563
0.00213201
0.00215862
0.00218546
0.00221252
0.00223981
0.00226733
0.00229508
0.00232306
0.00235128
0.00237973
0.00240841
0.00243733
0.00246649
0.00249588
0.00252551
0.00255538
0.00258549
0.00261585
0.00264644
0.00267728
0.00270836
0.00273968
0.00277126
0.00280307
0.00283514
0.00286746
0.00290002
0.00293283
0.0029659
0.00299922
0.00303279
0.00306662
0.0031007
0.00313503
0.00316963
0.00320448
0.00323959
0.00327496
0.00331059
0.00334648
0.00338264
0.00341906
0.00345574
0.00349269
0.0035299
0.00356738
0.00360513
0.00364314
0.00368143
0.00371998
0.00375881
0.00379791
0.00383729
0.00387693
0.00391685
0.00395705
0.00399753
0.00403828
0.00407931
0.00412062
0.00416221
0.00420408
0.00424623
0.00428866
0.00433138
0.00437439
0.00441767
0.00446125
0.00450511
0.00454926
0.0045937
0.00463842
0.00468344
0.00472875
0.00477435
0.00482024
0.00486643
0.00491291
0.00495969
0.00500676
0.00505413
0.0051018
0.00514977
0.00519803
0.0052466
0.00529547
0.00534464
0.00539411
0.00544389
0.00549397
0.00554435
0.00559505
0.00564604
0.00569735
0.00574897
0.00580089
0.00585312
0.00590567
0.00595852
0.00601169
0.00606517
0.00611897
0.00617308
0.0062275
0.00628224
0.0063373
0.00639268
0.00644837
0.00650439
0.00656072
0.00661738
0.00667436
0.00673166
0.00678928
0.00684722
0.00690549
0.00696409
0.00702301
0.00708226
0.00714184
0.00720174
0.00726198
0.00732254
0.00738344
0.00744466
0.00750622
0.00756811
0.00763034
0.00769289
0.00775579
0.00781902
0.00788258
0.00794648
0.00801072
0.0080753
0.00814022
0.00820548
0.00827107
0.00833701
0.00840329
0.00846992
0.00853688
0.0086042
0.00867185
0.00873985
0.0088082
0.00887689
0.00894594
0.00901533
0.00908506
0.00915515
0.00922559
0.00929638
0.00936752
0.00943901
0.00951086
0.00958306
0.00965561
0.00972852
0.00980178
0.0098754
0.00994937
0.0100237
0.0100984
0.0101734
0.0102489
0.0103246
0.0104008
0.0104772
0.0105541
0.0106313
0.0107089
0.0107868
0.0108651
0.0109438
0.0110228
0.0111022
0.011182
0.0112621
0.0113426
0.0114235
0.0115048
0.0115864
0.0116683
0.0117507
0.0118334
0.0119165
0.012
0.0120838
0.012168
0.0122526
0.0123376
0.0124229
0.0125086
0.0125947
0.0126812
0.0127681
0.0128553
0.0129429
0.0130309
0.0131192
0.013208
0.0132971
0.0133866
0.0134765
0.0135668
0.0136574
0.0137485
0.0138399
0.0139317
0.0140239
0.0141165
0.0142094
0.0143028
0.0143965
0.0144907
0.0145852
0.0146801
0.0147754
0.0148711
0.0149671
0.0150636
0.0151605
0.0152577
0.0153553
0.0154534
0.0155518
0.0156506
0.0157498
0.0158495
0.0159495
0.0160499
0.0161507
0.0162519
0.0163535
0.0164555
0.0165578
0.0166606
0.0167638
0.0168674
0.0169714
0.0170758
0.0171806
0.0172858
0.0173914
0.0174974
0.0176038
0.0177106
0.0178178
0.0179254
0.0180334
0.0181418
0.0182506
0.0183599
0.0184695
0.0185795
0.01869
0.0188008
0.0189121
0.0190238
0.0191359
0.0192484
0.0193613
0.0194746
0.0195883
0.0197024
0.019817
0.0199319
0.0200473
0.0201631
0.0202793
0.0203959
0.0205129
0.0206303
0.0207482
0.0208665
0.0209851
0.0211042
0.0212237
0.0213437
0.021464
0.0215848
0.0217059
0.0218275
0.0219496
0.022072
0.0221948
0.0223181
0.0224418
0.0225659
0.0226904
0.0228154
0.0229408
0.0230665
0.0231928
0.0233194
0.0234464
0.0235739
0.0237018
0.0238302
0.0239589
0.0240881
0.0242177
0.0243477
0.0244781
0.024609
0.0247403
0.024872
0.0250042
0.0251368
0.0252698
0.0254032
0.025537
0.0256713
0.025806
0.0259412
0.0260767
0.0262127
0.0263492
0.026486
0.0266233
0.026761
0.0268992
0.0270377
0.0271767
0.0273162
0.027456
0.0275963
0.0277371
0.0278782
0.0280198
0.0281618
0.0283043
0.0284472
0.0285905
0.0287343
0.0288785
0.0290231
0.0291681
0.0293136
0.0294596
0.0296059
0.0297527
0.0299
0.0300476
0.0301957
0.0303443
0.0304933
0.0306427
0.0307925
0.0309428
0.0310936
0.0312447
0.0313963
0.0315484
0.0317008
0.0318537
0.0320071
0.0321609
0.0323151
0.0324698
0.0326249
0.0327805
0.0329364
0.0330929
0.0332497
0.033407
0.0335648
0.033723
0.0338816
0.0340407
0.0342002
0.0343602
0.0345205
0.0346814
0.0348427
0.0350044
0.0351665
0.0353292
0.0354922
0.0356557
0.0358196
0.035984
0.0361488
0.0363141
0.0364798
0.0366459
0.0368125
0.0369796
0.037147
0.037315
0.0374833
0.0376521
0.0378214
0.0379911
0.0381613
0.0383318
0.0385029
0.0386744
0.0388463
0.0390187
0.0391915
0.0393648
0.0395385
0.0397126
0.0398872
0.0400623
0.0402378
0.0404137
0.0405901
0.0407669
0.0409442
0.0411219
0.0413001
0.0414787
0.0416578
0.0418373
0.0420173
0.0421977
0.0423785
0.0425598
0.0427416
0.0429238
0.0431064
0.0432895
0.0434731
0.0436571
0.0438415
0.0440264
0.0442117
0.0443975
0.0445838
0.0447704
0.0449576
0.0451451
0.0453332
0.0455216
0.0457106
0.0458999
0.0460898
0.04628
0.0464708
0.0466619
0.0468535
0.0470456
0.0472381
0.0474311
0.0476245
0.0478184
0.0480127
0.0482074
0.0484027
0.0485983
0.0487944
0.048991
0.049188
0.0493855
0.0495834
0.0497817
0.0499805
0.0501798
0.0503795
0.0505797
0.0507803
0.0509813
0.0511828
0.0513848
0.0515872
0.05179
0.0519933
0.0521971
0.0524013
0.0526059
0.0528111
0.0530166
0.0532226
0.0534291
0.053636
0.0538433
0.0540511
0.0542594
0.0544681
0.0546772
0.0548868
0.0550969
0.0553074
0.0555183
0.0557297
0.0559416
0.0561539
0.0563666
0.0565798
0.0567934
0.0570075
0.0572221
0.0574371
0.0576525
0.0578684
0.0580848
0.0583016
0.0585188
0.0587365
0.0589546
0.0591732
0.0593922
0.0596117
0.0598317
0.060052
0.0602729
0.0604942
0.0607159
0.0609381
0.0611607
0.0613838
0.0616073
0.0618313
0.0620557
0.0622805
0.0625059
0.0627316
0.0629578
0.0631845
0.0634116
0.0636392
0.0638672
0.0640956
0.0643245
0.0645539
0.0647837
0.0650139
0.0652446
0.0654757
0.0657073
0.0659393
0.0661718
0.0664047
0.0666381
0.0668719
0.0671062
0.0673409
0.067576
0.0678117
0.0680477
0.0682842
0.0685211
0.0687585
0.0689964
0.0692346
0.0694734
0.0697125
0.0699521
0.0701922
0.0704327
0.0706737
0.0709151
0.0711569
0.0713992
0.0716419
0.0718851
0.0721287
0.0723728
0.0726173
0.0728622
0.0731076
0.0733534
0.0735997
0.0738464
0.0740936
0.0743412
0.0745893
0.0748378
0.0750867
0.0753361
0.0755859
0.0758362
0.0760869
0.0763381
0.0765896
0.0768417
0.0770942
0.0773471
0.0776004
0.0778542
0.0781085
0.0783632
0.0786183
0.0788739
0.0791299
0.0793863
0.0796432
0.0799005
0.0801583
0.0804165
0.0806751
0.0809342
0.0811937
0.0814537
0.0817141
0.0819749
0.0822362
0.0824979
0.0827601
0.0830227
0.0832857
0.0835492
0.0838131
0.0840774
0.0843422
0.0846074
0.0848731
0.0851392
0.0854057
0.0856727
0.0859401
0.0862079
0.0864762
0.0867449
0.0870141
0.0872836
0.0875536
0.0878241
0.088095
0.0883663
0.0886381
0.0889102
0.0891829
0.0894559
0.0897294
0.0900033
0.0902777
0.0905525
0.0908277
0.0911033
0.0913794
0.0916559
0.0919329
0.0922103
0.0924881
0.0927663
0.093045
0.0933241
0.0936036
0.0938836
0.094164
0.0944448
0.0947261
0.0950078
0.0952899
0.0955724
0.0958554
0.0961388
0.0964227
0.0967069
0.0969916
0.0972767
0.0975623
0.0978482
0.0981346
0.0984215
0.0987087
0.0989964
0.0992845
0.099573
0.099862
0.100151
0.100441
0.100731
0.101022
0.101313
0.101605
0.101897
0.102189
0.102482
0.102775
0.103069
0.103363
0.103657
0.103952
0.104247
0.104543
0.104839
0.105136
0.105433
0.10573
0.106028
0.106326
0.106625
0.106924
0.107224
0.107524
0.107824
0.108125
0.108426
0.108728
0.10903
0.109332
0.109635
0.109938
0.110242
0.110546
0.110851
0.111156
0.111461
0.111767
0.112073
0.11238
0.112687
0.112994
0.113302
0.11361
0.113919
0.114228
0.114538
0.114848
0.115158
0.115469
0.11578
0.116092
0.116404
0.116716
0.117029
0.117342
0.117656
0.11797
0.118284
0.118599
0.118914
0.11923
0.119546
0.119863
0.12018
0.120497
0.120815
0.121133
0.121451
0.12177
0.12209
0.12241
0.12273
0.12305
0.123371
0.123693
0.124015
0.124337
0.124659
0.124982
0.125306
0.12563
0.125954
0.126279
0.126604
0.126929
0.127255
0.127581
0.127908
0.128235
0.128562
0.12889
0.129219
0.129547
0.129876
0.130206
0.130536
0.130866
0.131197
0.131528
0.131859
0.132191
0.132523
0.132856
0.133189
0.133522
0.133856
0.13419
0.134525
0.13486
0.135195
0.135531
0.135868
0.136204
0.136541
0.136879
0.137216
0.137554
0.137893
0.138232
0.138571
0.138911
0.139251
0.139592
0.139933
0.140274
0.140616
0.140958
0.1413
0.141643
0.141986
0.14233
0.142674
0.143019
0.143363
0.143709
0.144054
0.1444
0.144747
0.145093
0.14544
0.145788
0.146136
0.146484
0.146833
0.147182
0.147531
0.147881
0.148231
0.148582
0.148933
0.149284
0.149636
0.149988
0.150341
0.150694
0.151047
0.151401
0.151755
0.152109
0.152464
0.152819
0.153174
0.15353
0.153887
0.154243
0.1546
0.154958
0.155316
0.155674
0.156032
0.156391
0.156751
0.15711
0.15747
0.157831
0.158192
0.158553
0.158914
0.159276
0.159639
0.160001
0.160364
0.160728
0.161092
0.161456
0.16182
0.162185
0.16255
0.162916
0.163282
0.163648
0.164015
0.164382
0.16475
0.165118
0.165486
0.165854
0.166223
0.166593
0.166962
0.167332
0.167703
0.168074
0.168445
0.168816
0.169188
0.16956
0.169933
0.170306
0.170679
0.171053
0.171427
0.171801
0.172176
0.172551
0.172927
0.173303
0.173679
0.174055
0.174432
0.17481
0.175187
0.175565
0.175943
0.176322
0.176701
0.177081
0.17746
0.177841
0.178221
0.178602
0.178983
0.179365
0.179747
0.180129
0.180511
0.180894
0.181278
0.181661
0.182045
0.18243
0.182815
0.1832
0.183585
0.183971
0.184357
0.184743
0.18513
0.185517
0.185905
0.186293
0.186681
0.18707
0.187458
0.187848
0.188237
0.188627
0.189018
0.189408
0.189799
0.19019
0.190582
0.190974
0.191366
0.191759
0.192152
0.192546
0.192939
0.193333
0.193728
0.194122
0.194518
0.194913
0.195309
0.195705
0.196101
0.196498
0.196895
0.197293
0.19769
0.198088
0.198487
0.198886
0.199285
0.199684
0.200084
0.200484
0.200885
0.201286
0.201687
0.202088
0.20249
0.202892
0.203295
0.203697
0.2041
0.204504
0.204908
0.205312
0.205716
0.206121
0.206526
0.206932
0.207337
0.207743
0.20815
0.208557
0.208964
0.209371
0.209779
0.210187
0.210595
0.211004
0.211413
0.211822
0.212232
0.212642
0.213052
0.213463
0.213874
0.214285
0.214697
0.215109
0.215521
0.215933
0.216346
0.21676
0.217173
0.217587
0.218001
0.218416
0.21883
0.219246
0.219661
0.220077
0.220493
0.220909
0.221326
0.221743
0.22216
0.222578
0.222996
0.223414
0.223833
0.224251
0.224671
0.22509
0.22551
0.22593
0.226351
0.226771
0.227192
0.227614
0.228036
0.228458
0.22888
0.229302
0.229725
0.230149
0.230572
0.230996
0.23142
0.231845
0.232269
0.232694
0.23312
0.233545
0.233971
0.234398
0.234824
0.235251
0.235678
0.236106
0.236534
0.236962
0.23739
0.237819
0.238248
0.238677
0.239107
0.239537
0.239967
0.240397
0.240828
0.241259
0.241691
0.242122
0.242554
0.242987
0.243419
0.243852
0.244285
0.244719
0.245152
0.245586
0.246021
0.246455
0.24689
0.247326
0.247761
0.248197
0.248633
0.249069
0.249506
0.249943
0.25038
0.250818
0.251256
0.251694
0.252132
0.252571
0.25301
0.253449
0.253889
0.254328
0.254769
0.255209
0.25565
0.256091
0.256532
0.256973
0.257415
0.257857
0.2583
0.258742
0.259185
0.259629
0.260072
0.260516
0.26096
0.261404
0.261849
0.262294
0.262739
0.263185
0.26363
0.264076
0.264523
0.264969
0.265416
0.265863
0.266311
0.266758
0.267206
0.267655
0.268103
0.268552
0.269001
0.26945
0.2699
0.27035
0.2708
0.271251
0.271701
0.272152
0.272603
0.273055
0.273507
0.273959
0.274411
0.274864
0.275317
0.27577
0.276223
0.276677
0.277131
0.277585
0.278039
0.278494
0.278949
0.279404
0.27986
0.280316
0.280772
0.281228
0.281684
0.282141
0.282598
0.283056
0.283513
0.283971
0.284429
0.284888
0.285346
0.285805
0.286265
0.286724
0.287184
0.287644
0.288104
0.288564
0.289025
0.289486
0.289947
0.290409
0.290871
0.291333
0.291795
0.292257
0.29272
0.293183
0.293646
0.29411
0.294574
0.295038
0.295502
0.295967
0.296431
0.296896
0.297362
0.297827
0.298293
0.298759
0.299225
0.299692
0.300159
0.300626
0.301093
0.30156
0.302028
0.302496
0.302964
0.303433
0.303902
0.304371
0.30484
0.305309
0.305779
0.306249
0.306719
0.30719
0.30766
0.308131
0.308603
0.309074
0.309546
0.310017
0.31049
0.310962
0.311435
0.311907
0.312381
0.312854
0.313327
0.313801
0.314275
0.31475
0.315224
0.315699
0.316174
0.316649
0.317124
0.3176
0.318076
0.318552
0.319029
0.319505
0.319982
0.320459
0.320936
0.321414
0.321892
0.32237
0.322848
0.323326
0.323805
0.324284
0.324763
0.325243
0.325722
0.326202
0.326682
0.327162
0.327643
0.328124
0.328604
0.329086
0.329567
0.330049
0.330531
0.331013
0.331495
0.331977
0.33246
0.332943
0.333426
0.33391
0.334393
0.334877
0.335361
0.335846
0.33633
0.336815
0.3373
0.337785
0.33827
0.338756
0.339242
0.339728
0.340214
0.340701
0.341187
0.341674
0.342161
0.342649
0.343136
0.343624
0.344112
0.3446
0.345089
0.345577
0.346066
0.346555
0.347044
0.347534
0.348023
0.348513
0.349003
0.349494
0.349984
0.350475
0.350966
0.351457
0.351948
0.35244
0.352932
0.353424
0.353916
0.354408
0.354901
0.355394
0.355887
0.35638
0.356873
0.357367
0.357861
0.358355
0.358849
0.359343
0.359838
0.360333
0.360828
0.361323
0.361818
0.362314
0.36281
0.363306
0.363802
0.364298
0.364795
0.365292
0.365789
0.366286
0.366784
0.367281
0.367779
0.368277
0.368775
0.369274
0.369772
0.370271
0.37077
0.371269
0.371768
0.372268
0.372768
0.373268
0.373768
0.374268
0.374769
0.375269
0.37577
0.376271
0.376773
0.377274
0.377776
0.378278
0.37878
0.379282
0.379784
0.380287
0.38079
0.381293
0.381796
0.382299
0.382803
0.383306
0.38381
0.384314
0.384818
0.385323
0.385828
0.386332
0.386837
0.387343
0.387848
0.388353
0.388859
0.389365
0.389871
0.390377
0.390884
0.391391
0.391897
0.392404
0.392912
0.393419
0.393926
0.394434
0.394942
0.39545
0.395958
0.396467
0.396975
0.397484
0.397993
0.398502
0.399011
0.399521
0.40003
0.40054
0.40105
0.40156
0.402071
0.402581
0.403092
0.403603
0.404114
0.404625
0.405136
0.405648
0.406159
0.406671
0.407183
0.407695
0.408208
0.40872
0.409233
0.409746
0.410259
0.410772
0.411286
0.411799
0.412313
0.412827
0.413341
0.413855
0.414369
0.414884
0.415398
0.415913
0.416428
0.416943
0.417459
0.417974
0.41849
0.419006
0.419522
0.420038
0.420554
0.421071
0.421587
0.422104
0.422621
0.423138
0.423655
0.424173
0.42469
0.425208
0.425726
0.426244
0.426762
0.427281
0.427799
0.428318
0.428837
0.429356
0.429875
0.430394
0.430913
0.431433
0.431953
0.432473
0.432993
0.433513
0.434033
0.434554
0.435074
0.435595
0.436116
0.436637
0.437158
0.43768
0.438201
0.438723
0.439245
0.439767
0.440289
0.440811
0.441334
0.441856
0.442379
0.442902
0.443425
0.443948
0.444472
0.444995
0.445519
0.446042
0.446566
0.44709
0.447614
0.448139
0.448663
0.449188
0.449713
0.450237
0.450762
0.451288
0.451813
0.452338
0.452864
0.45339
0.453916
0.454442
0.454968
0.455494
0.45602
0.456547
0.457074
0.4576
0.458127
0.458654
0.459182
0.459709
0.460237
0.460764
0.461292
0.46182
0.462348
0.462876
0.463404
0.463933
0.464462
0.46499
0.465519
0.466048
0.466577
0.467106
0.467636
0.468165
0.468695
0.469225
0.469755
0.470285
0.470815
0.471345
0.471875
0.472406
0.472937
0.473467
0.473998
0.474529
0.47506
0.475592
0.476123
0.476655
0.477186
0.477718
0.47825
0.478782
0.479314
0.479847
0.480379
0.480912
0.481444
0.481977
0.48251
0.483043
0.483576
0.484109
0.484643
0.485176
0.48571
0.486244
0.486777
0.487311
0.487846
0.48838
0.488914
0.489449
0.489983
0.490518
0.491053
0.491588
0.492123
0.492658
0.493193
0.493728
0.494264
0.4948
0.495335
0.495871
0.496407
0.496943
0.497479
0.498016
0.498552
0.499089
0.499625
0.500162
0.500699
0.501236
0.501773
0.50231
0.502848
0.503385
0.503923
0.50446
0.504998
0.505536
0.506074
0.506612
0.50715
0.507688
0.508227
0.508765
0.509304
0.509843
0.510381
0.51092
0.511459
0.511999
0.512538
0.513077
0.513617
0.514156
0.514696
0.515236
0.515775
0.516315
0.516856
0.517396
0.517936
0.518476
0.519017
0.519557
0.520098
0.520639
0.52118
0.521721
0.522262
0.522803
0.523344
0.523886
0.524427
0.524969
0.525511
0.526052
0.526594
0.527136
0.527678
0.52822
0.528763
0.529305
0.529848
0.53039
0.530933
0.531475
0.532018
0.532561
0.533104
0.533647
0.534191
0.534734
0.535277
0.535821
0.536364
0.536908
0.537452
0.537996
0.53854
0.539084
0.539628
0.540172
0.540716
0.541261
0.541805
0.54235
0.542895
0.543439
0.543984
0.544529
0.545074
0.545619
0.546164
0.54671
0.547255
0.547801
0.548346
0.548892
0.549437
0.549983
0.550529
0.551075
0.551621
0.552167
0.552714
0.55326
0.553806
0.554353
0.554899
0.555446
0.555993
0.556539
0.557086
0.557633
0.55818
0.558727
0.559275
0.559822
0.560369
0.560917
0.561464
0.562012
0.56256
0.563107
0.563655
0.564203
0.564751
0.565299
0.565847
0.566396
0.566944
0.567492
0.568041
0.568589
0.569138
0.569687
0.570235
0.570784
0.571333
0.571882
0.572431
0.57298
0.57353
0.574079
0.574628
0.575178
0.575727
0.576277
0.576826
0.577376
0.577926
0.578476
0.579026
0.579576
0.580126
0.580676
0.581226
0.581776
0.582327
0.582877
0.583428
0.583978
0.584529
0.585079
0.58563
0.586181
0.586732
0.587283
0.587834
0.588385
0.588936
0.589487
0.590039
0.59059
0.591142
0.591693
0.592245
0.592796
0.593348
0.5939
0.594451
0.595003
0.595555
0.596107
0.596659
0.597211
0.597764
0.598316
0.598868
0.59942
0.599973
0.600525
0.601078
0.601631
0.602183
0.602736
0.603289
0.603842
0.604395
0.604947
0.605501
0.606054
0.606607
0.60716
0.607713
0.608267
0.60882
0.609373
0.609927
0.61048
0.611034
0.611588
0.612141
0.612695
0.613249
0.613803
0.614357
0.614911
0.615465
0.616019
0.616573
0.617127
0.617681
0.618236
0.61879
0.619344
0.619899
0.620453
0.621008
0.621563
0.622117
0.622672
0.623227
0.623781
0.624336
0.624891
0.625446
0.626001
0.626556
0.627111
0.627667
0.628222
0.628777
0.629332
0.629888
0.630443
0.630998
0.631554
0.632109
0.632665
0.633221
0.633776
0.634332
0.634888
0.635444
0.636
0.636555
0.637111
0.637667
0.638223
0.638779
0.639336
0.639892
0.640448
0.641004
0.64156
0.642117
0.642673
0.64323
0.643786
0.644343
0.644899
0.645456
0.646012
0.646569
0.647126
0.647682
0.648239
0.648796
0.649353
0.64991
0.650467
0.651024
0.651581
0.652138
0.652695
0.653252
0.653809
0.654366
0.654924
0.655481
0.656038
0.656595
0.657153
0.65771
0.658268
0.658825
0.659383
0.65994
0.660498
0.661056
0.661613
0.662171
0.662729
0.663286
0.663844
0.664402
0.66496
0.665518
0.666076
0.666634
0.667192
0.66775
0.668308
0.668866
0.669424
0.669982
0.67054
0.671098
0.671657
0.672215
0.672773
0.673332
0.67389
0.674448
0.675007
0.675565
0.676124
0.676682
0.677241
0.677799
0.678358
0.678916
0.679475
0.680034
0.680592
0.681151
0.68171
0.682269
0.682827
0.683386
0.683945
0.684504
0.685063
0.685622
0.686181
0.68674
0.687299
0.687858
0.688417
0.688976
0.689535
0.690094
0.690653
0.691212
0.691771
0.69233
0.69289
0.693449
0.694008
0.694567
0.695127
0.695686
0.696245
0.696805
0.697364
0.697923
0.698483
0.699042
0.699602
0.700161
0.700721
0.70128
0.70184
0.702399
0.702959
0.703518
0.704078
0.704638
0.705197
0.705757
0.706317
0.706876
0.707436
0.707996
0.708555
0.709115
0.709675
0.710235
0.710795
0.711354
0.711914
0.712474
0.713034
0.713594
0.714154
0.714713
0.715273
0.715833
0.716393
0.716953
0.717513
0.718073
0.718633
0.719193
0.719753
0.720313
0.720873
0.721433
0.721993
0.722553
0.723113
0.723673
0.724233
0.724793
0.725354
0.725914
0.726474
0.727034
0.727594
0.728154
0.728714
0.729275
0.729835
0.730395
0.730955
0.731515
0.732075
0.732636
0.733196
0.733756
0.734316
0.734877
0.735437
0.735997
0.736557
0.737118
0.737678
0.738238
0.738798
0.739359
0.739919
0.740479
0.741039
0.7416
0.74216
0.74272
0.743281
0.743841
0.744401
0.744962
0.745522
0.746082
0.746643
0.747203
0.747763
0.748323
0.748884
0.749444
0.750004
0.750565
0.751125
0.751685
0.752246
0.752806
0.753366
0.753927
0.754487
0.755047
0.755608
0.756168
0.756728
0.757289
0.757849
0.758409
0.75897
0.75953
0.76009
0.760651
0.761211
0.761771
0.762331
0.762892
0.763452
0.764012
0.764573
0.765133
0.765693
0.766253
0.766814
0.767374
0.767934
0.768494
0.769055
0.769615
0.770175
0.770735
0.771295
0.771856
0.772416
0.772976
0.773536
0.774096
0.774657
0.775217
0.775777
0.776337
0.776897
0.777457
0.778018
0.778578
0.779138
0.779698
0.780258
0.780818
0.781378
0.781938
0.782498
0.783058
0.783618
0.784178
0.784738
0.785298
0.785858
0.786418
0.786978
0.787538
0.788098
0.788658
0.789218
0.789778
0.790338
0.790898
0.791457
0.792017
0.792577
0.793137
0.793697
0.794257
0.794816
0.795376
0.795936
0.796496
0.797055
0.797615
0.798175
0.798734
0.799294
0.799854
0.800413
0.800973
0.801533
0.802092
0.802652
0.803211
0.803771
0.80433
0.80489
0.805449
0.806009
0.806568
0.807128
0.807687
0.808247
0.808806
0.809365
0.809925
0.810484
0.811043
0.811603
0.812162
0.812721
0.81328
0.81384
0.814399
0.814958
0.815517
0.816076
0.816635
0.817194
0.817753
0.818313
0.818872
0.819431
0.81999
0.820548
0.821107
0.821666
0.822225
0.822784
0.823343
0.823902
0.824461
0.825019
0.825578
0.826137
0.826696
0.827254
0.827813
0.828372
0.82893
0.829489
0.830047
0.830606
0.831164
0.831723
0.832281
0.83284
0.833398
0.833957
0.834515
0.835073
0.835632
0.83619
0.836748
0.837306
0.837865
0.838423
0.838981
0.839539
0.840097
0.840655
0.841213
0.841771
0.842329
0.842887
0.843445
0.844003
0.844561
0.845119
0.845677
0.846234
0.846792
0.84735
0.847908
0.848465
0.849023
0.849581
0.850138
0.850696
0.851253
0.851811
0.852368
0.852926
0.853483
0.85404
0.854598
0.855155
0.855712
0.856269
0.856827
0.857384
0.857941
0.858498
0.859055
0.859612
0.860169
0.860726
0.861283
0.86184
0.862397
0.862954
0.863511
0.864067
0.864624
0.865181
0.865737
0.866294
0.866851
0.867407
0.867964
0.86852
0.869077
0.869633
0.87019
0.870746
0.871302
0.871859
0.872415
0.872971
0.873527
0.874083
0.874639
0.875195
0.875751
0.876307
0.876863
0.877419
0.877975
0.878531
0.879087
0.879643
0.880198
0.880754
0.88131
0.881865
0.882421
0.882976
0.883532
0.884087
0.884643
0.885198
0.885753
0.886309
0.886864
0.887419
0.887974
0.88853
0.889085
0.88964
0.890195
0.89075
0.891305
0.891859
0.892414
0.892969
0.893524
0.894079
0.894633
0.895188
0.895743
0.896297
0.896852
0.897406
0.89796
0.898515
0.899069
0.899623
0.900178
0.900732
0.901286
0.90184
0.902394
0.902948
0.903502
0.904056
0.90461
0.905164
0.905718
0.906272
0.906825
0.907379
0.907933
0.908486
0.90904
0.909593
0.910147
0.9107
0.911253
0.911807
0.91236
0.912913
0.913466
0.91402
0.914573
0.915126
0.915679
0.916232
0.916784
0.917337
0.91789
0.918443
0.918996
0.919548
0.920101
0.920653
0.921206
0.921758
0.922311
0.922863
0.923415
0.923968
0.92452
0.925072
0.925624
0.926176
0.926728
0.92728
0.927832
0.928384
0.928936
0.929488
0.930039
0.930591
0.931143
0.931694
0.932246
0.932797
0.933348
0.9339
0.934451
0.935002
0.935554
0.936105
0.936656
0.937207
0.937758
0.938309
0.93886
0.939411
0.939961
0.940512
0.941063
0.941613
0.942164
0.942714
0.943265
0.943815
0.944366
0.944916
0.945466
0.946016
0.946567
0.947117
0.947667
0.948217
0.948767
0.949316
0.949866
0.950416
0.950966
0.951515
0.952065
0.952614
0.953164
0.953713
0.954263
0.954812
0.955361
0.95591
0.95646
0.957009
0.957558
0.958107
0.958656
0.959204
0.959753
0.960302
0.960851
0.961399
0.961948
0.962496
0.963045
0.963593
0.964142
0.96469
0.965238
0.965786
0.966334
0.966882
0.96743
0.967978
0.968526
0.969074
0.969622
0.970169
0.970717
0.971265
0.971812
0.97236
0.972907
0.973454
0.974002
0.974549
0.975096
0.975643
0.97619
0.976737
0.977284
0.977831
0.978378
0.978924
0.979471
0.980018
0.980564
0.981111
0.981657
0.982203
0.98275
0.983296
0.983842
0.984388
0.984934
0.98548
0.986026
0.986572
0.987118
0.987664
0.988209
0.988755
0.9893
0.989846
0.990391
0.990937
0.991482
0.992027
0.992572
0.993117
0.993662
0.994207
0.994752
0.995297
0.995842
0.996387
0.996931
0.997476
0.99802
0.998565
0.999109
0.999654
1.0002
1.00074
1.00129
1.00183
1.00237
1.00292
1.00346
1.00401
1.00455
1.00509
1.00564
1.00618
1.00672
1.00727
1.00781
1.00835
1.0089
1.00944
1.00998
1.01053
1.01107
1.01161
1.01215
1.0127
1.01324
1.01378
1.01433
1.01487
1.01541
1.01595
1.01649
1.01704
1.01758
1.01812
1.01866
1.0192
1.01975
1.02029
1.02083
1.02137
1.02191
1.02245
1.023
1.02354
1.02408
1.02462
1.02516
1.0257
1.02624
1.02678
1.02732
1.02787
1.02841
1.02895
1.02949
1.03003
1.03057
1.03111
1.03165
1.03219
1.03273
1.03327
1.03381
1.03435
1.03489
1.03543
1.03597
1.03651
1.03705
1.03759
1.03813
1.03867
1.03921
1.03974
1.04028
1.04082
1.04136
1.0419
1.04244
1.04298
1.04352
1.04406
1.04459
1.04513
1.04567
1.04621
1.04675
1.04729
1.04782
1.04836
1.0489
1.04944
1.04997
1.05051
1.05105
1.05159
1.05213
1.05266
1.0532
1.05374
1.05427
1.05481
1.05535
1.05589
1.05642
1.05696
1.0575
1.05803
1.05857
1.05911
1.05964
1.06018
1.06071
1.06125
1.06179
1.06232
1.06286
1.0634
1.06393
1.06447
1.065
1.06554
1.06607
1.06661
1.06714
1.06768
1.06821
1.06875
1.06928
1.06982
1.07035
1.07089
1.07142
1.07196
1.07249
1.07303
1.07356
1.0741
1.07463
1.07517
1.0757
1.07623
1.07677
1.0773
1.07783
1.07837
1.0789
1.07944
1.07997
1.0805
1.08104
1.08157
1.0821
1.08264
1.08317
1.0837
1.08423
1.08477
1.0853
1.08583
1.08636
1.0869
1.08743
1.08796
1.08849
1.08903
1.08956
1.09009
1.09062
1.09115
1.09169
1.09222
1.09275
1.09328
1.09381
1.09434
1.09487
1.0954
1.09594
1.09647
1.097
1.09753
1.09806
1.09859
1.09912
1.09965
1.10018
1.10071
1.10124
1.10177
1.1023
1.10283
1.10336
1.10389
1.10442
1.10495
1.10548
1.10601
1.10654
1.10707
1.1076
1.10813
1.10866
1.10918
1.10971
1.11024
1.11077
1.1113
1.11183
1.11236
1.11289
1.11341
1.11394
1.11447
1.115
1.11553
1.11605
1.11658
1.11711
1.11764
1.11816
1.11869
1.11922
1.11975
1.12027
1.1208
1.12133
1.12185
1.12238
1.12291
1.12343
1.12396
1.12449
1.12501
1.12554
1.12607
1.12659
1.12712
1.12764
1.12817
1.1287
1.12922
1.12975
1.13027
1.1308
1.13132
1.13185
1.13237
1.1329
1.13342
1.13395
1.13447
1.135
1.13552
1.13605
1.13657
1.1371
1.13762
1.13815
1.13867
1.13919
1.13972
1.14024
1.14077
1.14129
1.14181
1.14234
1.14286
1.14338
1.14391
1.14443
1.14495
1.14548
1.146
1.14652
1.14704
1.14757
1.14809
1.14861
1.14913
1.14966
1.15018
1.1507
1.15122
1.15174
1.15227
1.15279
1.15331
1.15383
1.15435
1.15487
1.1554
1.15592
1.15644
1.15696
1.15748
1.158
1.15852
1.15904
1.15956
1.16008
1.1606
1.16112
1.16164
1.16216
1.16268
1.1632
1.16372
1.16424
1.16476
1.16528
1.1658
1.16632
1.16684
1.16736
1.16788
1.1684
1.16892
1.16943
1.16995
1.17047
1.17099
1.17151
1.17203
1.17255
1.17306
1.17358
1.1741
1.17462
1.17514
1.17565
1.17617
1.17669
1.17721
1.17772
1.17824
1.17876
1.17927
1.17979
1.18031
1.18083
1.18134
1.18186
1.18237
1.18289
1.18341
1.18392
1.18444
1.18496
1.18547
1.18599
1.1865
1.18702
1.18753
1.18805
1.18857
1.18908
1.1896
1.19011
1.19063
1.19114
1.19166
1.19217
1.19268
1.1932
1.19371
1.19423
1.19474
1.19526
1.19577
1.19628
1.1968
1.19731
1.19783
1.19834
1.19885
1.19937
1.19988
1.20039
1.2009
1.20142
1.20193
1.20244
1.20296
1.20347
1.20398
1.20449
1.20501
1.20552
1.20603
1.20654
1.20705
1.20757
1.20808
1.20859
1.2091
1.20961
1.21012
1.21063
1.21115
1.21166
1.21217
1.21268
1.21319
1.2137
1.21421
1.21472
1.21523
1.21574
1.21625
1.21676
1.21727
1.21778
1.21829
1.2188
1.21931
1.21982
1.22033
1.22084
1.22135
1.22186
1.22237
1.22287
1.22338
1.22389
1.2244
1.22491
1.22542
1.22593
1.22643
1.22694
1.22745
1.22796
1.22847
1.22897
1.22948
1.22999
1.2305
1.231
1.23151
1.23202
1.23252
1.23303
1.23354
1.23405
1.23455
1.23506
1.23556
1.23607
1.23658
1.23708
1.23759
1.2381
1.2386
1.23911
1.23961
1.24012
1.24062
1.24113
1.24163
1.24214
1.24264
1.24315
1.24365
1.24416
1.24466
1.24517
1.24567
1.24618
1.24668
1.24718
1.24769
1.24819
1.2487
1.2492
1.2497
1.25021
1.25071
1.25121
1.25172
1.25222
1.25272
1.25323
1.25373
1.25423
1.25473
1.25524
1.25574
1.25624
1.25674
1.25725
1.25775
1.25825
1.25875
1.25925
1.25975
1.26026
1.26076
1.26126
1.26176
1.26226
1.26276
1.26326
1.26376
1.26426
1.26476
1.26527
1.26577
1.26627
1.26677
1.26727
1.26777
1.26827
1.26877
1.26927
1.26976
1.27026
1.27076
1.27126
1.27176
1.27226
1.27276
1.27326
1.27376
1.27426
1.27475
1.27525
1.27575
1.27625
1.27675
1.27725
1.27774
1.27824
1.27874
1.27924
1.27973
1.28023
1.28073
1.28123
1.28172
1.28222
1.28272
1.28321
1.28371
1.28421
1.2847
1.2852
1.2857
1.28619
1.28669
1.28718
1.28768
1.28818
1.28867
1.28917
1.28966
1.29016
1.29065
1.29115
1.29164
1.29214
1.29263
1.29313
1.29362
1.29412
1.29461
1.2951
1.2956
1.29609
1.29659
1.29708
1.29757
1.29807
1.29856
1.29905
1.29955
1.30004
1.30053
1.30103
1.30152
1.30201
1.30251
1.303
1.30349
1.30398
1.30447
1.30497
1.30546
1.30595
1.30644
1.30693
1.30743
1.30792
1.30841
1.3089
1.30939
1.30988
1.31037
1.31086
1.31136
1.31185
1.31234
1.31283
1.31332
1.31381
1.3143
1.31479
1.31528
1.31577
1.31626
1.31675
1.31724
1.31773
1.31821
1.3187
1.31919
1.31968
1.32017
1.32066
1.32115
1.32164
1.32213
1.32261
1.3231
1.32359
1.32408
1.32457
1.32505
1.32554
1.32603
1.32652
1.327
1.32749
1.32798
1.32846
1.32895
1.32944
1.32993
1.33041
1.3309
1.33138
1.33187
1.33236
1.33284
1.33333
1.33382
1.3343
1.33479
1.33527
1.33576
1.33624
1.33673
1.33721
1.3377
1.33818
1.33867
1.33915
1.33964
1.34012
1.34061
1.34109
1.34157
1.34206
1.34254
1.34303
1.34351
1.34399
1.34448
1.34496
1.34544
1.34593
1.34641
1.34689
1.34738
1.34786
1.34834
1.34882
1.34931
1.34979
1.35027
1.35075
1.35123
1.35172
1.3522
1.35268
1.35316
1.35364
1.35412
1.3546
1.35509
1.35557
1.35605
1.35653
1.35701
1.35749
1.35797
1.35845
1.35893
1.35941
1.35989
1.36037
1.36085
1.36133
1.36181
1.36229
1.36277
1.36325
1.36373
1.36421
1.36468
1.36516
1.36564
1.36612
1.3666
1.36708
1.36756
1.36803
1.36851
1.36899
1.36947
1.36995
1.37042
1.3709
1.37138
1.37186
1.37233
1.37281
1.37329
1.37376
1.37424
1.37472
1.37519
1.37567
1.37615
1.37662
1.3771
1.37757
1.37805
1.37853
1.379
1.37948
1.37995
1.38043
1.3809
1.38138
1.38185
1.38233
1.3828
1.38328
1.38375
1.38423
1.3847
1.38517
1.38565
1.38612
1.3866
1.38707
1.38754
1.38802
1.38849
1.38896
1.38944
1.38991
1.39038
1.39086
1.39133
1.3918
1.39227
1.39275
1.39322
1.39369
1.39416
1.39463
1.39511
1.39558
1.39605
1.39652
1.39699
1.39746
1.39794
1.39841
1.39888
1.39935
1.39982
1.40029
1.40076
1.40123
1.4017
1.40217
1.40264
1.40311
1.40358
1.40405
1.40452
1.40499
1.40546
1.40593
1.4064
1.40687
1.40734
1.4078
1.40827
1.40874
1.40921
1.40968
1.41015
1.41062
1.41108
1.41155
1.41202
1.41249
1.41295
1.41342
1.41389
1.41436
1.41482
1.41529
1.41576
1.41622
1.41669
1.41716
1.41762
1.41809
1.41856
1.41902
1.41949
1.41996
1.42042
1.42089
1.42135
1.42182
1.42228
1.42275
1.42321
1.42368
1.42414
1.42461
1.42507
1.42554
1.426
1.42647
1.42693
1.4274
1.42786
1.42832
1.42879
1.42925
1.42971
1.43018
1.43064
1.4311
1.43157
1.43203
1.43249
1.43296
1.43342
1.43388
1.43434
1.43481
1.43527
1.43573
1.43619
1.43665
1.43712
1.43758
1.43804
1.4385
1.43896
1.43942
1.43988
1.44035
1.44081
1.44127
1.44173
1.44219
1.44265
1.44311
1.44357
1.44403
1.44449
1.44495
1.44541
1.44587
1.44633
1.44679
1.44725
1.44771
1.44817
1.44862
1.44908
1.44954
1.45
1.45046
1.45092
1.45138
1.45183
1.45229
1.45275
1.45321
1.45367
1.45412
1.45458
1.45504
1.4555
1.45595
1.45641
1.45687
1.45732
1.45778
1.45824
1.45869
1.45915
1.45961
1.46006
1.46052
1.46097
1.46143
1.46189
1.46234
1.4628
1.46325
1.46371
1.46416
1.46462
1.46507
1.46553
1.46598
1.46644
1.46689
1.46734
1.4678
1.46825
1.46871
1.46916
1.46961
1.47007
1.47052
1.47097
1.47143
1.47188
1.47233
1.47279
1.47324
1.47369
1.47415
1.4746
1.47505
1.4755
1.47595
1.47641
1.47686
1.47731
1.47776
1.47821
1.47867
1.47912
1.47957
1.48002
1.48047
1.48092
1.48137
1.48182
1.48227
1.48272
1.48317
1.48362
1.48407
1.48452
1.48497
1.48542
1.48587
1.48632
1.48677
1.48722
1.48767
1.48812
1.48857
1.48902
1.48947
1.48992
1.49036
1.49081
1.49126
1.49171
1.49216
1.4926
1.49305
1.4935
1.49395
1.4944
1.49484
1.49529
1.49574
1.49618
1.49663
1.49708
1.49752
1.49797
1.49842
1.49886
1.49931
1.49976
1.5002
1.50065
1.50109
1.50154
1.50198
1.50243
1.50288
1.50332
1.50377
1.50421
1.50466
1.5051
1.50554
1.50599
1.50643
1.50688
1.50732
1.50777
1.50821
1.50865
1.5091
1.50954
1.50998
1.51043
1.51087
1.51131
1.51176
1.5122
1.51264
1.51309
1.51353
1.51397
1.51441
1.51486
1.5153
1.51574
1.51618
1.51662
1.51706
1.51751
1.51795
1.51839
1.51883
1.51927
1.51971
1.52015
1.52059
1.52103
1.52147
1.52191
1.52236
1.5228
1.52324
1.52368
1.52412
1.52455
1.52499
1.52543
1.52587
1.52631
1.52675
1.52719
1.52763
1.52807
1.52851
1.52895
1.52938
1.52982
1.53026
1.5307
1.53114
1.53157
1.53201
1.53245
1.53289
1.53332
1.53376
1.5342
1.53464
1.53507
1.53551
1.53595
1.53638
1.53682
1.53726
1.53769
1.53813
1.53856
1.539
1.53944
1.53987
1.54031
1.54074
1.54118
1.54161
1.54205
1.54248
1.54292
1.54335
1.54379
1.54422
1.54466
1.54509
1.54552
1.54596
1.54639
1.54683
1.54726
1.54769
1.54813
1.54856
1.54899
1.54943
1.54986
1.55029
1.55073
1.55116
1.55159
1.55202
1.55246
1.55289
1.55332
1.55375
1.55418
1.55462
1.55505
1.55548
1.55591
1.55634
1.55677
1.5572
1.55763
1.55807
1.5585
1.55893
1.55936
1.55979
1.56022
1.56065
1.56108
1.56151
1.56194
1.56237
1.5628
1.56323
1.56366
1.56409
1.56451
1.56494
1.56537
1.5658
1.56623
1.56666
1.56709
1.56751
1.56794
1.56837
1.5688
1.56923
1.56965
1.57008
1.57051
1.57094
1.57136
1.57179
1.57222
1.57265
1.57307
1.5735
1.57393
1.57435
1.57478
1.5752
1.57563
1.57606
1.57648
1.57691
1.57733
1.57776
1.57818
1.57861
1.57904
1.57946
1.57989
1.58031
1.58073
1.58116
1.58158
1.58201
1.58243
1.58286
1.58328
1.5837
1.58413
1.58455
1.58498
1.5854
1.58582
1.58625
1.58667
1.58709
1.58751
1.58794
1.58836
1.58878
1.58921
1.58963
1.59005
1.59047
1.59089
1.59132
1.59174
1.59216
1.59258
1.593
1.59342
1.59384
1.59427
1.59469
1.59511
1.59553
1.59595
1.59637
1.59679
1.59721
1.59763
1.59805
1.59847
1.59889
1.59931
1.59973
1.60015
1.60057
1.60099
1.60141
1.60182
1.60224
1.60266
1.60308
1.6035
1.60392
1.60434
1.60475
1.60517
1.60559
1.60601
1.60643
1.60684
1.60726
1.60768
1.6081
1.60851
1.60893
1.60935
1.60976
1.61018
1.6106
1.61101
1.61143
1.61185
1.61226
1.61268
1.61309
1.61351
1.61393
1.61434
1.61476
1.61517
1.61559
1.616
1.61642
1.61683
1.61725
1.61766
1.61808
1.61849
1.6189
1.61932
1.61973
1.62015
1.62056
1.62097
1.62139
1.6218
1.62221
1.62263
1.62304
1.62345
1.62387
1.62428
1.62469
1.6251
1.62552
1.62593
1.62634
1.62675
1.62716
1.62758
1.62799
1.6284
1.62881
1.62922
1.62963
1.63005
1.63046
1.63087
1.63128
1.63169
1.6321
1.63251
1.63292
1.63333
1.63374
1.63415
1.63456
1.63497
1.63538
1.63579
1.6362
1.63661
1.63702
1.63743
1.63784
1.63824
1.63865
1.63906
1.63947
1.63988
1.64029
1.6407
1.6411
1.64151
1.64192
1.64233
1.64273
1.64314
1.64355
1.64396
1.64436
1.64477
1.64518
1.64558
1.64599
1.6464
1.6468
1.64721
1.64762
1.64802
1.64843
1.64883
1.64924
1.64965
1.65005
1.65046
1.65086
1.65127
1.65167
1.65208
1.65248
1.65289
1.65329
1.6537
1.6541
1.6545
1.65491
1.65531
1.65572
1.65612
1.65652
1.65693
1.65733
1.65774
1.65814
1.65854
1.65894
1.65935
1.65975
1.66015
1.66056
1.66096
1.66136
1.66176
1.66216
1.66257
1.66297
1.66337
1.66377
1.66417
1.66457
1.66498
1.66538
1.66578
1.66618
1.66658
1.66698
1.66738
1.66778
1.66818
1.66858
1.66898
1.66938
1.66978
1.67018
1.67058
1.67098
1.67138
1.67178
1.67218
1.67258
1.67298
1.67338
1.67378
1.67417
1.67457
1.67497
1.67537
1.67577
1.67617
1.67656
1.67696
1.67736
1.67776
1.67815
1.67855
1.67895
1.67935
1.67974
1.68014
1.68054
1.68093
1.68133
1.68173
1.68212
1.68252
1.68292
1.68331
1.68371
1.6841
1.6845
1.6849
1.68529
1.68569
1.68608
1.68648
1.68687
1.68727
1.68766
1.68806
1.68845
1.68885
1.68924
1.68963
1.69003
1.69042
1.69082
1.69121
1.6916
1.692
1.69239
1.69278
1.69318
1.69357
1.69396
1.69436
1.69475
1.69514
1.69553
1.69593
1.69632
1.69671
1.6971
1.69749
1.69789
1.69828
1.69867
1.69906
1.69945
1.69984
1.70024
1.70063
1.70102
1.70141
1.7018
1.70219
1.70258
1.70297
1.70336
1.70375
1.70414
1.70453
1.70492
1.70531
1.7057
1.70609
1.70648
1.70687
1.70726
1.70765
1.70803
1.70842
1.70881
1.7092
1.70959
1.70998
1.71037
1.71075
1.71114
1.71153
1.71192
1.71231
1.71269
1.71308
1.71347
1.71385
1.71424
1.71463
1.71502
1.7154
1.71579
1.71618
1.71656
1.71695
1.71733
1.71772
1.71811
1.71849
1.71888
1.71926
1.71965
1.72003
1.72042
1.72081
1.72119
1.72158
1.72196
1.72234
1.72273
1.72311
1.7235
1.72388
1.72427
1.72465
1.72503
1.72542
1.7258
1.72619
1.72657
1.72695
1.72734
1.72772
1.7281
1.72848
1.72887
1.72925
1.72963
1.73002
1.7304
1.73078
1.73116
1.73154
1.73193
1.73231
1.73269
1.73307
1.73345
1.73383
1.73421
1.7346
1.73498
1.73536
1.73574
1.73612
1.7365
1.73688
1.73726
1.73764
1.73802
1.7384
1.73878
1.73916
1.73954
1.73992
1.7403
1.74068
1.74106
1.74144
1.74182
1.74219
1.74257
1.74295
1.74333
1.74371
1.74409
1.74447
1.74484
1.74522
1.7456
1.74598
1.74635
1.74673
1.74711
1.74749
1.74786
1.74824
1.74862
1.74899
1.74937
1.74975
1.75012
1.7505
1.75088
1.75125
1.75163
1.75201
1.75238
1.75276
1.75313
1.75351
1.75388
1.75426
1.75463
1.75501
1.75538
1.75576
1.75613
1.75651
1.75688
1.75726
1.75763
1.75801
1.75838
1.75875
1.75913
1.7595
1.75987
1.76025
1.76062
1.76099
1.76137
1.76174
1.76211
1.76249
1.76286
1.76323
1.7636
1.76398
1.76435
1.76472
1.76509
1.76547
1.76584
1.76621
1.76658
1.76695
1.76732
1.76769
1.76807
1.76844
1.76881
1.76918
1.76955
1.76992
1.77029
1.77066
1.77103
1.7714
1.77177
1.77214
1.77251
1.77288
1.77325
1.77362
1.77399
1.77436
1.77473
1.7751
1.77547
1.77583
1.7762
1.77657
1.77694
1.77731
1.77768
1.77804
1.77841
1.77878
1.77915
1.77952
1.77988
1.78025
1.78062
1.78099
1.78135
1.78172
1.78209
1.78245
1.78282
1.78319
1.78355
1.78392
1.78429
1.78465
1.78502
1.78538
1.78575
1.78612
1.78648
1.78685
1.78721
1.78758
1.78794
1.78831
1.78867
1.78904
1.7894
1.78977
1.79013
1.7905
1.79086
1.79122
1.79159
1.79195
1.79232
1.79268
1.79304
1.79341
1.79377
1.79413
1.7945
1.79486
1.79522
1.79559
1.79595
1.79631
1.79667
1.79704
1.7974
1.79776
1.79812
1.79848
1.79885
1.79921
1.79957
1.79993
1.80029
1.80065
1.80102
1.80138
1.80174
1.8021
1.80246
1.80282
1.80318
1.80354
1.8039
1.80426
1.80462
1.80498
1.80534
1.8057
1.80606
1.80642
1.80678
1.80714
1.8075
1.80786
1.80822
1.80857
1.80893
1.80929
1.80965
1.81001
1.81037
1.81073
1.81108
1.81144
1.8118
1.81216
1.81252
1.81287
1.81323
1.81359
1.81395
1.8143
1.81466
1.81502
1.81537
1.81573
1.81609
1.81644
1.8168
1.81716
1.81751
1.81787
1.81822
1.81858
1.81894
1.81929
1.81965
1.82
1.82036
1.82071
1.82107
1.82142
1.82178
1.82213
1.82249
1.82284
1.8232
1.82355
1.8239
1.82426
1.82461
1.82497
1.82532
1.82567
1.82603
1.82638
1.82673
1.82709
1.82744
1.82779
1.82815
1.8285
1.82885
1.8292
1.82956
1.82991
1.83026
1.83061
1.83096
1.83132
1.83167
1.83202
1.83237
1.83272
1.83307
1.83343
1.83378
1.83413
1.83448
1.83483
1.83518
1.83553
1.83588
1.83623
1.83658
1.83693
1.83728
1.83763
1.83798
1.83833
1.83868
1.83903
1.83938
1.83973
1.84008
1.84043
1.84078
1.84113
1.84148
1.84182
1.84217
1.84252
1.84287
1.84322
1.84357
1.84391
1.84426
1.84461
1.84496
1.8453
1.84565
1.846
1.84635
1.84669
1.84704
1.84739
1.84773
1.84808
1.84843
1.84877
1.84912
1.84947
1.84981
1.85016
1.85051
1.85085
1.8512
1.85154
1.85189
1.85223
1.85258
1.85292
1.85327
1.85361
1.85396
1.8543
1.85465
1.85499
1.85534
1.85568
1.85603
1.85637
1.85671
1.85706
1.8574
1.85775
1.85809
1.85843
1.85878
1.85912
1.85946
1.85981
1.86015
1.86049
1.86083
1.86118
1.86152
1.86186
1.8622
1.86255
1.86289
1.86323
1.86357
1.86391
1.86426
1.8646
1.86494
1.86528
1.86562
1.86596
1.8663
1.86665
1.86699
1.86733
1.86767
1.86801
1.86835
1.86869
1.86903
1.86937
1.86971
1.87005
1.87039
1.87073
1.87107
1.87141
1.87175
1.87209
1.87243
1.87276
1.8731
1.87344
1.87378
1.87412
1.87446
1.8748
1.87513
1.87547
1.87581
1.87615
1.87649
1.87682
1.87716
1.8775
1.87784
1.87817
1.87851
1.87885
1.87919
1.87952
1.87986
1.8802
1.88053
1.88087
1.88121
1.88154
1.88188
1.88221
1.88255
1.88289
1.88322
1.88356
1.88389
1.88423
1.88456
1.8849
1.88523
1.88557
1.8859
1.88624
1.88657
1.88691
1.88724
1.88758
1.88791
1.88825
1.88858
1.88891
1.88925
1.88958
1.88991
1.89025
1.89058
1.89091
1.89125
1.89158
1.89191
1.89225
1.89258
1.89291
1.89325
1.89358
1.89391
1.89424
1.89457
1.89491
1.89524
1.89557
1.8959
1.89623
1.89657
1.8969
1.89723
1.89756
1.89789
1.89822
1.89855
1.89888
1.89921
1.89954
1.89987
1.90021
1.90054
1.90087
1.9012
1.90153
1.90186
1.90219
1.90252
1.90284
1.90317
1.9035
1.90383
1.90416
1.90449
1.90482
1.90515
1.90548
1.90581
1.90613
1.90646
1.90679
1.90712
1.90745
1.90778
1.9081
1.90843
1.90876
1.90909
1.90941
1.90974
1.91007
1.9104
1.91072
1.91105
1.91138
1.9117
1.91203
1.91236
1.91268
1.91301
1.91334
1.91366
1.91399
1.91431
1.91464
1.91496
1.91529
1.91562
1.91594
1.91627
1.91659
1.91692
1.91724
1.91757
1.91789
1.91822
1.91854
1.91887
1.91919
1.91951
1.91984
1.92016
1.92049
1.92081
1.92113
1.92146
1.92178
1.9221
1.92243
1.92275
1.92307
1.9234
1.92372
1.92404
1.92437
1.92469
1.92501
1.92533
1.92565
1.92598
1.9263
1.92662
1.92694
1.92726
1.92759
1.92791
1.92823
1.92855
1.92887
1.92919
1.92951
1.92984
1.93016
1.93048
1.9308
1.93112
1.93144
1.93176
1.93208
1.9324
1.93272
1.93304
1.93336
1.93368
1.934
1.93432
1.93464
1.93496
1.93528
1.93559
1.93591
1.93623
1.93655
1.93687
1.93719
1.93751
1.93783
1.93814
1.93846
1.93878
1.9391
1.93942
1.93973
1.94005
1.94037
1.94069
1.941
1.94132
1.94164
1.94196
1.94227
1.94259
1.94291
1.94322
1.94354
1.94386
1.94417
1.94449
1.9448
1.94512
1.94544
1.94575
1.94607
1.94638
1.9467
1.94701
1.94733
1.94765
1.94796
1.94828
1.94859
1.94891
1.94922
1.94953
1.94985
1.95016
1.95048
1.95079
1.95111
1.95142
1.95173
1.95205
1.95236
1.95268
1.95299
1.9533
1.95362
1.95393
1.95424
1.95455
1.95487
1.95518
1.95549
1.95581
1.95612
1.95643
1.95674
1.95706
1.95737
1.95768
1.95799
1.9583
1.95861
1.95893
1.95924
1.95955
1.95986
1.96017
1.96048
1.96079
1.9611
1.96142
1.96173
1.96204
1.96235
1.96266
1.96297
1.96328
1.96359
1.9639
1.96421
1.96452
1.96483
1.96514
1.96545
1.96576
1.96607
1.96637
1.96668
1.96699
1.9673
1.96761
1.96792
1.96823
1.96854
1.96884
1.96915
1.96946
1.96977
1.97008
1.97038
1.97069
1.971
1.97131
1.97162
1.97192
1.97223
1.97254
1.97284
1.97315
1.97346
1.97376
1.97407
1.97438
1.97468
1.97499
1.9753
1.9756
1.97591
1.97622
1.97652
1.97683
1.97713
1.97744
1.97774
1.97805
1.97835
1.97866
1.97897
1.97927
1.97957
1.97988
1.98018
1.98049
1.98079
1.9811
1.9814
1.98171
1.98201
1.98231
1.98262
1.98292
1.98323
1.98353
1.98383
1.98414
1.98444
1.98474
1.98505
1.98535
1.98565
1.98595
1.98626
1.98656
1.98686
1.98717
1.98747
1.98777
1.98807
1.98837
1.98868
1.98898
1.98928
1.98958
1.98988
1.99018
1.99049
1.99079
1.99109
1.99139
1.99169
1.99199
1.99229
1.99259
1.99289
1.99319
1.99349
1.99379
1.99409
1.99439
1.99469
1.99499
1.99529
1.99559
1.99589
1.99619
1.99649
1.99679
1.99709
1.99739
1.99769
1.99799
1.99829
1.99858
1.99888
1.99918
1.99948
1.99978
2.00008
2.00037
2.00067
2.00097
2.00127
2.00157
2.00186
2.00216
2.00246
2.00276
2.00305
2.00335
2.00365
2.00394
2.00424
2.00454
2.00483
2.00513
2.00543
2.00572
2.00602
2.00632
2.00661
2.00691
2.0072
2.0075
2.0078
2.00809
2.00839
2.00868
2.00898
2.00927
2.00957
2.00986
2.01016
2.01045
2.01075
2.01104
2.01134
2.01163
2.01192
2.01222
2.01251
2.01281
2.0131
2.01339
2.01369
2.01398
2.01428
2.01457
2.01486
2.01516
2.01545
2.01574
2.01603
2.01633
2.01662
2.01691
2.01721
2.0175
2.01779
2.01808
2.01837
2.01867
2.01896
2.01925
2.01954
2.01983
2.02013
2.02042
2.02071
2.021
2.02129
2.02158
2.02187
2.02216
2.02246
2.02275
2.02304
2.02333
2.02362
2.02391
2.0242
2.02449
2.02478
2.02507
2.02536
2.02565
2.02594
2.02623
2.02652
2.02681
2.0271
2.02738
2.02767
2.02796
2.02825
2.02854
2.02883
2.02912
2.02941
2.0297
2.02998
2.03027
2.03056
2.03085
2.03114
2.03142
2.03171
2.032
2.03229
2.03257
2.03286
2.03315
2.03344
2.03372
2.03401
2.0343
2.03458
2.03487
2.03516
2.03544
2.03573
2.03602
2.0363
2.03659
2.03688
2.03716
2.03745
2.03773
2.03802
2.0383
2.03859
2.03888
2.03916
2.03945
2.03973
2.04002
2.0403
2.04059
2.04087
2.04115
2.04144
2.04172
2.04201
2.04229
2.04258
2.04286
2.04314
2.04343
2.04371
2.044
2.04428
2.04456
2.04485
2.04513
2.04541
2.0457
2.04598
2.04626
2.04655
2.04683
2.04711
2.04739
2.04768
2.04796
2.04824
2.04852
2.0488
2.04909
2.04937
2.04965
2.04993
2.05021
2.0505
2.05078
2.05106
2.05134
2.05162
2.0519
2.05218
2.05246
2.05274
2.05303
2.05331
2.05359
2.05387
2.05415
2.05443
2.05471
2.05499
2.05527
2.05555
2.05583
2.05611
2.05639
2.05667
2.05695
2.05722
2.0575
2.05778
2.05806
2.05834
2.05862
2.0589
2.05918
2.05946
2.05973
2.06001
2.06029
2.06057
2.06085
2.06113
2.0614
2.06168
2.06196
2.06224
2.06251
2.06279
2.06307
2.06335
2.06362
2.0639
2.06418
2.06445
2.06473
2.06501
2.06528
2.06556
2.06584
2.06611
2.06639
2.06667
2.06694
2.06722
2.06749
2.06777
2.06805
2.06832
2.0686
2.06887
2.06915
2.06942
2.0697
2.06997
2.07025
2.07052
2.0708
2.07107
2.07135
2.07162
2.0719
2.07217
2.07244
2.07272
2.07299
2.07327
2.07354
2.07381
2.07409
2.07436
2.07463
2.07491
2.07518
2.07545
2.07573
2.076
2.07627
2.07655
2.07682
2.07709
2.07736
2.07764
2.07791
2.07818
2.07845
2.07873
2.079
2.07927
2.07954
2.07981
2.08008
2.08036
2.08063
2.0809
2.08117
2.08144
2.08171
2.08198
2.08225
2.08253
2.0828
2.08307
2.08334
2.08361
2.08388
2.08415
2.08442
2.08469
2.08496
2.08523
2.0855
2.08577
2.08604
2.08631
2.08658
2.08685
2.08712
2.08738
2.08765
2.08792
2.08819
2.08846
2.08873
2.089
2.08927
2.08954
2.0898
2.09007
2.09034
2.09061
2.09088
2.09114
2.09141
2.09168
2.09195
2.09222
2.09248
2.09275
2.09302
2.09328
2.09355
2.09382
2.09409
2.09435
2.09462
2.09489
2.09515
2.09542
2.09569
2.09595
2.09622
2.09648
2.09675
2.09702
2.09728
2.09755
2.09781
2.09808
2.09834
2.09861
2.09888
2.09914
2.09941
2.09967
2.09994
2.1002
2.10047
2.10073
2.10099
2.10126
2.10152
2.10179
2.10205
2.10232
2.10258
2.10284
2.10311
2.10337
2.10364
2.1039
2.10416
2.10443
2.10469
2.10495
2.10522
2.10548
2.10574
2.10601
2.10627
2.10653
2.10679
2.10706
2.10732
2.10758
2.10784
2.10811
2.10837
2.10863
2.10889
2.10915
2.10942
2.10968
2.10994
2.1102
2.11046
2.11072
2.11098
2.11125
2.11151
2.11177
2.11203
2.11229
2.11255
2.11281
2.11307
2.11333
2.11359
2.11385
2.11411
2.11437
2.11463
2.11489
2.11515
2.11541
2.11567
2.11593
2.11619
2.11645
2.11671
2.11697
2.11723
2.11749
2.11775
2.118
2.11826
2.11852
2.11878
2.11904
2.1193
2.11956
2.11981
2.12007
2.12033
2.12059
2.12085
2.1211
2.12136
2.12162
2.12188
2.12213
2.12239
2.12265
2.12291
2.12316
2.12342
2.12368
2.12393
2.12419
2.12445
2.1247
2.12496
2.12522
2.12547
2.12573
2.12599
2.12624
2.1265
2.12675
2.12701
2.12726
2.12752
2.12778
2.12803
2.12829
2.12854
2.1288
2.12905
2.12931
2.12956
2.12982
2.13007
2.13033
2.13058
2.13084
2.13109
2.13134
2.1316
2.13185
2.13211
2.13236
2.13261
2.13287
2.13312
2.13338
2.13363
2.13388
2.13414
2.13439
2.13464
2.1349
2.13515
2.1354
2.13565
2.13591
2.13616
2.13641
2.13667
2.13692
2.13717
2.13742
2.13767
2.13793
2.13818
2.13843
2.13868
2.13893
2.13919
2.13944
2.13969
2.13994
2.14019
2.14044
2.14069
2.14094
2.1412
2.14145
2.1417
2.14195
2.1422
2.14245
2.1427
2.14295
2.1432
2.14345
2.1437
2.14395
2.1442
2.14445
2.1447
2.14495
2.1452
2.14545
2.1457
2.14595
2.1462
2.14645
2.1467
2.14694
2.14719
2.14744
2.14769
2.14794
2.14819
2.14844
2.14869
2.14893
2.14918
2.14943
2.14968
2.14993
2.15017
2.15042
2.15067
2.15092
2.15116
2.15141
2.15166
2.15191
2.15215
2.1524
2.15265
2.1529
2.15314
2.15339
2.15364
2.15388
2.15413
2.15438
2.15462
2.15487
2.15511
2.15536
2.15561
2.15585
2.1561
2.15634
2.15659
2.15684
2.15708
2.15733
2.15757
2.15782
2.15806
2.15831
2.15855
2.1588
2.15904
2.15929
2.15953
2.15978
2.16002
2.16026
2.16051
2.16075
2.161
2.16124
2.16149
2.16173
2.16197
2.16222
2.16246
2.1627
2.16295
2.16319
2.16344
2.16368
2.16392
2.16416
2.16441
2.16465
2.16489
2.16514
2.16538
2.16562
2.16586
2.16611
2.16635
2.16659
2.16683
2.16708
2.16732
2.16756
2.1678
2.16804
2.16828
2.16853
2.16877
2.16901
2.16925
2.16949
2.16973
2.16997
2.17022
2.17046
2.1707
2.17094
2.17118
2.17142
2.17166
2.1719
2.17214
2.17238
2.17262
2.17286
2.1731
2.17334
2.17358
2.17382
2.17406
2.1743
2.17454
2.17478
2.17502
2.17526
2.1755
2.17574
2.17598
2.17621
2.17645
2.17669
2.17693
2.17717
2.17741
2.17765
2.17788
2.17812
2.17836
2.1786
2.17884
2.17908
2.17931
2.17955
2.17979
2.18003
2.18026
2.1805
2.18074
2.18098
2.18121
2.18145
2.18169
2.18192
2.18216
2.1824
2.18264
2.18287
2.18311
2.18334
2.18358
2.18382
2.18405
2.18429
2.18453
2.18476
2.185
2.18523
2.18547
2.18571
2.18594
2.18618
2.18641
2.18665
2.18688
2.18712
2.18735
2.18759
2.18782
2.18806
2.18829
2.18853
2.18876
2.189
2.18923
2.18947
2.1897
2.18993
2.19017
2.1904
2.19064
2.19087
2.1911
2.19134
2.19157
2.1918
2.19204
2.19227
2.19251
2.19274
2.19297
2.1932
2.19344
2.19367
2.1939
2.19414
2.19437
2.1946
2.19483
2.19507
2.1953
2.19553
2.19576
2.196
2.19623
2.19646
2.19669
2.19692
2.19716
2.19739
2.19762
2.19785
2.19808
2.19831
2.19854
2.19877
2.19901
2.19924
2.19947
2.1997
2.19993
2.20016
2.20039
2.20062
2.20085
2.20108
2.20131
2.20154
2.20177
2.202
2.20223
2.20246
2.20269
2.20292
2.20315
2.20338
2.20361
2.20384
2.20407
2.2043
2.20453
2.20476
2.20499
2.20522
2.20544
2.20567
2.2059
2.20613
2.20636
2.20659
2.20682
2.20704
2.20727
2.2075
2.20773
2.20796
2.20818
2.20841
2.20864
2.20887
2.2091
2.20932
2.20955
2.20978
2.21
2.21023
2.21046
2.21069
2.21091
2.21114
2.21137
2.21159
2.21182
2.21205
2.21227
2.2125
2.21273
2.21295
2.21318
2.2134
2.21363
2.21386
2.21408
2.21431
2.21453
2.21476
2.21499
2.21521
2.21544
2.21566
2.21589
2.21611
2.21634
2.21656
2.21679
2.21701
2.21724
2.21746
2.21769
2.21791
2.21813
2.21836
2.21858
2.21881
2.21903
2.21926
2.21948
2.2197
2.21993
2.22015
2.22037
2.2206
2.22082
2.22105
2.22127
2.22149
2.22172
2.22194
2.22216
2.22238
2.22261
2.22283
2.22305
2.22328
2.2235
2.22372
2.22394
2.22417
2.22439
2.22461
2.22483
2.22505
2.22528
2.2255
2.22572
2.22594
2.22616
2.22638
2.22661
2.22683
2.22705
2.22727
2.22749
2.22749
