0
1.34747e-09
1.07596e-08
3.62456e-08
8.57549e-08
1.67177e-07
2.88341e-07
4.57019e-07
6.80923e-07
9.67706e-07
1.32496e-06
1.76024e-06
2.281e-06
2.89468e-06
3.60865e-06
4.4302e-06
5.3666e-06
6.42505e-06
7.61268e-06
8.93659e-06
1.04038e-05
1.20213e-05
1.3796e-05
1.57348e-05
1.78444e-05
2.01317e-05
2.26034e-05
2.52661e-05
2.81264e-05
3.11908e-05
3.4466e-05
3.79582e-05
4.16739e-05
4.56196e-05
4.98013e-05
5.42254e-05
5.88982e-05
6.38256e-05
6.90139e-05
7.4469e-05
8.0197e-05
8.62038e-05
9.24953e-05
9.90773e-05
0.000105956
0.000113136
0.000120625
0.000128426
0.000136547
0.000144993
0.000153768
0.00016288
0.000172332
0.000182131
0.000192281
0.000202789
0.000213659
0.000224896
0.000236506
0.000248494
0.000260865
0.000273624
0.000286775
0.000300324
0.000314276
0.000328636
0.000343408
0.000358597
0.000374208
0.000390245
0.000406713
0.000423618
0.000440962
0.000458752
0.000476991
0.000495683
0.000514834
0.000534448
0.000554528
0.000575079
0.000596106
0.000617612
0.000639602
0.00066208
0.00068505
0.000708516
0.000732482
0.000756952
0.00078193
0.00080742
0.000833425
0.00085995
0.000886999
0.000914574
0.000942681
0.000971321
0.0010005
0.00103022
0.00106049
0.0010913
0.00112267
0.00115459
0.00118707
0.00122012
0.00125373
0.00128791
0.00132266
0.00135799
0.0013939
0.00143039
0.00146747
0.00150513
0.00154339
0.00158224
0.00162169
0.00166174
0.0017024
0.00174366
0.00178553
0.00182801
0.00187111
0.00191483
0.00195917
0.00200413
0.00204972
0.00209594
0.00214279
0.00219028
0.0022384
0.00228716
0.00233657
0.00238662
0.00243732
0.00248866
0.00254066
0.00259332
0.00264663
0.0027006
0.00275524
0.00281053
0.0028665
0.00292313
0.00298043
0.00303841
0.00309706
0.00315639
0.0032164
0.00327709
0.00333846
0.00340052
0.00346327
0.00352671
0.00359083
0.00365566
0.00372117
0.00378739
0.0038543
0.00392192
0.00399024
0.00405926
0.00412899
0.00419943
0.00427057
0.00434243
0.00441501
0.00448829
0.0045623
0.00463702
0.00471246
0.00478862
0.00486551
0.00494312
0.00502146
0.00510052
0.00518031
0.00526083
0.00534209
0.00542407
0.00550679
0.00559025
0.00567444
0.00575937
0.00584504
0.00593145
0.00601861
0.0061065
0.00619514
0.00628453
0.00637466
0.00646554
0.00655717
0.00664955
0.00674268
0.00683656
0.0069312
0.00702659
0.00712273
0.00721963
0.00731729
0.0074157
0.00751488
0.00761481
0.00771551
0.00781696
0.00791918
0.00802216
0.00812591
0.00823042
0.00833569
0.00844174
0.00854855
0.00865612
0.00876447
0.00887358
0.00898346
0.00909412
0.00920554
0.00931774
0.00943071
0.00954445
0.00965897
0.00977426
0.00989032
0.0100072
0.0101248
0.0102432
0.0103623
0.0104823
0.010603
0.0107245
0.0108468
0.0109698
0.0110937
0.0112183
0.0113437
0.0114698
0.0115968
0.0117245
0.011853
0.0119823
0.0121124
0.0122433
0.0123749
0.0125073
0.0126405
0.0127745
0.0129093
0.0130449
0.0131812
0.0133183
0.0134562
0.0135949
0.0137344
0.0138746
0.0140157
0.0141575
0.0143001
0.0144435
0.0145877
0.0147326
0.0148783
0.0150249
0.0151722
0.0153203
0.0154691
0.0156188
0.0157692
0.0159205
0.0160725
0.0162253
0.0163788
0.0165332
0.0166883
0.0168443
0.017001
0.0171585
0.0173167
0.0174758
0.0176356
0.0177962
0.0179576
0.0181198
0.0182828
0.0184465
0.018611
0.0187763
0.0189424
0.0191093
0.0192769
0.0194453
0.0196145
0.0197845
0.0199552
0.0201268
0.0202991
0.0204721
0.020646
0.0208206
0.020996
0.0211722
0.0213492
0.0215269
0.0217054
0.0218847
0.0220647
0.0222456
0.0224272
0.0226095
0.0227927
0.0229766
0.0231612
0.0233467
0.0235329
0.0237199
0.0239076
0.0240962
0.0242854
0.0244755
0.0246663
0.0248579
0.0250502
0.0252433
0.0254372
0.0256318
0.0258272
0.0260234
0.0262203
0.026418
0.0266164
0.0268156
0.0270155
0.0272162
0.0274177
0.0276199
0.0278229
0.0280266
0.0282311
0.0284363
0.0286423
0.028849
0.0290565
0.0292648
0.0294737
0.0296835
0.029894
0.0301052
0.0303171
0.0305299
0.0307433
0.0309575
0.0311725
0.0313882
0.0316046
0.0318218
0.0320397
0.0322583
0.0324777
0.0326978
0.0329187
0.0331403
0.0333626
0.0335857
0.0338095
0.034034
0.0342593
0.0344852
0.034712
0.0349394
0.0351676
0.0353965
0.0356261
0.0358564
0.0360875
0.0363193
0.0365518
0.036785
0.037019
0.0372537
0.0374891
0.0377252
0.037962
0.0381995
0.0384378
0.0386768
0.0389164
0.0391568
0.0393979
0.0396397
0.0398822
0.0401255
0.0403694
0.040614
0.0408594
0.0411054
0.0413521
0.0415996
0.0418477
0.0420966
0.0423461
0.0425963
0.0428473
0.0430989
0.0433512
0.0436042
0.0438579
0.0441123
0.0443674
0.0446232
0.0448797
0.0451368
0.0453946
0.0456531
0.0459123
0.0461722
0.0464328
0.046694
0.0469559
0.0472185
0.0474818
0.0477457
0.0480104
0.0482757
0.0485416
0.0488082
0.0490756
0.0493435
0.0496122
0.0498815
0.0501514
0.0504221
0.0506934
0.0509653
0.051238
0.0515112
0.0517852
0.0520598
0.052335
0.0526109
0.0528875
0.0531647
0.0534425
0.053721
0.0540002
0.05428
0.0545605
0.0548416
0.0551233
0.0554057
0.0556887
0.0559724
0.0562567
0.0565416
0.0568272
0.0571134
0.0574003
0.0576878
0.0579759
0.0582646
0.058554
0.058844
0.0591347
0.0594259
0.0597178
0.0600103
0.0603034
0.0605972
0.0608916
0.0611865
0.0614822
0.0617784
0.0620752
0.0623727
0.0626707
0.0629694
0.0632687
0.0635686
0.0638691
0.0641702
0.0644719
0.0647743
0.0650772
0.0653807
0.0656848
0.0659896
0.0662949
0.0666008
0.0669073
0.0672144
0.0675221
0.0678304
0.0681393
0.0684488
0.0687588
0.0690695
0.0693807
0.0696925
0.0700049
0.0703179
0.0706315
0.0709456
0.0712603
0.0715756
0.0718915
0.0722079
0.072525
0.0728425
0.0731607
0.0734794
0.0737987
0.0741186
0.074439
0.07476
0.0750816
0.0754037
0.0757264
0.0760496
0.0763734
0.0766977
0.0770226
0.0773481
0.0776741
0.0780007
0.0783278
0.0786554
0.0789837
0.0793124
0.0796417
0.0799716
0.0803019
0.0806329
0.0809643
0.0812963
0.0816289
0.081962
0.0822956
0.0826297
0.0829644
0.0832996
0.0836354
0.0839716
0.0843084
0.0846458
0.0849836
0.085322
0.0856609
0.0860003
0.0863402
0.0866807
0.0870216
0.0873631
0.0877051
0.0880476
0.0883907
0.0887342
0.0890783
0.0894228
0.0897679
0.0901134
0.0904595
0.0908061
0.0911532
0.0915007
0.0918488
0.0921974
0.0925465
0.092896
0.0932461
0.0935966
0.0939477
0.0942992
0.0946513
0.0950038
0.0953568
0.0957103
0.0960642
0.0964187
0.0967736
0.097129
0.0974849
0.0978413
0.0981981
0.0985555
0.0989133
0.0992715
0.0996303
0.0999895
0.100349
0.100709
0.10107
0.101431
0.101793
0.102155
0.102517
0.10288
0.103243
0.103607
0.103972
0.104336
0.104702
0.105067
0.105433
0.1058
0.106167
0.106534
0.106902
0.107271
0.107639
0.108009
0.108378
0.108749
0.109119
0.10949
0.109862
0.110233
0.110606
0.110978
0.111352
0.111725
0.112099
0.112474
0.112849
0.113224
0.1136
0.113976
0.114352
0.114729
0.115107
0.115485
0.115863
0.116242
0.116621
0.117
0.11738
0.117761
0.118141
0.118522
0.118904
0.119286
0.119668
0.120051
0.120434
0.120818
0.121202
0.121586
0.121971
0.122356
0.122742
0.123128
0.123514
0.123901
0.124288
0.124675
0.125063
0.125452
0.12584
0.126229
0.126619
0.127009
0.127399
0.12779
0.128181
0.128572
0.128964
0.129356
0.129748
0.130141
0.130534
0.130928
0.131322
0.131716
0.132111
0.132506
0.132901
0.133297
0.133693
0.13409
0.134487
0.134884
0.135282
0.13568
0.136078
0.136477
0.136876
0.137275
0.137675
0.138075
0.138475
0.138876
0.139277
0.139678
0.14008
0.140482
0.140885
0.141288
0.141691
0.142094
0.142498
0.142902
0.143307
0.143712
0.144117
0.144522
0.144928
0.145335
0.145741
0.146148
0.146555
0.146962
0.14737
0.147778
0.148187
0.148596
0.149005
0.149414
0.149824
0.150234
0.150644
0.151055
0.151466
0.151877
0.152289
0.152701
0.153113
0.153525
0.153938
0.154351
0.154765
0.155179
0.155593
0.156007
0.156422
0.156837
0.157252
0.157667
0.158083
0.158499
0.158916
0.159332
0.159749
0.160167
0.160584
0.161002
0.16142
0.161839
0.162258
0.162677
0.163096
0.163515
0.163935
0.164355
0.164776
0.165197
0.165618
0.166039
0.16646
0.166882
0.167304
0.167726
0.168149
0.168572
0.168995
0.169419
0.169842
0.170266
0.17069
0.171115
0.17154
0.171965
0.17239
0.172815
0.173241
0.173667
0.174093
0.17452
0.174947
0.175374
0.175801
0.176229
0.176656
0.177084
0.177513
0.177941
0.17837
0.178799
0.179228
0.179658
0.180088
0.180518
0.180948
0.181378
0.181809
0.18224
0.182671
0.183103
0.183534
0.183966
0.184398
0.184831
0.185263
0.185696
0.186129
0.186562
0.186996
0.18743
0.187864
0.188298
0.188732
0.189167
0.189602
0.190037
0.190472
0.190907
0.191343
0.191779
0.192215
0.192652
0.193088
0.193525
0.193962
0.194399
0.194836
0.195274
0.195712
0.19615
0.196588
0.197027
0.197465
0.197904
0.198343
0.198782
0.199222
0.199662
0.200101
0.200541
0.200982
0.201422
0.201863
0.202304
0.202745
0.203186
0.203627
0.204069
0.204511
0.204953
0.205395
0.205837
0.20628
0.206722
0.207165
0.207608
0.208052
0.208495
0.208939
0.209382
0.209826
0.210271
0.210715
0.211159
0.211604
0.212049
0.212494
0.212939
0.213385
0.21383
0.214276
0.214722
0.215168
0.215614
0.216061
0.216507
0.216954
0.217401
0.217848
0.218295
0.218742
0.21919
0.219638
0.220085
0.220533
0.220982
0.22143
0.221878
0.222327
0.222776
0.223225
0.223674
0.224123
0.224573
0.225022
0.225472
0.225922
0.226372
0.226822
0.227272
0.227723
0.228173
0.228624
0.229075
0.229526
0.229977
0.230428
0.23088
0.231331
0.231783
0.232235
0.232687
0.233139
0.233591
0.234044
0.234496
0.234949
0.235402
0.235854
0.236307
0.236761
0.237214
0.237667
0.238121
0.238575
0.239028
0.239482
0.239936
0.240391
0.240845
0.241299
0.241754
0.242209
0.242663
0.243118
0.243573
0.244028
0.244484
0.244939
0.245395
0.24585
0.246306
0.246762
0.247218
0.247674
0.24813
0.248586
0.249043
0.249499
0.249956
0.250412
0.250869
0.251326
0.251783
0.25224
0.252697
0.253155
0.253612
0.25407
0.254527
0.254985
0.255443
0.255901
0.256359
0.256817
0.257275
0.257734
0.258192
0.258651
0.259109
0.259568
0.260027
0.260486
0.260945
0.261404
0.261863
0.262322
0.262781
0.263241
0.2637
0.26416
0.26462
0.265079
0.265539
0.265999
0.266459
0.266919
0.267379
0.26784
0.2683
0.26876
0.269221
0.269681
0.270142
0.270603
0.271064
0.271524
0.271985
0.272446
0.272908
0.273369
0.27383
0.274291
0.274753
0.275214
0.275676
0.276137
0.276599
0.277061
0.277522
0.277984
0.278446
0.278908
0.27937
0.279832
0.280295
0.280757
0.281219
0.281682
0.282144
0.282606
0.283069
0.283532
0.283994
0.284457
0.28492
0.285383
0.285846
0.286309
0.286772
0.287235
0.287698
0.288161
0.288624
0.289087
0.289551
0.290014
0.290477
0.290941
0.291404
0.291868
0.292332
0.292795
0.293259
0.293723
0.294187
0.29465
0.295114
0.295578
0.296042
0.296506
0.29697
0.297434
0.297899
0.298363
0.298827
0.299291
0.299756
0.30022
0.300684
0.301149
0.301613
0.302078
0.302542
0.303007
0.303471
0.303936
0.304401
0.304865
0.30533
0.305795
0.306259
0.306724
0.307189
0.307654
0.308119
0.308584
0.309049
0.309514
0.309979
0.310444
0.310909
0.311374
0.311839
0.312304
0.312769
0.313234
0.3137
0.314165
0.31463
0.315095
0.315561
0.316026
0.316491
0.316956
0.317422
0.317887
0.318353
0.318818
0.319283
0.319749
0.320214
0.32068
0.321145
0.321611
0.322076
0.322542
0.323007
0.323473
0.323938
0.324404
0.324869
0.325335
0.325801
0.326266
0.326732
0.327197
0.327663
0.328129
0.328594
0.32906
0.329526
0.329991
0.330457
0.330922
0.331388
0.331854
0.332319
0.332785
0.333251
0.333716
0.334182
0.334648
0.335113
0.335579
0.336045
0.33651
0.336976
0.337442
0.337907
0.338373
0.338839
0.339304
0.33977
0.340235
0.340701
0.341167
0.341632
0.342098
0.342563
0.343029
0.343495
0.34396
0.344426
0.344891
0.345357
0.345822
0.346288
0.346753
0.347219
0.347684
0.34815
0.348615
0.34908
0.349546
0.350011
0.350477
0.350942
0.351407
0.351873
0.352338
0.352803
0.353269
0.353734
0.354199
0.354664
0.355129
0.355595
0.35606
0.356525
0.35699
0.357455
0.35792
0.358385
0.35885
0.359315
0.35978
0.360245
0.36071
0.361175
0.36164
0.362105
0.36257
0.363034
0.363499
0.363964
0.364429
0.364893
0.365358
0.365823
0.366287
0.366752
0.367216
0.367681
0.368145
0.36861
0.369074
0.369539
0.370003
0.370467
0.370932
0.371396
0.37186
0.372324
0.372788
0.373253
0.373717
0.374181
0.374645
0.375109
0.375573
0.376037
0.3765
0.376964
0.377428
0.377892
0.378355
0.378819
0.379283
0.379746
0.38021
0.380673
0.381137
0.3816
0.382064
0.382527
0.38299
0.383454
0.383917
0.38438
0.384843
0.385306
0.385769
0.386232
0.386695
0.387158
0.387621
0.388084
0.388546
0.389009
0.389472
0.389934
0.390397
0.390859
0.391322
0.391784
0.392247
0.392709
0.393171
0.393633
0.394096
0.394558
0.39502
0.395482
0.395944
0.396406
0.396868
0.397329
0.397791
0.398253
0.398714
0.399176
0.399638
0.400099
0.40056
0.401022
0.401483
0.401944
0.402406
0.402867
0.403328
0.403789
0.40425
0.404711
0.405172
0.405632
0.406093
0.406554
0.407014
0.407475
0.407935
0.408396
0.408856
0.409317
0.409777
0.410237
0.410697
0.411157
0.411617
0.412077
0.412537
0.412997
0.413457
0.413916
0.414376
0.414835
0.415295
0.415754
0.416214
0.416673
0.417132
0.417591
0.41805
0.418509
0.418968
0.419427
0.419886
0.420345
0.420804
0.421262
0.421721
0.422179
0.422638
0.423096
0.423554
0.424012
0.424471
0.424929
0.425387
0.425845
0.426302
0.42676
0.427218
0.427675
0.428133
0.42859
0.429048
0.429505
0.429962
0.43042
0.430877
0.431334
0.431791
0.432248
0.432704
0.433161
0.433618
0.434074
0.434531
0.434987
0.435444
0.4359
0.436356
0.436812
0.437268
0.437724
0.43818
0.438636
0.439092
0.439547
0.440003
0.440459
0.440914
0.441369
0.441825
0.44228
0.442735
0.44319
0.443645
0.4441
0.444554
0.445009
0.445464
0.445918
0.446373
0.446827
0.447281
0.447735
0.44819
0.448644
0.449098
0.449551
0.450005
0.450459
0.450912
0.451366
0.451819
0.452273
0.452726
0.453179
0.453632
0.454085
0.454538
0.454991
0.455444
0.455896
0.456349
0.456801
0.457254
0.457706
0.458158
0.45861
0.459062
0.459514
0.459966
0.460418
0.46087
0.461321
0.461773
0.462224
0.462676
0.463127
0.463578
0.464029
0.46448
0.464931
0.465381
0.465832
0.466283
0.466733
0.467184
0.467634
0.468084
0.468534
0.468984
0.469434
0.469884
0.470334
0.470783
0.471233
0.471683
0.472132
0.472581
0.47303
0.473479
0.473928
0.474377
0.474826
0.475275
0.475723
0.476172
0.47662
0.477069
0.477517
0.477965
0.478413
0.478861
0.479309
0.479757
0.480204
0.480652
0.481099
0.481546
0.481994
0.482441
0.482888
0.483335
0.483782
0.484228
0.484675
0.485122
0.485568
0.486014
0.486461
0.486907
0.487353
0.487799
0.488245
0.48869
0.489136
0.489581
0.490027
0.490472
0.490917
0.491363
0.491808
0.492253
0.492697
0.493142
0.493587
0.494031
0.494476
0.49492
0.495364
0.495808
0.496252
0.496696
0.49714
0.497584
0.498027
0.498471
0.498914
0.499357
0.4998
0.500243
0.500686
0.501129
0.501572
0.502015
0.502457
0.502899
0.503342
0.503784
0.504226
0.504668
0.50511
0.505552
0.505993
0.506435
0.506876
0.507318
0.507759
0.5082
0.508641
0.509082
0.509523
0.509963
0.510404
0.510844
0.511285
0.511725
0.512165
0.512605
0.513045
0.513485
0.513925
0.514364
0.514804
0.515243
0.515682
0.516121
0.51656
0.516999
0.517438
0.517877
0.518316
0.518754
0.519192
0.519631
0.520069
0.520507
0.520945
0.521383
0.52182
0.522258
0.522695
0.523133
0.52357
0.524007
0.524444
0.524881
0.525318
0.525754
0.526191
0.526627
0.527064
0.5275
0.527936
0.528372
0.528808
0.529244
0.529679
0.530115
0.53055
0.530986
0.531421
0.531856
0.532291
0.532726
0.53316
0.533595
0.53403
0.534464
0.534898
0.535332
0.535766
0.5362
0.536634
0.537068
0.537501
0.537935
0.538368
0.538801
0.539234
0.539667
0.5401
0.540533
0.540966
0.541398
0.541831
0.542263
0.542695
0.543127
0.543559
0.543991
0.544422
0.544854
0.545285
0.545717
0.546148
0.546579
0.54701
0.547441
0.547872
0.548302
0.548733
0.549163
0.549593
0.550024
0.550454
0.550883
0.551313
0.551743
0.552172
0.552602
0.553031
0.55346
0.553889
0.554318
0.554747
0.555176
0.555604
0.556033
0.556461
0.556889
0.557317
0.557745
0.558173
0.558601
0.559029
0.559456
0.559883
0.560311
0.560738
0.561165
0.561592
0.562018
0.562445
0.562871
0.563298
0.563724
0.56415
0.564576
0.565002
0.565428
0.565854
0.566279
0.566704
0.56713
0.567555
0.56798
0.568405
0.56883
0.569254
0.569679
0.570103
0.570527
0.570952
0.571376
0.571799
0.572223
0.572647
0.57307
0.573494
0.573917
0.57434
0.574763
0.575186
0.575609
0.576032
0.576454
0.576877
0.577299
0.577721
0.578143
0.578565
0.578987
0.579408
0.57983
0.580251
0.580673
0.581094
0.581515
0.581936
0.582357
0.582777
0.583198
0.583618
0.584038
0.584459
0.584879
0.585298
0.585718
0.586138
0.586557
0.586977
0.587396
0.587815
0.588234
0.588653
0.589072
0.58949
0.589909
0.590327
0.590746
0.591164
0.591582
0.591999
0.592417
0.592835
0.593252
0.59367
0.594087
0.594504
0.594921
0.595338
0.595754
0.596171
0.596588
0.597004
0.59742
0.597836
0.598252
0.598668
0.599084
0.599499
0.599915
0.60033
0.600745
0.60116
0.601575
0.60199
0.602404
0.602819
0.603233
0.603648
0.604062
0.604476
0.60489
0.605303
0.605717
0.60613
0.606544
0.606957
0.60737
0.607783
0.608196
0.608609
0.609021
0.609434
0.609846
0.610258
0.61067
0.611082
0.611494
0.611906
0.612317
0.612729
0.61314
0.613551
0.613962
0.614373
0.614784
0.615194
0.615605
0.616015
0.616425
0.616836
0.617245
0.617655
0.618065
0.618475
0.618884
0.619293
0.619703
0.620112
0.620521
0.620929
0.621338
0.621747
0.622155
0.622563
0.622971
0.623379
0.623787
0.624195
0.624603
0.62501
0.625417
0.625825
0.626232
0.626639
0.627046
0.627452
0.627859
0.628265
0.628672
0.629078
0.629484
0.62989
0.630295
0.630701
0.631107
0.631512
0.631917
0.632322
0.632727
0.633132
0.633537
0.633941
0.634346
0.63475
0.635154
0.635558
0.635962
0.636366
0.63677
0.637173
0.637577
0.63798
0.638383
0.638786
0.639189
0.639592
0.639994
0.640397
0.640799
0.641201
0.641603
0.642005
0.642407
0.642809
0.64321
0.643612
0.644013
0.644414
0.644815
0.645216
0.645617
0.646017
0.646418
0.646818
0.647218
0.647618
0.648018
0.648418
0.648818
0.649217
0.649617
0.650016
0.650415
0.650814
0.651213
0.651612
0.65201
0.652409
0.652807
0.653205
0.653603
0.654001
0.654399
0.654797
0.655194
0.655592
0.655989
0.656386
0.656783
0.65718
0.657577
0.657973
0.65837
0.658766
0.659162
0.659559
0.659954
0.66035
0.660746
0.661141
0.661537
0.661932
0.662327
0.662722
0.663117
0.663512
0.663906
0.664301
0.664695
0.665089
0.665483
0.665877
0.666271
0.666665
0.667058
0.667452
0.667845
0.668238
0.668631
0.669024
0.669417
0.669809
0.670202
0.670594
0.670986
0.671378
0.67177
0.672162
0.672554
0.672945
0.673336
0.673728
0.674119
0.67451
0.674901
0.675291
0.675682
0.676072
0.676463
0.676853
0.677243
0.677633
0.678022
0.678412
0.678802
0.679191
0.67958
0.679969
0.680358
0.680747
0.681136
0.681524
0.681913
0.682301
0.682689
0.683077
0.683465
0.683853
0.68424
0.684628
0.685015
0.685402
0.685789
0.686176
0.686563
0.68695
0.687336
0.687723
0.688109
0.688495
0.688881
0.689267
0.689653
0.690038
0.690424
0.690809
0.691194
0.691579
0.691964
0.692349
0.692734
0.693118
0.693503
0.693887
0.694271
0.694655
0.695039
0.695422
0.695806
0.69619
0.696573
0.696956
0.697339
0.697722
0.698105
0.698487
0.69887
0.699252
0.699634
0.700016
0.700398
0.70078
0.701162
0.701544
0.701925
0.702306
0.702687
0.703068
0.703449
0.70383
0.704211
0.704591
0.704971
0.705352
0.705732
0.706112
0.706491
0.706871
0.707251
0.70763
0.708009
0.708389
0.708768
0.709146
0.709525
0.709904
0.710282
0.71066
0.711039
0.711417
0.711795
0.712172
0.71255
0.712928
0.713305
0.713682
0.714059
0.714436
0.714813
0.71519
0.715566
0.715943
0.716319
0.716695
0.717071
0.717447
0.717823
0.718199
0.718574
0.71895
0.719325
0.7197
0.720075
0.72045
0.720824
0.721199
0.721573
0.721948
0.722322
0.722696
0.72307
0.723444
0.723817
0.724191
0.724564
0.724937
0.72531
0.725683
0.726056
0.726429
0.726801
0.727174
0.727546
0.727918
0.72829
0.728662
0.729034
0.729405
0.729777
0.730148
0.73052
0.730891
0.731262
0.731632
0.732003
0.732374
0.732744
0.733114
0.733484
0.733854
0.734224
0.734594
0.734964
0.735333
0.735702
0.736072
0.736441
0.73681
0.737178
0.737547
0.737916
0.738284
0.738652
0.73902
0.739388
0.739756
0.740124
0.740492
0.740859
0.741226
0.741594
0.741961
0.742328
0.742694
0.743061
0.743428
0.743794
0.74416
0.744526
0.744892
0.745258
0.745624
0.745989
0.746355
0.74672
0.747085
0.747451
0.747815
0.74818
0.748545
0.748909
0.749274
0.749638
0.750002
0.750366
0.75073
0.751094
0.751457
0.751821
0.752184
0.752547
0.75291
0.753273
0.753636
0.753999
0.754361
0.754724
0.755086
0.755448
0.75581
0.756172
0.756534
0.756895
0.757257
0.757618
0.757979
0.75834
0.758701
0.759062
0.759423
0.759783
0.760144
0.760504
0.760864
0.761224
0.761584
0.761944
0.762303
0.762663
0.763022
0.763381
0.76374
0.764099
0.764458
0.764817
0.765175
0.765534
0.765892
0.76625
0.766608
0.766966
0.767324
0.767682
0.768039
0.768396
0.768754
0.769111
0.769468
0.769825
0.770181
0.770538
0.770894
0.771251
0.771607
0.771963
0.772319
0.772674
0.77303
0.773386
0.773741
0.774096
0.774451
0.774806
0.775161
0.775516
0.77587
0.776225
0.776579
0.776933
0.777287
0.777641
0.777995
0.778349
0.778702
0.779056
0.779409
0.779762
0.780115
0.780468
0.780821
0.781173
0.781526
0.781878
0.78223
0.782583
0.782935
0.783286
0.783638
0.78399
0.784341
0.784692
0.785044
0.785395
0.785745
0.786096
0.786447
0.786797
0.787148
0.787498
0.787848
0.788198
0.788548
0.788898
0.789247
0.789597
0.789946
0.790295
0.790644
0.790993
0.791342
0.791691
0.792039
0.792388
0.792736
0.793084
0.793432
0.79378
0.794128
0.794476
0.794823
0.795171
0.795518
0.795865
0.796212
0.796559
0.796906
0.797252
0.797599
0.797945
0.798291
0.798637
0.798983
0.799329
0.799675
0.80002
0.800366
0.800711
0.801056
0.801401
0.801746
0.802091
0.802436
0.80278
0.803124
0.803469
0.803813
0.804157
0.804501
0.804844
0.805188
0.805532
0.805875
0.806218
0.806561
0.806904
0.807247
0.80759
0.807932
0.808275
0.808617
0.808959
0.809301
0.809643
0.809985
0.810327
0.810668
0.81101
0.811351
0.811692
0.812033
0.812374
0.812715
0.813056
0.813396
0.813737
0.814077
0.814417
0.814757
0.815097
0.815437
0.815776
0.816116
0.816455
0.816794
0.817133
0.817472
0.817811
0.81815
0.818489
0.818827
0.819165
0.819504
0.819842
0.82018
0.820517
0.820855
0.821193
0.82153
0.821867
0.822205
0.822542
0.822879
0.823215
0.823552
0.823889
0.824225
0.824561
0.824897
0.825234
0.825569
0.825905
0.826241
0.826576
0.826912
0.827247
0.827582
0.827917
0.828252
0.828587
0.828921
0.829256
0.82959
0.829925
0.830259
0.830593
0.830927
0.83126
0.831594
0.831927
0.832261
0.832594
0.832927
0.83326
0.833593
0.833926
0.834258
0.834591
0.834923
0.835255
0.835588
0.835919
0.836251
0.836583
0.836915
0.837246
0.837577
0.837909
0.83824
0.838571
0.838902
0.839232
0.839563
0.839893
0.840224
0.840554
0.840884
0.841214
0.841544
0.841873
0.842203
0.842532
0.842862
0.843191
0.84352
0.843849
0.844178
0.844506
0.844835
0.845163
0.845492
0.84582
0.846148
0.846476
0.846804
0.847131
0.847459
0.847786
0.848114
0.848441
0.848768
0.849095
0.849422
0.849748
0.850075
0.850401
0.850728
0.851054
0.85138
0.851706
0.852032
0.852357
0.852683
0.853008
0.853334
0.853659
0.853984
0.854309
0.854634
0.854959
0.855283
0.855608
0.855932
0.856256
0.85658
0.856904
0.857228
0.857552
0.857875
0.858199
0.858522
0.858845
0.859168
0.859491
0.859814
0.860137
0.860459
0.860782
0.861104
0.861426
0.861748
0.86207
0.862392
0.862714
0.863036
0.863357
0.863678
0.864
0.864321
0.864642
0.864962
0.865283
0.865604
0.865924
0.866245
0.866565
0.866885
0.867205
0.867525
0.867845
0.868164
0.868484
0.868803
0.869122
0.869442
0.869761
0.870079
0.870398
0.870717
0.871035
0.871354
0.871672
0.87199
0.872308
0.872626
0.872944
0.873262
0.873579
0.873896
0.874214
0.874531
0.874848
0.875165
0.875482
0.875798
0.876115
0.876431
0.876748
0.877064
0.87738
0.877696
0.878012
0.878327
0.878643
0.878959
0.879274
0.879589
0.879904
0.880219
0.880534
0.880849
0.881163
0.881478
0.881792
0.882107
0.882421
0.882735
0.883049
0.883362
0.883676
0.883989
0.884303
0.884616
0.884929
0.885242
0.885555
0.885868
0.886181
0.886493
0.886806
0.887118
0.88743
0.887742
0.888054
0.888366
0.888678
0.888989
0.889301
0.889612
0.889923
0.890235
0.890546
0.890856
0.891167
0.891478
0.891788
0.892099
0.892409
0.892719
0.893029
0.893339
0.893649
0.893959
0.894268
0.894578
0.894887
0.895196
0.895505
0.895814
0.896123
0.896432
0.89674
0.897049
0.897357
0.897665
0.897973
0.898281
0.898589
0.898897
0.899205
0.899512
0.89982
0.900127
0.900434
0.900741
0.901048
0.901355
0.901662
0.901968
0.902275
0.902581
0.902887
0.903193
0.903499
0.903805
0.904111
0.904416
0.904722
0.905027
0.905333
0.905638
0.905943
0.906248
0.906552
0.906857
0.907162
0.907466
0.90777
0.908075
0.908379
0.908683
0.908987
0.90929
0.909594
0.909897
0.910201
0.910504
0.910807
0.91111
0.911413
0.911716
0.912019
0.912321
0.912624
0.912926
0.913228
0.91353
0.913832
0.914134
0.914436
0.914737
0.915039
0.91534
0.915642
0.915943
0.916244
0.916545
0.916845
0.917146
0.917447
0.917747
0.918047
0.918348
0.918648
0.918948
0.919248
0.919547
0.919847
0.920147
0.920446
0.920745
0.921044
0.921343
0.921642
0.921941
0.92224
0.922539
0.922837
0.923135
0.923434
0.923732
0.92403
0.924328
0.924625
0.924923
0.925221
0.925518
0.925815
0.926113
0.92641
0.926707
0.927003
0.9273
0.927597
0.927893
0.92819
0.928486
0.928782
0.929078
0.929374
0.92967
0.929966
0.930261
0.930557
0.930852
0.931147
0.931442
0.931737
0.932032
0.932327
0.932622
0.932916
0.933211
0.933505
0.933799
0.934093
0.934387
0.934681
0.934975
0.935269
0.935562
0.935856
0.936149
0.936442
0.936735
0.937028
0.937321
0.937614
0.937906
0.938199
0.938491
0.938783
0.939076
0.939368
0.93966
0.939951
0.940243
0.940535
0.940826
0.941117
0.941409
0.9417
0.941991
0.942282
0.942573
0.942863
0.943154
0.943444
0.943735
0.944025
0.944315
0.944605
0.944895
0.945185
0.945474
0.945764
0.946053
0.946343
0.946632
0.946921
0.94721
0.947499
0.947787
0.948076
0.948365
0.948653
0.948941
0.94923
0.949518
0.949806
0.950093
0.950381
0.950669
0.950956
0.951244
0.951531
0.951818
0.952105
0.952392
0.952679
0.952966
0.953253
0.953539
0.953825
0.954112
0.954398
0.954684
0.95497
0.955256
0.955542
0.955827
0.956113
0.956398
0.956683
0.956969
0.957254
0.957539
0.957823
0.958108
0.958393
0.958677
0.958962
0.959246
0.95953
0.959814
0.960098
0.960382
0.960666
0.960949
0.961233
0.961516
0.9618
0.962083
0.962366
0.962649
0.962932
0.963214
0.963497
0.96378
0.964062
0.964344
0.964627
0.964909
0.965191
0.965472
0.965754
0.966036
0.966317
0.966599
0.96688
0.967161
0.967442
0.967723
0.968004
0.968285
0.968566
0.968846
0.969127
0.969407
0.969687
0.969967
0.970247
0.970527
0.970807
0.971087
0.971366
0.971646
0.971925
0.972204
0.972483
0.972762
0.973041
0.97332
0.973599
0.973877
0.974156
0.974434
0.974712
0.97499
0.975269
0.975546
0.975824
0.976102
0.97638
0.976657
0.976934
0.977212
0.977489
0.977766
0.978043
0.97832
0.978596
0.978873
0.97915
0.979426
0.979702
0.979979
0.980255
0.980531
0.980806
0.981082
0.981358
0.981633
0.981909
0.982184
0.982459
0.982735
0.98301
0.983284
0.983559
0.983834
0.984109
0.984383
0.984657
0.984932
0.985206
0.98548
0.985754
0.986028
0.986301
0.986575
0.986848
0.987122
0.987395
0.987668
0.987941
0.988214
0.988487
0.98876
0.989033
0.989305
0.989578
0.98985
0.990122
0.990394
0.990666
0.990938
0.99121
0.991482
0.991753
0.992025
0.992296
0.992567
0.992839
0.99311
0.993381
0.993652
0.993922
0.994193
0.994463
0.994734
0.995004
0.995274
0.995545
0.995815
0.996084
0.996354
0.996624
0.996893
0.997163
0.997432
0.997702
0.997971
0.99824
0.998509
0.998778
0.999046
0.999315
0.999583
0.999852
1.00012
1.00039
1.00066
1.00092
1.00119
1.00146
1.00173
1.002
1.00226
1.00253
1.0028
1.00306
1.00333
1.0036
1.00387
1.00413
1.0044
1.00467
1.00493
1.0052
1.00546
1.00573
1.006
1.00626
1.00653
1.00679
1.00706
1.00733
1.00759
1.00786
1.00812
1.00839
1.00865
1.00892
1.00918
1.00945
1.00971
1.00997
1.01024
1.0105
1.01077
1.01103
1.0113
1.01156
1.01182
1.01209
1.01235
1.01261
1.01288
1.01314
1.0134
1.01367
1.01393
1.01419
1.01445
1.01472
1.01498
1.01524
1.0155
1.01577
1.01603
1.01629
1.01655
1.01681
1.01708
1.01734
1.0176
1.01786
1.01812
1.01838
1.01864
1.01891
1.01917
1.01943
1.01969
1.01995
1.02021
1.02047
1.02073
1.02099
1.02125
1.02151
1.02177
1.02203
1.02229
1.02255
1.02281
1.02307
1.02333
1.02359
1.02384
1.0241
1.02436
1.02462
1.02488
1.02514
1.0254
1.02565
1.02591
1.02617
1.02643
1.02669
1.02694
1.0272
1.02746
1.02772
1.02798
1.02823
1.02849
1.02875
1.029
1.02926
1.02952
1.02977
1.03003
1.03029
1.03054
1.0308
1.03106
1.03131
1.03157
1.03182
1.03208
1.03234
1.03259
1.03285
1.0331
1.03336
1.03361
1.03387
1.03412
1.03438
1.03463
1.03489
1.03514
1.0354
1.03565
1.03591
1.03616
1.03641
1.03667
1.03692
1.03718
1.03743
1.03768
1.03794
1.03819
1.03844
1.0387
1.03895
1.0392
1.03946
1.03971
1.03996
1.04021
1.04047
1.04072
1.04097
1.04122
1.04148
1.04173
1.04198
1.04223
1.04248
1.04273
1.04299
1.04324
1.04349
1.04374
1.04399
1.04424
1.04449
1.04474
1.04499
1.04525
1.0455
1.04575
1.046
1.04625
1.0465
1.04675
1.047
1.04725
1.0475
1.04775
1.048
1.04825
1.0485
1.04874
1.04899
1.04924
1.04949
1.04974
1.04999
1.05024
1.05049
1.05074
1.05098
1.05123
1.05148
1.05173
1.05198
1.05222
1.05247
1.05272
1.05297
1.05322
1.05346
1.05371
1.05396
1.0542
1.05445
1.0547
1.05495
1.05519
1.05544
1.05569
1.05593
1.05618
1.05642
1.05667
1.05692
1.05716
1.05741
1.05765
1.0579
1.05815
1.05839
1.05864
1.05888
1.05913
1.05937
1.05962
1.05986
1.06011
1.06035
1.0606
1.06084
1.06109
1.06133
1.06157
1.06182
1.06206
1.06231
1.06255
1.06279
1.06304
1.06328
1.06353
1.06377
1.06401
1.06426
1.0645
1.06474
1.06498
1.06523
1.06547
1.06571
1.06596
1.0662
1.06644
1.06668
1.06692
1.06717
1.06741
1.06765
1.06789
1.06813
1.06838
1.06862
1.06886
1.0691
1.06934
1.06958
1.06982
1.07006
1.07031
1.07055
1.07079
1.07103
1.07127
1.07151
1.07175
1.07199
1.07223
1.07247
1.07271
1.07295
1.07319
1.07343
1.07367
1.07391
1.07415
1.07439
1.07462
1.07486
1.0751
1.07534
1.07558
1.07582
1.07606
1.0763
1.07653
1.07677
1.07701
1.07725
1.07749
1.07773
1.07796
1.0782
1.07844
1.07868
1.07891
1.07915
1.07939
1.07963
1.07986
1.0801
1.08034
1.08057
1.08081
1.08105
1.08128
1.08152
1.08176
1.08199
1.08223
1.08247
1.0827
1.08294
1.08317
1.08341
1.08364
1.08388
1.08412
1.08435
1.08459
1.08482
1.08506
1.08529
1.08553
1.08576
1.086
1.08623
1.08646
1.0867
1.08693
1.08717
1.0874
1.08764
1.08787
1.0881
1.08834
1.08857
1.08881
1.08904
1.08927
1.08951
1.08974
1.08997
1.09021
1.09044
1.09067
1.0909
1.09114
1.09137
1.0916
1.09183
1.09207
1.0923
1.09253
1.09276
1.09299
1.09323
1.09346
1.09369
1.09392
1.09415
1.09438
1.09462
1.09485
1.09508
1.09531
1.09554
1.09577
1.096
1.09623
1.09646
1.09669
1.09692
1.09716
1.09739
1.09762
1.09785
1.09808
1.09831
1.09854
1.09877
1.099
1.09922
1.09945
1.09968
1.09991
1.10014
1.10037
1.1006
1.10083
1.10106
1.10129
1.10152
1.10174
1.10197
1.1022
1.10243
1.10266
1.10289
1.10311
1.10334
1.10357
1.1038
1.10402
1.10425
1.10448
1.10471
1.10493
1.10516
1.10539
1.10562
1.10584
1.10607
1.1063
1.10652
1.10675
1.10698
1.1072
1.10743
1.10766
1.10788
1.10811
1.10833
1.10856
1.10879
1.10901
1.10924
1.10946
1.10969
1.10991
1.11014
1.11036
1.11059
1.11081
1.11104
1.11126
1.11149
1.11171
1.11194
1.11216
1.11239
1.11261
1.11284
1.11306
1.11328
1.11351
1.11373
1.11396
1.11418
1.1144
1.11463
1.11485
1.11507
1.1153
1.11552
1.11574
1.11597
1.11619
1.11641
1.11663
1.11686
1.11708
1.1173
1.11752
1.11775
1.11797
1.11819
1.11841
1.11863
1.11886
1.11908
1.1193
1.11952
1.11974
1.11997
1.12019
1.12041
1.12063
1.12085
1.12107
1.12129
1.12151
1.12173
1.12195
1.12217
1.1224
1.12262
1.12284
1.12306
1.12328
1.1235
1.12372
1.12394
1.12416
1.12438
1.1246
1.12482
1.12503
1.12525
1.12547
1.12569
1.12591
1.12613
1.12635
1.12657
1.12679
1.12701
1.12722
1.12744
1.12766
1.12788
1.1281
1.12832
1.12853
1.12875
1.12897
1.12919
1.12941
1.12962
1.12984
1.13006
1.13028
1.13049
1.13071
1.13093
1.13115
1.13136
1.13158
1.1318
1.13201
1.13223
1.13245
1.13266
1.13288
1.1331
1.13331
1.13353
1.13374
1.13396
1.13418
1.13439
1.13461
1.13482
1.13504
1.13525
1.13547
1.13569
1.1359
1.13612
1.13633
1.13655
1.13676
1.13698
1.13719
1.1374
1.13762
1.13783
1.13805
1.13826
1.13848
1.13869
1.13891
1.13912
1.13933
1.13955
1.13976
1.13997
1.14019
1.1404
1.14061
1.14083
1.14104
1.14125
1.14147
1.14168
1.14189
1.14211
1.14232
1.14253
1.14274
1.14296
1.14317
1.14338
1.14359
1.14381
1.14402
1.14423
1.14444
1.14465
1.14487
1.14508
1.14529
1.1455
1.14571
1.14592
1.14613
1.14635
1.14656
1.14677
1.14698
1.14719
1.1474
1.14761
1.14782
1.14803
1.14824
1.14845
1.14866
1.14887
1.14908
1.14929
1.1495
1.14971
1.14992
1.15013
1.15034
1.15055
1.15076
1.15097
1.15118
1.15139
1.1516
1.15181
1.15202
1.15223
1.15243
1.15264
1.15285
1.15306
1.15327
1.15348
1.15369
1.15389
1.1541
1.15431
1.15452
1.15473
1.15493
1.15514
1.15535
1.15556
1.15576
1.15597
1.15618
1.15639
1.15659
1.1568
1.15701
1.15721
1.15742
1.15763
1.15783
1.15804
1.15825
1.15845
1.15866
1.15887
1.15907
1.15928
1.15949
1.15969
1.1599
1.1601
1.16031
1.16051
1.16072
1.16093
1.16113
1.16134
1.16154
1.16175
1.16195
1.16216
1.16236
1.16257
1.16277
1.16298
1.16318
1.16338
1.16359
1.16379
1.164
1.1642
1.16441
1.16461
1.16481
1.16502
1.16522
1.16543
1.16563
1.16583
1.16604
1.16624
1.16644
1.16665
1.16685
1.16705
1.16726
1.16746
1.16766
1.16786
1.16807
1.16827
1.16847
1.16868
1.16888
1.16908
1.16928
1.16948
1.16969
1.16989
1.17009
1.17029
1.17049
1.1707
1.1709
1.1711
1.1713
1.1715
1.1717
1.1719
1.17211
1.17231
1.17251
1.17271
1.17291
1.17311
1.17331
1.17351
1.17371
1.17391
1.17411
1.17431
1.17451
1.17471
1.17491
1.17511
1.17531
1.17551
1.17571
1.17591
1.17611
1.17631
1.17651
1.17671
1.17691
1.17711
1.17731
1.17751
1.17771
1.1779
1.1781
1.1783
1.1785
1.1787
1.1789
1.1791
1.17929
1.17949
1.17969
1.17989
1.18009
1.18029
1.18048
1.18068
1.18088
1.18108
1.18127
1.18147
1.18167
1.18187
1.18206
1.18226
1.18246
1.18266
1.18285
1.18305
1.18325
1.18344
1.18364
1.18384
1.18403
1.18423
1.18443
1.18462
1.18482
1.18501
1.18521
1.18541
1.1856
1.1858
1.18599
1.18619
1.18638
1.18658
1.18678
1.18697
1.18717
1.18736
1.18756
1.18775
1.18795
1.18814
1.18834
1.18853
1.18873
1.18892
1.18912
1.18931
1.1895
1.1897
1.18989
1.19009
1.19028
1.19047
1.19067
1.19086
1.19106
1.19125
1.19144
1.19164
1.19183
1.19202
1.19222
1.19241
1.1926
1.1928
1.19299
1.19318
1.19338
1.19357
1.19376
1.19395
1.19415
1.19434
1.19453
1.19472
1.19492
1.19511
1.1953
1.19549
1.19568
1.19588
1.19607
1.19626
1.19645
1.19664
1.19683
1.19703
1.19722
1.19741
1.1976
1.19779
1.19798
1.19817
1.19836
1.19856
1.19875
1.19894
1.19913
1.19932
1.19951
1.1997
1.19989
1.20008
1.20027
1.20046
1.20065
1.20084
1.20103
1.20122
1.20141
1.2016
1.20179
1.20198
1.20217
1.20236
1.20255
1.20274
1.20293
1.20311
1.2033
1.20349
1.20368
1.20387
1.20406
1.20425
1.20444
1.20462
1.20481
1.205
1.20519
1.20538
1.20557
1.20575
1.20594
1.20613
1.20632
1.20651
1.20669
1.20688
1.20707
1.20726
1.20744
1.20763
1.20782
1.20801
1.20819
1.20838
1.20857
1.20875
1.20894
1.20913
1.20931
1.2095
1.20969
1.20987
1.21006
1.21025
1.21043
1.21062
1.2108
1.21099
1.21118
1.21136
1.21155
1.21173
1.21192
1.21211
1.21229
1.21248
1.21266
1.21285
1.21303
1.21322
1.2134
1.21359
1.21377
1.21396
1.21414
1.21433
1.21451
1.2147
1.21488
1.21507
1.21525
1.21543
1.21562
1.2158
1.21599
1.21617
1.21636
1.21654
1.21672
1.21691
1.21709
1.21727
1.21746
1.21764
1.21782
1.21801
1.21819
1.21837
1.21856
1.21874
1.21892
1.21911
1.21929
1.21947
1.21965
1.21984
1.22002
1.2202
1.22038
1.22057
1.22075
1.22093
1.22111
1.2213
1.22148
1.22166
1.22184
1.22202
1.2222
1.22239
1.22257
1.22275
1.22293
1.22311
1.22329
1.22347
1.22366
1.22384
1.22402
1.2242
1.22438
1.22456
1.22474
1.22492
1.2251
1.22528
1.22546
1.22564
1.22582
1.226
1.22618
1.22636
1.22654
1.22672
1.2269
1.22708
1.22726
1.22744
1.22762
1.2278
1.22798
1.22816
1.22834
1.22852
1.2287
1.22888
1.22906
1.22924
1.22942
1.22959
1.22977
1.22995
1.23013
1.23031
1.23049
1.23067
1.23084
1.23102
1.2312
1.23138
1.23156
1.23174
1.23191
1.23209
1.23227
1.23245
1.23262
1.2328
1.23298
1.23316
1.23333
1.23351
1.23369
1.23387
1.23404
1.23422
1.2344
1.23457
1.23475
1.23493
1.2351
1.23528
1.23546
1.23563
1.23581
1.23599
1.23616
1.23634
1.23652
1.23669
1.23687
1.23704
1.23722
1.2374
1.23757
1.23775
1.23792
1.2381
1.23827
1.23845
1.23862
1.2388
1.23897
1.23915
1.23932
1.2395
1.23967
1.23985
1.24002
1.2402
1.24037
1.24055
1.24072
1.2409
1.24107
1.24125
1.24142
1.24159
1.24177
1.24194
1.24212
1.24229
1.24246
1.24264
1.24281
1.24299
1.24316
1.24333
1.24351
1.24368
1.24385
1.24403
1.2442
1.24437
1.24455
1.24472
1.24489
1.24506
1.24524
1.24541
1.24558
1.24576
1.24593
1.2461
1.24627
1.24645
1.24662
1.24679
1.24696
1.24713
1.24731
1.24748
1.24765
1.24782
1.24799
1.24816
1.24834
1.24851
1.24868
1.24885
1.24902
1.24919
1.24936
1.24954
1.24971
1.24988
1.25005
1.25022
1.25039
1.25056
1.25073
1.2509
1.25107
1.25124
1.25141
1.25158
1.25175
1.25192
1.25209
1.25226
1.25243
1.2526
1.25277
1.25294
1.25311
1.25328
1.25345
1.25362
1.25379
1.25396
1.25413
1.2543
1.25447
1.25464
1.25481
1.25498
1.25515
1.25532
1.25548
1.25565
1.25582
1.25599
1.25616
1.25633
1.2565
1.25666
1.25683
1.257
1.25717
1.25734
1.2575
1.25767
1.25784
1.25801
1.25818
1.25834
1.25851
1.25868
1.25885
1.25901
1.25918
1.25935
1.25952
1.25968
1.25985
1.26002
1.26018
1.26035
1.26052
1.26069
1.26085
1.26102
1.26119
1.26135
1.26152
1.26169
1.26185
1.26202
1.26218
1.26235
1.26252
1.26268
1.26285
1.26301
1.26318
1.26335
1.26351
1.26368
1.26384
1.26401
1.26417
1.26434
1.2645
1.26467
1.26484
1.265
1.26517
1.26533
1.2655
1.26566
1.26583
1.26599
1.26615
1.26632
1.26648
1.26665
1.26681
1.26698
1.26714
1.26731
1.26747
1.26763
1.2678
1.26796
1.26813
1.26829
1.26845
1.26862
1.26878
1.26895
1.26911
1.26927
1.26944
1.2696
1.26976
1.26993
1.27009
1.27025
1.27042
1.27058
1.27074
1.2709
1.27107
1.27123
1.27139
1.27155
1.27172
1.27188
1.27204
1.2722
1.27237
1.27253
1.27269
1.27285
1.27302
1.27318
1.27334
1.2735
1.27366
1.27382
1.27399
1.27415
1.27431
1.27447
1.27463
1.27479
1.27496
1.27512
1.27528
1.27544
1.2756
1.27576
1.27592
1.27608
1.27624
1.2764
1.27657
1.27673
1.27689
1.27705
1.27721
1.27737
1.27753
1.27769
1.27785
1.27801
1.27817
1.27833
1.27849
1.27865
1.27881
1.27897
1.27913
1.27929
1.27945
1.27961
1.27977
1.27993
1.28009
1.28024
1.2804
1.28056
1.28072
1.28088
1.28104
1.2812
1.28136
1.28152
1.28168
1.28183
1.28199
1.28215
1.28231
1.28247
1.28263
1.28278
1.28294
1.2831
1.28326
1.28342
1.28357
1.28373
1.28389
1.28405
1.28421
1.28436
1.28452
1.28468
1.28484
1.28499
1.28515
1.28531
1.28547
1.28562
1.28578
1.28594
1.28609
1.28625
1.28641
1.28657
1.28672
1.28688
1.28704
1.28719
1.28735
1.28751
1.28766
1.28782
1.28797
1.28813
1.28829
1.28844
1.2886
1.28875
1.28891
1.28907
1.28922
1.28938
1.28953
1.28969
1.28985
1.29
1.29016
1.29031
1.29047
1.29062
1.29078
1.29093
1.29109
1.29124
1.2914
1.29155
1.29171
1.29186
1.29202
1.29217
1.29233
1.29248
1.29264
1.29279
1.29294
1.2931
1.29325
1.29341
1.29356
1.29372
1.29387
1.29402
1.29418
1.29433
1.29448
1.29464
1.29479
1.29495
1.2951
1.29525
1.29541
1.29556
1.29571
1.29587
1.29602
1.29617
1.29633
1.29648
1.29663
1.29678
1.29694
1.29709
1.29724
1.2974
1.29755
1.2977
1.29785
1.29801
1.29816
1.29831
1.29846
1.29861
1.29877
1.29892
1.29907
1.29922
1.29938
1.29953
1.29968
1.29983
1.29998
1.30013
1.30029
1.30044
1.30059
1.30074
1.30089
1.30104
1.30119
1.30134
1.3015
1.30165
1.3018
1.30195
1.3021
1.30225
1.3024
1.30255
1.3027
1.30285
1.303
1.30315
1.3033
1.30345
1.3036
1.30376
1.30391
1.30406
1.30421
1.30436
1.30451
1.30466
1.30481
1.30495
1.3051
1.30525
1.3054
1.30555
1.3057
1.30585
1.306
1.30615
1.3063
1.30645
1.3066
1.30675
1.3069
1.30705
1.30719
1.30734
1.30749
1.30764
1.30779
1.30794
1.30809
1.30824
1.30838
1.30853
1.30868
1.30883
1.30898
1.30912
1.30927
1.30942
1.30957
1.30972
1.30986
1.31001
1.31016
1.31031
1.31046
1.3106
1.31075
1.3109
1.31105
1.31119
1.31134
1.31149
1.31163
1.31178
1.31193
1.31208
1.31222
1.31237
1.31252
1.31266
1.31281
1.31296
1.3131
1.31325
1.3134
1.31354
1.31369
1.31384
1.31398
1.31413
1.31427
1.31442
1.31457
1.31471
1.31486
1.315
1.31515
1.3153
1.31544
1.31559
1.31573
1.31588
1.31602
1.31617
1.31632
1.31646
1.31661
1.31675
1.3169
1.31704
1.31719
1.31733
1.31748
1.31762
1.31777
1.31791
1.31806
1.3182
1.31834
1.31849
1.31863
1.31878
1.31892
1.31907
1.31921
1.31936
1.3195
1.31964
1.31979
1.31993
1.32008
1.32022
1.32036
1.32051
1.32065
1.32079
1.32094
1.32108
1.32123
1.32137
1.32151
1.32166
1.3218
1.32194
1.32209
1.32223
1.32237
1.32251
1.32266
1.3228
1.32294
1.32309
1.32323
1.32337
1.32351
1.32366
1.3238
1.32394
1.32408
1.32423
1.32437
1.32451
1.32465
1.3248
1.32494
1.32508
1.32522
1.32536
1.32551
1.32565
1.32579
1.32593
1.32607
1.32621
1.32636
1.3265
1.32664
1.32678
1.32692
1.32706
1.3272
1.32734
1.32749
1.32763
1.32777
1.32791
1.32805
1.32819
1.32833
1.32847
1.32861
1.32875
1.32889
1.32903
1.32917
1.32932
1.32946
1.3296
1.32974
1.32988
1.33002
1.33016
1.3303
1.33044
1.33058
1.33072
1.33086
1.331
1.33114
1.33128
1.33141
1.33155
1.33169
1.33183
1.33197
1.33211
1.33225
1.33239
1.33253
1.33267
1.33281
1.33295
1.33309
1.33322
1.33336
1.3335
1.33364
1.33378
1.33392
1.33406
1.3342
1.33433
1.33447
1.33461
1.33475
1.33489
1.33503
1.33516
1.3353
1.33544
1.33558
1.33572
1.33585
1.33599
1.33613
1.33627
1.3364
1.33654
1.33668
1.33682
1.33695
1.33709
1.33723
1.33737
1.3375
1.33764
1.33778
1.33792
1.33805
1.33819
1.33833
1.33846
1.3386
1.33874
1.33887
1.33901
1.33915
1.33928
1.33942
1.33956
1.33969
1.33983
1.33997
1.3401
1.34024
1.34037
1.34051
1.34065
1.34078
1.34092
1.34105
1.34119
1.34133
1.34146
1.3416
1.34173
1.34187
1.342
1.34214
1.34228
1.34241
1.34255
1.34268
1.34282
1.34295
1.34309
1.34322
1.34336
1.34349
1.34363
1.34376
1.3439
1.34403
1.34417
1.3443
1.34443
1.34457
1.3447
1.34484
1.34497
1.34511
1.34524
1.34538
1.34551
1.34564
1.34578
1.34591
1.34605
1.34618
1.34631
1.34645
1.34658
1.34672
1.34685
1.34698
1.34712
1.34725
1.34738
1.34752
1.34765
1.34778
1.34792
1.34805
1.34818
1.34832
1.34845
1.34858
1.34871
1.34885
1.34898
1.34911
1.34925
1.34938
1.34951
1.34964
1.34978
1.34991
1.35004
1.35017
1.35031
1.35044
1.35057
1.3507
1.35084
1.35097
1.3511
1.35123
1.35136
1.3515
1.35163
1.35176
1.35189
1.35202
1.35215
1.35229
1.35242
1.35255
1.35268
1.35281
1.35294
1.35307
1.35321
1.35334
1.35347
1.3536
1.35373
1.35386
1.35399
1.35412
1.35425
1.35438
1.35451
1.35465
1.35478
1.35491
1.35504
1.35517
1.3553
1.35543
1.35556
1.35569
1.35582
1.35595
1.35608
1.35621
1.35634
1.35647
1.3566
1.35673
1.35686
1.35699
1.35712
1.35725
1.35738
1.35751
1.35764
1.35777
1.3579
1.35803
1.35815
1.35828
1.35841
1.35854
1.35867
1.3588
1.35893
1.35906
1.35919
1.35932
1.35945
1.35957
1.3597
1.35983
1.35996
1.36009
1.36022
1.36035
1.36047
1.3606
1.36073
1.36086
1.36099
1.36112
1.36124
1.36137
1.3615
1.36163
1.36176
1.36188
1.36201
1.36214
1.36227
1.3624
1.36252
1.36265
1.36278
1.36291
1.36303
1.36316
1.36329
1.36342
1.36354
1.36367
1.3638
1.36392
1.36405
1.36418
1.36431
1.36443
1.36456
1.36469
1.36481
1.36494
1.36507
1.36519
1.36532
1.36545
1.36557
1.3657
1.36583
1.36595
1.36608
1.3662
1.36633
1.36646
1.36658
1.36671
1.36683
1.36696
1.36709
1.36721
1.36734
1.36746
1.36759
1.36772
1.36784
1.36797
1.36809
1.36822
1.36834
1.36847
1.36859
1.36872
1.36884
1.36897
1.36909
1.36922
1.36934
1.36947
1.36959
1.36972
1.36984
1.36997
1.37009
1.37022
1.37034
1.37047
1.37059
1.37072
1.37084
1.37097
1.37109
1.37121
1.37134
1.37146
1.37159
1.37171
1.37184
1.37196
1.37208
1.37221
1.37233
1.37246
1.37258
1.3727
1.37283
1.37295
1.37307
1.3732
1.37332
1.37344
1.37357
1.37369
1.37382
1.37394
1.37406
1.37418
1.37431
1.37443
1.37455
1.37468
1.3748
1.37492
1.37505
1.37517
1.37529
1.37541
1.37554
1.37566
1.37578
1.3759
1.37603
1.37615
1.37627
1.37639
1.37652
1.37664
1.37676
1.37688
1.37701
1.37713
1.37725
1.37737
1.37749
1.37762
1.37774
1.37786
1.37798
1.3781
1.37822
1.37835
1.37847
1.37859
1.37871
1.37883
1.37895
1.37907
1.3792
1.37932
1.37944
1.37956
1.37968
1.3798
1.37992
1.38004
1.38016
1.38029
1.38041
1.38053
1.38065
1.38077
1.38089
1.38101
1.38113
1.38125
1.38137
1.38149
1.38161
1.38173
1.38185
1.38197
1.38209
1.38221
1.38233
1.38245
1.38257
1.38269
1.38281
1.38293
1.38305
1.38317
1.38329
1.38341
1.38353
1.38365
1.38377
1.38389
1.38401
1.38413
1.38425
1.38437
1.38449
1.38461
1.38472
1.38484
1.38496
1.38508
1.3852
1.38532
1.38544
1.38556
1.38568
1.3858
1.38591
1.38603
1.38615
1.38627
1.38639
1.38651
1.38663
1.38674
1.38686
1.38698
1.3871
1.38722
1.38733
1.38745
1.38757
1.38769
1.38781
1.38793
1.38804
1.38816
1.38828
1.3884
1.38851
1.38863
1.38875
1.38887
1.38898
1.3891
1.38922
1.38934
1.38945
1.38957
1.38969
1.38981
1.38992
1.39004
1.39016
1.39027
1.39039
1.39051
1.39063
1.39074
1.39086
1.39098
1.39109
1.39121
1.39133
1.39144
1.39156
1.39168
1.39179
1.39191
1.39202
1.39214
1.39226
1.39237
1.39249
1.39261
1.39272
1.39284
1.39295
1.39307
1.39319
1.3933
1.39342
1.39353
1.39365
1.39377
1.39388
1.394
1.39411
1.39423
1.39434
1.39446
1.39457
1.39469
1.3948
1.39492
1.39503
1.39515
1.39527
1.39538
1.3955
1.39561
1.39573
1.39584
1.39596
1.39607
1.39618
1.3963
1.39641
1.39653
1.39664
1.39676
1.39687
1.39699
1.3971
1.39722
1.39733
1.39744
1.39756
1.39767
1.39779
1.3979
1.39802
1.39813
1.39824
1.39836
1.39847
1.39859
1.3987
1.39881
1.39893
1.39904
1.39915
1.39927
1.39938
1.39949
1.39961
1.39972
1.39983
1.39995
1.40006
1.40017
1.40029
1.4004
1.40051
1.40063
1.40074
1.40085
1.40097
1.40108
1.40119
1.40131
1.40142
1.40153
1.40164
1.40176
1.40187
1.40198
1.40209
1.40221
1.40232
1.40243
1.40254
1.40266
1.40277
1.40288
1.40299
1.4031
1.40322
1.40333
1.40344
1.40355
1.40366
1.40378
1.40389
1.404
1.40411
1.40422
1.40434
1.40445
1.40456
1.40467
1.40478
1.40489
1.405
1.40512
1.40523
1.40534
1.40545
1.40556
1.40567
1.40578
1.40589
1.40601
1.40612
1.40623
1.40634
1.40645
1.40656
1.40667
1.40678
1.40689
1.407
1.40711
1.40722
1.40733
1.40744
1.40756
1.40767
1.40778
1.40789
1.408
1.40811
1.40822
1.40833
1.40844
1.40855
1.40866
1.40877
1.40888
1.40899
1.4091
1.40921
1.40932
1.40943
1.40954
1.40965
1.40976
1.40986
1.40997
1.41008
1.41019
1.4103
1.41041
1.41052
1.41063
1.41074
1.41085
1.41096
1.41107
1.41118
1.41129
1.41139
1.4115
1.41161
1.41172
1.41183
1.41194
1.41205
1.41216
1.41226
1.41237
1.41248
1.41259
1.4127
1.41281
1.41292
1.41302
1.41313
1.41324
1.41335
1.41346
1.41356
1.41367
1.41378
1.41389
1.414
1.41411
1.41421
1.41432
1.41443
1.41454
1.41464
1.41475
1.41486
1.41497
1.41507
1.41518
1.41529
1.4154
1.4155
1.41561
1.41572
1.41583
1.41593
1.41604
1.41615
1.41626
1.41636
1.41647
1.41658
1.41668
1.41679
1.4169
1.417
1.41711
1.41722
1.41732
1.41743
1.41754
1.41764
1.41775
1.41786
1.41796
1.41807
1.41818
1.41828
1.41839
1.4185
1.4186
1.41871
1.41881
1.41892
1.41903
1.41913
1.41924
1.41934
1.41945
1.41956
1.41966
1.41977
1.41987
1.41998
1.42008
1.42019
1.4203
1.4204
1.42051
1.42061
1.42072
1.42082
1.42093
1.42103
1.42114
1.42124
1.42135
1.42145
1.42156
1.42166
1.42177
1.42187
1.42198
1.42208
1.42219
1.42229
1.4224
1.4225
1.42261
1.42271
1.42282
1.42292
1.42303
1.42313
1.42324
1.42334
1.42344
1.42355
1.42365
1.42376
1.42386
1.42397
1.42407
1.42417
1.42428
1.42438
1.42449
1.42459
1.42469
1.4248
1.4249
1.42501
1.42511
1.42521
1.42532
1.42542
1.42552
1.42563
1.42573
1.42583
1.42594
1.42604
1.42614
1.42625
1.42635
1.42645
1.42656
1.42666
1.42676
1.42687
1.42697
1.42707
1.42718
1.42728
1.42738
1.42748
1.42759
1.42769
1.42779
1.42789
1.428
1.4281
1.4282
1.42831
1.42841
1.42851
1.42861
1.42871
1.42882
1.42892
1.42902
1.42912
1.42923
1.42933
1.42943
1.42953
1.42963
1.42974
1.42984
1.42994
1.43004
1.43014
1.43025
1.43035
1.43045
1.43055
1.43065
1.43075
1.43086
1.43096
1.43106
1.43116
1.43126
1.43136
1.43146
1.43157
1.43167
1.43177
1.43187
1.43197
1.43207
1.43217
1.43227
1.43237
1.43248
1.43258
1.43268
1.43278
1.43288
1.43298
1.43308
1.43318
1.43328
1.43338
1.43348
1.43358
1.43368
1.43378
1.43388
1.43398
1.43408
1.43418
1.43429
1.43439
1.43449
1.43459
1.43469
1.43479
1.43489
1.43499
1.43509
1.43519
1.43529
1.43539
1.43549
1.43558
1.43568
1.43578
1.43588
1.43598
1.43608
1.43618
1.43628
1.43638
1.43648
1.43658
1.43668
1.43678
1.43688
1.43698
1.43708
1.43718
1.43727
1.43737
1.43747
1.43757
1.43767
1.43777
1.43787
1.43797
1.43807
1.43816
1.43826
1.43836
1.43846
1.43856
1.43866
1.43876
1.43886
1.43895
1.43905
1.43915
1.43925
1.43935
1.43945
1.43954
1.43964
1.43974
1.43984
1.43994
1.44003
1.44013
1.44023
1.44033
1.44043
1.44052
1.44062
1.44072
1.44082
1.44091
1.44101
1.44111
1.44121
1.44131
1.4414
1.4415
1.4416
1.4417
1.44179
1.44189
1.44199
1.44208
1.44218
1.44228
1.44238
1.44247
1.44257
1.44267
1.44276
1.44286
1.44296
1.44306
1.44315
1.44325
1.44335
1.44344
1.44354
1.44364
1.44373
1.44383
1.44393
1.44402
1.44412
1.44422
1.44431
1.44441
1.4445
1.4446
1.4447
1.44479
1.44489
1.44499
1.44508
1.44518
1.44527
1.44537
1.44547
1.44556
1.44566
1.44575
1.44585
1.44595
1.44604
1.44614
1.44623
1.44633
1.44642
1.44652
1.44661
1.44671
1.44681
1.4469
1.447
1.44709
1.44719
1.44728
1.44738
1.44747
1.44757
1.44766
1.44776
1.44785
1.44795
1.44804
1.44814
1.44823
1.44833
1.44842
1.44852
1.44861
1.44871
1.4488
1.4489
1.44899
1.44909
1.44918
1.44927
1.44937
1.44946
1.44956
1.44965
1.44975
1.44984
1.44994
1.45003
1.45012
1.45022
1.45031
1.45041
1.4505
1.45059
1.45069
1.45078
1.45088
1.45097
1.45106
1.45116
1.45125
1.45135
1.45144
1.45153
1.45163
1.45172
1.45181
1.45191
1.452
1.45209
1.45219
1.45228
1.45237
1.45247
1.45256
1.45265
1.45275
1.45284
1.45293
1.45303
1.45312
1.45321
1.45331
1.4534
1.45349
1.45358
1.45368
1.45377
1.45386
1.45396
1.45405
1.45414
1.45423
1.45433
1.45442
1.45451
1.4546
1.4547
1.45479
1.45488
1.45497
1.45507
1.45516
1.45525
1.45534
1.45543
1.45553
1.45562
1.45571
1.4558
1.4559
1.45599
1.45608
1.45617
1.45626
1.45635
1.45645
1.45654
1.45663
1.45672
1.45681
1.4569
1.457
1.45709
1.45718
1.45727
1.45736
1.45745
1.45755
1.45764
1.45773
1.45782
1.45791
1.458
1.45809
1.45818
1.45827
1.45837
1.45846
1.45855
1.45864
1.45873
1.45882
1.45891
1.459
1.45909
1.45918
1.45927
1.45937
1.45946
1.45955
1.45964
1.45973
1.45982
1.45991
1.46
1.46009
1.46018
1.46027
1.46036
1.46045
1.46054
1.46063
1.46072
1.46081
1.4609
1.46099
1.46108
1.46117
1.46126
1.46135
1.46144
1.46153
1.46162
1.46171
1.4618
1.46189
1.46198
1.46207
1.46216
1.46225
1.46234
1.46243
1.46252
1.46261
1.4627
1.46279
1.46288
1.46296
1.46305
1.46314
1.46323
1.46332
1.46341
1.4635
1.46359
1.46368
1.46377
1.46386
1.46394
1.46403
1.46412
1.46421
1.4643
1.46439
1.46448
1.46457
1.46465
1.46474
1.46483
1.46492
1.46501
1.4651
1.46519
1.46527
1.46536
1.46545
1.46554
1.46563
1.46572
1.4658
1.46589
1.46598
1.46607
1.46616
1.46625
1.46633
1.46642
1.46651
1.4666
1.46668
1.46677
1.46686
1.46695
1.46704
1.46712
1.46721
1.4673
1.46739
1.46747
1.46756
1.46765
1.46774
1.46782
1.46791
1.468
1.46809
1.46817
1.46826
1.46835
1.46844
1.46852
1.46861
1.4687
1.46878
1.46887
1.46896
1.46905
1.46913
1.46922
1.46931
1.46939
1.46948
1.46957
1.46965
1.46974
1.46983
1.46991
1.47
1.47009
1.47017
1.47026
1.47035
1.47043
1.47052
1.47061
1.47069
1.47078
1.47086
1.47095
1.47104
1.47112
1.47121
1.4713
1.47138
1.47147
1.47155
1.47164
1.47173
1.47181
1.4719
1.47198
1.47207
1.47216
1.47224
1.47233
1.47241
1.4725
1.47258
1.47267
1.47276
1.47284
1.47293
1.47301
1.4731
1.47318
1.47327
1.47335
1.47344
1.47352
1.47361
1.47369
1.47378
1.47386
1.47395
1.47403
1.47412
1.47421
1.47429
1.47438
1.47446
1.47454
1.47463
1.47471
1.4748
1.47488
1.47497
1.47505
1.47514
1.47522
1.47531
1.47539
1.47548
1.47556
1.47565
1.47573
1.47581
1.4759
1.47598
1.47607
1.47615
1.47624
1.47632
1.4764
1.47649
1.47657
1.47666
1.47674
1.47683
1.47691
1.47699
1.47708
1.47716
1.47724
1.47733
1.47741
1.4775
1.47758
1.47766
1.47775
1.47783
1.47791
1.478
1.47808
1.47817
1.47825
1.47833
1.47842
1.4785
1.47858
1.47867
1.47875
1.47883
1.47892
1.479
1.47908
1.47917
1.47925
1.47933
1.47941
1.4795
1.47958
1.47966
1.47975
1.47983
1.47991
1.47999
1.48008
1.48016
1.48024
1.48033
1.48041
1.48049
1.48057
1.48066
1.48074
1.48082
1.4809
1.48099
1.48107
1.48115
1.48123
1.48132
1.4814
1.48148
1.48156
1.48164
1.48173
1.48181
1.48189
1.48197
1.48206
1.48214
1.48222
1.4823
1.48238
1.48246
1.48255
1.48263
1.48271
1.48279
1.48287
1.48296
1.48304
1.48312
1.4832
1.48328
1.48336
1.48345
1.48353
1.48361
1.48369
1.48377
1.48385
1.48393
1.48393
