0
4.492808e-06
1.794253e-05
4.030623e-05
7.15412e-05
0.0001116049
0.0001604549
0.0002180491
0.0002843455
0.0003593022
0.0004428776
0.0005350304
0.0006357191
0.0007449027
0.0008625404
0.0009885913
0.001123015
0.001265771
0.001416819
0.001576119
0.001743631
0.001919316
0.002103134
0.002295046
0.002495012
0.002702994
0.002918952
0.003142848
0.003374644
0.003614301
0.003861782
0.004117047
0.004380059
0.004650781
0.004929175
0.005215204
0.00550883
0.005810017
0.006118727
0.006434924
0.006758572
0.007089634
0.007428074
0.007773855
0.008126943
0.0084873
0.008854892
0.009229683
0.009611638
0.01000072
0.0103969
0.01080014
0.0112104
0.01162765
0.01205185
0.01248298
0.01292099
0.01336586
0.01381755
0.01427602
0.01474124
0.01521318
0.01569181
0.01617709
0.01666899
0.01716748
0.01767252
0.01818409
0.01870214
0.01922665
0.01975759
0.02029492
0.02083861
0.02138863
0.02194495
0.02250754
0.02307636
0.02365139
0.02423259
0.02481993
0.02541339
0.02601293
0.02661852
0.02723013
0.02784773
0.02847129
0.02910078
0.02973618
0.03037744
0.03102455
0.03167747
0.03233618
0.03300063
0.03367082
0.0343467
0.03502825
0.03571543
0.03640823
0.03710661
0.03781055
0.03852
0.03923496
0.03995539
0.04068126
0.04141254
0.04214922
0.04289125
0.04363861
0.04439128
0.04514923
0.04591243
0.04668085
0.04745447
0.04823326
0.0490172
0.04980626
0.0506004
0.05139962
0.05220387
0.05301314
0.0538274
0.05464662
0.05547077
0.05629984
0.0571338
0.05797262
0.05881627
0.05966473
0.06051798
0.061376
0.06223875
0.06310621
0.06397836
0.06485517
0.06573662
0.06662269
0.06751335
0.06840858
0.06930835
0.07021264
0.07112143
0.07203468
0.07295239
0.07387453
0.07480106
0.07573198
0.07666725
0.07760686
0.07855078
0.07949898
0.08045146
0.08140817
0.08236911
0.08333424
0.08430355
0.08527702
0.08625462
0.08723633
0.08822212
0.08921198
0.09020589
0.09120382
0.09220576
0.09321167
0.09422155
0.09523536
0.09625309
0.09727472
0.09830022
0.09932958
0.1003628
0.1013998
0.1024406
0.1034851
0.1045335
0.1055855
0.1066413
0.1077007
0.1087639
0.1098306
0.1109011
0.1119751
0.1130527
0.1141339
0.1152186
0.1163069
0.1173987
0.118494
0.1195928
0.120695
0.1218006
0.1229097
0.1240222
0.1251381
0.1262573
0.1273799
0.1285058
0.129635
0.1307675
0.1319032
0.1330423
0.1341845
0.13533
0.1364787
0.1376305
0.1387856
0.1399437
0.141105
0.1422694
0.1434369
0.1446075
0.1457812
0.1469578
0.1481375
0.1493203
0.150506
0.1516946
0.1528863
0.1540808
0.1552783
0.1564787
0.157682
0.1588882
0.1600972
0.1613091
0.1625238
0.1637413
0.1649616
0.1661847
0.1674105
0.1686391
0.1698704
0.1711044
0.1723411
0.1735805
0.1748226
0.1760673
0.1773147
0.1785646
0.1798172
0.1810724
0.1823301
0.1835904
0.1848533
0.1861186
0.1873865
0.1886569
0.1899298
0.1912051
0.192483
0.1937632
0.1950459
0.1963309
0.1976184
0.1989083
0.2002005
0.2014951
0.202792
0.2040913
0.2053929
0.2066967
0.2080029
0.2093113
0.210622
0.2119349
0.2132501
0.2145675
0.2158871
0.2172088
0.2185328
0.2198589
0.2211871
0.2225175
0.2238501
0.2251847
0.2265214
0.2278602
0.2292011
0.2305441
0.2318891
0.2332361
0.2345851
0.2359362
0.2372892
0.2386443
0.2400013
0.2413602
0.2427212
0.244084
0.2454488
0.2468154
0.248184
0.2495544
0.2509268
0.252301
0.253677
0.2550549
0.2564346
0.2578161
0.2591994
0.2605845
0.2619714
0.26336
0.2647504
0.2661426
0.2675365
0.2689321
0.2703294
0.2717284
0.2731291
0.2745315
0.2759355
0.2773412
0.2787485
0.2801575
0.2815681
0.2829803
0.2843941
0.2858095
0.2872265
0.288645
0.2900651
0.2914868
0.2929099
0.2943346
0.2957609
0.2971886
0.2986178
0.3000485
0.3014807
0.3029143
0.3043494
0.3057859
0.3072239
0.3086633
0.3101041
0.3115463
0.3129899
0.3144349
0.3158813
0.317329
0.3187781
0.3202285
0.3216802
0.3231333
0.3245877
0.3260434
0.3275004
0.3289587
0.3304183
0.3318791
0.3333412
0.3348046
0.3362692
0.337735
0.339202
0.3406703
0.3421397
0.3436104
0.3450822
0.3465553
0.3480295
0.3495048
0.3509813
0.352459
0.3539377
0.3554176
0.3568987
0.3583808
0.359864
0.3613484
0.3628338
0.3643202
0.3658078
0.3672964
0.368786
0.3702767
0.3717684
0.3732612
0.374755
0.3762497
0.3777455
0.3792423
0.38074
0.3822387
0.3837384
0.3852391
0.3867407
0.3882432
0.3897467
0.3912511
0.3927564
0.3942627
0.3957698
0.3972779
0.3987868
0.4002966
0.4018073
0.4033189
0.4048313
0.4063446
0.4078587
0.4093737
0.4108894
0.412406
0.4139235
0.4154417
0.4169607
0.4184806
0.4200012
0.4215226
0.4230447
0.4245677
0.4260914
0.4276158
0.429141
0.4306669
0.4321936
0.433721
0.4352491
0.4367779
0.4383074
0.4398376
0.4413685
0.4429001
0.4444324
0.4459653
0.4474989
0.4490331
0.450568
0.4521036
0.4536398
0.4551766
0.456714
0.4582521
0.4597908
0.46133
0.4628699
0.4644104
0.4659514
0.4674931
0.4690353
0.4705781
0.4721214
0.4736653
0.4752098
0.4767548
0.4783003
0.4798464
0.4813929
0.4829401
0.4844877
0.4860358
0.4875845
0.4891336
0.4906832
0.4922333
0.4937839
0.495335
0.4968865
0.4984385
0.4999909
0.5015439
0.5030972
0.504651
0.5062052
0.5077599
0.5093149
0.5108704
0.5124263
0.5139827
0.5155394
0.5170965
0.518654
0.5202119
0.5217701
0.5233288
0.5248878
0.5264472
0.5280069
0.529567
0.5311275
0.5326883
0.5342494
0.5358108
0.5373726
0.5389348
0.5404972
0.5420599
0.543623
0.5451864
0.54675
0.548314
0.5498782
0.5514428
0.5530076
0.5545727
0.556138
0.5577036
0.5592695
0.5608357
0.562402
0.5639687
0.5655356
0.5671027
0.56867
0.5702376
0.5718054
0.5733734
0.5749417
0.5765101
0.5780788
0.5796476
0.5812167
0.5827859
0.5843554
0.585925
0.5874948
0.5890647
0.5906349
0.5922052
0.5937757
0.5953463
0.5969171
0.598488
0.6000591
0.6016303
0.6032017
0.6047732
0.6063448
0.6079165
0.6094884
0.6110604
0.6126325
0.6142047
0.615777
0.6173494
0.6189219
0.6204945
0.6220672
0.6236399
0.6252128
0.6267857
0.6283587
0.6299318
0.6315049
0.6330781
0.6346514
0.6362247
0.6377981
0.6393715
0.640945
0.6425184
0.644092
0.6456655
0.6472391
0.6488128
0.6503864
0.65196
0.6535337
0.6551074
0.6566811
0.6582548
0.6598285
0.6614022
0.6629758
0.6645495
0.6661232
0.6676968
0.6692704
0.670844
0.6724176
0.6739911
0.6755646
0.6771381
0.6787115
0.6802849
0.6818583
0.6834316
0.6850048
0.686578
0.6881511
0.6897241
0.6912971
0.69287
0.6944429
0.6960157
0.6975884
0.699161
0.7007335
0.7023059
0.7038783
0.7054505
0.7070227
0.7085947
0.7101667
0.7117385
0.7133103
0.7148819
0.7164534
0.7180248
0.719596
0.7211672
0.7227382
0.7243091
0.7258798
0.7274505
0.7290209
0.7305913
0.7321615
0.7337315
0.7353014
0.7368712
0.7384408
0.7400102
0.7415795
0.7431486
0.7447176
0.7462863
0.747855
0.7494234
0.7509917
0.7525597
0.7541276
0.7556953
0.7572629
0.7588302
0.7603974
0.7619643
0.7635311
0.7650976
0.766664
0.7682301
0.7697961
0.7713618
0.7729273
0.7744926
0.7760577
0.7776226
0.7791873
0.7807517
0.7823159
0.7838798
0.7854436
0.7870071
0.7885704
0.7901334
0.7916962
0.7932587
0.794821
0.7963831
0.7979449
0.7995065
0.8010678
0.8026288
0.8041896
0.8057501
0.8073104
0.8088704
0.8104301
0.8119895
0.8135487
0.8151076
0.8166663
0.8182246
0.8197827
0.8213405
0.822898
0.8244552
0.8260122
0.8275688
0.8291252
0.8306812
0.832237
0.8337925
0.8353476
0.8369025
0.838457
0.8400113
0.8415652
0.8431188
0.8446721
0.8462251
0.8477778
0.8493302
0.8508822
0.8524339
0.8539853
0.8555364
0.8570871
0.8586375
0.8601876
0.8617374
0.8632868
0.8648358
0.8663846
0.867933
0.869481
0.8710287
0.8725761
0.8741231
0.8756697
0.8772161
0.878762
0.8803076
0.8818529
0.8833977
0.8849423
0.8864864
0.8880302
0.8895736
0.8911167
0.8926594
0.8942017
0.8957437
0.8972853
0.8988265
0.9003673
0.9019078
0.9034478
0.9049875
0.9065268
0.9080657
0.9096043
0.9111424
0.9126802
0.9142175
0.9157545
0.9172911
0.9188273
0.9203631
0.9218984
0.9234334
0.924968
0.9265022
0.928036
0.9295693
0.9311023
0.9326349
0.934167
0.9356987
0.9372301
0.938761
0.9402914
0.9418215
0.9433512
0.9448804
0.9464092
0.9479376
0.9494656
0.9509931
0.9525202
0.9540469
0.9555731
0.957099
0.9586243
0.9601493
0.9616738
0.9631979
0.9647215
0.9662447
0.9677675
0.9692898
0.9708117
0.9723332
0.9738541
0.9753747
0.9768948
0.9784144
0.9799336
0.9814524
0.9829707
0.9844885
0.9860059
0.9875228
0.9890393
0.9905553
0.9920709
0.993586
0.9951006
0.9966148
0.9981285
0.9996417
1.001154
1.002667
1.004179
1.00569
1.007201
1.008711
1.010221
1.011731
1.01324
1.014748
1.016256
1.017764
1.019271
1.020778
1.022284
1.023789
1.025294
1.026799
1.028303
1.029807
1.03131
1.032813
1.034315
1.035817
1.037318
1.038819
1.040319
1.041819
1.043318
1.044817
1.046315
1.047813
1.04931
1.050807
1.052303
1.053799
1.055295
1.056789
1.058284
1.059777
1.061271
1.062763
1.064256
1.065747
1.067239
1.068729
1.070219
1.071709
1.073198
1.074687
1.076175
1.077663
1.07915
1.080636
1.082122
1.083608
1.085093
1.086578
1.088062
1.089545
1.091028
1.09251
1.093992
1.095474
1.096954
1.098435
1.099915
1.101394
1.102873
1.104351
1.105828
1.107306
1.108782
1.110258
1.111734
1.113209
1.114683
1.116157
1.117631
1.119103
1.120576
1.122047
1.123519
1.124989
1.12646
1.127929
1.129398
1.130867
1.132335
1.133802
1.135269
1.136735
1.138201
1.139667
1.141131
1.142595
1.144059
1.145522
1.146985
1.148447
1.149908
1.151369
1.152829
1.154289
1.155748
1.157207
1.158665
1.160122
1.161579
1.163036
1.164492
1.165947
1.167402
1.168856
1.170309
1.171763
1.173215
1.174667
1.176118
1.177569
1.17902
1.180469
1.181918
1.183367
1.184815
1.186262
1.187709
1.189156
1.190601
1.192047
1.193491
1.194935
1.196379
1.197822
1.199264
1.200706
1.202147
1.203587
1.205028
1.206467
1.207906
1.209344
1.210782
1.212219
1.213656
1.215092
1.216527
1.217962
1.219397
1.22083
1.222263
1.223696
1.225128
1.22656
1.22799
1.229421
1.23085
1.232279
1.233708
1.235136
1.236563
1.23799
1.239416
1.240842
1.242267
1.243691
1.245115
1.246539
1.247961
1.249384
1.250805
1.252226
1.253646
1.255066
1.256485
1.257904
1.259322
1.26074
1.262156
1.263573
1.264988
1.266403
1.267818
1.269232
1.270645
1.272058
1.27347
1.274882
1.276293
1.277703
1.279113
1.280522
1.281931
1.283339
1.284746
1.286153
1.287559
1.288965
1.29037
1.291774
1.293178
1.294581
1.295984
1.297386
1.298788
1.300189
1.301589
1.302989
1.304388
1.305786
1.307184
1.308581
1.309978
1.311374
1.31277
1.314165
1.315559
1.316953
1.318346
1.319738
1.32113
1.322522
1.323912
1.325303
1.326692
1.328081
1.329469
1.330857
1.332244
1.333631
1.335017
1.336402
1.337787
1.339171
1.340555
1.341938
1.34332
1.344702
1.346083
1.347463
1.348843
1.350222
1.351601
1.352979
1.354357
1.355734
1.35711
1.358486
1.359861
1.361235
1.362609
1.363983
1.365355
1.366727
1.368099
1.36947
1.37084
1.37221
1.373579
1.374947
1.376315
1.377682
1.379049
1.380415
1.38178
1.383145
1.384509
1.385873
1.387236
1.388598
1.38996
1.391321
1.392682
1.394042
1.395401
1.39676
1.398118
1.399475
1.400832
1.402189
1.403544
1.404899
1.406254
1.407608
1.408961
1.410314
1.411666
1.413017
1.414368
1.415718
1.417068
1.418417
1.419765
1.421113
1.42246
1.423807
1.425153
1.426498
1.427843
1.429187
1.430531
1.431874
1.433216
1.434558
1.435899
1.437239
1.438579
1.439918
1.441257
1.442595
1.443932
1.445269
1.446605
1.447941
1.449276
1.45061
1.451944
1.453277
1.45461
1.455942
1.457273
1.458604
1.459934
1.461264
1.462592
1.463921
1.465248
1.466575
1.467902
1.469228
1.470553
1.471878
1.473202
1.474525
1.475848
1.47717
1.478492
1.479813
1.481133
1.482453
1.483772
1.48509
1.486408
1.487726
1.489042
1.490358
1.491674
1.492989
1.494303
1.495617
1.49693
1.498242
1.499554
1.500865
1.502176
1.503486
1.504795
1.506104
1.507412
1.508719
1.510026
1.511333
1.512638
1.513943
1.515248
1.516552
1.517855
1.519158
1.52046
1.521761
1.523062
1.524362
1.525662
1.526961
1.528259
1.529557
1.530854
1.532151
1.533447
1.534742
1.536037
1.537331
1.538624
1.539917
1.54121
1.542501
1.543792
1.545083
1.546373
1.547662
1.548951
1.550239
1.551526
1.552813
1.554099
1.555385
1.55667
1.557954
1.559238
1.560521
1.561804
1.563086
1.564367
1.565648
1.566928
1.568208
1.569486
1.570765
1.572043
1.57332
1.574596
1.575872
1.577147
1.578422
1.579696
1.58097
1.582242
1.583515
1.584786
1.586057
1.587328
1.588598
1.589867
1.591135
1.592403
1.593671
1.594938
1.596204
1.597469
1.598734
1.599999
1.601263
1.602526
1.603788
1.60505
1.606312
1.607572
1.608833
1.610092
1.611351
1.612609
1.613867
1.615124
1.616381
1.617637
1.618892
1.620147
1.621401
1.622654
1.623907
1.62516
1.626411
1.627662
1.628913
1.630163
1.631412
1.632661
1.633909
1.635156
1.636403
1.63765
1.638895
1.64014
1.641385
1.642629
1.643872
1.645115
1.646357
1.647598
1.648839
1.650079
1.651319
1.652558
1.653797
1.655035
1.656272
1.657509
1.658745
1.65998
1.661215
1.662449
1.663683
1.664916
1.666149
1.667381
1.668612
1.669843
1.671073
1.672302
1.673531
1.674759
1.675987
1.677214
1.678441
1.679667
1.680892
1.682117
1.683341
1.684564
1.685787
1.68701
1.688232
1.689453
1.690673
1.691893
1.693113
1.694331
1.69555
1.696767
1.697984
1.699201
1.700416
1.701632
1.702846
1.70406
1.705274
1.706487
1.707699
1.708911
1.710122
1.711332
1.712542
1.713751
1.71496
1.716168
1.717376
1.718583
1.719789
1.720995
1.7222
1.723404
1.724608
1.725812
1.727015
1.728217
1.729418
1.730619
1.73182
1.73302
1.734219
1.735418
1.736616
1.737813
1.73901
1.740207
1.741402
1.742597
1.743792
1.744986
1.746179
1.747372
1.748564
1.749756
1.750947
1.752138
1.753327
1.754517
1.755705
1.756894
1.758081
1.759268
1.760454
1.76164
1.762825
1.76401
1.765194
1.766377
1.76756
1.768743
1.769924
1.771105
1.772286
1.773466
1.774645
1.775824
1.777002
1.77818
1.779357
1.780533
1.781709
1.782885
1.784059
1.785233
1.786407
1.78758
1.788752
1.789924
1.791095
1.792266
1.793436
1.794606
1.795775
1.796943
1.798111
1.799278
1.800444
1.80161
1.802776
1.803941
1.805105
1.806269
1.807432
1.808595
1.809757
1.810918
1.812079
1.813239
1.814399
1.815558
1.816716
1.817874
1.819032
1.820189
1.821345
1.822501
1.823656
1.82481
1.825964
1.827118
1.82827
1.829423
1.830574
1.831725
1.832876
1.834026
1.835175
1.836324
1.837472
1.83862
1.839767
1.840914
1.84206
1.843205
1.84435
1.845494
1.846638
1.847781
1.848923
1.850065
1.851207
1.852348
1.853488
1.854628
1.855767
1.856905
1.858043
1.859181
1.860318
1.861454
1.86259
1.863725
1.864859
1.865993
1.867127
1.86826
1.869392
1.870524
1.871655
1.872786
1.873916
1.875045
1.876174
1.877303
1.878431
1.879558
1.880685
1.881811
1.882936
1.884061
1.885186
1.88631
1.887433
1.888556
1.889678
1.8908
1.891921
1.893041
1.894161
1.895281
1.8964
1.897518
1.898636
1.899753
1.90087
1.901986
1.903101
1.904216
1.905331
1.906444
1.907558
1.90867
1.909783
1.910894
1.912005
1.913116
1.914226
1.915335
1.916444
1.917552
1.91866
1.919767
1.920874
1.92198
1.923086
1.92419
1.925295
1.926399
1.927502
1.928605
1.929707
1.930809
1.93191
1.93301
1.93411
1.93521
1.936309
1.937407
1.938505
1.939602
1.940699
1.941795
1.942891
1.943986
1.94508
1.946174
1.947268
1.94836
1.949453
1.950545
1.951636
1.952726
1.953817
1.954906
1.955995
1.957084
1.958172
1.959259
1.960346
1.961432
1.962518
1.963603
1.964688
1.965772
1.966856
1.967939
1.969021
1.970103
1.971184
1.972265
1.973346
1.974425
1.975505
1.976583
1.977662
1.978739
1.979816
1.980893
1.981969
1.983044
1.984119
1.985194
1.986267
1.987341
1.988414
1.989486
1.990557
1.991629
1.992699
1.993769
1.994839
1.995908
1.996976
1.998044
1.999112
2.000178
2.001245
2.002311
2.003376
2.004441
2.005505
2.006568
2.007631
2.008694
2.009756
2.010818
2.011879
2.012939
2.013999
2.015058
2.016117
2.017175
2.018233
2.019291
2.020347
2.021403
2.022459
2.023514
2.024569
2.025623
2.026676
2.027729
2.028782
2.029834
2.030885
2.031936
2.032987
2.034036
2.035086
2.036134
2.037183
2.03823
2.039278
2.040324
2.04137
2.042416
2.043461
2.044506
2.04555
2.046593
2.047636
2.048679
2.049721
2.050762
2.051803
2.052843
2.053883
2.054923
2.055961
2.057
2.058037
2.059075
2.060111
2.061148
2.062183
2.063218
2.064253
2.065287
2.066321
2.067354
2.068386
2.069418
2.07045
2.071481
2.072511
2.073541
2.074571
2.0756
2.076628
2.077656
2.078683
2.07971
2.080737
2.081762
2.082788
2.083812
2.084837
2.08586
2.086884
2.087906
2.088929
2.08995
2.090971
2.091992
2.093012
2.094032
2.095051
2.09607
2.097088
2.098105
2.099122
2.100139
2.101155
2.102171
2.103186
2.1042
2.105214
2.106228
2.107241
2.108253
2.109265
2.110277
2.111288
2.112298
2.113308
2.114317
2.115326
2.116335
2.117343
2.11835
2.119357
2.120363
2.121369
2.122374
2.123379
2.124384
2.125388
2.126391
2.127394
2.128396
2.129398
2.130399
2.1314
2.1324
2.1334
2.134399
2.135398
2.136397
2.137394
2.138392
2.139389
2.140385
2.141381
2.142376
2.143371
2.144365
2.145359
2.146352
2.147345
2.148337
2.149329
2.15032
2.151311
2.152301
2.153291
2.15428
2.155269
2.156258
2.157245
2.158233
2.159219
2.160206
2.161192
2.162177
2.163162
2.164146
2.16513
2.166113
2.167096
2.168078
2.16906
2.170042
2.171023
2.172003
2.172983
2.173962
2.174941
2.17592
2.176897
2.177875
2.178852
2.179828
2.180804
2.18178
2.182755
2.183729
2.184703
2.185677
2.18665
2.187622
2.188594
2.189566
2.190537
2.191507
2.192477
2.193447
2.194416
2.195385
2.196353
2.19732
2.198287
2.199254
2.20022
2.201186
2.202151
2.203116
2.20408
2.205044
2.206007
2.20697
2.207932
2.208894
2.209855
2.210816
2.211776
2.212736
2.213696
2.214655
2.215613
2.216571
2.217528
2.218485
2.219442
2.220398
2.221353
2.222309
2.223263
2.224217
2.225171
2.226124
2.227077
2.228029
2.228981
2.229932
2.230882
2.231833
2.232783
2.233732
2.234681
2.235629
2.236577
2.237524
2.238471
2.239418
2.240364
2.241309
2.242254
2.243199
2.244143
2.245086
2.24603
2.246972
2.247914
2.248856
2.249797
2.250738
2.251678
2.252618
2.253557
2.254496
2.255435
2.256373
2.25731
2.258247
2.259184
2.26012
2.261055
2.26199
2.262925
2.263859
2.264793
2.265726
2.266659
2.267591
2.268523
2.269454
2.270385
2.271316
2.272245
2.273175
2.274104
2.275033
2.275961
2.276888
2.277815
2.278742
2.279668
2.280594
2.281519
2.282444
2.283368
2.284292
2.285216
2.286139
2.287061
2.287983
2.288905
2.289826
2.290747
2.291667
2.292587
2.293506
2.294425
2.295343
2.296261
2.297178
2.298095
2.299012
2.299928
2.300843
2.301759
2.302673
2.303587
2.304501
2.305414
2.306327
2.30724
2.308152
2.309063
2.309974
2.310885
2.311795
2.312704
2.313614
2.314522
2.31543
2.316338
2.317246
2.318153
2.319059
2.319965
2.320871
2.321776
2.32268
2.323584
2.324488
2.325391
2.326294
2.327197
2.328099
2.329
2.329901
2.330802
2.331702
2.332601
2.3335
2.334399
2.335298
2.336195
2.337093
2.33799
2.338886
2.339782
2.340678
2.341573
2.342468
2.343362
2.344256
2.345149
2.346042
2.346935
2.347827
2.348718
2.349609
2.3505
2.35139
2.35228
2.353169
2.354058
2.354947
2.355835
2.356722
2.357609
2.358496
2.359382
2.360268
2.361154
2.362038
2.362923
2.363807
2.364691
2.365574
2.366456
2.367339
2.36822
2.369102
2.369983
2.370863
2.371743
2.372623
2.373502
2.374381
2.375259
2.376137
2.377014
2.377891
2.378768
2.379644
2.38052
2.381395
2.38227
2.383144
2.384018
2.384891
2.385764
2.386637
2.387509
2.388381
2.389252
2.390123
2.390993
2.391863
2.392733
2.393602
2.394471
2.395339
2.396207
2.397074
2.397941
2.398808
2.399674
2.400539
2.401405
2.402269
2.403134
2.403998
2.404861
2.405724
2.406587
2.407449
2.408311
2.409172
2.410033
2.410894
2.411754
2.412613
2.413472
2.414331
2.41519
2.416047
2.416905
2.417762
2.418619
2.419475
2.420331
2.421186
2.422041
2.422895
2.423749
2.424603
2.425456
2.426309
2.427161
2.428013
2.428865
2.429716
2.430567
2.431417
2.432267
2.433116
2.433965
2.434814
2.435662
2.436509
2.437357
2.438204
2.43905
2.439896
2.440742
2.441587
2.442431
2.443276
2.44412
2.444963
2.445806
2.446649
2.447491
2.448333
2.449174
2.450015
2.450856
2.451696
2.452536
2.453375
2.454214
2.455052
2.45589
2.456728
2.457565
2.458402
2.459238
2.460074
2.46091
2.461745
2.46258
2.463414
2.464248
2.465081
2.465914
2.466747
2.467579
2.468411
2.469242
2.470073
2.470904
2.471734
2.472564
2.473393
2.474222
2.475051
2.475879
2.476706
2.477534
2.478361
2.479187
2.480013
2.480839
2.481664
2.482489
2.483313
2.484137
2.484961
2.485784
2.486607
2.487429
2.488251
2.489073
2.489894
2.490714
2.491535
2.492355
2.493174
2.493993
2.494812
2.49563
2.496448
2.497266
2.498083
2.498899
2.499715
2.500531
2.501347
2.502162
2.502976
2.503791
2.504605
2.505418
2.506231
2.507044
2.507856
2.508668
2.509479
2.51029
2.511101
2.511911
2.512721
2.51353
2.514339
2.515148
2.515956
2.516764
2.517571
2.518378
2.519185
2.519991
2.520797
2.521602
2.522407
2.523212
2.524016
2.52482
2.525623
2.526426
2.527229
2.528031
2.528833
2.529634
2.530435
2.531236
2.532036
2.532836
2.533635
2.534434
2.535233
2.536031
2.536829
2.537626
2.538423
2.53922
2.540016
2.540812
2.541608
2.542403
2.543198
2.543992
2.544786
2.545579
2.546372
2.547165
2.547957
2.548749
2.549541
2.550332
2.551123
2.551913
2.552703
2.553493
2.554282
2.555071
2.555859
2.556647
2.557435
2.558222
2.559009
2.559796
2.560582
2.561368
2.562153
2.562938
2.563722
2.564507
2.56529
2.566074
2.566857
2.567639
2.568422
2.569203
2.569985
2.570766
2.571547
2.572327
2.573107
2.573886
2.574666
2.575444
2.576223
2.577001
2.577778
2.578556
2.579332
2.580109
2.580885
2.581661
2.582436
2.583211
2.583985
2.58476
2.585533
2.586307
2.58708
2.587852
2.588625
2.589397
2.590168
2.590939
2.59171
2.59248
2.59325
2.59402
2.594789
2.595558
2.596327
2.597095
2.597862
2.59863
2.599397
2.600163
2.600929
2.601695
2.602461
2.603226
2.60399
2.604755
2.605519
2.606282
2.607045
2.607808
2.608571
2.609333
2.610094
2.610856
2.611617
2.612377
2.613137
2.613897
2.614657
2.615416
2.616174
2.616933
2.617691
2.618448
2.619206
2.619962
2.620719
2.621475
2.622231
2.622986
2.623741
2.624496
2.62525
2.626004
2.626757
2.62751
2.628263
2.629015
2.629767
2.630519
2.63127
2.632021
2.632772
2.633522
2.634272
2.635021
2.63577
2.636519
2.637267
2.638015
2.638763
2.63951
2.640257
2.641004
2.64175
2.642495
2.643241
2.643986
2.644731
2.645475
2.646219
2.646962
2.647706
2.648448
2.649191
2.649933
2.650675
2.651416
2.652157
2.652898
2.653638
2.654378
2.655118
2.655857
2.656596
2.657334
2.658072
2.65881
2.659548
2.660285
2.661021
2.661758
2.662494
2.663229
2.663965
2.664699
2.665434
2.666168
2.666902
2.667635
2.668368
2.669101
2.669834
2.670566
2.671297
2.672029
2.672759
2.67349
2.67422
2.67495
2.67568
2.676409
2.677138
2.677866
2.678594
2.679322
2.680049
2.680776
2.681503
2.682229
2.682955
2.683681
2.684406
2.685131
2.685856
2.68658
2.687304
2.688027
2.68875
2.689473
2.690195
2.690917
2.691639
2.69236
2.693082
2.693802
2.694522
2.695242
2.695962
2.696681
2.6974
2.698119
2.698837
2.699555
2.700272
2.700989
2.701706
2.702423
2.703139
2.703855
2.70457
2.705285
2.706
2.706714
2.707428
2.708142
2.708855
2.709568
2.710281
2.710993
2.711705
2.712416
2.713128
2.713839
2.714549
2.715259
2.715969
2.716679
2.717388
2.718097
2.718805
2.719513
2.720221
2.720928
2.721636
2.722342
2.723049
2.723755
2.72446
2.725166
2.725871
2.726576
2.72728
2.727984
2.728688
2.729391
2.730094
2.730797
2.731499
2.732201
2.732902
2.733604
2.734305
2.735005
2.735705
2.736405
2.737105
2.737804
2.738503
2.739202
2.7399
2.740598
2.741295
2.741992
2.742689
2.743386
2.744082
2.744778
2.745473
2.746168
2.746863
2.747558
2.748252
2.748946
2.749639
2.750332
2.751025
2.751718
2.75241
2.753102
2.753793
2.754484
2.755175
2.755865
2.756556
2.757245
2.757935
2.758624
2.759313
2.760001
2.760689
2.761377
2.762064
2.762752
2.763438
2.764125
2.764811
2.765497
2.766182
2.766867
2.767552
2.768237
2.768921
2.769605
2.770288
2.770971
2.771654
2.772336
2.773019
2.7737
2.774382
2.775063
2.775744
2.776424
2.777105
2.777784
2.778464
2.779143
2.779822
2.7805
2.781179
2.781857
2.782534
2.783211
2.783888
2.784565
2.785241
2.785917
2.786592
2.787268
2.787943
2.788617
2.789292
2.789965
2.790639
2.791312
2.791985
2.792658
2.79333
2.794002
2.794674
2.795345
2.796016
2.796687
2.797357
2.798028
2.798697
2.799367
2.800036
2.800705
2.801373
2.802041
2.802709
2.803376
2.804044
2.80471
2.805377
2.806043
2.806709
2.807374
2.80804
2.808705
2.809369
2.810033
2.810697
2.811361
2.812024
2.812687
2.81335
2.814012
2.814674
2.815336
2.815997
2.816659
2.817319
2.81798
2.81864
2.8193
2.819959
2.820618
2.821277
2.821936
2.822594
2.823252
2.823909
2.824567
2.825224
2.82588
2.826537
2.827193
2.827848
2.828504
2.829159
2.829813
2.830468
2.831122
2.831776
2.832429
2.833082
2.833735
2.834388
2.83504
2.835692
2.836344
2.836995
2.837646
2.838297
2.838947
2.839597
2.840247
2.840896
2.841545
2.842194
2.842842
2.843491
2.844138
2.844786
2.845433
2.84608
2.846727
2.847373
2.848019
2.848665
2.84931
2.849955
2.8506
2.851244
2.851889
2.852532
2.853176
2.853819
2.854462
2.855105
2.855747
2.856389
2.857031
2.857672
2.858313
2.858954
2.859594
2.860234
2.860874
2.861514
2.862153
2.862792
2.86343
2.864069
2.864707
2.865344
2.865982
2.866619
2.867256
2.867892
2.868528
2.869164
2.8698
2.870435
2.87107
2.871705
2.872339
2.872973
2.873607
2.87424
2.874873
2.875506
2.876139
2.876771
2.877403
2.878034
2.878666
2.879297
2.879927
2.880558
2.881188
2.881818
2.882447
2.883076
2.883705
2.884334
2.884962
2.88559
2.886218
2.886845
2.887472
2.888099
2.888726
2.889352
2.889978
2.890604
2.891229
2.891854
2.892479
2.893103
2.893727
2.894351
2.894974
2.895598
2.896221
2.896843
2.897466
2.898088
2.898709
2.899331
2.899952
2.900573
2.901193
2.901814
2.902434
2.903053
2.903673
2.904292
2.904911
2.905529
2.906147
2.906765
2.907383
2.908
2.908617
2.909234
2.90985
2.910466
2.911082
2.911698
2.912313
2.912928
2.913543
2.914157
2.914771
2.915385
2.915999
2.916612
2.917225
2.917837
2.91845
2.919062
2.919674
2.920285
2.920896
2.921507
2.922118
2.922728
2.923338
2.923948
2.924557
2.925166
2.925775
2.926384
2.926992
2.9276
2.928208
2.928815
2.929422
2.930029
2.930636
2.931242
2.931848
2.932454
2.933059
2.933664
2.934269
2.934873
2.935478
2.936082
2.936685
2.937289
2.937892
2.938495
2.939097
2.939699
2.940301
2.940903
2.941505
2.942106
2.942706
2.943307
2.943907
2.944507
2.945107
2.945706
2.946305
2.946904
2.947503
2.948101
2.948699
2.949297
2.949894
2.950491
2.951088
2.951685
2.952281
2.952877
2.953473
2.954068
2.954663
2.955258
2.955853
2.956447
2.957041
2.957635
2.958228
2.958822
2.959414
2.960007
2.960599
2.961192
2.961783
2.962375
2.962966
2.963557
2.964148
2.964738
2.965328
2.965918
2.966508
2.967097
2.967686
2.968275
2.968863
2.969451
2.970039
2.970627
2.971214
2.971801
2.972388
2.972974
2.973561
2.974147
2.974732
2.975318
2.975903
2.976488
2.977072
2.977656
2.97824
2.978824
2.979408
2.979991
2.980574
2.981156
2.981739
2.982321
2.982903
2.983484
2.984065
2.984646
2.985227
2.985808
2.986388
2.986968
2.987547
2.988127
2.988706
2.989285
2.989863
2.990441
2.991019
2.991597
2.992174
2.992752
2.993329
2.993905
2.994482
2.995058
2.995633
2.996209
2.996784
2.997359
2.997934
2.998508
2.999083
2.999657
3.00023
3.000804
3.001377
3.00195
3.002522
3.003094
3.003667
3.004238
3.00481
3.005381
3.005952
3.006523
3.007093
3.007663
3.008233
3.008803
3.009372
3.009941
3.01051
3.011079
3.011647
3.012215
3.012783
3.01335
3.013917
3.014484
3.015051
3.015617
3.016184
3.016749
3.017315
3.01788
3.018446
3.01901
3.019575
3.020139
3.020703
3.021267
3.021831
3.022394
3.022957
3.02352
3.024082
3.024644
3.025206
3.025768
3.026329
3.02689
3.027451
3.028012
3.028572
3.029132
3.029692
3.030252
3.030811
3.03137
3.031929
3.032487
3.033045
3.033603
3.034161
3.034719
3.035276
3.035833
3.036389
3.036946
3.037502
3.038058
3.038614
3.039169
3.039724
3.040279
3.040834
3.041388
3.041942
3.042496
3.043049
3.043603
3.044156
3.044709
3.045261
3.045813
3.046365
3.046917
3.047469
3.04802
3.048571
3.049122
3.049672
3.050222
3.050772
3.051322
3.051871
3.052421
3.05297
3.053518
3.054067
3.054615
3.055163
3.05571
3.056258
3.056805
3.057352
3.057899
3.058445
3.058991
3.059537
3.060082
3.060628
3.061173
3.061718
3.062262
3.062807
3.063351
3.063895
3.064438
3.064982
3.065525
3.066068
3.06661
3.067152
3.067694
3.068236
3.068778
3.069319
3.06986
3.070401
3.070942
3.071482
3.072022
3.072562
3.073101
3.073641
3.07418
3.074718
3.075257
3.075795
3.076333
3.076871
3.077409
3.077946
3.078483
3.07902
3.079556
3.080093
3.080629
3.081164
3.0817
3.082235
3.08277
3.083305
3.08384
3.084374
3.084908
3.085442
3.085975
3.086509
3.087042
3.087575
3.088107
3.08864
3.089172
3.089703
3.090235
3.090766
3.091297
3.091828
3.092359
3.092889
3.093419
3.093949
3.094479
3.095008
3.095537
3.096066
3.096595
3.097123
3.097651
3.098179
3.098707
3.099234
3.099761
3.100288
3.100815
3.101341
3.101868
3.102394
3.102919
3.103445
3.10397
3.104495
3.10502
3.105544
3.106068
3.106592
3.107116
3.10764
3.108163
3.108686
3.109209
3.109731
3.110254
3.110776
3.111297
3.111819
3.11234
3.112861
3.113382
3.113903
3.114423
3.114943
3.115463
3.115983
3.116502
3.117022
3.11754
3.118059
3.118578
3.119096
3.119614
3.120132
3.120649
3.121166
3.121683
3.1222
3.122717
3.123233
3.123749
3.124265
3.12478
3.125296
3.125811
3.126326
3.12684
3.127355
3.127869
3.128383
3.128896
3.12941
3.129923
3.130436
3.130949
3.131461
3.131974
3.132486
3.132997
3.133509
3.13402
3.134531
3.135042
3.135553
3.136063
3.136573
3.137083
3.137593
3.138102
3.138612
3.139121
3.139629
3.140138
3.140646
3.141154
3.141662
3.142169
3.142677
3.143184
3.143691
3.144197
3.144704
3.14521
3.145716
3.146222
3.146727
3.147232
3.147737
3.148242
3.148747
3.149251
3.149755
3.150259
3.150762
3.151266
3.151769
3.152272
3.152774
3.153277
3.153779
3.154281
3.154783
3.155284
3.155786
3.156287
3.156788
3.157288
3.157789
3.158289
3.158789
3.159288
3.159788
3.160287
3.160786
3.161285
3.161783
3.162282
3.16278
3.163278
3.163775
3.164273
3.16477
3.165267
3.165763
3.16626
3.166756
3.167252
3.167748
3.168244
3.168739
3.169234
3.169729
3.170224
3.170718
3.171212
3.171706
3.1722
3.172694
3.173187
3.17368
3.174173
3.174665
3.175158
3.17565
3.176142
3.176634
3.177125
3.177616
3.178108
3.178598
3.179089
3.179579
3.180069
3.180559
3.181049
3.181539
3.182028
3.182517
3.183006
3.183494
3.183983
3.184471
3.184959
3.185446
3.185934
3.186421
3.186908
3.187395
3.187882
3.188368
3.188854
3.18934
3.189826
3.190311
3.190796
3.191281
3.191766
3.192251
3.192735
3.193219
3.193703
3.194187
3.19467
3.195154
3.195637
3.196119
3.196602
3.197084
3.197567
3.198049
3.19853
3.199012
3.199493
3.199974
3.200455
3.200935
3.201416
3.201896
3.202376
3.202856
3.203335
3.203815
3.204294
3.204773
3.205251
3.20573
3.206208
3.206686
3.207164
3.207641
3.208118
3.208596
3.209073
3.209549
3.210026
3.210502
3.210978
3.211454
3.211929
3.212405
3.21288
3.213355
3.21383
3.214304
3.214778
3.215253
3.215726
3.2162
3.216674
3.217147
3.21762
3.218093
3.218565
3.219038
3.21951
3.219982
3.220453
3.220925
3.221396
3.221867
3.222338
3.222809
3.223279
3.223749
3.224219
3.224689
3.225159
3.225628
3.226097
3.226566
3.227035
3.227503
3.227972
3.22844
3.228908
3.229375
3.229843
3.23031
3.230777
3.231244
3.231711
3.232177
3.232643
3.233109
3.233575
3.23404
3.234506
3.234971
3.235436
3.235901
3.236365
3.236829
3.237293
3.237757
3.238221
3.238684
3.239148
3.239611
3.240073
3.240536
3.240998
3.241461
3.241923
3.242384
3.242846
3.243307
3.243768
3.244229
3.24469
3.245151
3.245611
3.246071
3.246531
3.24699
3.24745
3.247909
3.248368
3.248827
3.249286
3.249744
3.250202
3.25066
3.251118
3.251576
3.252033
3.25249
3.252947
3.253404
3.253861
3.254317
3.254773
3.255229
3.255685
3.25614
3.256596
3.257051
3.257506
3.257961
3.258415
3.258869
3.259323
3.259777
3.260231
3.260685
3.261138
3.261591
3.262044
3.262496
3.262949
3.263401
3.263853
3.264305
3.264757
3.265208
3.265659
3.26611
3.266561
3.267012
3.267462
3.267912
3.268362
3.268812
3.269262
3.269711
3.27016
3.270609
3.271058
3.271507
3.271955
3.272403
3.272851
3.273299
3.273747
3.274194
3.274641
3.275088
3.275535
3.275982
3.276428
3.276874
3.27732
3.277766
3.278212
3.278657
3.279102
3.279547
3.279992
3.280436
3.280881
3.281325
3.281769
3.282213
3.282656
3.2831
3.283543
3.283986
3.284429
3.284871
3.285314
3.285756
3.286198
3.28664
3.287081
3.287522
3.287964
3.288405
3.288845
3.289286
3.289726
3.290167
3.290607
3.291046
3.291486
3.291925
3.292365
3.292804
3.293242
3.293681
3.294119
3.294558
3.294996
3.295434
3.295871
3.296309
3.296746
3.297183
3.29762
3.298056
3.298493
3.298929
3.299365
3.299801
3.300237
3.300672
3.301107
3.301542
3.301977
3.302412
3.302847
3.303281
3.303715
3.304149
3.304583
3.305016
3.305449
3.305883
3.306316
3.306748
3.307181
3.307613
3.308045
3.308477
3.308909
3.309341
3.309772
3.310203
3.310634
3.311065
3.311496
3.311926
3.312356
3.312786
3.313216
3.313646
3.314075
3.314505
3.314934
3.315363
3.315791
3.31622
3.316648
3.317076
3.317504
3.317932
3.318359
3.318787
3.319214
3.319641
3.320068
3.320494
3.320921
3.321347
3.321773
3.322199
3.322624
3.32305
3.323475
3.3239
3.324325
3.32475
3.325174
3.325599
3.326023
3.326447
3.32687
3.327294
3.327717
3.328141
3.328564
3.328986
3.329409
3.329831
3.330254
3.330676
3.331097
3.331519
3.331941
3.332362
3.332783
3.333204
3.333625
3.334045
3.334466
3.334886
3.335306
3.335725
3.336145
3.336564
3.336984
3.337403
3.337822
3.33824
3.338659
3.339077
3.339495
3.339913
3.340331
3.340748
3.341166
3.341583
3.342
3.342417
3.342833
3.34325
3.343666
3.344082
3.344498
3.344914
3.345329
3.345744
3.34616
3.346575
3.346989
3.347404
3.347818
3.348233
3.348647
3.34906
3.349474
3.349888
3.350301
3.350714
3.351127
3.35154
3.351952
3.352365
3.352777
3.353189
3.353601
3.354012
3.354424
3.354835
3.355246
3.355657
3.356068
3.356478
3.356889
3.357299
3.357709
3.358119
3.358528
3.358938
3.359347
3.359756
3.360165
3.360574
3.360982
3.361391
3.361799
3.362207
3.362615
3.363022
3.36343
3.363837
3.364244
3.364651
3.365058
3.365464
3.365871
3.366277
3.366683
3.367089
3.367494
3.3679
3.368305
3.36871
3.369115
3.36952
3.369925
3.370329
3.370733
3.371137
3.371541
3.371945
3.372348
3.372752
3.373155
3.373558
3.373961
3.374363
3.374766
3.375168
3.37557
3.375972
3.376374
3.376775
3.377177
3.377578
3.377979
3.37838
3.37878
3.379181
3.379581
3.379981
3.380381
3.380781
3.38118
3.38158
3.381979
3.382378
3.382777
3.383176
3.383574
3.383973
3.384371
3.384769
3.385167
3.385564
3.385962
3.386359
3.386756
3.387153
3.38755
3.387947
3.388343
3.388739
3.389135
3.389531
3.389927
3.390323
3.390718
3.391113
3.391508
3.391903
3.392298
3.392692
3.393086
3.393481
3.393875
3.394268
3.394662
3.395056
3.395449
3.395842
3.396235
3.396628
3.39702
3.397413
3.397805
3.398197
3.398589
3.398981
3.399372
3.399764
3.400155
3.400546
3.400937
3.401327
3.401718
3.402108
3.402498
3.402888
3.403278
3.403668
3.404057
3.404447
3.404836
3.405225
3.405614
3.406002
3.406391
3.406779
3.407167
3.407555
3.407943
3.408331
3.408718
3.409105
3.409492
3.409879
3.410266
3.410653
3.411039
3.411425
3.411811
3.412197
3.412583
3.412969
3.413354
3.413739
3.414124
3.414509
3.414894
3.415278
3.415663
3.416047
3.416431
3.416815
3.417199
3.417582
3.417966
3.418349
3.418732
3.419115
3.419497
3.41988
3.420262
3.420644
3.421027
3.421408
3.42179
3.422172
3.422553
3.422934
3.423315
3.423696
3.424077
3.424457
3.424838
3.425218
3.425598
3.425978
3.426357
3.426737
3.427116
3.427495
3.427874
3.428253
3.428632
3.42901
3.429389
3.429767
3.430145
3.430523
3.430901
3.431278
3.431655
3.432033
3.43241
3.432787
3.433163
3.43354
3.433916
3.434292
3.434668
3.435044
3.43542
3.435796
3.436171
3.436546
3.436921
3.437296
3.437671
3.438045
3.43842
3.438794
3.439168
3.439542
3.439916
3.440289
3.440663
3.441036
3.441409
3.441782
3.442155
3.442527
3.4429
3.443272
3.443644
3.444016
3.444388
3.44476
3.445131
3.445502
3.445873
3.446244
3.446615
3.446986
3.447356
3.447727
3.448097
3.448467
3.448837
3.449206
3.449576
3.449945
3.450314
3.450683
3.451052
3.451421
3.45179
3.452158
3.452526
3.452894
3.453262
3.45363
3.453998
3.454365
3.454732
3.455099
3.455466
3.455833
3.4562
3.456566
3.456932
3.457299
3.457665
3.45803
3.458396
3.458762
3.459127
3.459492
3.459857
3.460222
3.460587
3.460951
3.461316
3.46168
3.462044
3.462408
3.462772
3.463135
3.463499
3.463862
3.464225
3.464588
3.464951
3.465314
3.465676
3.466038
3.466401
3.466763
3.467124
3.467486
3.467848
3.468209
3.46857
3.468931
3.469292
3.469653
3.470014
3.470374
3.470734
3.471095
3.471455
3.471814
3.472174
3.472533
3.472893
3.473252
3.473611
3.47397
3.474329
3.474687
3.475046
3.475404
3.475762
3.47612
3.476478
3.476835
3.477193
3.47755
3.477907
3.478264
3.478621
3.478978
3.479335
3.479691
3.480047
3.480403
3.480759
3.481115
3.481471
3.481826
3.482181
3.482536
3.482891
3.483246
3.483601
3.483956
3.48431
3.484664
3.485018
3.485372
3.485726
3.48608
3.486433
3.486786
3.48714
3.487493
3.487845
3.488198
3.488551
3.488903
3.489255
3.489607
3.489959
3.490311
3.490663
3.491014
3.491366
3.491717
3.492068
3.492419
3.492769
3.49312
3.49347
3.493821
3.494171
3.494521
3.49487
3.49522
3.49557
3.495919
3.496268
3.496617
3.496966
3.497315
3.497663
3.498012
3.49836
3.498708
3.499056
3.499404
3.499752
3.500099
3.500447
3.500794
3.501141
3.501488
3.501835
3.502182
3.502528
3.502874
3.503221
3.503567
3.503912
3.504258
3.504604
3.504949
3.505295
3.50564
3.505985
3.50633
3.506674
3.507019
3.507363
3.507707
3.508052
3.508396
3.508739
3.509083
3.509426
3.50977
3.510113
3.510456
3.510799
3.511142
3.511484
3.511827
3.512169
3.512511
3.512853
3.513195
3.513537
3.513879
3.51422
3.514561
3.514902
3.515243
3.515584
3.515925
3.516266
3.516606
3.516946
3.517286
3.517626
3.517966
3.518306
3.518645
3.518985
3.519324
3.519663
3.520002
3.520341
3.520679
3.521018
3.521356
3.521695
3.522033
3.522371
3.522708
3.523046
3.523383
3.523721
3.524058
3.524395
3.524732
3.525069
3.525405
3.525742
3.526078
3.526414
3.52675
3.527086
3.527422
3.527758
3.528093
3.528428
3.528763
3.529099
3.529433
3.529768
3.530103
3.530437
3.530771
3.531106
3.53144
3.531774
3.532107
3.532441
3.532774
3.533108
3.533441
3.533774
3.534107
3.534439
3.534772
3.535104
3.535437
3.535769
3.536101
3.536433
3.536764
3.537096
3.537427
3.537759
3.53809
3.538421
3.538752
3.539083
3.539413
3.539744
3.540074
3.540404
3.540734
3.541064
3.541394
3.541723
3.542053
3.542382
3.542711
3.54304
3.543369
3.543698
3.544026
3.544355
3.544683
3.545011
3.545339
3.545667
3.545995
3.546323
3.54665
3.546978
3.547305
3.547632
3.547959
3.548286
3.548612
3.548939
3.549265
3.549591
3.549917
3.550243
3.550569
3.550895
3.55122
3.551546
3.551871
3.552196
3.552521
3.552846
3.55317
3.553495
3.553819
3.554144
3.554468
3.554792
3.555116
3.555439
3.555763
3.556086
3.55641
3.556733
3.557056
3.557379
3.557701
3.558024
3.558347
3.558669
3.558991
3.559313
3.559635
3.559957
3.560278
3.5606
3.560921
3.561243
3.561564
3.561885
3.562205
3.562526
3.562847
3.563167
3.563487
3.563807
3.564127
3.564447
3.564767
3.565087
3.565406
3.565725
3.566044
3.566364
3.566682
3.567001
3.56732
3.567638
3.567957
3.568275
3.568593
3.568911
3.569229
3.569546
3.569864
3.570181
3.570499
3.570816
3.571133
3.57145
3.571766
3.572083
3.572399
3.572716
3.573032
3.573348
3.573664
3.57398
3.574295
3.574611
3.574926
3.575241
3.575557
3.575872
3.576186
3.576501
3.576816
3.57713
3.577444
3.577759
3.578073
3.578387
3.5787
3.579014
3.579327
3.579641
3.579954
3.580267
3.58058
3.580893
3.581206
3.581518
3.581831
3.582143
3.582455
3.582767
3.583079
3.583391
3.583703
3.584014
3.584325
3.584637
3.584948
3.585259
3.58557
3.58588
3.586191
3.586501
3.586812
3.587122
3.587432
3.587742
3.588052
3.588361
3.588671
3.58898
3.589289
3.589598
3.589907
3.590216
3.590525
3.590834
3.591142
3.591451
3.591759
3.592067
3.592375
3.592683
3.59299
3.593298
3.593605
3.593913
3.59422
3.594527
3.594834
3.59514
3.595447
3.595754
3.59606
3.596366
3.596672
3.596978
3.597284
3.59759
3.597895
3.598201
3.598506
3.598811
3.599117
3.599422
3.599726
3.600031
3.600336
3.60064
3.600944
3.601248
3.601553
3.601856
3.60216
3.602464
3.602767
3.603071
3.603374
3.603677
3.60398
3.604283
3.604586
3.604889
3.605191
3.605493
3.605796
3.606098
3.6064
3.606702
3.607003
3.607305
3.607606
3.607908
3.608209
3.60851
3.608811
3.609112
3.609413
3.609713
3.610014
3.610314
3.610614
3.610914
3.611214
3.611514
3.611814
3.612113
3.612413
3.612712
3.613011
3.61331
3.613609
3.613908
3.614207
3.614505
3.614804
3.615102
3.6154
3.615698
3.615996
3.616294
3.616592
3.616889
3.617187
3.617484
3.617781
3.618078
3.618375
3.618672
3.618968
3.619265
3.619561
3.619858
3.620154
3.62045
3.620746
3.621042
3.621337
3.621633
3.621928
3.622224
3.622519
3.622814
3.623109
3.623403
3.623698
3.623993
3.624287
3.624581
3.624876
3.62517
3.625463
3.625757
3.626051
3.626344
3.626638
3.626931
3.627224
3.627517
3.62781
3.628103
3.628396
3.628688
3.628981
3.629273
3.629565
3.629857
3.630149
3.630441
3.630733
3.631024
3.631316
3.631607
3.631898
3.632189
3.63248
3.632771
3.633062
3.633353
3.633643
3.633933
3.634224
3.634514
3.634804
3.635093
3.635383
3.635673
3.635962
3.636252
3.636541
3.63683
3.637119
3.637408
3.637697
3.637985
3.638274
3.638562
3.63885
3.639139
3.639427
3.639715
3.640002
3.64029
3.640578
3.640865
3.641152
3.641439
3.641726
3.642013
3.6423
3.642587
3.642873
3.64316
3.643446
3.643732
3.644019
3.644305
3.64459
3.644876
3.645162
3.645447
3.645733
3.646018
3.646303
3.646588
3.646873
3.647158
3.647442
3.647727
3.648011
3.648296
3.64858
3.648864
3.649148
3.649431
3.649715
3.649999
3.650282
3.650566
3.650849
3.651132
3.651415
3.651698
3.65198
3.652263
3.652546
3.652828
3.65311
3.653392
3.653674
3.653956
3.654238
3.65452
3.654801
3.655083
3.655364
3.655645
3.655926
3.656207
3.656488
3.656769
3.657049
3.65733
3.65761
3.657891
3.658171
3.658451
3.658731
3.65901
3.65929
3.65957
3.659849
3.660128
3.660408
3.660687
3.660966
3.661245
3.661523
3.661802
3.66208
3.662359
3.662637
3.662915
3.663193
3.663471
3.663749
3.664027
3.664304
3.664582
3.664859
3.665136
3.665413
3.66569
3.665967
3.666244
3.666521
3.666797
3.667073
3.66735
3.667626
3.667902
3.668178
3.668454
3.668729
3.669005
3.669281
3.669556
3.669831
3.670106
3.670381
3.670656
3.670931
3.671206
3.67148
3.671755
3.672029
3.672303
3.672577
3.672851
3.673125
3.673399
3.673673
3.673946
3.674219
3.674493
3.674766
3.675039
3.675312
3.675585
3.675858
3.67613
3.676403
3.676675
3.676947
3.677219
3.677491
3.677763
3.678035
3.678307
3.678579
3.67885
3.679121
3.679393
3.679664
3.679935
3.680206
3.680476
3.680747
3.681018
3.681288
3.681558
3.681829
3.682099
3.682369
3.682639
3.682908
3.683178
3.683448
3.683717
3.683986
3.684256
3.684525
3.684794
3.685063
3.685331
3.6856
3.685869
3.686137
3.686405
3.686674
3.686942
3.68721
3.687478
3.687745
3.688013
3.68828
3.688548
3.688815
3.689082
3.689349
3.689616
3.689883
3.69015
3.690417
3.690683
3.69095
3.691216
3.691482
3.691748
3.692014
3.69228
3.692546
3.692811
3.693077
3.693342
3.693608
3.693873
3.694138
3.694403
3.694668
3.694933
3.695197
3.695462
3.695726
3.695991
3.696255
3.696519
3.696783
3.697047
3.69731
3.697574
3.697838
3.698101
3.698364
3.698628
3.698891
3.699154
3.699417
3.699679
3.699942
3.700205
3.700467
3.700729
3.700992
3.701254
3.701516
3.701778
3.70204
3.702301
3.702563
3.702824
3.703086
3.703347
3.703608
3.703869
3.70413
3.704391
3.704652
3.704912
3.705173
3.705433
3.705693
3.705953
3.706213
3.706473
3.706733
3.706993
3.707253
3.707512
3.707772
3.708031
3.70829
3.708549
3.708808
3.709067
3.709326
3.709584
3.709843
3.710101
3.71036
3.710618
3.710876
3.711134
3.711392
3.71165
3.711908
3.712165
3.712423
3.71268
3.712937
3.713194
3.713451
3.713708
3.713965
3.714222
3.714479
3.714735
3.714991
3.715248
3.715504
3.71576
3.716016
3.716272
3.716528
3.716783
3.717039
3.717294
3.71755
3.717805
3.71806
3.718315
3.71857
3.718825
3.71908
3.719334
3.719589
3.719843
3.720097
3.720352
3.720606
3.72086
3.721114
3.721367
3.721621
3.721875
3.722128
3.722381
3.722635
3.722888
3.723141
3.723394
3.723646
3.723899
3.724152
3.724404
3.724657
3.724909
3.725161
3.725413
3.725665
3.725917
3.726169
3.726421
3.726672
3.726924
3.727175
3.727426
3.727677
3.727928
3.728179
3.72843
3.728681
3.728932
3.729182
3.729432
3.729683
3.729933
3.730183
3.730433
3.730683
3.730933
3.731183
3.731432
3.731682
3.731931
3.73218
3.732429
3.732679
3.732928
3.733176
3.733425
3.733674
3.733922
3.734171
3.734419
3.734667
3.734916
3.735164
3.735412
3.735659
3.735907
3.736155
3.736402
3.73665
3.736897
3.737144
3.737391
3.737639
3.737885
3.738132
3.738379
3.738626
3.738872
3.739119
3.739365
3.739611
3.739857
3.740103
3.740349
3.740595
3.740841
3.741086
3.741332
3.741577
3.741822
3.742068
3.742313
3.742558
3.742803
3.743047
3.743292
3.743537
3.743781
3.744026
3.74427
3.744514
3.744758
3.745002
3.745246
3.74549
3.745733
3.745977
3.74622
3.746464
3.746707
3.74695
3.747193
3.747436
3.747679
3.747922
3.748165
3.748407
3.74865
3.748892
3.749134
3.749377
3.749619
3.749861
3.750103
3.750344
3.750586
3.750828
3.751069
3.75131
3.751552
3.751793
3.752034
3.752275
3.752516
3.752757
3.752997
3.753238
3.753478
3.753719
3.753959
3.754199
3.754439
3.754679
3.754919
3.755159
3.755399
3.755638
3.755878
3.756117
3.756356
3.756596
3.756835
3.757074
3.757313
3.757552
3.75779
3.758029
3.758267
3.758506
3.758744
3.758982
3.75922
3.759458
3.759696
3.759934
3.760172
3.76041
3.760647
3.760885
3.761122
3.761359
3.761596
3.761833
3.76207
3.762307
3.762544
3.762781
3.763017
3.763254
3.76349
3.763726
3.763962
3.764198
3.764434
3.76467
3.764906
3.765142
3.765377
3.765613
3.765848
3.766084
3.766319
3.766554
3.766789
3.767024
3.767259
3.767493
3.767728
3.767962
3.768197
3.768431
3.768665
3.7689
3.769134
3.769368
3.769601
3.769835
3.770069
3.770302
3.770536
3.770769
3.771002
3.771236
3.771469
3.771702
3.771935
3.772167
3.7724
3.772633
3.772865
3.773098
3.77333
3.773562
3.773794
3.774026
3.774258
3.77449
3.774722
3.774954
3.775185
3.775417
3.775648
3.775879
3.77611
3.776341
3.776572
3.776803
3.777034
3.777265
3.777495
3.777726
3.777956
3.778187
3.778417
3.778647
3.778877
3.779107
3.779337
3.779567
3.779796
3.780026
3.780255
3.780485
3.780714
3.780943
3.781172
3.781401
3.78163
3.781859
3.782088
3.782317
3.782545
3.782774
3.783002
3.78323
3.783458
3.783686
3.783914
3.784142
3.78437
3.784598
3.784825
3.785053
3.78528
3.785508
3.785735
3.785962
3.786189
3.786416
3.786643
3.78687
3.787096
3.787323
3.787549
3.787776
3.788002
3.788228
3.788454
3.78868
3.788906
3.789132
3.789358
3.789584
3.789809
3.790035
3.79026
3.790485
3.79071
3.790936
3.791161
3.791385
3.79161
3.791835
3.79206
3.792284
3.792509
3.792733
3.792957
3.793182
3.793406
3.79363
3.793854
3.794077
3.794301
3.794525
3.794748
3.794972
3.795195
3.795418
3.795642
3.795865
3.796088
3.796311
3.796533
3.796756
3.796979
3.797201
3.797424
3.797646
3.797868
3.79809
3.798313
3.798535
3.798756
3.798978
3.7992
3.799422
3.799643
3.799865
3.800086
3.800307
3.800528
3.80075
3.800971
3.801191
3.801412
3.801633
3.801854
3.802074
3.802295
3.802515
3.802735
3.802955
3.803176
3.803396
3.803616
3.803835
3.804055
3.804275
3.804494
3.804714
3.804933
3.805152
3.805372
3.805591
3.80581
3.806029
3.806248
3.806466
3.806685
3.806904
3.807122
3.80734
3.807559
3.807777
3.807995
3.808213
3.808431
3.808649
3.808867
3.809084
3.809302
3.80952
3.809737
3.809954
3.810172
3.810389
3.810606
3.810823
3.81104
3.811257
3.811473
3.81169
3.811906
3.812123
3.812339
3.812555
3.812772
3.812988
3.813204
3.81342
3.813636
3.813851
3.814067
3.814283
3.814498
3.814713
3.814929
3.815144
3.815359
3.815574
3.815789
3.816004
3.816219
3.816433
3.816648
3.816863
3.817077
3.817291
3.817506
3.81772
3.817934
3.818148
3.818362
3.818576
3.818789
3.819003
3.819216
3.81943
3.819643
3.819857
3.82007
3.820283
3.820496
3.820709
3.820922
3.821135
3.821347
3.82156
3.821772
3.821985
3.822197
3.82241
3.822622
3.822834
3.823046
3.823258
3.82347
3.823681
3.823893
3.824105
3.824316
3.824527
3.824739
3.82495
3.825161
3.825372
3.825583
3.825794
3.826005
3.826216
3.826426
3.826637
3.826847
3.827058
3.827268
3.827478
3.827688
3.827898
3.828108
3.828318
3.828528
3.828737
3.828947
3.829157
3.829366
3.829575
3.829785
3.829994
3.830203
3.830412
3.830621
3.83083
3.831038
3.831247
3.831456
3.831664
3.831873
3.832081
3.832289
3.832497
3.832705
3.832913
3.833121
3.833329
3.833537
3.833745
3.833952
3.83416
3.834367
3.834574
3.834782
3.834989
3.835196
3.835403
3.83561
3.835817
3.836023
3.83623
3.836436
3.836643
3.836849
3.837056
3.837262
3.837468
3.837674
3.83788
3.838086
3.838292
3.838498
3.838703
3.838909
3.839114
3.83932
3.839525
3.83973
3.839935
3.84014
3.840345
3.84055
3.840755
3.84096
3.841164
3.841369
3.841573
3.841778
3.841982
3.842186
3.842391
3.842595
3.842799
3.843003
3.843206
3.84341
3.843614
3.843817
3.844021
3.844224
3.844428
3.844631
3.844834
3.845037
3.84524
3.845443
3.845646
3.845849
3.846051
3.846254
3.846456
3.846659
3.846861
3.847063
3.847265
3.847468
3.84767
3.847872
3.848073
3.848275
3.848477
3.848678
3.84888
3.849081
3.849283
3.849484
3.849685
3.849886
3.850087
3.850288
3.850489
3.85069
3.850891
3.851091
3.851292
3.851492
3.851693
3.851893
3.852093
3.852293
3.852493
3.852693
3.852893
3.853093
3.853293
3.853493
3.853692
3.853892
3.854091
3.85429
3.85449
3.854689
3.854888
3.855087
3.855286
3.855485
3.855683
3.855882
3.856081
3.856279
3.856478
3.856676
3.856874
3.857073
3.857271
3.857469
3.857667
3.857865
3.858063
3.85826
3.858458
3.858655
3.858853
3.85905
3.859248
3.859445
3.859642
3.859839
3.860036
3.860233
3.86043
3.860627
3.860823
3.86102
3.861217
3.861413
3.861609
3.861806
3.862002
3.862198
3.862394
3.86259
3.862786
3.862982
3.863178
3.863373
3.863569
3.863764
3.86396
3.864155
3.86435
3.864546
3.864741
3.864936
3.865131
3.865326
3.86552
3.865715
3.86591
3.866104
3.866299
3.866493
3.866688
3.866882
3.867076
3.86727
3.867464
3.867658
3.867852
3.868046
3.868239
3.868433
3.868627
3.86882
3.869013
3.869207
3.8694
3.869593
3.869786
3.869979
3.870172
3.870365
3.870558
3.87075
3.870943
3.871136
3.871328
3.87152
3.871713
3.871905
3.872097
3.872289
3.872481
3.872673
3.872865
3.873057
3.873248
3.87344
3.873632
3.873823
3.874014
3.874206
3.874397
3.874588
3.874779
3.87497
3.875161
3.875352
3.875543
3.875733
3.875924
3.876114
3.876305
3.876495
3.876686
3.876876
3.877066
3.877256
3.877446
3.877636
3.877826
3.878016
3.878205
3.878395
3.878584
3.878774
3.878963
3.879153
3.879342
3.879531
3.87972
3.879909
3.880098
3.880287
3.880476
3.880664
3.880853
3.881041
3.88123
3.881418
3.881607
3.881795
3.881983
3.882171
3.882359
3.882547
3.882735
3.882923
3.88311
3.883298
3.883486
3.883673
3.883861
3.884048
3.884235
3.884422
3.884609
3.884796
3.884983
3.88517
3.885357
3.885544
3.885731
3.885917
3.886104
3.88629
3.886476
3.886663
3.886849
3.887035
3.887221
3.887407
3.887593
3.887779
3.887965
3.88815
3.888336
3.888522
3.888707
3.888892
3.889078
3.889263
3.889448
3.889633
3.889818
3.890003
3.890188
3.890373
3.890558
3.890742
3.890927
3.891111
3.891296
3.89148
3.891664
3.891849
3.892033
3.892217
3.892401
3.892585
3.892768
3.892952
3.893136
3.89332
3.893503
3.893687
3.89387
3.894053
3.894237
3.89442
3.894603
3.894786
3.894969
3.895152
3.895334
3.895517
3.8957
3.895882
3.896065
3.896247
3.89643
3.896612
3.896794
3.896976
3.897158
3.89734
3.897522
3.897704
3.897886
3.898068
3.898249
3.898431
3.898612
3.898794
3.898975
3.899156
3.899338
3.899519
3.8997
3.899881
3.900062
3.900243
3.900423
3.900604
3.900785
3.900965
3.901146
3.901326
3.901506
3.901687
3.901867
3.902047
3.902227
3.902407
3.902587
3.902767
3.902947
3.903126
3.903306
3.903485
3.903665
3.903844
3.904024
3.904203
3.904382
3.904561
3.90474
3.904919
3.905098
3.905277
3.905456
3.905634
3.905813
3.905991
3.90617
3.906348
3.906527
3.906705
3.906883
3.907061
3.907239
3.907417
3.907595
3.907773
3.907951
3.908128
3.908306
3.908483
3.908661
3.908838
3.909016
3.909193
3.90937
3.909547
3.909724
3.909901
3.910078
3.910255
3.910432
3.910608
3.910785
3.910961
3.911138
3.911314
3.911491
3.911667
3.911843
3.912019
3.912195
3.912371
3.912547
3.912723
3.912899
3.913075
3.91325
3.913426
3.913601
3.913777
3.913952
3.914127
3.914302
3.914478
3.914653
3.914828
3.915003
3.915177
3.915352
3.915527
3.915702
3.915876
3.916051
3.916225
3.9164
3.916574
3.916748
3.916922
3.917096
3.91727
3.917444
3.917618
3.917792
3.917966
3.918139
3.918313
3.918487
3.91866
3.918833
3.919007
3.91918
3.919353
3.919526
3.919699
3.919872
3.920045
3.920218
3.920391
3.920564
3.920736
3.920909
3.921081
3.921254
3.921426
3.921598
3.921771
3.921943
3.922115
3.922287
3.922459
3.922631
3.922803
3.922974
3.923146
3.923318
3.923489
3.923661
3.923832
3.924003
3.924175
3.924346
3.924517
3.924688
3.924859
3.92503
3.925201
3.925372
3.925542
3.925713
3.925884
3.926054
3.926225
3.926395
3.926565
3.926735
3.926906
3.927076
3.927246
3.927416
3.927586
3.927756
3.927925
3.928095
3.928265
3.928434
3.928604
3.928773
3.928943
3.929112
3.929281
3.92945
3.929619
3.929788
3.929957
3.930126
3.930295
3.930464
3.930632
3.930801
3.93097
3.931138
3.931307
3.931475
3.931643
3.931811
3.93198
3.932148
3.932316
3.932484
3.932652
3.932819
3.932987
3.933155
3.933322
3.93349
3.933657
3.933825
3.933992
3.93416
3.934327
3.934494
3.934661
3.934828
3.934995
3.935162
3.935329
3.935495
3.935662
3.935829
3.935995
3.936162
3.936328
3.936495
3.936661
3.936827
3.936993
3.937159
3.937325
3.937491
3.937657
3.937823
3.937989
3.938154
3.93832
3.938486
3.938651
3.938817
3.938982
3.939147
3.939313
3.939478
3.939643
3.939808
3.939973
3.940138
3.940303
3.940467
3.940632
3.940797
3.940961
3.941126
3.94129
3.941455
3.941619
3.941783
3.941947
3.942111
3.942276
3.94244
3.942603
3.942767
3.942931
3.943095
3.943259
3.943422
3.943586
3.943749
3.943913
3.944076
3.944239
3.944402
3.944566
3.944729
3.944892
3.945055
3.945217
3.94538
3.945543
3.945706
3.945868
3.946031
3.946193
3.946356
3.946518
3.946681
3.946843
3.947005
3.947167
3.947329
3.947491
3.947653
3.947815
3.947977
3.948138
3.9483
3.948462
3.948623
3.948785
3.948946
3.949107
3.949269
3.94943
3.949591
3.949752
3.949913
3.950074
3.950235
3.950396
3.950557
3.950717
3.950878
3.951038
3.951199
3.951359
3.95152
3.95168
3.95184
3.952001
3.952161
3.952321
3.952481
3.952641
3.952801
3.95296
3.95312
3.95328
3.953439
3.953599
3.953759
3.953918
3.954077
3.954237
3.954396
3.954555
3.954714
3.954873
3.955032
3.955191
3.95535
3.955509
3.955668
3.955826
3.955985
3.956143
3.956302
3.95646
3.956619
3.956777
3.956935
3.957093
3.957251
3.957409
3.957567
3.957725
3.957883
3.958041
3.958199
3.958356
3.958514
3.958672
3.958829
3.958986
3.959144
3.959301
3.959458
3.959616
3.959773
3.95993
3.960087
3.960244
3.9604
3.960557
3.960714
3.960871
3.961027
3.961184
3.96134
3.961497
3.961653
3.961809
3.961966
3.962122
3.962278
3.962434
3.96259
3.962746
3.962902
3.963058
3.963213
3.963369
3.963525
3.96368
3.963836
3.963991
3.964146
3.964302
3.964457
3.964612
3.964767
3.964922
3.965077
3.965232
3.965387
3.965542
3.965697
3.965852
3.966006
3.966161
3.966315
3.96647
3.966624
3.966778
3.966933
3.967087
3.967241
3.967395
3.967549
3.967703
3.967857
3.968011
3.968165
3.968318
3.968472
3.968626
3.968779
3.968933
3.969086
3.96924
3.969393
3.969546
3.969699
3.969852
3.970005
3.970158
3.970311
3.970464
3.970617
3.97077
3.970922
3.971075
3.971228
3.97138
3.971533
3.971685
3.971837
3.97199
3.972142
3.972294
3.972446
3.972598
3.97275
3.972902
3.973054
3.973206
3.973357
3.973509
3.973661
3.973812
3.973964
3.974115
3.974266
3.974418
3.974569
3.97472
3.974871
3.975022
3.975173
3.975324
3.975475
3.975626
3.975777
3.975928
3.976078
3.976229
3.976379
3.97653
3.97668
3.976831
3.976981
3.977131
3.977281
3.977431
3.977581
3.977731
3.977881
3.978031
3.978181
3.978331
3.978481
3.97863
3.97878
3.978929
3.979079
3.979228
3.979378
3.979527
3.979676
3.979825
3.979974
3.980123
3.980272
3.980421
3.98057
3.980719
3.980868
3.981017
3.981165
3.981165
