0
0.00998502
0.0199402
0.0298655
0.0397612
0.0496274
0.0594641
0.0692715
0.0790497
0.0887988
0.0985189
0.10821
0.117873
0.127506
0.137112
0.146688
0.156237
0.165757
0.175249
0.184713
0.194149
0.203558
0.212938
0.222291
0.231617
0.240915
0.250186
0.25943
0.268647
0.277836
0.286999
0.296135
0.305244
0.314327
0.323383
0.332413
0.341417
0.350395
0.359346
0.368271
0.377171
0.386045
0.394893
0.403715
0.412512
0.421284
0.43003
0.438752
0.447448
0.456119
0.464765
0.473386
0.481982
0.490554
0.499102
0.507624
0.516123
0.524597
0.533047
0.541473
0.549875
0.558253
0.566607
0.574937
0.583244
0.591527
0.599787
0.608024
0.616237
0.624427
0.632593
0.640737
0.648858
0.656956
0.665031
0.673083
0.681113
0.68912
0.697105
0.705067
0.713007
0.720925
0.728821
0.736695
0.744547
0.752377
0.760185
0.767972
0.775737
0.78348
0.791202
0.798902
0.806581
0.814239
0.821876
0.829492
0.837087
0.84466
0.852213
0.859746
0.867257
0.874748
0.882218
0.889668
0.897098
0.904507
0.911896
0.919265
0.926614
0.933942
0.941251
0.94854
0.955809
0.963059
0.970288
0.977499
0.984689
0.991861
0.999013
1.00615
1.01326
1.02035
1.02743
1.03448
1.04152
1.04854
1.05554
1.06252
1.06948
1.07643
1.08335
1.09026
1.09715
1.10402
1.11087
1.1177
1.12452
1.13131
1.13809
1.14485
1.1516
1.15832
1.16503
1.17172
1.17839
1.18505
1.19169
1.19831
1.20491
1.2115
1.21806
1.22462
1.23115
1.23767
1.24417
1.25065
1.25712
1.26357
1.27
1.27642
1.28281
1.2892
1.29556
1.30191
1.30825
1.31457
1.32087
1.32715
1.33342
1.33967
1.34591
1.35213
1.35834
1.36452
1.3707
1.37686
1.383
1.38912
1.39523
1.40133
1.40741
1.41347
1.41952
1.42556
1.43157
1.43758
1.44356
1.44954
1.4555
1.46144
1.46737
1.47328
1.47918
1.48506
1.49093
1.49679
1.50263
1.50845
1.51426
1.52006
1.52584
1.53161
1.53736
1.5431
1.54882
1.55453
1.56023
1.56591
1.57158
1.57724
1.58288
1.5885
1.59412
1.59972
1.6053
1.61087
1.61643
1.62198
1.62751
1.63303
1.63853
1.64402
1.6495
1.65497
1.66042
1.66585
1.67128
1.67669
1.68209
1.68748
1.69285
1.69821
1.70356
1.70889
1.71421
1.71952
1.72482
1.7301
1.73537
1.74063
1.74588
1.75111
1.75633
1.76154
1.76674
1.77192
1.7771
1.78225
1.7874
1.79254
1.79766
1.80277
1.80787
1.81296
1.81804
1.8231
1.82815
1.83319
1.83822
1.84324
1.84824
1.85324
1.85822
1.86319
1.86815
1.87309
1.87803
1.88296
1.88787
1.89277
1.89766
1.90254
1.90741
1.91227
1.91711
1.92195
1.92677
1.93158
1.93639
1.94118
1.94596
1.95073
1.95549
1.96023
1.96497
1.9697
1.97441
1.97912
1.98381
1.9885
1.99317
1.99783
2.00249
2.00713
2.01176
2.01638
2.02099
2.02559
2.03018
2.03476
2.03934
2.0439
2.04845
2.05299
2.05752
2.06204
2.06655
2.07105
2.07554
2.08002
2.08449
2.08895
2.0934
2.09784
2.10227
2.10669
2.11111
2.11551
2.1199
2.12429
2.12866
2.13303
2.13738
2.14173
2.14606
2.15039
2.15471
2.15902
2.16332
2.16761
2.17189
2.17616
2.18042
2.18468
2.18892
2.19316
2.19738
2.2016
2.20581
2.21001
2.2142
2.21838
2.22255
2.22672
2.23087
2.23502
2.23916
2.24329
2.24741
2.25152
2.25562
2.25972
2.26381
2.26788
2.27195
2.27602
2.28007
2.28411
2.28815
2.29218
2.29619
2.30021
2.30421
2.3082
2.31219
2.31617
2.32014
2.3241
2.32805
2.332
2.33594
2.33987
2.34379
2.3477
2.35161
2.3555
2.35939
2.36328
2.36715
2.37102
2.37487
2.37873
2.38257
2.3864
2.39023
2.39405
2.39786
2.40167
2.40547
2.40926
2.41304
2.41681
2.42058
2.42434
2.42809
2.43184
2.43557
2.4393
2.44303
2.44674
2.45045
2.45415
2.45784
2.46153
2.46521
2.46888
2.47255
2.4762
2.47985
2.4835
2.48713
2.49076
2.49439
2.498
2.50161
2.50521
2.5088
2.51239
2.51597
2.51955
2.52311
2.52667
2.53023
2.53377
2.53731
2.54085
2.54437
2.54789
2.5514
2.55491
2.55841
2.5619
2.56539
2.56887
2.57234
2.57581
2.57927
2.58272
2.58617
2.58961
2.59305
2.59647
2.59989
2.60331
2.60672
2.61012
2.61352
2.61691
2.62029
2.62367
2.62704
2.6304
2.63376
2.63712
2.64046
2.6438
2.64714
2.65046
2.65379
2.6571
2.66041
2.66372
2.66701
2.67031
2.67359
2.67687
2.68015
2.68341
2.68668
2.68993
2.69318
2.69643
2.69967
2.7029
2.70613
2.70935
2.71257
2.71578
2.71898
2.72218
2.72537
2.72856
2.73174
2.73492
2.73809
2.74125
2.74441
2.74756
2.75071
2.75385
2.75699
2.76012
2.76325
2.76637
2.76949
2.7726
2.7757
2.7788
2.78189
2.78498
2.78806
2.79114
2.79421
2.79728
2.80034
2.8034
2.80645
2.80949
2.81254
2.81557
2.8186
2.82163
2.82465
2.82766
2.83067
2.83368
2.83668
2.83967
2.84266
2.84564
2.84862
2.8516
2.85457
2.85753
2.86049
2.86344
2.86639
2.86934
2.87228
2.87521
2.87814
2.88107
2.88399
2.8869
2.88981
2.89272
2.89562
2.89851
2.9014
2.90429
2.90717
2.91005
2.91292
2.91579
2.91865
2.92151
2.92436
2.92721
2.93006
2.9329
2.93573
2.93856
2.94139
2.94421
2.94702
2.94984
2.95264
2.95545
2.95824
2.96104
2.96383
2.96661
2.96939
2.97217
2.97494
2.97771
2.98047
2.98323
2.98598
2.98873
2.99148
2.99422
2.99696
2.99969
3.00242
3.00514
3.00786
3.01057
3.01329
3.01599
3.0187
3.02139
3.02409
3.02678
3.02946
3.03214
3.03482
3.03749
3.04016
3.04283
3.04549
3.04815
3.0508
3.05345
3.05609
3.05873
3.06137
3.064
3.06663
3.06925
3.07187
3.07449
3.0771
3.07971
3.08232
3.08492
3.08751
3.0901
3.09269
3.09528
3.09786
3.10044
3.10301
3.10558
3.10814
3.11071
3.11326
3.11582
3.11837
3.12091
3.12346
3.126
3.12853
3.13106
3.13359
3.13611
3.13863
3.14115
3.14366
3.14617
3.14868
3.15118
3.15368
3.15617
3.15866
3.16115
3.16363
3.16611
3.16859
3.17106
3.17353
3.17599
3.17846
3.18091
3.18337
3.18582
3.18827
3.19071
3.19315
3.19559
3.19802
3.20045
3.20288
3.2053
3.20772
3.21014
3.21255
3.21496
3.21737
3.21977
3.22217
3.22457
3.22696
3.22935
3.23173
3.23411
3.23649
3.23887
3.24124
3.24361
3.24598
3.24834
3.2507
3.25305
3.25541
3.25776
3.2601
3.26245
3.26478
3.26712
3.26945
3.27178
3.27411
3.27643
3.27875
3.28107
3.28339
3.2857
3.288
3.29031
3.29261
3.29491
3.2972
3.29949
3.30178
3.30407
3.30635
3.30863
3.31091
3.31318
3.31545
3.31772
3.31998
3.32224
3.3245
3.32676
3.32901
3.33126
3.33351
3.33575
3.33799
3.34023
3.34246
3.34469
3.34692
3.34914
3.35137
3.35359
3.3558
3.35802
3.36023
3.36244
3.36464
3.36684
3.36904
3.37124
3.37343
3.37562
3.37781
3.37999
3.38218
3.38436
3.38653
3.38871
3.39088
3.39304
3.39521
3.39737
3.39953
3.40169
3.40384
3.40599
3.40814
3.41029
3.41243
3.41457
3.41671
3.41884
3.42097
3.4231
3.42523
3.42735
3.42948
3.43159
3.43371
3.43582
3.43793
3.44004
3.44215
3.44425
3.44635
3.44845
3.45054
3.45263
3.45472
3.45681
3.45889
3.46098
3.46306
3.46513
3.46721
3.46928
3.47135
3.47341
3.47548
3.47754
3.4796
3.48165
3.48371
3.48576
3.4878
3.48985
3.49189
3.49394
3.49597
3.49801
3.50004
3.50207
3.5041
3.50613
3.50815
3.51017
3.51219
3.51421
3.51622
3.51824
3.52024
3.52225
3.52426
3.52626
3.52826
3.53025
3.53225
3.53424
3.53623
3.53822
3.5402
3.54219
3.54417
3.54614
3.54812
3.55009
3.55207
3.55403
3.556
3.55796
3.55993
3.56189
3.56384
3.5658
3.56775
3.5697
3.57165
3.57359
3.57554
3.57748
3.57942
3.58136
3.58329
3.58522
3.58715
3.58908
3.59101
3.59293
3.59485
3.59677
3.59869
3.6006
3.60251
3.60442
3.60633
3.60824
3.61014
3.61204
3.61394
3.61584
3.61773
3.61962
3.62151
3.6234
3.62529
3.62717
3.62906
3.63094
3.63281
3.63469
3.63656
3.63843
3.6403
3.64217
3.64404
3.6459
3.64776
3.64962
3.65147
3.65333
3.65518
3.65703
3.65888
3.66073
3.66257
3.66441
3.66625
3.66809
3.66993
3.67176
3.6736
3.67543
3.67725
3.67908
3.6809
3.68273
3.68455
3.68636
3.68818
3.69
3.69181
3.69362
3.69543
3.69723
3.69904
3.70084
3.70264
3.70444
3.70623
3.70803
3.70982
3.71161
3.7134
3.71519
3.71697
3.71876
3.72054
3.72232
3.72409
3.72587
3.72764
3.72941
3.73118
3.73295
3.73472
3.73648
3.73824
3.74
3.74176
3.74352
3.74527
3.74703
3.74878
3.75053
3.75227
3.75402
3.75576
3.7575
3.75924
3.76098
3.76272
3.76445
3.76619
3.76792
3.76965
3.77137
3.7731
3.77482
3.77654
3.77826
3.77998
3.7817
3.78341
3.78513
3.78684
3.78855
3.79025
3.79196
3.79366
3.79537
3.79707
3.79877
3.80046
3.80216
3.80385
3.80554
3.80723
3.80892
3.81061
3.81229
3.81398
3.81566
3.81734
3.81902
3.82069
3.82237
3.82404
3.82571
3.82738
3.82905
3.83072
3.83238
3.83405
3.83571
3.83737
3.83902
3.84068
3.84234
3.84399
3.84564
3.84729
3.84894
3.85058
3.85223
3.85387
3.85551
3.85715
3.85879
3.86043
3.86206
3.8637
3.86533
3.86696
3.86859
3.87021
3.87184
3.87346
3.87509
3.87671
3.87833
3.87994
3.88156
3.88317
3.88479
3.8864
3.88801
3.88961
3.89122
3.89283
3.89443
3.89603
3.89763
3.89923
3.90083
3.90242
3.90402
3.90561
3.9072
3.90879
3.91038
3.91196
3.91355
3.91513
3.91671
3.91829
3.91987
3.92145
3.92302
3.9246
3.92617
3.92774
3.92931
3.93088
3.93245
3.93401
3.93558
3.93714
3.9387
3.94026
3.94182
3.94337
3.94493
3.94648
3.94803
3.94958
3.95113
3.95268
3.95423
3.95577
3.95731
3.95886
3.9604
3.96193
3.96347
3.96501
3.96654
3.96808
3.96961
3.97114
3.97267
3.97419
3.97572
3.97724
3.97877
3.98029
3.98181
3.98333
3.98485
3.98636
3.98788
3.98939
3.9909
3.99241
3.99392
3.99543
3.99694
3.99844
3.99995
4.00145
4.00295
4.00445
4.00595
4.00744
4.00894
4.01043
4.01193
4.01342
4.01491
4.0164
4.01788
4.01937
4.02085
4.02234
4.02382
4.0253
4.02678
4.02826
4.02973
4.03121
4.03268
4.03415
4.03563
4.0371
4.03856
4.04003
4.0415
4.04296
4.04443
4.04589
4.04735
4.04881
4.05027
4.05172
4.05318
4.05463
4.05609
4.05754
4.05899
4.06044
4.06189
4.06333
4.06478
4.06622
4.06766
4.06911
4.07055
4.07199
4.07342
4.07486
4.07629
4.07773
4.07916
4.08059
4.08202
4.08345
4.08488
4.08631
4.08773
4.08915
4.09058
4.092
4.09342
4.09484
4.09626
4.09767
4.09909
4.1005
4.10191
4.10333
4.10474
4.10615
4.10755
4.10896
4.11037
4.11177
4.11317
4.11458
4.11598
4.11738
4.11877
4.12017
4.12157
4.12296
4.12435
4.12575
4.12714
4.12853
4.12992
4.1313
4.13269
4.13408
4.13546
4.13684
4.13822
4.13961
4.14098
4.14236
4.14374
4.14512
4.14649
4.14786
4.14924
4.15061
4.15198
4.15335
4.15471
4.15608
4.15745
4.15881
4.16017
4.16154
4.1629
4.16426
4.16561
4.16697
4.16833
4.16968
4.17104
4.17239
4.17374
4.17509
4.17644
4.17779
4.17914
4.18048
4.18183
4.18317
4.18452
4.18586
4.1872
4.18854
4.18988
4.19121
4.19255
4.19388
4.19522
4.19655
4.19788
4.19921
4.20054
4.20187
4.2032
4.20453
4.20585
4.20717
4.2085
4.20982
4.21114
4.21246
4.21378
4.2151
4.21641
4.21773
4.21904
4.22036
4.22167
4.22298
4.22429
4.2256
4.22691
4.22822
4.22952
4.23083
4.23213
4.23343
4.23473
4.23603
4.23733
4.23863
4.23993
4.24123
4.24252
4.24382
4.24511
4.2464
4.24769
4.24898
4.25027
4.25156
4.25285
4.25413
4.25542
4.2567
4.25799
4.25927
4.26055
4.26183
4.26311
4.26439
4.26566
4.26694
4.26821
4.26949
4.27076
4.27203
4.2733
4.27457
4.27584
4.27711
4.27838
4.27964
4.28091
4.28217
4.28344
4.2847
4.28596
4.28722
4.28848
4.28973
4.29099
4.29225
4.2935
4.29476
4.29601
4.29726
4.29851
4.29976
4.30101
4.30226
4.30351
4.30475
4.306
4.30724
4.30849
4.30973
4.31097
4.31221
4.31345
4.31469
4.31593
4.31716
4.3184
4.31963
4.32087
4.3221
4.32333
4.32456
4.32579
4.32702
4.32825
4.32947
4.3307
4.33193
4.33315
4.33437
4.3356
4.33682
4.33804
4.33926
4.34048
4.34169
4.34291
4.34413
4.34534
4.34655
4.34777
4.34898
4.35019
4.3514
4.35261
4.35382
4.35503
4.35623
4.35744
4.35864
4.35985
4.36105
4.36225
4.36345
4.36465
4.36585
4.36705
4.36825
4.36944
4.37064
4.37183
4.37303
4.37422
4.37541
4.3766
4.37779
4.37898
4.38017
4.38136
4.38255
4.38373
4.38492
4.3861
4.38728
4.38847
4.38965
4.39083
4.39201
4.39319
4.39436
4.39554
4.39672
4.39789
4.39907
4.40024
4.40141
4.40258
4.40375
4.40492
4.40609
4.40726
4.40843
4.4096
4.41076
4.41193
4.41309
4.41425
4.41541
4.41658
4.41774
4.4189
4.42005
4.42121
4.42237
4.42353
4.42468
4.42584
4.42699
4.42814
4.42929
4.43045
4.4316
4.43274
4.43389
4.43504
4.43619
4.43733
4.43848
4.43962
4.44077
4.44191
4.44305
4.44419
4.44533
4.44647
4.44761
4.44875
4.44989
4.45102
4.45216
4.45329
4.45442
4.45556
4.45669
4.45782
4.45895
4.46008
4.46121
4.46234
4.46346
4.46459
4.46572
4.46684
4.46796
4.46909
4.47021
4.47133
4.47245
4.47357
4.47469
4.47581
4.47693
4.47804
4.47916
4.48027
4.48139
4.4825
4.48361
4.48472
4.48584
4.48695
4.48805
4.48916
4.49027
4.49138
4.49248
4.49359
4.49469
4.4958
4.4969
4.498
4.4991
4.50021
4.50131
4.5024
4.5035
4.5046
4.5057
4.50679
4.50789
4.50898
4.51008
4.51117
4.51226
4.51335
4.51444
4.51553
4.51662
4.51771
4.5188
4.51989
4.52097
4.52206
4.52314
4.52422
4.52531
4.52639
4.52747
4.52855
4.52963
4.53071
4.53179
4.53287
4.53394
4.53502
4.5361
4.53717
4.53824
4.53932
4.54039
4.54146
4.54253
4.5436
4.54467
4.54574
4.54681
4.54787
4.54894
4.55001
4.55107
4.55214
4.5532
4.55426
4.55532
4.55639
4.55745
4.55851
4.55956
4.56062
4.56168
4.56274
4.56379
4.56485
4.5659
4.56696
4.56801
4.56906
4.57011
4.57117
4.57222
4.57327
4.57431
4.57536
4.57641
4.57746
4.5785
4.57955
4.58059
4.58164
4.58268
4.58372
4.58476
4.5858
4.58684
4.58788
4.58892
4.58996
4.591
4.59203
4.59307
4.59411
4.59514
4.59617
4.59721
4.59824
4.59927
4.6003
4.60133
4.60236
4.60339
4.60442
4.60545
4.60647
4.6075
4.60853
4.60955
4.61057
4.6116
4.61262
4.61364
4.61466
4.61568
4.6167
4.61772
4.61874
4.61976
4.62078
4.62179
4.62281
4.62382
4.62484
4.62585
4.62687
4.62788
4.62889
4.6299
4.63091
4.63192
4.63293
4.63394
4.63495
4.63595
4.63696
4.63796
4.63897
4.63997
4.64098
4.64198
4.64298
4.64398
4.64498
4.64599
4.64698
4.64798
4.64898
4.64998
4.65098
4.65197
4.65297
4.65396
4.65496
4.65595
4.65694
4.65794
4.65893
4.65992
4.66091
4.6619
4.66289
4.66388
4.66486
4.66585
4.66684
4.66782
4.66881
4.66979
4.67078
4.67176
4.67274
4.67372
4.6747
4.67568
4.67666
4.67764
4.67862
4.6796
4.68058
4.68155
4.68253
4.68351
4.68448
4.68545
4.68643
4.6874
4.68837
4.68934
4.69031
4.69128
4.69225
4.69322
4.69419
4.69516
4.69613
4.69709
4.69806
4.69902
4.69999
4.70095
4.70192
4.70288
4.70384
4.7048
4.70576
4.70672
4.70768
4.70864
4.7096
4.71056
4.71151
4.71247
4.71343
4.71438
4.71534
4.71629
4.71724
4.7182
4.71915
4.7201
4.72105
4.722
4.72295
4.7239
4.72485
4.72579
4.72674
4.72769
4.72863
4.72958
4.73052
4.73147
4.73241
4.73335
4.7343
4.73524
4.73618
4.73712
4.73806
4.739
4.73994
4.74087
4.74181
4.74275
4.74369
4.74462
4.74556
4.74649
4.74742
4.74836
4.74929
4.75022
4.75115
4.75208
4.75301
4.75394
4.75487
4.7558
4.75673
4.75766
4.75858
4.75951
4.76043
4.76136
4.76228
4.76321
4.76413
4.76505
4.76597
4.7669
4.76782
4.76874
4.76966
4.77058
4.77149
4.77241
4.77333
4.77425
4.77516
4.77608
4.77699
4.77791
4.77882
4.77973
4.78065
4.78156
4.78247
4.78338
4.78429
4.7852
4.78611
4.78702
4.78793
4.78883
4.78974
4.79065
4.79155
4.79246
4.79336
4.79427
4.79517
4.79607
4.79697
4.79788
4.79878
4.79968
4.80058
4.80148
4.80238
4.80327
4.80417
4.80507
4.80597
4.80686
4.80776
4.80865
4.80955
4.81044
4.81133
4.81223
4.81312
4.81401
4.8149
4.81579
4.81668
4.81757
4.81846
4.81935
4.82024
4.82112
4.82201
4.82289
4.82378
4.82467
4.82555
4.82643
4.82732
4.8282
4.82908
4.82996
4.83084
4.83172
4.8326
4.83348
4.83436
4.83524
4.83612
4.837
4.83787
4.83875
4.83962
4.8405
4.84137
4.84225
4.84312
4.84399
4.84487
4.84574
4.84661
4.84748
4.84835
4.84922
4.85009
4.85096
4.85183
4.85269
4.85356
4.85443
4.85529
4.85616
4.85702
4.85789
4.85875
4.85961
4.86048
4.86134
4.8622
4.86306
4.86392
4.86478
4.86564
4.8665
4.86736
4.86822
4.86908
4.86993
4.87079
4.87164
4.8725
4.87335
4.87421
4.87506
4.87592
4.87677
4.87762
4.87847
4.87932
4.88017
4.88102
4.88187
4.88272
4.88357
4.88442
4.88527
4.88611
4.88696
4.88781
4.88865
4.8895
4.89034
4.89118
4.89203
4.89287
4.89371
4.89456
4.8954
4.89624
4.89708
4.89792
4.89876
4.8996
4.90043
4.90127
4.90211
4.90295
4.90378
4.90462
4.90545
4.90629
4.90712
4.90796
4.90879
4.90962
4.91045
4.91129
4.91212
4.91295
4.91378
4.91461
4.91544
4.91627
4.91709
4.91792
4.91875
4.91957
4.9204
4.92123
4.92205
4.92288
4.9237
4.92452
4.92535
4.92617
4.92699
4.92781
4.92864
4.92946
4.93028
4.9311
4.93192
4.93273
4.93355
4.93437
4.93519
4.936
4.93682
4.93764
4.93845
4.93927
4.94008
4.9409
4.94171
4.94252
4.94333
4.94415
4.94496
4.94577
4.94658
4.94739
4.9482
4.94901
4.94982
4.95062
4.95143
4.95224
4.95305
4.95385
4.95466
4.95546
4.95627
4.95707
4.95787
4.95868
4.95948
4.96028
4.96109
4.96189
4.96269
4.96349
4.96429
4.96509
4.96589
4.96668
4.96748
4.96828
4.96908
4.96987
4.97067
4.97147
4.97226
4.97306
4.97385
4.97464
4.97544
4.97623
4.97702
4.97781
4.97861
4.9794
4.98019
4.98098
4.98177
4.98256
4.98334
4.98413
4.98492
4.98571
4.98649
4.98728
4.98807
4.98885
4.98964
4.99042
4.99121
4.99199
4.99277
4.99355
4.99434
4.99512
4.9959
4.99668
4.99746
4.99824
4.99902
4.9998
5.00058
5.00136
5.00213
5.00291
5.00369
5.00446
5.00524
5.00601
5.00679
5.00756
5.00834
5.00911
5.00988
5.01066
5.01143
5.0122
5.01297
5.01374
5.01451
5.01528
5.01605
5.01682
5.01759
5.01836
5.01913
5.01989
5.02066
5.02143
5.02219
5.02296
5.02372
5.02449
5.02525
5.02601
5.02678
5.02754
5.0283
5.02907
5.02983
5.03059
5.03135
5.03211
5.03287
5.03363
5.03439
5.03514
5.0359
5.03666
5.03742
5.03817
5.03893
5.03968
5.04044
5.0412
5.04195
5.0427
5.04346
5.04421
5.04496
5.04571
5.04647
5.04722
5.04797
5.04872
5.04947
5.05022
5.05097
5.05172
5.05247
5.05321
5.05396
5.05471
5.05545
5.0562
5.05695
5.05769
5.05844
5.05918
5.05992
5.06067
5.06141
5.06215
5.0629
5.06364
5.06438
5.06512
5.06586
5.0666
5.06734
5.06808
5.06882
5.06956
5.0703
5.07103
5.07177
5.07251
5.07324
5.07398
5.07472
5.07545
5.07619
5.07692
5.07765
5.07839
5.07912
5.07985
5.08058
5.08132
5.08205
5.08278
5.08351
5.08424
5.08497
5.0857
5.08643
5.08716
5.08788
5.08861
5.08934
5.09007
5.09079
5.09152
5.09224
5.09297
5.09369
5.09442
5.09514
5.09586
5.09659
5.09731
5.09803
5.09875
5.09948
5.1002
5.10092
5.10164
5.10236
5.10308
5.1038
5.10451
5.10523
5.10595
5.10667
5.10738
5.1081
5.10882
5.10953
5.11025
5.11096
5.11168
5.11239
5.1131
5.11382
5.11453
5.11524
5.11596
5.11667
5.11738
5.11809
5.1188
5.11951
5.12022
5.12093
5.12164
5.12235
5.12305
5.12376
5.12447
5.12518
5.12588
5.12659
5.12729
5.128
5.1287
5.12941
5.13011
5.13082
5.13152
5.13222
5.13292
5.13363
5.13433
5.13503
5.13573
5.13643
5.13713
5.13783
5.13853
5.13923
5.13993
5.14063
5.14132
5.14202
5.14272
5.14341
5.14411
5.14481
5.1455
5.1462
5.14689
5.14759
5.14828
5.14897
5.14967
5.15036
5.15105
5.15174
5.15244
5.15313
5.15382
5.15451
5.1552
5.15589
5.15658
5.15727
5.15795
5.15864
5.15933
5.16002
5.1607
5.16139
5.16208
5.16276
5.16345
5.16413
5.16482
5.1655
5.16619
5.16687
5.16755
5.16823
5.16892
5.1696
5.17028
5.17096
5.17164
5.17232
5.173
5.17368
5.17436
5.17504
5.17572
5.1764
5.17708
5.17775
5.17843
5.17911
5.17978
5.18046
5.18113
5.18181
5.18248
5.18316
5.18383
5.18451
5.18518
5.18585
5.18653
5.1872
5.18787
5.18854
5.18921
5.18988
5.19055
5.19122
5.19189
5.19256
5.19323
5.1939
5.19457
5.19524
5.1959
5.19657
5.19724
5.1979
5.19857
5.19924
5.1999
5.20057
5.20123
5.20189
5.20256
5.20322
5.20388
5.20455
5.20521
5.20587
5.20653
5.20719
5.20785
5.20851
5.20917
5.20983
5.21049
5.21115
5.21181
5.21247
5.21313
5.21379
5.21444
5.2151
5.21576
5.21641
5.21707
5.21772
5.21838
5.21903
5.21969
5.22034
5.22099
5.22165
5.2223
5.22295
5.22361
5.22426
5.22491
5.22556
5.22621
5.22686
5.22751
5.22816
5.22881
5.22946
5.23011
5.23076
5.2314
5.23205
5.2327
5.23335
5.23399
5.23464
5.23528
5.23593
5.23658
5.23722
5.23786
5.23851
5.23915
5.2398
5.24044
5.24108
5.24172
5.24237
5.24301
5.24365
5.24429
5.24493
5.24557
5.24621
5.24685
5.24749
5.24813
5.24877
5.2494
5.25004
5.25068
5.25132
5.25195
5.25259
5.25323
5.25386
5.2545
5.25513
5.25577
5.2564
5.25703
5.25767
5.2583
5.25893
5.25957
5.2602
5.26083
5.26146
5.26209
5.26273
5.26336
5.26399
5.26462
5.26525
5.26587
5.2665
5.26713
5.26776
5.26839
5.26902
5.26964
5.27027
5.2709
5.27152
5.27215
5.27277
5.2734
5.27402
5.27465
5.27527
5.2759
5.27652
5.27714
5.27777
5.27839
5.27901
5.27963
5.28025
5.28087
5.2815
5.28212
5.28274
5.28336
5.28398
5.28459
5.28521
5.28583
5.28645
5.28707
5.28769
5.2883
5.28892
5.28954
5.29015
5.29077
5.29138
5.292
5.29261
5.29323
5.29384
5.29446
5.29507
5.29568
5.2963
5.29691
5.29752
5.29813
5.29874
5.29935
5.29997
5.30058
5.30119
5.3018
5.30241
5.30302
5.30362
5.30423
5.30484
5.30545
5.30606
5.30666
5.30727
5.30788
5.30848
5.30909
5.3097
5.3103
5.31091
5.31151
5.31212
5.31272
5.31332
5.31393
5.31453
5.31513
5.31573
5.31634
5.31694
5.31754
5.31814
5.31874
5.31934
5.31994
5.32054
5.32114
5.32174
5.32234
5.32294
5.32354
5.32414
5.32473
5.32533
5.32593
5.32652
5.32712
5.32772
5.32831
5.32891
5.3295
5.3301
5.33069
5.33129
5.33188
5.33247
5.33307
5.33366
5.33425
5.33485
5.33544
5.33603
5.33662
5.33721
5.3378
5.33839
5.33898
5.33957
5.34016
5.34075
5.34134
5.34193
5.34252
5.34311
5.34369
5.34428
5.34487
5.34545
5.34604
5.34663
5.34721
5.3478
5.34838
5.34897
5.34955
5.35014
5.35072
5.35131
5.35189
5.35247
5.35305
5.35364
5.35422
5.3548
5.35538
5.35596
5.35654
5.35712
5.35771
5.35828
5.35886
5.35944
5.36002
5.3606
5.36118
5.36176
5.36234
5.36291
5.36349
5.36407
5.36464
5.36522
5.3658
5.36637
5.36695
5.36752
5.3681
5.36867
5.36925
5.36982
5.37039
5.37097
5.37154
5.37211
5.37269
5.37326
5.37383
5.3744
5.37497
5.37554
5.37611
5.37668
5.37725
5.37782
5.37839
5.37896
5.37953
5.3801
5.38067
5.38124
5.3818
5.38237
5.38294
5.3835
5.38407
5.38464
5.3852
5.38577
5.38633
5.3869
5.38746
5.38803
5.38859
5.38916
5.38972
5.39028
5.39085
5.39141
5.39197
5.39253
5.39309
5.39366
5.39422
5.39478
5.39534
5.3959
5.39646
5.39702
5.39758
5.39814
5.3987
5.39925
5.39981
5.40037
5.40093
5.40149
5.40204
5.4026
5.40316
5.40371
5.40427
5.40482
5.40538
5.40593
5.40649
5.40704
5.4076
5.40815
5.40871
5.40926
5.40981
5.41037
5.41092
5.41147
5.41202
5.41257
5.41312
5.41368
5.41423
5.41478
5.41533
5.41588
5.41643
5.41698
5.41753
5.41807
5.41862
5.41917
5.41972
5.42027
5.42081
5.42136
5.42191
5.42245
5.423
5.42355
5.42409
5.42464
5.42518
5.42573
5.42627
5.42682
5.42736
5.4279
5.42845
5.42899
5.42953
5.43008
5.43062
5.43116
5.4317
5.43224
5.43279
5.43333
5.43387
5.43441
5.43495
5.43549
5.43603
5.43657
5.43711
5.43764
5.43818
5.43872
5.43926
5.4398
5.44033
5.44087
5.44141
5.44194
5.44248
5.44302
5.44355
5.44409
5.44462
5.44516
5.44569
5.44623
5.44676
5.44729
5.44783
5.44836
5.44889
5.44943
5.44996
5.45049
5.45102
5.45155
5.45209
5.45262
5.45315
5.45368
5.45421
5.45474
5.45527
5.4558
5.45633
5.45685
5.45738
5.45791
5.45844
5.45897
5.45949
5.46002
5.46055
5.46108
5.4616
5.46213
5.46265
5.46318
5.46371
5.46423
5.46476
5.46528
5.4658
5.46633
5.46685
5.46738
5.4679
5.46842
5.46894
5.46947
5.46999
5.47051
5.47103
5.47155
5.47207
5.4726
5.47312
5.47364
5.47416
5.47468
5.4752
5.47572
5.47623
5.47675
5.47727
5.47779
5.47831
5.47883
5.47934
5.47986
5.48038
5.48089
5.48141
5.48193
5.48244
5.48296
5.48347
5.48399
5.4845
5.48502
5.48553
5.48604
5.48656
5.48707
5.48759
5.4881
5.48861
5.48912
5.48964
5.49015
5.49066
5.49117
5.49168
5.49219
5.4927
5.49321
5.49372
5.49423
5.49474
5.49525
5.49576
5.49627
5.49678
5.49729
5.4978
5.4983
5.49881
5.49932
5.49983
5.50033
5.50084
5.50134
5.50185
5.50236
5.50286
5.50337
5.50387
5.50438
5.50488
5.50539
5.50589
5.50639
5.5069
5.5074
5.5079
5.50841
5.50891
5.50941
5.50991
5.51041
5.51092
5.51142
5.51192
5.51242
5.51292
5.51342
5.51392
5.51442
5.51492
5.51542
5.51592
5.51641
5.51691
5.51741
5.51791
5.51841
5.5189
5.5194
5.5199
5.52039
5.52089
5.52139
5.52188
5.52238
5.52287
5.52337
5.52386
5.52436
5.52485
5.52535
5.52584
5.52634
5.52683
5.52732
5.52781
5.52831
5.5288
5.52929
5.52978
5.53028
5.53077
5.53126
5.53175
5.53224
5.53273
5.53322
5.53371
5.5342
5.53469
5.53518
5.53567
5.53616
5.53665
5.53713
5.53762
5.53811
5.5386
5.53908
5.53957
5.54006
5.54055
5.54103
5.54152
5.542
5.54249
5.54297
5.54346
5.54394
5.54443
5.54491
5.5454
5.54588
5.54637
5.54685
5.54733
5.54781
5.5483
5.54878
5.54926
5.54974
5.55023
5.55071
5.55119
5.55167
5.55215
5.55263
5.55311
5.55359
5.55407
5.55455
5.55503
5.55551
5.55599
5.55647
5.55695
5.55742
5.5579
5.55838
5.55886
5.55933
5.55981
5.56029
5.56076
5.56124
5.56172
5.56219
5.56267
5.56314
5.56362
5.56409
5.56457
5.56504
5.56552
5.56599
5.56646
5.56694
5.56741
5.56788
5.56836
5.56883
5.5693
5.56977
5.57024
5.57072
5.57119
5.57166
5.57213
5.5726
5.57307
5.57354
5.57401
5.57448
5.57495
5.57542
5.57589
5.57636
5.57683
5.57729
5.57776
5.57823
5.5787
5.57916
5.57963
5.5801
5.58057
5.58103
5.5815
5.58196
5.58243
5.5829
5.58336
5.58383
5.58429
5.58476
5.58522
5.58568
5.58615
5.58661
5.58708
5.58754
5.588
5.58846
5.58893
5.58939
5.58985
5.59031
5.59077
5.59124
5.5917
5.59216
5.59262
5.59308
5.59354
5.594
5.59446
5.59492
5.59538
5.59584
5.5963
5.59676
5.59721
5.59767
5.59813
5.59859
5.59905
5.5995
5.59996
5.60042
5.60087
5.60133
5.60179
5.60224
5.6027
5.60315
5.60361
5.60406
5.60452
5.60497
5.60543
5.60588
5.60634
5.60679
5.60724
5.6077
5.60815
5.6086
5.60906
5.60951
5.60996
5.61041
5.61086
5.61132
5.61177
5.61222
5.61267
5.61312
5.61357
5.61402
5.61447
5.61492
5.61537
5.61582
5.61627
5.61672
5.61717
5.61762
5.61806
5.61851
5.61896
5.61941
5.61985
5.6203
5.62075
5.6212
5.62164
5.62209
5.62253
5.62298
5.62343
5.62387
5.62432
5.62476
5.62521
5.62565
5.6261
5.62654
5.62698
5.62743
5.62787
5.62831
5.62876
5.6292
5.62964
5.63008
5.63053
5.63097
5.63141
5.63185
5.63229
5.63273
5.63318
5.63362
5.63406
5.6345
5.63494
5.63538
5.63582
5.63626
5.63669
5.63713
5.63757
5.63801
5.63845
5.63889
5.63933
5.63976
5.6402
5.64064
5.64107
5.64151
5.64195
5.64238
5.64282
5.64326
5.64369
5.64413
5.64456
5.645
5.64543
5.64587
5.6463
5.64674
5.64717
5.64761
5.64804
5.64847
5.64891
5.64934
5.64977
5.6502
5.65064
5.65107
5.6515
5.65193
5.65236
5.6528
5.65323
5.65366
5.65409
5.65452
5.65495
5.65538
5.65581
5.65624
5.65667
5.6571
5.65753
5.65796
5.65838
5.65881
5.65924
5.65967
5.6601
5.66052
5.66095
5.66138
5.66181
5.66223
5.66266
5.66309
5.66351
5.66394
5.66436
5.66479
5.66522
5.66564
5.66607
5.66649
5.66691
5.66734
5.66776
5.66819
5.66861
5.66903
5.66946
5.66988
5.6703
5.67073
5.67115
5.67157
5.67199
5.67242
5.67284
5.67326
5.67368
5.6741
5.67452
5.67494
5.67536
5.67578
5.6762
5.67662
5.67704
5.67746
5.67788
5.6783
5.67872
5.67914
5.67956
5.67997
5.68039
5.68081
5.68123
5.68165
5.68206
5.68248
5.6829
5.68331
5.68373
5.68415
5.68456
5.68498
5.68539
5.68581
5.68622
5.68664
5.68705
5.68747
5.68788
5.6883
5.68871
5.68913
5.68954
5.68995
5.69037
5.69078
5.69119
5.6916
5.69202
5.69243
5.69284
5.69325
5.69367
5.69408
5.69449
5.6949
5.69531
5.69572
5.69613
5.69654
5.69695
5.69736
5.69777
5.69818
5.69859
5.699
5.69941
5.69982
5.70023
5.70063
5.70104
5.70145
5.70186
5.70227
5.70267
5.70308
5.70349
5.70389
5.7043
5.70471
5.70511
5.70552
5.70592
5.70633
5.70674
5.70714
5.70755
5.70795
5.70836
5.70876
5.70916
5.70957
5.70997
5.71038
5.71078
5.71118
5.71159
5.71199
5.71239
5.71279
5.7132
5.7136
5.714
5.7144
5.7148
5.71521
5.71561
5.71601
5.71641
5.71681
5.71721
5.71761
5.71801
5.71841
5.71881
5.71921
5.71961
5.72001
5.72041
5.72081
5.7212
5.7216
5.722
5.7224
5.7228
5.72319
5.72359
5.72399
5.72439
5.72478
5.72518
5.72558
5.72597
5.72637
5.72676
5.72716
5.72755
5.72795
5.72835
5.72874
5.72914
5.72953
5.72992
5.73032
5.73071
5.73111
5.7315
5.73189
5.73229
5.73268
5.73307
5.73347
5.73386
5.73425
5.73464
5.73503
5.73543
5.73582
5.73621
5.7366
5.73699
5.73738
5.73777
5.73816
5.73855
5.73894
5.73933
5.73972
5.74011
5.7405
5.74089
5.74128
5.74167
5.74206
5.74245
5.74284
5.74322
5.74361
5.744
5.74439
5.74477
5.74516
5.74555
5.74594
5.74632
5.74671
5.74709
5.74748
5.74787
5.74825
5.74864
5.74902
5.74941
5.74979
5.75018
5.75056
5.75095
5.75133
5.75172
5.7521
5.75248
5.75287
5.75325
5.75363
5.75402
5.7544
5.75478
5.75516
5.75555
5.75593
5.75631
5.75669
5.75707
5.75746
5.75784
5.75822
5.7586
5.75898
5.75936
5.75974
5.76012
5.7605
5.76088
5.76126
5.76164
5.76202
5.7624
5.76278
5.76316
5.76353
5.76391
5.76429
5.76467
5.76505
5.76542
5.7658
5.76618
5.76656
5.76693
5.76731
5.76769
5.76806
5.76844
5.76882
5.76919
5.76957
5.76994
5.77032
5.77069
5.77107
5.77144
5.77182
5.77219
5.77257
5.77294
5.77331
5.77369
5.77406
5.77444
5.77481
5.77518
5.77555
5.77593
5.7763
5.77667
5.77704
5.77742
5.77779
5.77816
5.77853
5.7789
5.77927
5.77964
5.78002
5.78039
5.78076
5.78113
5.7815
5.78187
5.78224
5.78261
5.78298
5.78335
5.78371
5.78408
5.78445
5.78482
5.78519
5.78556
5.78593
5.78629
5.78666
5.78703
5.7874
5.78776
5.78813
5.7885
5.78886
5.78923
5.7896
5.78996
5.79033
5.79069
5.79106
5.79143
5.79179
5.79216
5.79252
5.79289
5.79325
5.79361
5.79398
5.79434
5.79471
5.79507
5.79543
5.7958
5.79616
5.79652
5.79689
5.79725
5.79761
5.79798
5.79834
5.7987
5.79906
5.79942
5.79978
5.80015
5.80051
5.80087
5.80123
5.80159
5.80195
5.80231
5.80267
5.80303
5.80339
5.80375
5.80411
5.80447
5.80483
5.80519
5.80555
5.80591
5.80627
5.80662
5.80698
5.80734
5.8077
5.80806
5.80841
5.80877
5.80913
5.80948
5.80984
5.8102
5.81056
5.81091
5.81127
5.81162
5.81198
5.81234
5.81269
5.81305
5.8134
5.81376
5.81411
5.81447
5.81482
5.81518
5.81553
5.81588
5.81624
5.81659
5.81695
5.8173
5.81765
5.81801
5.81836
5.81871
5.81906
5.81942
5.81977
5.82012
5.82047
5.82082
5.82118
5.82153
5.82188
5.82223
5.82258
5.82293
5.82328
5.82363
5.82398
5.82433
5.82468
5.82503
5.82538
5.82573
5.82608
5.82643
5.82678
5.82713
5.82748
5.82783
5.82818
5.82852
5.82887
5.82922
5.82957
5.82992
5.83026
5.83061
5.83096
5.8313
5.83165
5.832
5.83234
5.83269
5.83304
5.83338
5.83373
5.83407
5.83442
5.83477
5.83511
5.83546
5.8358
5.83615
5.83649
5.83683
5.83718
5.83752
5.83787
5.83821
5.83855
5.8389
5.83924
5.83958
5.83993
5.84027
5.84061
5.84096
5.8413
5.84164
5.84198
5.84232
5.84267
5.84301
5.84335
5.84369
5.84403
5.84437
5.84471
5.84505
5.84539
5.84573
5.84607
5.84641
5.84675
5.84709
5.84743
5.84777
5.84811
5.84845
5.84879
5.84913
5.84947
5.84981
5.85015
5.85048
5.85082
5.85116
5.8515
5.85183
5.85217
5.85251
5.85285
5.85318
5.85352
5.85386
5.85419
5.85453
5.85487
5.8552
5.85554
5.85587
5.85621
5.85654
5.85688
5.85721
5.85755
5.85788
5.85822
5.85855
5.85889
5.85922
5.85956
5.85989
5.86022
5.86056
5.86089
5.86122
5.86156
5.86189
5.86222
5.86255
5.86289
5.86322
5.86355
5.86388
5.86422
5.86455
5.86488
5.86521
5.86554
5.86587
5.8662
5.86653
5.86686
5.8672
5.86753
5.86786
5.86819
5.86852
5.86885
5.86918
5.8695
5.86983
5.87016
5.87049
5.87082
5.87115
5.87148
5.87181
5.87214
5.87246
5.87279
5.87312
5.87345
5.87377
5.8741
5.87443
5.87476
5.87508
5.87541
5.87574
5.87606
5.87639
5.87672
5.87704
5.87737
5.87769
5.87802
5.87834
5.87867
5.87899
5.87932
5.87964
5.87997
5.88029
5.88062
5.88094
5.88127
5.88159
5.88191
5.88224
5.88256
5.88288
5.88321
5.88353
5.88385
5.88418
5.8845
5.88482
5.88514
5.88547
5.88579
5.88611
5.88643
5.88675
5.88707
5.8874
5.88772
5.88804
5.88836
5.88868
5.889
5.88932
5.88964
5.88996
5.89028
5.8906
5.89092
5.89124
5.89156
5.89188
5.8922
5.89252
5.89284
5.89315
5.89347
5.89379
5.89411
5.89443
5.89475
5.89506
5.89538
5.8957
5.89602
5.89633
5.89665
5.89697
5.89728
5.8976
5.89792
5.89823
5.89855
5.89887
5.89918
5.8995
5.89981
5.90013
5.90044
5.90076
5.90108
5.90139
5.9017
5.90202
5.90233
5.90265
5.90296
5.90328
5.90359
5.9039
5.90422
5.90453
5.90485
5.90516
5.90547
5.90578
5.9061
5.90641
5.90672
5.90703
5.90735
5.90766
5.90797
5.90828
5.90859
5.90891
5.90922
5.90953
5.90984
5.91015
5.91046
5.91077
5.91108
5.91139
5.9117
5.91201
5.91232
5.91263
5.91294
5.91325
5.91356
5.91387
5.91418
5.91449
5.9148
5.91511
5.91542
5.91573
5.91603
5.91634
5.91665
5.91696
5.91727
5.91757
5.91788
5.91819
5.9185
5.9188
5.91911
5.91942
5.91972
5.92003
5.92034
5.92064
5.92095
5.92125
5.92156
5.92187
5.92217
5.92248
5.92278
5.92309
5.92339
5.9237
5.924
5.92431
5.92461
5.92492
5.92522
5.92552
5.92583
5.92613
5.92644
5.92674
5.92704
5.92735
5.92765
5.92795
5.92825
5.92856
5.92886
5.92916
5.92946
5.92977
5.93007
5.93037
5.93067
5.93097
5.93128
5.93158
5.93188
5.93218
5.93248
5.93278
5.93308
5.93338
5.93368
5.93398
5.93428
5.93458
5.93488
5.93518
5.93548
5.93578
5.93608
5.93638
5.93668
5.93698
5.93728
5.93758
5.93787
5.93817
5.93847
5.93877
5.93907
5.93936
5.93966
5.93996
5.94026
5.94055
5.94085
5.94115
5.94145
5.94174
5.94204
5.94234
5.94263
5.94293
5.94322
5.94352
5.94382
5.94411
5.94441
5.9447
5.945
5.94529
5.94559
5.94588
5.94618
5.94647
5.94677
5.94706
5.94736
5.94765
5.94794
5.94824
5.94853
5.94883
5.94912
5.94941
5.94971
5.95
5.95029
5.95058
5.95088
5.95117
5.95146
5.95175
5.95205
5.95234
5.95263
5.95292
5.95321
5.95351
5.9538
5.95409
5.95438
5.95467
5.95496
5.95525
5.95554
5.95583
5.95612
5.95641
5.9567
5.95699
5.95728
5.95757
5.95786
5.95815
5.95844
5.95873
5.95902
5.95931
5.9596
5.95989
5.96018
5.96046
5.96075
5.96104
5.96133
5.96162
5.9619
5.96219
5.96248
5.96277
5.96305
5.96334
5.96363
5.96391
5.9642
5.96449
5.96477
5.96506
5.96535
5.96563
5.96592
5.96621
5.96649
5.96678
5.96706
5.96735
5.96763
5.96792
5.9682
5.96849
5.96877
5.96906
5.96934
5.96963
5.96991
5.97019
5.97048
5.97076
5.97105
5.97133
5.97161
5.9719
5.97218
5.97246
5.97275
5.97303
5.97331
5.97359
5.97388
5.97416
5.97444
5.97472
5.975
5.97529
5.97557
5.97585
5.97613
5.97641
5.97669
5.97697
5.97726
5.97754
5.97782
5.9781
5.97838
5.97866
5.97894
5.97922
5.9795
5.97978
5.98006
5.98034
5.98062
5.9809
5.98118
5.98146
5.98173
5.98201
5.98229
5.98257
5.98285
5.98313
5.98341
5.98368
5.98396
5.98424
5.98452
5.98479
5.98507
5.98535
5.98563
5.9859
5.98618
5.98646
5.98673
5.98701
5.98729
5.98756
5.98784
5.98812
5.98839
5.98867
5.98894
5.98922
5.9895
5.98977
5.99005
5.99032
5.9906
5.99087
5.99115
5.99142
5.9917
5.99197
5.99224
5.99252
5.99279
5.99307
5.99334
5.99361
5.99389
5.99416
5.99443
5.99471
5.99498
5.99525
5.99553
5.9958
5.99607
5.99634
5.99662
5.99689
5.99716
5.99743
5.99771
5.99798
5.99825
5.99852
5.99879
5.99906
5.99933
5.99961
5.99988
6.00015
6.00042
6.00069
6.00096
6.00123
6.0015
6.00177
6.00204
6.00231
6.00258
6.00285
6.00312
6.00339
6.00366
6.00393
6.0042
6.00446
6.00473
6.005
6.00527
6.00554
6.00581
6.00608
6.00634
6.00661
6.00688
6.00715
6.00742
6.00768
6.00795
6.00822
6.00848
6.00875
6.00902
6.00929
6.00955
6.00982
6.01008
6.01035
6.01062
6.01088
6.01115
6.01142
6.01168
6.01195
6.01221
6.01248
6.01274
6.01301
6.01327
6.01354
6.0138
6.01407
6.01433
6.0146
6.01486
6.01513
6.01539
6.01565
6.01592
6.01618
6.01644
6.01671
6.01697
6.01724
6.0175
6.01776
6.01802
6.01829
6.01855
6.01881
6.01908
6.01934
6.0196
6.01986
6.02012
6.02039
6.02065
6.02091
6.02117
6.02143
6.02169
6.02196
6.02222
6.02248
6.02274
6.023
6.02326
6.02352
6.02378
6.02404
6.0243
6.02456
6.02482
6.02508
6.02534
6.0256
6.02586
6.02612
6.02638
6.02664
6.0269
6.02716
6.02742
6.02767
6.02793
6.02819
6.02845
6.02871
6.02897
6.02922
6.02948
6.02974
6.03
6.03026
6.03051
6.03077
6.03103
6.03128
6.03154
6.0318
6.03206
6.03231
6.03257
6.03283
6.03308
6.03334
6.03359
6.03385
6.03411
6.03436
6.03462
6.03487
6.03513
6.03538
6.03564
6.03589
6.03615
6.0364
6.03666
6.03691
6.03717
6.03742
6.03768
6.03793
6.03819
6.03844
6.03869
6.03895
6.0392
6.03945
6.03971
6.03996
6.04021
6.04047
6.04072
6.04097
6.04123
6.04148
6.04173
6.04198
6.04224
6.04249
6.04274
6.04299
6.04325
6.0435
6.04375
6.044
6.04425
6.0445
6.04475
6.04501
6.04526
6.04551
6.04576
6.04601
6.04626
6.04651
6.04676
6.04701
6.04726
6.04751
6.04776
6.04801
6.04826
6.04851
6.04876
6.04901
6.04926
6.04951
6.04976
6.05001
6.05026
6.0505
6.05075
6.051
6.05125
6.0515
6.05175
6.05199
6.05224
6.05249
6.05274
6.05299
6.05323
6.05348
6.05373
6.05398
6.05422
6.05447
6.05472
6.05496
6.05521
6.05546
6.0557
6.05595
6.0562
6.05644
6.05669
6.05693
6.05718
6.05743
6.05767
6.05792
6.05816
6.05841
6.05865
6.0589
6.05914
6.05939
6.05963
6.05988
6.06012
6.06037
6.06061
6.06086
6.0611
6.06134
6.06159
6.06183
6.06208
6.06232
6.06256
6.06281
6.06305
6.06329
6.06354
6.06378
6.06402
6.06426
6.06451
6.06475
6.06499
6.06524
6.06548
6.06572
6.06596
6.0662
6.06645
6.06669
6.06693
6.06717
6.06741
6.06765
6.06789
6.06814
6.06838
6.06862
6.06886
6.0691
6.06934
6.06958
6.06982
6.07006
6.0703
6.07054
6.07078
6.07102
6.07126
6.0715
6.07174
6.07198
6.07222
6.07246
6.0727
6.07294
6.07318
6.07341
6.07365
6.07389
6.07413
6.07437
6.07461
6.07484
6.07508
6.07532
6.07556
6.0758
6.07603
6.07627
6.07651
6.07675
6.07698
6.07722
6.07746
6.0777
6.07793
6.07817
6.07841
6.07864
6.07888
6.07912
6.07935
6.07959
6.07982
6.08006
6.0803
6.08053
6.08077
6.081
6.08124
6.08147
6.08171
6.08194
6.08218
6.08241
6.08265
6.08288
6.08312
6.08335
6.08359
6.08382
6.08406
6.08429
6.08452
6.08476
6.08499
6.08523
6.08546
6.08569
6.08593
6.08616
6.08639
6.08663
6.08686
6.08709
6.08732
6.08756
6.08779
6.08802
6.08826
6.08849
6.08872
6.08895
6.08918
6.08942
6.08965
6.08988
6.09011
6.09034
6.09057
6.09081
6.09104
6.09127
6.0915
6.09173
6.09196
6.09219
6.09242
6.09265
6.09288
6.09311
6.09334
6.09357
6.0938
6.09403
6.09426
6.09449
6.09472
6.09495
6.09518
6.09541
6.09564
6.09587
6.0961
6.09633
6.09656
6.09679
6.09701
6.09724
6.09747
6.0977
6.09793
6.09816
6.09838
6.09861
6.09884
6.09907
6.0993
6.09952
6.09975
6.09998
6.10021
6.10043
6.10066
6.10089
6.10111
6.10134
6.10157
6.10179
6.10202
6.10225
6.10247
6.1027
6.10293
6.10315
6.10338
6.1036
6.10383
6.10405
6.10428
6.10451
6.10473
6.10496
6.10518
6.10541
6.10563
6.10586
6.10608
6.10631
6.10653
6.10675
6.10698
6.1072
6.10743
6.10765
6.10788
6.1081
6.10832
6.10855
6.10877
6.10899
6.10922
6.10944
6.10966
6.10989
6.11011
6.11033
6.11056
6.11078
6.111
6.11122
6.11145
6.11167
6.11189
6.11211
6.11234
6.11256
6.11278
6.113
6.11322
6.11344
6.11367
6.11389
6.11411
6.11433
6.11455
6.11477
6.11499
6.11521
6.11544
6.11566
6.11588
6.1161
6.11632
6.11654
6.11676
6.11698
6.1172
6.11742
6.11764
6.11786
6.11808
6.1183
6.11852
6.11874
6.11895
6.11917
6.11939
6.11961
6.11983
6.12005
6.12027
6.12049
6.12071
6.12092
6.12114
6.12136
6.12158
6.1218
6.12201
6.12223
6.12245
6.12267
6.12289
6.1231
6.12332
6.12354
6.12376
6.12397
6.12419
6.12441
6.12462
6.12484
6.12506
6.12527
6.12549
6.12571
6.12592
6.12614
6.12635
6.12657
6.12679
6.127
6.12722
6.12743
6.12765
6.12786
6.12808
6.1283
6.12851
6.12873
6.12894
6.12916
6.12937
6.12959
6.1298
6.13001
6.13023
6.13044
6.13066
6.13087
6.13109
6.1313
6.13151
6.13173
6.13194
6.13215
6.13237
6.13258
6.1328
6.13301
6.13322
6.13343
6.13365
6.13386
6.13407
6.13429
6.1345
6.13471
6.13492
6.13514
6.13535
6.13556
6.13577
6.13598
6.1362
6.13641
6.13662
6.13683
6.13704
6.13726
6.13747
6.13768
6.13789
6.1381
6.13831
6.13852
6.13873
6.13894
6.13915
6.13936
6.13958
6.13979
6.14
6.14021
6.14042
6.14063
6.14084
6.14105
6.14126
6.14147
6.14168
6.14188
6.14209
6.1423
6.14251
6.14272
6.14293
6.14314
6.14335
6.14356
6.14377
6.14397
6.14418
6.14439
6.1446
6.14481
6.14502
6.14522
6.14543
6.14564
6.14585
6.14606
6.14626
6.14647
6.14668
6.14689
6.14709
6.1473
6.14751
6.14771
6.14792
6.14813
6.14834
6.14854
6.14875
6.14896
6.14916
6.14937
6.14957
6.14978
6.14999
6.15019
6.1504
6.1506
6.15081
6.15102
6.15122
6.15143
6.15163
6.15184
6.15204
6.15225
6.15245
6.15266
6.15286
6.15307
6.15327
6.15348
6.15368
6.15388
6.15409
6.15429
6.1545
6.1547
6.15491
6.15511
6.15531
6.15552
6.15572
6.15592
6.15613
6.15633
6.15653
6.15674
6.15694
6.15714
6.15735
6.15755
6.15775
6.15796
6.15816
6.15836
6.15856
6.15877
6.15897
6.15917
6.15937
6.15957
6.15978
6.15998
6.16018
6.16038
6.16058
6.16078
6.16099
6.16119
6.16139
6.16159
6.16179
6.16199
6.16219
6.16239
6.16259
6.16279
6.16299
6.1632
6.1634
6.1636
6.1638
6.164
6.1642
6.1644
6.1646
6.1648
6.165
6.1652
6.16539
6.16559
6.16579
6.16599
6.16619
6.16639
6.16659
6.16679
6.16699
6.16719
6.16739
6.16758
6.16778
6.16798
6.16818
6.16838
6.16858
6.16877
6.16897
6.16917
6.16937
6.16957
6.16976
6.16996
6.17016
6.17036
6.17055
6.17075
6.17095
6.17115
6.17134
6.17154
6.17174
6.17193
6.17213
6.17233
6.17252
6.17272
6.17292
6.17311
6.17331
6.1735
6.1737
6.1739
6.17409
6.17429
6.17448
6.17468
6.17487
6.17507
6.17527
6.17546
6.17566
6.17585
6.17605
6.17624
6.17644
6.17663
6.17683
6.17702
6.17721
6.17741
6.1776
6.1778
6.17799
6.17819
6.17838
6.17857
6.17877
6.17896
6.17916
6.17935
6.17954
6.17974
6.17993
6.18012
6.18032
6.18051
6.1807
6.1809
6.18109
6.18128
6.18147
6.18167
6.18186
6.18205
6.18224
6.18244
6.18263
6.18282
6.18301
6.18321
6.1834
6.18359
6.18378
6.18397
6.18417
6.18436
6.18455
6.18474
6.18493
6.18512
6.18531
6.1855
6.1857
6.18589
6.18608
6.18627
6.18646
6.18665
6.18684
6.18703
6.18722
6.18741
6.1876
6.18779
6.18798
6.18817
6.18836
6.18855
6.18874
6.18893
6.18912
6.18931
6.1895
6.18969
6.18988
6.19007
6.19026
6.19044
6.19063
6.19082
6.19101
6.1912
6.19139
6.19158
6.19177
6.19195
6.19214
6.19233
6.19252
6.19271
6.19289
6.19308
6.19327
6.19346
6.19365
6.19383
6.19402
6.19421
6.1944
6.19458
6.19477
6.19496
6.19514
6.19533
6.19552
6.1957
6.19589
6.19608
6.19626
6.19645
6.19664
6.19682
6.19701
6.1972
6.19738
6.19757
6.19775
6.19794
6.19813
6.19831
6.1985
6.19868
6.19887
6.19905
6.19924
6.19942
6.19961
6.19979
6.19998
6.20016
6.20035
6.20053
6.20072
6.2009
6.20109
6.20127
6.20146
6.20164
6.20183
6.20201
6.20219
6.20238
6.20256
6.20275
6.20293
6.20311
6.2033
6.20348
6.20366
6.20385
6.20403
6.20421
6.2044
6.20458
6.20476
6.20495
6.20513
6.20531
6.20549
6.20568
6.20586
6.20604
6.20622
6.20641
6.20659
6.20677
6.20695
6.20713
6.20732
6.2075
6.20768
6.20786
6.20804
6.20823
6.20841
6.20859
6.20877
6.20895
6.20913
6.20931
6.20949
6.20968
6.20986
6.21004
6.21022
6.2104
6.21058
6.21076
6.21094
6.21112
6.2113
6.21148
6.21166
6.21184
6.21202
6.2122
6.21238
6.21256
6.21274
6.21292
6.2131
6.21328
6.21346
6.21364
6.21382
6.214
6.21417
6.21435
6.21453
6.21471
6.21489
6.21507
6.21525
6.21543
6.2156
6.21578
6.21596
6.21614
6.21632
6.2165
6.21667
6.21685
6.21703
6.21721
6.21739
6.21756
6.21774
6.21792
6.2181
6.21827
6.21845
6.21863
6.2188
6.21898
6.21916
6.21934
6.21951
6.21969
6.21987
6.22004
6.22022
6.2204
6.22057
6.22075
6.22093
6.2211
6.22128
6.22145
6.22163
6.22181
6.22198
6.22216
6.22233
6.22251
6.22268
6.22286
6.22303
6.22321
6.22339
6.22356
6.22374
6.22391
6.22409
6.22426
6.22444
6.22461
6.22478
6.22496
6.22513
6.22531
6.22548
6.22566
6.22583
6.22601
6.22618
6.22635
6.22653
6.2267
6.22687
6.22705
6.22722
6.2274
6.22757
6.22774
6.22792
6.22809
6.22826
6.22844
6.22861
6.22878
6.22895
6.22913
6.2293
6.22947
6.22965
6.22982
6.22999
6.23016
6.23034
6.23051
6.23068
6.23085
6.23102
6.2312
6.23137
6.23154
6.23171
6.23188
6.23206
6.23223
6.2324
6.23257
6.23274
6.23291
6.23308
6.23326
6.23343
6.2336
6.23377
6.23394
6.23411
6.23428
6.23445
6.23462
6.23479
6.23496
6.23513
6.2353
6.23547
6.23564
6.23581
6.23598
6.23615
6.23632
6.23649
6.23666
6.23683
6.237
6.23717
6.23734
6.23751
6.23768
6.23785
6.23802
6.23819
6.23836
6.23853
6.23869
6.23886
6.23903
6.2392
6.23937
6.23954
6.23971
6.23987
6.24004
6.24021
6.24038
6.24055
6.24072
6.24088
6.24105
6.24122
6.24139
6.24156
6.24172
6.24189
6.24206
6.24223
6.24239
6.24256
6.24273
6.24289
6.24306
6.24323
6.2434
6.24356
6.24373
6.2439
6.24406
6.24423
6.2444
6.24456
6.24473
6.24489
6.24506
6.24523
6.24539
6.24556
6.24573
6.24589
6.24606
6.24622
6.24639
6.24655
6.24672
6.24689
6.24705
6.24722
6.24738
6.24755
6.24771
6.24788
6.24804
6.24821
6.24837
6.24854
6.2487
6.24887
6.24903
6.2492
6.24936
6.24952
6.24969
6.24985
6.25002
6.25018
6.25035
6.25051
6.25067
6.25084
6.251
6.25116
6.25133
6.25149
6.25166
6.25182
6.25198
6.25215
6.25231
6.25247
6.25264
6.2528
6.25296
6.25312
6.25329
6.25345
6.25361
6.25378
6.25394
6.2541
6.25426
6.25443
6.25459
6.25475
6.25491
6.25507
6.25524
6.2554
6.25556
6.25572
6.25588
6.25605
6.25621
6.25637
6.25653
6.25669
6.25685
6.25701
6.25718
6.25734
6.2575
6.25766
6.25782
6.25798
6.25814
6.2583
6.25846
6.25862
6.25878
6.25895
6.25911
6.25927
6.25943
6.25959
6.25975
6.25991
6.26007
6.26023
6.26039
6.26055
6.26071
6.26087
6.26103
6.26119
6.26135
6.2615
6.26166
6.26182
6.26198
6.26214
6.2623
6.26246
6.26262
6.26278
6.26294
6.2631
6.26325
6.26341
6.26357
6.26373
6.26389
6.26405
6.26421
6.26436
6.26452
6.26468
6.26484
6.265
6.26515
6.26531
6.26547
6.26563
6.26579
6.26594
6.2661
6.26626
6.26642
6.26657
6.26673
6.26689
6.26704
6.2672
6.26736
6.26752
6.26767
6.26783
6.26799
6.26814
6.2683
6.26846
6.26861
6.26877
6.26893
6.26908
6.26924
6.2694
6.26955
6.26971
6.26986
6.27002
6.27018
6.27033
6.27049
6.27064
6.2708
6.27095
6.27111
6.27126
6.27142
6.27158
6.27173
6.27189
6.27204
6.2722
6.27235
6.27251
6.27266
6.27282
6.27297
6.27313
6.27328
6.27343
6.27359
6.27374
6.2739
6.27405
6.27421
6.27436
6.27451
6.27467
6.27482
6.27498
6.27513
6.27528
6.27544
6.27559
6.27575
6.2759
6.27605
6.27621
6.27636
6.27651
6.27667
6.27682
6.27697
6.27713
6.27728
6.27743
6.27758
6.27774
6.27789
6.27804
6.27819
6.27835
6.2785
6.27865
6.2788
6.27896
6.27911
6.27926
6.27941
6.27957
6.27972
6.27987
6.28002
6.28017
6.28032
6.28048
6.28063
6.28078
6.28093
6.28108
6.28123
6.28139
6.28154
6.28169
6.28184
6.28199
6.28214
6.28229
6.28244
6.28259
6.28274
6.28289
6.28305
6.2832
6.28335
6.2835
6.28365
6.2838
6.28395
6.2841
6.28425
6.2844
6.28455
6.2847
6.28485
6.285
6.28515
6.2853
6.28545
6.2856
6.28575
6.2859
6.28605
6.28619
6.28634
6.28649
6.28664
6.28679
6.28694
6.28709
6.28724
6.28739
6.28754
6.28768
6.28783
6.28798
6.28813
6.28828
6.28843
6.28858
6.28872
6.28887
6.28902
6.28917
6.28932
6.28946
6.28961
6.28976
6.28991
6.29006
6.2902
6.29035
6.2905
6.29065
6.29079
6.29094
6.29109
6.29124
6.29138
6.29153
6.29168
6.29182
6.29197
6.29212
6.29226
6.29241
6.29256
6.2927
6.29285
6.293
6.29314
6.29329
6.29344
6.29358
6.29373
6.29388
6.29402
6.29417
6.29431
6.29446
6.29461
6.29475
6.2949
6.29504
6.29519
6.29533
6.29548
6.29563
6.29577
6.29592
6.29606
6.29621
6.29635
6.2965
6.29664
6.29679
6.29693
6.29708
6.29722
6.29737
6.29751
6.29766
6.2978
6.29795
6.29809
6.29823
6.29838
6.29852
6.29867
6.29881
6.29896
6.2991
6.29924
6.29939
6.29953
6.29968
6.29982
6.29996
6.30011
6.30025
6.30039
6.30054
6.30068
6.30082
6.30097
6.30111
6.30125
6.3014
6.30154
6.30168
6.30183
6.30197
6.30211
6.30225
6.3024
6.30254
6.30268
6.30282
6.30297
6.30311
6.30325
6.30339
6.30354
6.30368
6.30382
6.30396
6.3041
6.30425
6.30439
6.30453
6.30467
6.30481
6.30496
6.3051
6.30524
6.30538
6.30552
6.30566
6.3058
6.30595
6.30609
6.30623
6.30637
6.30651
6.30665
6.30679
6.30693
6.30707
6.30721
6.30736
6.3075
6.30764
6.30778
6.30792
6.30806
6.3082
6.30834
6.30848
6.30862
6.30876
6.3089
6.30904
6.30918
6.30932
6.30946
6.3096
6.30974
6.30988
6.31002
6.31016
6.3103
6.31044
6.31058
6.31071
6.31085
6.31099
6.31113
6.31127
6.31141
6.31155
6.31169
6.31183
6.31197
6.31211
6.31224
6.31238
6.31252
6.31266
6.3128
6.31294
6.31307
6.31321
6.31335
6.31349
6.31363
6.31377
6.3139
6.31404
6.31418
6.31432
6.31446
6.31459
6.31473
6.31487
6.31501
6.31514
6.31528
6.31542
6.31556
6.31569
6.31583
6.31597
6.3161
6.31624
6.31638
6.31652
6.31665
6.31679
6.31693
6.31706
6.3172
6.31734
6.31747
6.31761
6.31775
6.31788
6.31802
6.31816
6.31829
6.31843
6.31856
6.3187
6.31884
6.31897
6.31911
6.31924
6.31938
6.31952
6.31965
6.31979
6.31992
6.32006
6.32019
6.32033
6.32046
6.3206
6.32073
6.32087
6.321
6.32114
6.32127
6.32141
6.32154
6.32168
6.32181
6.32195
6.32208
6.32222
6.32235
6.32249
6.32262
6.32276
6.32289
6.32303
6.32316
6.32329
6.32343
6.32356
6.3237
6.32383
6.32396
6.3241
6.32423
6.32437
6.3245
6.32463
6.32477
6.3249
6.32503
6.32517
6.3253
6.32543
6.32557
6.3257
6.32583
6.32597
6.3261
6.32623
6.32637
6.3265
6.32663
6.32676
6.3269
6.32703
6.32716
6.3273
6.32743
6.32756
6.32769
6.32782
6.32796
6.32809
6.32822
6.32835
6.32849
6.32862
6.32875
6.32888
6.32901
6.32915
6.32928
6.32941
6.32954
6.32967
6.3298
6.32994
6.33007
6.3302
6.33033
6.33046
6.33059
6.33072
6.33085
6.33099
6.33112
6.33125
6.33138
6.33151
6.33164
6.33177
6.3319
6.33203
6.33216
6.33229
6.33242
6.33256
6.33269
6.33282
6.33295
6.33308
6.33321
6.33334
6.33347
6.3336
6.33373
6.33386
6.33399
6.33412
6.33425
6.33438
6.33451
6.33464
6.33476
6.33489
6.33502
6.33515
6.33528
6.33541
6.33554
6.33567
6.3358
6.33593
6.33606
6.33619
6.33632
6.33644
6.33657
6.3367
6.33683
6.33696
6.33709
6.33722
6.33735
6.33747
6.3376
6.33773
6.33786
6.33799
6.33812
6.33824
6.33837
6.3385
6.33863
6.33876
6.33888
6.33901
6.33914
6.33927
6.33939
6.33952
6.33965
6.33978
6.3399
6.34003
6.34016
6.34029
6.34041
6.34054
6.34067
6.3408
6.34092
6.34105
6.34118
6.3413
6.34143
6.34156
6.34168
6.34181
6.34194
6.34206
6.34219
6.34232
6.34244
6.34257
6.3427
6.34282
6.34295
6.34308
6.3432
6.34333
6.34345
6.34358
6.34371
6.34383
6.34396
6.34408
6.34421
6.34433
6.34446
6.34459
6.34471
6.34484
6.34496
6.34509
6.34521
6.34534
6.34546
6.34559
6.34571
6.34584
6.34596
6.34609
6.34621
6.34634
6.34646
6.34659
6.34671
6.34684
6.34696
6.34709
6.34721
6.34734
6.34746
6.34759
6.34771
6.34783
6.34796
6.34808
6.34821
6.34833
6.34845
6.34858
6.34858
