0
4.49236e-06
1.79389e-05
4.02941e-05
7.15126e-05
0.000111549
0.000160359
0.000217897
0.000284118
0.000358979
0.000442435
0.000534443
0.000634957
0.000743936
0.000861335
0.000987111
0.00112122
0.00126362
0.00141427
0.00157313
0.00174015
0.0019153
0.00209852
0.00228978
0.00248904
0.00269626
0.00291139
0.00313439
0.00336523
0.00360386
0.00385024
0.00410433
0.0043661
0.0046355
0.00491249
0.00519703
0.00548909
0.00578862
0.00609559
0.00640996
0.00673168
0.00706072
0.00739705
0.00774062
0.00809139
0.00844933
0.00881441
0.00918657
0.00956579
0.00995203
0.0103453
0.0107454
0.0111525
0.0115665
0.0119872
0.0124148
0.0128492
0.0132902
0.013738
0.0141924
0.0146535
0.0151211
0.0155953
0.016076
0.0165632
0.0170569
0.0175569
0.0180633
0.0185761
0.0190952
0.0196206
0.0201522
0.02069
0.021234
0.0217842
0.0223404
0.0229028
0.0234712
0.0240456
0.0246259
0.0252123
0.0258045
0.0264027
0.0270067
0.0276165
0.0282321
0.0288534
0.0294805
0.0301133
0.0307518
0.0313959
0.0320456
0.0327008
0.0333617
0.034028
0.0346998
0.0353771
0.0360598
0.0367479
0.0374413
0.0381401
0.0388442
0.0395536
0.0402682
0.040988
0.0417131
0.0424433
0.0431786
0.043919
0.0446645
0.0454151
0.0461707
0.0469312
0.0476968
0.0484673
0.0492427
0.0500229
0.0508081
0.051598
0.0523928
0.0531923
0.0539966
0.0548056
0.0556193
0.0564377
0.0572607
0.0580883
0.0589205
0.0597573
0.0605986
0.0614445
0.0622948
0.0631496
0.0640088
0.0648724
0.0657405
0.0666129
0.0674896
0.0683706
0.0692559
0.0701455
0.0710394
0.0719374
0.0728396
0.073746
0.0746566
0.0755712
0.07649
0.0774128
0.0783397
0.0792706
0.0802055
0.0811444
0.0820872
0.083034
0.0839847
0.0849392
0.0858977
0.0868599
0.087826
0.0887959
0.0897696
0.090747
0.0917281
0.092713
0.0937015
0.0946937
0.0956896
0.0966891
0.0976921
0.0986988
0.099709
0.100723
0.10174
0.102761
0.103785
0.104813
0.105844
0.106878
0.107916
0.108957
0.110002
0.11105
0.112101
0.113156
0.114214
0.115275
0.116339
0.117407
0.118477
0.119551
0.120628
0.121709
0.122792
0.123878
0.124968
0.12606
0.127156
0.128254
0.129356
0.130461
0.131568
0.132679
0.133792
0.134908
0.136027
0.13715
0.138274
0.139402
0.140533
0.141666
0.142802
0.143941
0.145083
0.146227
0.147375
0.148524
0.149677
0.150832
0.15199
0.15315
0.154313
0.155479
0.156647
0.157818
0.158991
0.160167
0.161346
0.162527
0.16371
0.164896
0.166084
0.167275
0.168468
0.169663
0.170861
0.172061
0.173264
0.174469
0.175676
0.176886
0.178098
0.179312
0.180528
0.181747
0.182968
0.184191
0.185416
0.186644
0.187873
0.189105
0.190339
0.191575
0.192813
0.194054
0.195296
0.196541
0.197787
0.199036
0.200286
0.201539
0.202793
0.20405
0.205308
0.206569
0.207831
0.209096
0.210362
0.21163
0.2129
0.214172
0.215446
0.216722
0.217999
0.219278
0.220559
0.221842
0.223127
0.224414
0.225702
0.226992
0.228283
0.229577
0.230872
0.232169
0.233467
0.234768
0.236069
0.237373
0.238678
0.239985
0.241293
0.242603
0.243915
0.245228
0.246542
0.247858
0.249176
0.250495
0.251816
0.253139
0.254462
0.255788
0.257114
0.258442
0.259772
0.261103
0.262436
0.263769
0.265105
0.266441
0.267779
0.269119
0.27046
0.271802
0.273145
0.27449
0.275836
0.277183
0.278532
0.279882
0.281233
0.282586
0.283939
0.285294
0.286651
0.288008
0.289367
0.290726
0.292087
0.29345
0.294813
0.296177
0.297543
0.29891
0.300278
0.301647
0.303017
0.304388
0.305761
0.307134
0.308509
0.309884
0.311261
0.312638
0.314017
0.315397
0.316777
0.318159
0.319542
0.320925
0.32231
0.323696
0.325082
0.32647
0.327858
0.329248
0.330638
0.332029
0.333421
0.334814
0.336208
0.337603
0.338999
0.340395
0.341793
0.343191
0.34459
0.34599
0.347391
0.348792
0.350195
0.351598
0.353002
0.354406
0.355812
0.357218
0.358625
0.360033
0.361441
0.362851
0.36426
0.365671
0.367082
0.368495
0.369907
0.371321
0.372735
0.37415
0.375565
0.376981
0.378398
0.379815
0.381233
0.382652
0.384071
0.385491
0.386911
0.388332
0.389754
0.391176
0.392599
0.394022
0.395446
0.396871
0.398296
0.399721
0.401147
0.402574
0.404001
0.405429
0.406857
0.408285
0.409714
0.411144
0.412574
0.414005
0.415436
0.416867
0.418299
0.419731
0.421164
0.422597
0.424031
0.425465
0.4269
0.428335
0.42977
0.431205
0.432642
0.434078
0.435515
0.436952
0.43839
0.439827
0.441266
0.442704
0.444143
0.445582
0.447022
0.448462
0.449902
0.451343
0.452784
0.454225
0.455666
0.457108
0.45855
0.459992
0.461435
0.462877
0.46432
0.465764
0.467207
0.468651
0.470095
0.471539
0.472984
0.474429
0.475873
0.477319
0.478764
0.480209
0.481655
0.483101
0.484547
0.485993
0.48744
0.488886
0.490333
0.49178
0.493227
0.494674
0.496122
0.497569
0.499017
0.500465
0.501913
0.503361
0.504809
0.506257
0.507705
0.509154
0.510602
0.512051
0.513499
0.514948
0.516397
0.517846
0.519295
0.520744
0.522193
0.523642
0.525091
0.52654
0.52799
0.529439
0.530888
0.532338
0.533787
0.535236
0.536686
0.538135
0.539585
0.541034
0.542483
0.543933
0.545382
0.546832
0.548281
0.54973
0.55118
0.552629
0.554078
0.555527
0.556976
0.558425
0.559874
0.561323
0.562772
0.564221
0.56567
0.567119
0.568567
0.570016
0.571464
0.572913
0.574361
0.575809
0.577257
0.578705
0.580153
0.581601
0.583048
0.584496
0.585943
0.58739
0.588838
0.590285
0.591731
0.593178
0.594625
0.596071
0.597518
0.598964
0.60041
0.601855
0.603301
0.604747
0.606192
0.607637
0.609082
0.610527
0.611971
0.613416
0.61486
0.616304
0.617748
0.619192
0.620635
0.622078
0.623521
0.624964
0.626407
0.627849
0.629291
0.630733
0.632175
0.633616
0.635057
0.636498
0.637939
0.63938
0.64082
0.64226
0.6437
0.645139
0.646578
0.648017
0.649456
0.650895
0.652333
0.653771
0.655208
0.656646
0.658083
0.65952
0.660956
0.662392
0.663828
0.665264
0.666699
0.668134
0.669569
0.671004
0.672438
0.673872
0.675305
0.676738
0.678171
0.679604
0.681036
0.682468
0.683899
0.685331
0.686762
0.688192
0.689623
0.691052
0.692482
0.693911
0.69534
0.696769
0.698197
0.699625
0.701052
0.702479
0.703906
0.705333
0.706759
0.708184
0.70961
0.711034
0.712459
0.713883
0.715307
0.71673
0.718153
0.719576
0.720998
0.72242
0.723842
0.725263
0.726684
0.728104
0.729524
0.730943
0.732362
0.733781
0.735199
0.736617
0.738035
0.739452
0.740868
0.742285
0.7437
0.745116
0.746531
0.747945
0.749359
0.750773
0.752186
0.753599
0.755011
0.756423
0.757835
0.759246
0.760657
0.762067
0.763476
0.764886
0.766295
0.767703
0.769111
0.770518
0.771925
0.773332
0.774738
0.776144
0.777549
0.778954
0.780358
0.781762
0.783165
0.784568
0.78597
0.787372
0.788773
0.790174
0.791575
0.792975
0.794374
0.795773
0.797172
0.79857
0.799967
0.801364
0.802761
0.804157
0.805553
0.806948
0.808342
0.809736
0.81113
0.812523
0.813916
0.815308
0.816699
0.81809
0.819481
0.820871
0.82226
0.823649
0.825038
0.826426
0.827813
0.8292
0.830587
0.831973
0.833358
0.834743
0.836127
0.837511
0.838894
0.840277
0.841659
0.843041
0.844422
0.845803
0.847183
0.848562
0.849941
0.85132
0.852698
0.854075
0.855452
0.856828
0.858204
0.859579
0.860954
0.862328
0.863702
0.865075
0.866447
0.867819
0.86919
0.870561
0.871932
0.873301
0.87467
0.876039
0.877407
0.878774
0.880141
0.881508
0.882873
0.884239
0.885603
0.886967
0.888331
0.889694
0.891056
0.892418
0.893779
0.89514
0.8965
0.897859
0.899218
0.900577
0.901934
0.903292
0.904648
0.906004
0.90736
0.908715
0.910069
0.911423
0.912776
0.914128
0.91548
0.916831
0.918182
0.919532
0.920882
0.922231
0.923579
0.924927
0.926274
0.927621
0.928967
0.930312
0.931657
0.933002
0.934345
0.935688
0.937031
0.938372
0.939714
0.941054
0.942394
0.943734
0.945073
0.946411
0.947748
0.949085
0.950422
0.951758
0.953093
0.954427
0.955761
0.957095
0.958427
0.95976
0.961091
0.962422
0.963752
0.965082
0.966411
0.967739
0.969067
0.970395
0.971721
0.973047
0.974372
0.975697
0.977021
0.978345
0.979668
0.98099
0.982312
0.983633
0.984953
0.986273
0.987592
0.98891
0.990228
0.991546
0.992862
0.994178
0.995494
0.996808
0.998122
0.999436
1.00075
1.00206
1.00337
1.00468
1.00599
1.0073
1.00861
1.00992
1.01123
1.01254
1.01384
1.01515
1.01645
1.01776
1.01906
1.02037
1.02167
1.02297
1.02427
1.02557
1.02687
1.02817
1.02947
1.03077
1.03207
1.03336
1.03466
1.03596
1.03725
1.03855
1.03984
1.04113
1.04243
1.04372
1.04501
1.0463
1.04759
1.04888
1.05017
1.05145
1.05274
1.05403
1.05531
1.0566
1.05788
1.05917
1.06045
1.06173
1.06302
1.0643
1.06558
1.06686
1.06814
1.06942
1.0707
1.07197
1.07325
1.07453
1.0758
1.07708
1.07835
1.07963
1.0809
1.08217
1.08344
1.08471
1.08598
1.08725
1.08852
1.08979
1.09106
1.09233
1.09359
1.09486
1.09612
1.09739
1.09865
1.09992
1.10118
1.10244
1.1037
1.10496
1.10622
1.10748
1.10874
1.11
1.11125
1.11251
1.11377
1.11502
1.11628
1.11753
1.11878
1.12004
1.12129
1.12254
1.12379
1.12504
1.12629
1.12754
1.12879
1.13004
1.13128
1.13253
1.13377
1.13502
1.13626
1.13751
1.13875
1.13999
1.14123
1.14247
1.14371
1.14495
1.14619
1.14743
1.14867
1.1499
1.15114
1.15238
1.15361
1.15484
1.15608
1.15731
1.15854
1.15977
1.16101
1.16224
1.16347
1.16469
1.16592
1.16715
1.16838
1.1696
1.17083
1.17205
1.17328
1.1745
1.17572
1.17695
1.17817
1.17939
1.18061
1.18183
1.18305
1.18427
1.18548
1.1867
1.18792
1.18913
1.19035
1.19156
1.19278
1.19399
1.1952
1.19641
1.19762
1.19883
1.20004
1.20125
1.20246
1.20367
1.20488
1.20608
1.20729
1.20849
1.2097
1.2109
1.2121
1.21331
1.21451
1.21571
1.21691
1.21811
1.21931
1.22051
1.22171
1.2229
1.2241
1.22529
1.22649
1.22768
1.22888
1.23007
1.23126
1.23246
1.23365
1.23484
1.23603
1.23722
1.2384
1.23959
1.24078
1.24197
1.24315
1.24434
1.24552
1.24671
1.24789
1.24907
1.25025
1.25143
1.25261
1.25379
1.25497
1.25615
1.25733
1.25851
1.25968
1.26086
1.26204
1.26321
1.26438
1.26556
1.26673
1.2679
1.26907
1.27024
1.27141
1.27258
1.27375
1.27492
1.27609
1.27725
1.27842
1.27959
1.28075
1.28191
1.28308
1.28424
1.2854
1.28656
1.28773
1.28889
1.29005
1.2912
1.29236
1.29352
1.29468
1.29583
1.29699
1.29814
1.2993
1.30045
1.3016
1.30276
1.30391
1.30506
1.30621
1.30736
1.30851
1.30966
1.3108
1.31195
1.3131
1.31424
1.31539
1.31653
1.31768
1.31882
1.31996
1.3211
1.32225
1.32339
1.32453
1.32567
1.3268
1.32794
1.32908
1.33022
1.33135
1.33249
1.33362
1.33476
1.33589
1.33702
1.33815
1.33929
1.34042
1.34155
1.34268
1.34381
1.34493
1.34606
1.34719
1.34831
1.34944
1.35057
1.35169
1.35281
1.35394
1.35506
1.35618
1.3573
1.35842
1.35954
1.36066
1.36178
1.3629
1.36402
1.36513
1.36625
1.36736
1.36848
1.36959
1.37071
1.37182
1.37293
1.37404
1.37515
1.37626
1.37737
1.37848
1.37959
1.3807
1.3818
1.38291
1.38402
1.38512
1.38623
1.38733
1.38843
1.38953
1.39064
1.39174
1.39284
1.39394
1.39504
1.39614
1.39723
1.39833
1.39943
1.40053
1.40162
1.40272
1.40381
1.4049
1.406
1.40709
1.40818
1.40927
1.41036
1.41145
1.41254
1.41363
1.41472
1.4158
1.41689
1.41798
1.41906
1.42015
1.42123
1.42232
1.4234
1.42448
1.42556
1.42664
1.42772
1.4288
1.42988
1.43096
1.43204
1.43312
1.43419
1.43527
1.43634
1.43742
1.43849
1.43957
1.44064
1.44171
1.44278
1.44385
1.44492
1.44599
1.44706
1.44813
1.4492
1.45027
1.45133
1.4524
1.45346
1.45453
1.45559
1.45666
1.45772
1.45878
1.45984
1.4609
1.46196
1.46302
1.46408
1.46514
1.4662
1.46726
1.46831
1.46937
1.47043
1.47148
1.47253
1.47359
1.47464
1.47569
1.47674
1.4778
1.47885
1.4799
1.48095
1.48199
1.48304
1.48409
1.48514
1.48618
1.48723
1.48827
1.48932
1.49036
1.4914
1.49245
1.49349
1.49453
1.49557
1.49661
1.49765
1.49869
1.49973
1.50077
1.5018
1.50284
1.50387
1.50491
1.50594
1.50698
1.50801
1.50904
1.51008
1.51111
1.51214
1.51317
1.5142
1.51523
1.51626
1.51729
1.51831
1.51934
1.52037
1.52139
1.52242
1.52344
1.52446
1.52549
1.52651
1.52753
1.52855
1.52957
1.53059
1.53161
1.53263
1.53365
1.53467
1.53569
1.5367
1.53772
1.53873
1.53975
1.54076
1.54178
1.54279
1.5438
1.54481
1.54582
1.54683
1.54784
1.54885
1.54986
1.55087
1.55188
1.55289
1.55389
1.5549
1.5559
1.55691
1.55791
1.55892
1.55992
1.56092
1.56192
1.56292
1.56392
1.56492
1.56592
1.56692
1.56792
1.56892
1.56991
1.57091
1.57191
1.5729
1.5739
1.57489
1.57588
1.57688
1.57787
1.57886
1.57985
1.58084
1.58183
1.58282
1.58381
1.5848
1.58579
1.58677
1.58776
1.58875
1.58973
1.59072
1.5917
1.59268
1.59367
1.59465
1.59563
1.59661
1.59759
1.59857
1.59955
1.60053
1.60151
1.60249
1.60347
1.60444
1.60542
1.60639
1.60737
1.60834
1.60932
1.61029
1.61126
1.61223
1.61321
1.61418
1.61515
1.61612
1.61709
1.61806
1.61902
1.61999
1.62096
1.62192
1.62289
1.62386
1.62482
1.62578
1.62675
1.62771
1.62867
1.62963
1.6306
1.63156
1.63252
1.63348
1.63444
1.63539
1.63635
1.63731
1.63827
1.63922
1.64018
1.64113
1.64209
1.64304
1.64399
1.64495
1.6459
1.64685
1.6478
1.64875
1.6497
1.65065
1.6516
1.65255
1.6535
1.65444
1.65539
1.65634
1.65728
1.65823
1.65917
1.66012
1.66106
1.662
1.66294
1.66389
1.66483
1.66577
1.66671
1.66765
1.66859
1.66952
1.67046
1.6714
1.67234
1.67327
1.67421
1.67514
1.67608
1.67701
1.67794
1.67888
1.67981
1.68074
1.68167
1.6826
1.68353
1.68446
1.68539
1.68632
1.68725
1.68818
1.6891
1.69003
1.69095
1.69188
1.6928
1.69373
1.69465
1.69557
1.6965
1.69742
1.69834
1.69926
1.70018
1.7011
1.70202
1.70294
1.70386
1.70477
1.70569
1.70661
1.70752
1.70844
1.70935
1.71027
1.71118
1.7121
1.71301
1.71392
1.71483
1.71574
1.71665
1.71756
1.71847
1.71938
1.72029
1.7212
1.72211
1.72301
1.72392
1.72483
1.72573
1.72664
1.72754
1.72844
1.72935
1.73025
1.73115
1.73205
1.73295
1.73386
1.73476
1.73565
1.73655
1.73745
1.73835
1.73925
1.74014
1.74104
1.74194
1.74283
1.74373
1.74462
1.74551
1.74641
1.7473
1.74819
1.74908
1.74997
1.75087
1.75176
1.75264
1.75353
1.75442
1.75531
1.7562
1.75708
1.75797
1.75886
1.75974
1.76063
1.76151
1.76239
1.76328
1.76416
1.76504
1.76592
1.76681
1.76769
1.76857
1.76945
1.77033
1.7712
1.77208
1.77296
1.77384
1.77471
1.77559
1.77646
1.77734
1.77821
1.77909
1.77996
1.78084
1.78171
1.78258
1.78345
1.78432
1.78519
1.78606
1.78693
1.7878
1.78867
1.78954
1.7904
1.79127
1.79214
1.793
1.79387
1.79473
1.7956
1.79646
1.79733
1.79819
1.79905
1.79991
1.80077
1.80163
1.80249
1.80335
1.80421
1.80507
1.80593
1.80679
1.80765
1.8085
1.80936
1.81022
1.81107
1.81193
1.81278
1.81363
1.81449
1.81534
1.81619
1.81704
1.8179
1.81875
1.8196
1.82045
1.8213
1.82214
1.82299
1.82384
1.82469
1.82553
1.82638
1.82723
1.82807
1.82892
1.82976
1.83061
1.83145
1.83229
1.83313
1.83398
1.83482
1.83566
1.8365
1.83734
1.83818
1.83902
1.83986
1.84069
1.84153
1.84237
1.84321
1.84404
1.84488
1.84571
1.84655
1.84738
1.84822
1.84905
1.84988
1.85071
1.85155
1.85238
1.85321
1.85404
1.85487
1.8557
1.85653
1.85735
1.85818
1.85901
1.85984
1.86066
1.86149
1.86231
1.86314
1.86396
1.86479
1.86561
1.86643
1.86726
1.86808
1.8689
1.86972
1.87054
1.87136
1.87218
1.873
1.87382
1.87464
1.87546
1.87627
1.87709
1.87791
1.87872
1.87954
1.88035
1.88117
1.88198
1.8828
1.88361
1.88442
1.88524
1.88605
1.88686
1.88767
1.88848
1.88929
1.8901
1.89091
1.89172
1.89252
1.89333
1.89414
1.89495
1.89575
1.89656
1.89736
1.89817
1.89897
1.89978
1.90058
1.90138
1.90218
1.90299
1.90379
1.90459
1.90539
1.90619
1.90699
1.90779
1.90859
1.90938
1.91018
1.91098
1.91178
1.91257
1.91337
1.91416
1.91496
1.91575
1.91655
1.91734
1.91814
1.91893
1.91972
1.92051
1.9213
1.92209
1.92288
1.92367
1.92446
1.92525
1.92604
1.92683
1.92762
1.92841
1.92919
1.92998
1.93076
1.93155
1.93234
1.93312
1.9339
1.93469
1.93547
1.93625
1.93704
1.93782
1.9386
1.93938
1.94016
1.94094
1.94172
1.9425
1.94328
1.94406
1.94483
1.94561
1.94639
1.94717
1.94794
1.94872
1.94949
1.95027
1.95104
1.95181
1.95259
1.95336
1.95413
1.95491
1.95568
1.95645
1.95722
1.95799
1.95876
1.95953
1.9603
1.96107
1.96183
1.9626
1.96337
1.96414
1.9649
1.96567
1.96643
1.9672
1.96796
1.96873
1.96949
1.97025
1.97102
1.97178
1.97254
1.9733
1.97406
1.97483
1.97559
1.97635
1.9771
1.97786
1.97862
1.97938
1.98014
1.98089
1.98165
1.98241
1.98316
1.98392
1.98467
1.98543
1.98618
1.98694
1.98769
1.98844
1.9892
1.98995
1.9907
1.99145
1.9922
1.99295
1.9937
1.99445
1.9952
1.99595
1.9967
1.99744
1.99819
1.99894
1.99968
2.00043
2.00118
2.00192
2.00267
2.00341
2.00415
2.0049
2.00564
2.00638
2.00713
2.00787
2.00861
2.00935
2.01009
2.01083
2.01157
2.01231
2.01305
2.01379
2.01453
2.01526
2.016
2.01674
2.01747
2.01821
2.01894
2.01968
2.02041
2.02115
2.02188
2.02262
2.02335
2.02408
2.02481
2.02555
2.02628
2.02701
2.02774
2.02847
2.0292
2.02993
2.03066
2.03138
2.03211
2.03284
2.03357
2.03429
2.03502
2.03575
2.03647
2.0372
2.03792
2.03865
2.03937
2.04009
2.04082
2.04154
2.04226
2.04298
2.04371
2.04443
2.04515
2.04587
2.04659
2.04731
2.04803
2.04874
2.04946
2.05018
2.0509
2.05161
2.05233
2.05305
2.05376
2.05448
2.05519
2.05591
2.05662
2.05734
2.05805
2.05876
2.05947
2.06019
2.0609
2.06161
2.06232
2.06303
2.06374
2.06445
2.06516
2.06587
2.06658
2.06729
2.06799
2.0687
2.06941
2.07012
2.07082
2.07153
2.07223
2.07294
2.07364
2.07435
2.07505
2.07575
2.07646
2.07716
2.07786
2.07856
2.07926
2.07997
2.08067
2.08137
2.08207
2.08277
2.08346
2.08416
2.08486
2.08556
2.08626
2.08695
2.08765
2.08835
2.08904
2.08974
2.09043
2.09113
2.09182
2.09252
2.09321
2.0939
2.0946
2.09529
2.09598
2.09667
2.09736
2.09805
2.09874
2.09944
2.10012
2.10081
2.1015
2.10219
2.10288
2.10357
2.10425
2.10494
2.10563
2.10631
2.107
2.10769
2.10837
2.10906
2.10974
2.11042
2.11111
2.11179
2.11247
2.11316
2.11384
2.11452
2.1152
2.11588
2.11656
2.11724
2.11792
2.1186
2.11928
2.11996
2.12064
2.12132
2.12199
2.12267
2.12335
2.12402
2.1247
2.12537
2.12605
2.12672
2.1274
2.12807
2.12875
2.12942
2.13009
2.13077
2.13144
2.13211
2.13278
2.13345
2.13412
2.13479
2.13546
2.13613
2.1368
2.13747
2.13814
2.13881
2.13948
2.14014
2.14081
2.14148
2.14214
2.14281
2.14347
2.14414
2.1448
2.14547
2.14613
2.1468
2.14746
2.14812
2.14879
2.14945
2.15011
2.15077
2.15143
2.15209
2.15275
2.15341
2.15407
2.15473
2.15539
2.15605
2.15671
2.15737
2.15802
2.15868
2.15934
2.15999
2.16065
2.1613
2.16196
2.16261
2.16327
2.16392
2.16458
2.16523
2.16588
2.16654
2.16719
2.16784
2.16849
2.16914
2.16979
2.17045
2.1711
2.17175
2.17239
2.17304
2.17369
2.17434
2.17499
2.17564
2.17628
2.17693
2.17758
2.17822
2.17887
2.17952
2.18016
2.18081
2.18145
2.18209
2.18274
2.18338
2.18402
2.18467
2.18531
2.18595
2.18659
2.18723
2.18788
2.18852
2.18916
2.1898
2.19044
2.19107
2.19171
2.19235
2.19299
2.19363
2.19427
2.1949
2.19554
2.19618
2.19681
2.19745
2.19808
2.19872
2.19935
2.19999
2.20062
2.20125
2.20189
2.20252
2.20315
2.20379
2.20442
2.20505
2.20568
2.20631
2.20694
2.20757
2.2082
2.20883
2.20946
2.21009
2.21072
2.21134
2.21197
2.2126
2.21323
2.21385
2.21448
2.21511
2.21573
2.21636
2.21698
2.21761
2.21823
2.21885
2.21948
2.2201
2.22072
2.22135
2.22197
2.22259
2.22321
2.22383
2.22445
2.22508
2.2257
2.22632
2.22693
2.22755
2.22817
2.22879
2.22941
2.23003
2.23064
2.23126
2.23188
2.2325
2.23311
2.23373
2.23434
2.23496
2.23557
2.23619
2.2368
2.23742
2.23803
2.23864
2.23925
2.23987
2.24048
2.24109
2.2417
2.24231
2.24292
2.24353
2.24415
2.24475
2.24536
2.24597
2.24658
2.24719
2.2478
2.24841
2.24901
2.24962
2.25023
2.25083
2.25144
2.25205
2.25265
2.25326
2.25386
2.25447
2.25507
2.25567
2.25628
2.25688
2.25748
2.25809
2.25869
2.25929
2.25989
2.26049
2.26109
2.2617
2.2623
2.2629
2.2635
2.26409
2.26469
2.26529
2.26589
2.26649
2.26709
2.26768
2.26828
2.26888
2.26947
2.27007
2.27067
2.27126
2.27186
2.27245
2.27305
2.27364
2.27423
2.27483
2.27542
2.27601
2.27661
2.2772
2.27779
2.27838
2.27897
2.27956
2.28015
2.28074
2.28133
2.28192
2.28251
2.2831
2.28369
2.28428
2.28487
2.28546
2.28604
2.28663
2.28722
2.2878
2.28839
2.28897
2.28956
2.29015
2.29073
2.29132
2.2919
2.29248
2.29307
2.29365
2.29423
2.29482
2.2954
2.29598
2.29656
2.29714
2.29772
2.29831
2.29889
2.29947
2.30005
2.30063
2.30121
2.30178
2.30236
2.30294
2.30352
2.3041
2.30467
2.30525
2.30583
2.3064
2.30698
2.30756
2.30813
2.30871
2.30928
2.30986
2.31043
2.31101
2.31158
2.31215
2.31273
2.3133
2.31387
2.31444
2.31501
2.31559
2.31616
2.31673
2.3173
2.31787
2.31844
2.31901
2.31958
2.32015
2.32072
2.32129
2.32185
2.32242
2.32299
2.32356
2.32412
2.32469
2.32526
2.32582
2.32639
2.32695
2.32752
2.32808
2.32865
2.32921
2.32978
2.33034
2.3309
2.33147
2.33203
2.33259
2.33315
2.33372
2.33428
2.33484
2.3354
2.33596
2.33652
2.33708
2.33764
2.3382
2.33876
2.33932
2.33988
2.34043
2.34099
2.34155
2.34211
2.34266
2.34322
2.34378
2.34433
2.34489
2.34545
2.346
2.34656
2.34711
2.34767
2.34822
2.34877
2.34933
2.34988
2.35043
2.35099
2.35154
2.35209
2.35264
2.35319
2.35374
2.3543
2.35485
2.3554
2.35595
2.3565
2.35705
2.35759
2.35814
2.35869
2.35924
2.35979
2.36034
2.36088
2.36143
2.36198
2.36252
2.36307
2.36362
2.36416
2.36471
2.36525
2.3658
2.36634
2.36689
2.36743
2.36797
2.36852
2.36906
2.3696
2.37015
2.37069
2.37123
2.37177
2.37231
2.37285
2.37339
2.37393
2.37448
2.37502
2.37555
2.37609
2.37663
2.37717
2.37771
2.37825
2.37879
2.37932
2.37986
2.3804
2.38094
2.38147
2.38201
2.38254
2.38308
2.38362
2.38415
2.38469
2.38522
2.38575
2.38629
2.38682
2.38736
2.38789
2.38842
2.38895
2.38949
2.39002
2.39055
2.39108
2.39161
2.39214
2.39267
2.3932
2.39373
2.39426
2.39479
2.39532
2.39585
2.39638
2.39691
2.39744
2.39797
2.39849
2.39902
2.39955
2.40007
2.4006
2.40113
2.40165
2.40218
2.4027
2.40323
2.40375
2.40428
2.4048
2.40533
2.40585
2.40637
2.4069
2.40742
2.40794
2.40846
2.40899
2.40951
2.41003
2.41055
2.41107
2.41159
2.41211
2.41263
2.41315
2.41367
2.41419
2.41471
2.41523
2.41575
2.41627
2.41678
2.4173
2.41782
2.41834
2.41885
2.41937
2.41989
2.4204
2.42092
2.42143
2.42195
2.42246
2.42298
2.42349
2.42401
2.42452
2.42504
2.42555
2.42606
2.42657
2.42709
2.4276
2.42811
2.42862
2.42913
2.42965
2.43016
2.43067
2.43118
2.43169
2.4322
2.43271
2.43322
2.43373
2.43424
2.43474
2.43525
2.43576
2.43627
2.43678
2.43728
2.43779
2.4383
2.4388
2.43931
2.43982
2.44032
2.44083
2.44133
2.44184
2.44234
2.44285
2.44335
2.44385
2.44436
2.44486
2.44536
2.44587
2.44637
2.44687
2.44737
2.44788
2.44838
2.44888
2.44938
2.44988
2.45038
2.45088
2.45138
2.45188
2.45238
2.45288
2.45338
2.45388
2.45438
2.45487
2.45537
2.45587
2.45637
2.45686
2.45736
2.45786
2.45835
2.45885
2.45935
2.45984
2.46034
2.46083
2.46133
2.46182
2.46232
2.46281
2.4633
2.4638
2.46429
2.46478
2.46528
2.46577
2.46626
2.46675
2.46724
2.46774
2.46823
2.46872
2.46921
2.4697
2.47019
2.47068
2.47117
2.47166
2.47215
2.47264
2.47313
2.47361
2.4741
2.47459
2.47508
2.47557
2.47605
2.47654
2.47703
2.47751
2.478
2.47849
2.47897
2.47946
2.47994
2.48043
2.48091
2.4814
2.48188
2.48236
2.48285
2.48333
2.48381
2.4843
2.48478
2.48526
2.48574
2.48623
2.48671
2.48719
2.48767
2.48815
2.48863
2.48911
2.48959
2.49007
2.49055
2.49103
2.49151
2.49199
2.49247
2.49295
2.49343
2.49391
2.49438
2.49486
2.49534
2.49581
2.49629
2.49677
2.49724
2.49772
2.4982
2.49867
2.49915
2.49962
2.5001
2.50057
2.50105
2.50152
2.50199
2.50247
2.50294
2.50341
2.50389
2.50436
2.50483
2.50531
2.50578
2.50625
2.50672
2.50719
2.50766
2.50813
2.5086
2.50907
2.50954
2.51001
2.51048
2.51095
2.51142
2.51189
2.51236
2.51283
2.5133
2.51376
2.51423
2.5147
2.51517
2.51563
2.5161
2.51657
2.51703
2.5175
2.51796
2.51843
2.5189
2.51936
2.51982
2.52029
2.52075
2.52122
2.52168
2.52215
2.52261
2.52307
2.52353
2.524
2.52446
2.52492
2.52538
2.52585
2.52631
2.52677
2.52723
2.52769
2.52815
2.52861
2.52907
2.52953
2.52999
2.53045
2.53091
2.53137
2.53183
2.53229
2.53274
2.5332
2.53366
2.53412
2.53457
2.53503
2.53549
2.53595
2.5364
2.53686
2.53731
2.53777
2.53823
2.53868
2.53914
2.53959
2.54004
2.5405
2.54095
2.54141
2.54186
2.54231
2.54277
2.54322
2.54367
2.54413
2.54458
2.54503
2.54548
2.54593
2.54638
2.54684
2.54729
2.54774
2.54819
2.54864
2.54909
2.54954
2.54999
2.55044
2.55089
2.55133
2.55178
2.55223
2.55268
2.55313
2.55357
2.55402
2.55447
2.55492
2.55536
2.55581
2.55626
2.5567
2.55715
2.55759
2.55804
2.55848
2.55893
2.55937
2.55982
2.56026
2.56071
2.56115
2.5616
2.56204
2.56248
2.56292
2.56337
2.56381
2.56425
2.56469
2.56514
2.56558
2.56602
2.56646
2.5669
2.56734
2.56778
2.56822
2.56866
2.5691
2.56954
2.56998
2.57042
2.57086
2.5713
2.57174
2.57218
2.57261
2.57305
2.57349
2.57393
2.57437
2.5748
2.57524
2.57568
2.57611
2.57655
2.57698
2.57742
2.57786
2.57829
2.57873
2.57916
2.5796
2.58003
2.58046
2.5809
2.58133
2.58176
2.5822
2.58263
2.58306
2.5835
2.58393
2.58436
2.58479
2.58523
2.58566
2.58609
2.58652
2.58695
2.58738
2.58781
2.58824
2.58867
2.5891
2.58953
2.58996
2.59039
2.59082
2.59125
2.59168
2.59211
2.59253
2.59296
2.59339
2.59382
2.59424
2.59467
2.5951
2.59552
2.59595
2.59638
2.5968
2.59723
2.59765
2.59808
2.59851
2.59893
2.59936
2.59978
2.6002
2.60063
2.60105
2.60148
2.6019
2.60232
2.60275
2.60317
2.60359
2.60401
2.60444
2.60486
2.60528
2.6057
2.60612
2.60654
2.60697
2.60739
2.60781
2.60823
2.60865
2.60907
2.60949
2.60991
2.61033
2.61074
2.61116
2.61158
2.612
2.61242
2.61284
2.61325
2.61367
2.61409
2.61451
2.61492
2.61534
2.61576
2.61617
2.61659
2.61701
2.61742
2.61784
2.61825
2.61867
2.61908
2.6195
2.61991
2.62033
2.62074
2.62115
2.62157
2.62198
2.6224
2.62281
2.62322
2.62363
2.62405
2.62446
2.62487
2.62528
2.62569
2.62611
2.62652
2.62693
2.62734
2.62775
2.62816
2.62857
2.62898
2.62939
2.6298
2.63021
2.63062
2.63103
2.63144
2.63185
2.63225
2.63266
2.63307
2.63348
2.63389
2.63429
2.6347
2.63511
2.63551
2.63592
2.63633
2.63673
2.63714
2.63755
2.63795
2.63836
2.63876
2.63917
2.63957
2.63998
2.64038
2.64079
2.64119
2.64159
2.642
2.6424
2.6428
2.64321
2.64361
2.64401
2.64442
2.64482
2.64522
2.64562
2.64602
2.64642
2.64683
2.64723
2.64763
2.64803
2.64843
2.64883
2.64923
2.64963
2.65003
2.65043
2.65083
2.65123
2.65163
2.65202
2.65242
2.65282
2.65322
2.65362
2.65402
2.65441
2.65481
2.65521
2.6556
2.656
2.6564
2.65679
2.65719
2.65759
2.65798
2.65838
2.65877
2.65917
2.65956
2.65996
2.66035
2.66075
2.66114
2.66154
2.66193
2.66232
2.66272
2.66311
2.6635
2.6639
2.66429
2.66468
2.66507
2.66547
2.66586
2.66625
2.66664
2.66703
2.66742
2.66782
2.66821
2.6686
2.66899
2.66938
2.66977
2.67016
2.67055
2.67094
2.67133
2.67171
2.6721
2.67249
2.67288
2.67327
2.67366
2.67405
2.67443
2.67482
2.67521
2.6756
2.67598
2.67637
2.67676
2.67714
2.67753
2.67791
2.6783
2.67869
2.67907
2.67946
2.67984
2.68023
2.68061
2.681
2.68138
2.68177
2.68215
2.68253
2.68292
2.6833
2.68368
2.68407
2.68445
2.68483
2.68521
2.6856
2.68598
2.68636
2.68674
2.68712
2.68751
2.68789
2.68827
2.68865
2.68903
2.68941
2.68979
2.69017
2.69055
2.69093
2.69131
2.69169
2.69207
2.69245
2.69283
2.69321
2.69358
2.69396
2.69434
2.69472
2.6951
2.69547
2.69585
2.69623
2.69661
2.69698
2.69736
2.69774
2.69811
2.69849
2.69886
2.69924
2.69961
2.69999
2.70037
2.70074
2.70112
2.70149
2.70186
2.70224
2.70261
2.70299
2.70336
2.70373
2.70411
2.70448
2.70485
2.70523
2.7056
2.70597
2.70634
2.70672
2.70709
2.70746
2.70783
2.7082
2.70857
2.70894
2.70932
2.70969
2.71006
2.71043
2.7108
2.71117
2.71154
2.71191
2.71228
2.71265
2.71301
2.71338
2.71375
2.71412
2.71449
2.71486
2.71523
2.71559
2.71596
2.71633
2.7167
2.71706
2.71743
2.7178
2.71816
2.71853
2.7189
2.71926
2.71963
2.71999
2.72036
2.72072
2.72109
2.72145
2.72182
2.72218
2.72255
2.72291
2.72328
2.72364
2.72401
2.72437
2.72473
2.7251
2.72546
2.72582
2.72618
2.72655
2.72691
2.72727
2.72763
2.728
2.72836
2.72872
2.72908
2.72944
2.7298
2.73016
2.73052
2.73088
2.73124
2.7316
2.73196
2.73232
2.73268
2.73304
2.7334
2.73376
2.73412
2.73448
2.73484
2.7352
2.73556
2.73591
2.73627
2.73663
2.73699
2.73734
2.7377
2.73806
2.73842
2.73877
2.73913
2.73948
2.73984
2.7402
2.74055
2.74091
2.74126
2.74162
2.74197
2.74233
2.74268
2.74304
2.74339
2.74375
2.7441
2.74446
2.74481
2.74516
2.74552
2.74587
2.74622
2.74658
2.74693
2.74728
2.74764
2.74799
2.74834
2.74869
2.74904
2.7494
2.74975
2.7501
2.75045
2.7508
2.75115
2.7515
2.75185
2.7522
2.75255
2.7529
2.75325
2.7536
2.75395
2.7543
2.75465
2.755
2.75535
2.7557
2.75605
2.75639
2.75674
2.75709
2.75744
2.75779
2.75813
2.75848
2.75883
2.75917
2.75952
2.75987
2.76021
2.76056
2.76091
2.76125
2.7616
2.76194
2.76229
2.76264
2.76298
2.76333
2.76367
2.76401
2.76436
2.7647
2.76505
2.76539
2.76574
2.76608
2.76642
2.76677
2.76711
2.76745
2.7678
2.76814
2.76848
2.76882
2.76917
2.76951
2.76985
2.77019
2.77053
2.77087
2.77122
2.77156
2.7719
2.77224
2.77258
2.77292
2.77326
2.7736
2.77394
2.77428
2.77462
2.77496
2.7753
2.77564
2.77598
2.77632
2.77666
2.77699
2.77733
2.77767
2.77801
2.77835
2.77868
2.77902
2.77936
2.7797
2.78003
2.78037
2.78071
2.78104
2.78138
2.78172
2.78205
2.78239
2.78273
2.78306
2.7834
2.78373
2.78407
2.7844
2.78474
2.78507
2.78541
2.78574
2.78607
2.78641
2.78674
2.78708
2.78741
2.78774
2.78808
2.78841
2.78874
2.78908
2.78941
2.78974
2.79007
2.79041
2.79074
2.79107
2.7914
2.79173
2.79207
2.7924
2.79273
2.79306
2.79339
2.79372
2.79405
2.79438
2.79471
2.79504
2.79537
2.7957
2.79603
2.79636
2.79669
2.79702
2.79735
2.79768
2.79801
2.79833
2.79866
2.79899
2.79932
2.79965
2.79997
2.8003
2.80063
2.80096
2.80128
2.80161
2.80194
2.80226
2.80259
2.80292
2.80324
2.80357
2.80389
2.80422
2.80455
2.80487
2.8052
2.80552
2.80585
2.80617
2.8065
2.80682
2.80715
2.80747
2.80779
2.80812
2.80844
2.80877
2.80909
2.80941
2.80974
2.81006
2.81038
2.8107
2.81103
2.81135
2.81167
2.81199
2.81232
2.81264
2.81296
2.81328
2.8136
2.81392
2.81424
2.81456
2.81489
2.81521
2.81553
2.81585
2.81617
2.81649
2.81681
2.81713
2.81745
2.81777
2.81809
2.8184
2.81872
2.81904
2.81936
2.81968
2.82
2.82032
2.82063
2.82095
2.82127
2.82159
2.82191
2.82222
2.82254
2.82286
2.82317
2.82349
2.82381
2.82412
2.82444
2.82476
2.82507
2.82539
2.8257
2.82602
2.82633
2.82665
2.82696
2.82728
2.82759
2.82791
2.82822
2.82854
2.82885
2.82917
2.82948
2.82979
2.83011
2.83042
2.83074
2.83105
2.83136
2.83167
2.83199
2.8323
2.83261
2.83292
2.83324
2.83355
2.83386
2.83417
2.83448
2.8348
2.83511
2.83542
2.83573
2.83604
2.83635
2.83666
2.83697
2.83728
2.83759
2.8379
2.83821
2.83852
2.83883
2.83914
2.83945
2.83976
2.84007
2.84038
2.84069
2.841
2.8413
2.84161
2.84192
2.84223
2.84254
2.84284
2.84315
2.84346
2.84377
2.84407
2.84438
2.84469
2.845
2.8453
2.84561
2.84591
2.84622
2.84653
2.84683
2.84714
2.84744
2.84775
2.84806
2.84836
2.84867
2.84897
2.84928
2.84958
2.84988
2.85019
2.85049
2.8508
2.8511
2.85141
2.85171
2.85201
2.85232
2.85262
2.85292
2.85322
2.85353
2.85383
2.85413
2.85444
2.85474
2.85504
2.85534
2.85564
2.85595
2.85625
2.85655
2.85685
2.85715
2.85745
2.85775
2.85805
2.85835
2.85865
2.85896
2.85926
2.85956
2.85986
2.86016
2.86045
2.86075
2.86105
2.86135
2.86165
2.86195
2.86225
2.86255
2.86285
2.86315
2.86344
2.86374
2.86404
2.86434
2.86464
2.86493
2.86523
2.86553
2.86582
2.86612
2.86642
2.86672
2.86701
2.86731
2.86761
2.8679
2.8682
2.86849
2.86879
2.86908
2.86938
2.86968
2.86997
2.87027
2.87056
2.87086
2.87115
2.87145
2.87174
2.87203
2.87233
2.87262
2.87292
2.87321
2.8735
2.8738
2.87409
2.87438
2.87468
2.87497
2.87526
2.87556
2.87585
2.87614
2.87643
2.87673
2.87702
2.87731
2.8776
2.87789
2.87818
2.87848
2.87877
2.87906
2.87935
2.87964
2.87993
2.88022
2.88051
2.8808
2.88109
2.88138
2.88167
2.88196
2.88225
2.88254
2.88283
2.88312
2.88341
2.8837
2.88399
2.88428
2.88456
2.88485
2.88514
2.88543
2.88572
2.886
2.88629
2.88658
2.88687
2.88716
2.88744
2.88773
2.88802
2.8883
2.88859
2.88888
2.88916
2.88945
2.88974
2.89002
2.89031
2.89059
2.89088
2.89117
2.89145
2.89174
2.89202
2.89231
2.89259
2.89288
2.89316
2.89345
2.89373
2.89401
2.8943
2.89458
2.89487
2.89515
2.89543
2.89572
2.896
2.89628
2.89657
2.89685
2.89713
2.89742
2.8977
2.89798
2.89826
2.89854
2.89883
2.89911
2.89939
2.89967
2.89995
2.90024
2.90052
2.9008
2.90108
2.90136
2.90164
2.90192
2.9022
2.90248
2.90276
2.90304
2.90332
2.9036
2.90388
2.90416
2.90444
2.90472
2.905
2.90528
2.90556
2.90584
2.90612
2.9064
2.90667
2.90695
2.90723
2.90751
2.90779
2.90806
2.90834
2.90862
2.9089
2.90917
2.90945
2.90973
2.91001
2.91028
2.91056
2.91084
2.91111
2.91139
2.91167
2.91194
2.91222
2.91249
2.91277
2.91305
2.91332
2.9136
2.91387
2.91415
2.91442
2.9147
2.91497
2.91525
2.91552
2.91579
2.91607
2.91634
2.91662
2.91689
2.91716
2.91744
2.91771
2.91799
2.91826
2.91853
2.91881
2.91908
2.91935
2.91962
2.9199
2.92017
2.92044
2.92071
2.92098
2.92126
2.92153
2.9218
2.92207
2.92234
2.92261
2.92289
2.92316
2.92343
2.9237
2.92397
2.92424
2.92451
2.92478
2.92505
2.92532
2.92559
2.92586
2.92613
2.9264
2.92667
2.92694
2.92721
2.92748
2.92775
2.92802
2.92828
2.92855
2.92882
2.92909
2.92936
2.92963
2.92989
2.93016
2.93043
2.9307
2.93097
2.93123
2.9315
2.93177
2.93203
2.9323
2.93257
2.93283
2.9331
2.93337
2.93363
2.9339
2.93417
2.93443
2.9347
2.93496
2.93523
2.9355
2.93576
2.93603
2.93629
2.93656
2.93682
2.93709
2.93735
2.93762
2.93788
2.93814
2.93841
2.93867
2.93894
2.9392
2.93946
2.93973
2.93999
2.94025
2.94052
2.94078
2.94104
2.94131
2.94157
2.94183
2.94209
2.94236
2.94262
2.94288
2.94314
2.94341
2.94367
2.94393
2.94419
2.94445
2.94471
2.94497
2.94524
2.9455
2.94576
2.94602
2.94628
2.94654
2.9468
2.94706
2.94732
2.94758
2.94784
2.9481
2.94836
2.94862
2.94888
2.94914
2.9494
2.94966
2.94992
2.95018
2.95043
2.95069
2.95095
2.95121
2.95147
2.95173
2.95199
2.95224
2.9525
2.95276
2.95302
2.95327
2.95353
2.95379
2.95405
2.9543
2.95456
2.95482
2.95507
2.95533
2.95559
2.95584
2.9561
2.95636
2.95661
2.95687
2.95712
2.95738
2.95763
2.95789
2.95815
2.9584
2.95866
2.95891
2.95917
2.95942
2.95968
2.95993
2.96018
2.96044
2.96069
2.96095
2.9612
2.96146
2.96171
2.96196
2.96222
2.96247
2.96272
2.96298
2.96323
2.96348
2.96374
2.96399
2.96424
2.96449
2.96475
2.965
2.96525
2.9655
2.96575
2.96601
2.96626
2.96651
2.96676
2.96701
2.96726
2.96752
2.96777
2.96802
2.96827
2.96852
2.96877
2.96902
2.96927
2.96952
2.96977
2.97002
2.97027
2.97052
2.97077
2.97102
2.97127
2.97152
2.97177
2.97202
2.97227
2.97252
2.97276
2.97301
2.97326
2.97351
2.97376
2.97401
2.97426
2.9745
2.97475
2.975
2.97525
2.97549
2.97574
2.97599
2.97624
2.97648
2.97673
2.97698
2.97723
2.97747
2.97772
2.97797
2.97821
2.97846
2.9787
2.97895
2.9792
2.97944
2.97969
2.97993
2.98018
2.98043
2.98067
2.98092
2.98116
2.98141
2.98165
2.9819
2.98214
2.98238
2.98263
2.98287
2.98312
2.98336
2.98361
2.98385
2.98409
2.98434
2.98458
2.98482
2.98507
2.98531
2.98555
2.9858
2.98604
2.98628
2.98653
2.98677
2.98701
2.98725
2.9875
2.98774
2.98798
2.98822
2.98846
2.98871
2.98895
2.98919
2.98943
2.98967
2.98991
2.99016
2.9904
2.99064
2.99088
2.99112
2.99136
2.9916
2.99184
2.99208
2.99232
2.99256
2.9928
2.99304
2.99328
2.99352
2.99376
2.994
2.99424
2.99448
2.99472
2.99496
2.9952
2.99543
2.99567
2.99591
2.99615
2.99639
2.99663
2.99687
2.9971
2.99734
2.99758
2.99782
2.99805
2.99829
2.99853
2.99877
2.999
2.99924
2.99948
2.99972
2.99995
3.00019
3.00043
3.00066
3.0009
3.00113
3.00137
3.00161
3.00184
3.00208
3.00231
3.00255
3.00279
3.00302
3.00326
3.00349
3.00373
3.00396
3.0042
3.00443
3.00467
3.0049
3.00514
3.00537
3.00561
3.00584
3.00607
3.00631
3.00654
3.00678
3.00701
3.00724
3.00748
3.00771
3.00794
3.00818
3.00841
3.00864
3.00888
3.00911
3.00934
3.00957
3.00981
3.01004
3.01027
3.0105
3.01074
3.01097
3.0112
3.01143
3.01166
3.01189
3.01213
3.01236
3.01259
3.01282
3.01305
3.01328
3.01351
3.01374
3.01397
3.0142
3.01444
3.01467
3.0149
3.01513
3.01536
3.01559
3.01582
3.01605
3.01628
3.01651
3.01673
3.01696
3.01719
3.01742
3.01765
3.01788
3.01811
3.01834
3.01857
3.0188
3.01902
3.01925
3.01948
3.01971
3.01994
3.02016
3.02039
3.02062
3.02085
3.02108
3.0213
3.02153
3.02176
3.02199
3.02221
3.02244
3.02267
3.02289
3.02312
3.02335
3.02357
3.0238
3.02403
3.02425
3.02448
3.0247
3.02493
3.02516
3.02538
3.02561
3.02583
3.02606
3.02628
3.02651
3.02673
3.02696
3.02718
3.02741
3.02763
3.02786
3.02808
3.02831
3.02853
3.02875
3.02898
3.0292
3.02943
3.02965
3.02987
3.0301
3.03032
3.03055
3.03077
3.03099
3.03121
3.03144
3.03166
3.03188
3.03211
3.03233
3.03255
3.03277
3.033
3.03322
3.03344
3.03366
3.03389
3.03411
3.03433
3.03455
3.03477
3.03499
3.03522
3.03544
3.03566
3.03588
3.0361
3.03632
3.03654
3.03676
3.03698
3.0372
3.03742
3.03764
3.03786
3.03808
3.0383
3.03852
3.03874
3.03896
3.03918
3.0394
3.03962
3.03984
3.04006
3.04028
3.0405
3.04072
3.04094
3.04116
3.04138
3.04159
3.04181
3.04203
3.04225
3.04247
3.04269
3.0429
3.04312
3.04334
3.04356
3.04378
3.04399
3.04421
3.04443
3.04465
3.04486
3.04508
3.0453
3.04551
3.04573
3.04595
3.04616
3.04638
3.0466
3.04681
3.04703
3.04725
3.04746
3.04768
3.04789
3.04811
3.04833
3.04854
3.04876
3.04897
3.04919
3.0494
3.04962
3.04983
3.05005
3.05026
3.05048
3.05069
3.05091
3.05112
3.05134
3.05155
3.05176
3.05198
3.05219
3.05241
3.05262
3.05283
3.05305
3.05326
3.05347
3.05369
3.0539
3.05411
3.05433
3.05454
3.05475
3.05497
3.05518
3.05539
3.0556
3.05582
3.05603
3.05624
3.05645
3.05667
3.05688
3.05709
3.0573
3.05751
3.05773
3.05794
3.05815
3.05836
3.05857
3.05878
3.05899
3.0592
3.05941
3.05963
3.05984
3.06005
3.06026
3.06047
3.06068
3.06089
3.0611
3.06131
3.06152
3.06173
3.06194
3.06215
3.06236
3.06257
3.06278
3.06299
3.0632
3.06341
3.06361
3.06382
3.06403
3.06424
3.06445
3.06466
3.06487
3.06508
3.06528
3.06549
3.0657
3.06591
3.06612
3.06632
3.06653
3.06674
3.06695
3.06716
3.06736
3.06757
3.06778
3.06798
3.06819
3.0684
3.06861
3.06881
3.06902
3.06923
3.06943
3.06964
3.06985
3.07005
3.07026
3.07046
3.07067
3.07088
3.07108
3.07129
3.07149
3.0717
3.07191
3.07211
3.07232
3.07252
3.07273
3.07293
3.07314
3.07334
3.07355
3.07375
3.07396
3.07416
3.07436
3.07457
3.07477
3.07498
3.07518
3.07539
3.07559
3.07579
3.076
3.0762
3.0764
3.07661
3.07681
3.07702
3.07722
3.07742
3.07762
3.07783
3.07803
3.07823
3.07844
3.07864
3.07884
3.07904
3.07925
3.07945
3.07965
3.07985
3.08005
3.08026
3.08046
3.08066
3.08086
3.08106
3.08127
3.08147
3.08167
3.08187
3.08207
3.08227
3.08247
3.08267
3.08287
3.08307
3.08328
3.08348
3.08368
3.08388
3.08408
3.08428
3.08448
3.08468
3.08488
3.08508
3.08528
3.08548
3.08568
3.08588
3.08608
3.08627
3.08647
3.08667
3.08687
3.08707
3.08727
3.08747
3.08767
3.08787
3.08807
3.08826
3.08846
3.08866
3.08886
3.08906
3.08926
3.08945
3.08965
3.08985
3.09005
3.09024
3.09044
3.09064
3.09084
3.09103
3.09123
3.09143
3.09163
3.09182
3.09202
3.09222
3.09241
3.09261
3.09281
3.093
3.0932
3.0934
3.09359
3.09379
3.09398
3.09418
3.09438
3.09457
3.09477
3.09496
3.09516
3.09535
3.09555
3.09575
3.09594
3.09614
3.09633
3.09653
3.09672
3.09692
3.09711
3.0973
3.0975
3.09769
3.09789
3.09808
3.09828
3.09847
3.09866
3.09886
3.09905
3.09925
3.09944
3.09963
3.09983
3.10002
3.10021
3.10041
3.1006
3.10079
3.10099
3.10118
3.10137
3.10157
3.10176
3.10195
3.10214
3.10234
3.10253
3.10272
3.10291
3.10311
3.1033
3.10349
3.10368
3.10387
3.10407
3.10426
3.10445
3.10464
3.10483
3.10502
3.10521
3.10541
3.1056
3.10579
3.10598
3.10617
3.10636
3.10655
3.10674
3.10693
3.10712
3.10731
3.1075
3.10769
3.10788
3.10807
3.10826
3.10845
3.10864
3.10883
3.10902
3.10921
3.1094
3.10959
3.10978
3.10997
3.11016
3.11035
3.11054
3.11073
3.11092
3.1111
3.11129
3.11148
3.11167
3.11186
3.11205
3.11224
3.11242
3.11261
3.1128
3.11299
3.11318
3.11336
3.11355
3.11374
3.11393
3.11411
3.1143
3.11449
3.11468
3.11486
3.11505
3.11524
3.11542
3.11561
3.1158
3.11598
3.11617
3.11636
3.11654
3.11673
3.11692
3.1171
3.11729
3.11748
3.11766
3.11785
3.11803
3.11822
3.1184
3.11859
3.11878
3.11896
3.11915
3.11933
3.11952
3.1197
3.11989
3.12007
3.12026
3.12044
3.12063
3.12081
3.121
3.12118
3.12136
3.12155
3.12173
3.12192
3.1221
3.12229
3.12247
3.12265
3.12284
3.12302
3.1232
3.12339
3.12357
3.12375
3.12394
3.12412
3.1243
3.12449
3.12467
3.12485
3.12504
3.12522
3.1254
3.12558
3.12577
3.12595
3.12613
3.12631
3.1265
3.12668
3.12686
3.12704
3.12722
3.12741
3.12759
3.12777
3.12795
3.12813
3.12832
3.1285
3.12868
3.12886
3.12904
3.12922
3.1294
3.12958
3.12976
3.12994
3.13013
3.13031
3.13049
3.13067
3.13085
3.13103
3.13121
3.13139
3.13157
3.13175
3.13193
3.13211
3.13229
3.13247
3.13265
3.13283
3.13301
3.13319
3.13337
3.13354
3.13372
3.1339
3.13408
3.13426
3.13444
3.13462
3.1348
3.13498
3.13515
3.13533
3.13551
3.13569
3.13587
3.13605
3.13622
3.1364
3.13658
3.13676
3.13694
3.13711
3.13729
3.13747
3.13765
3.13782
3.138
3.13818
3.13836
3.13853
3.13871
3.13889
3.13907
3.13924
3.13942
3.1396
3.13977
3.13995
3.14013
3.1403
3.14048
3.14065
3.14083
3.14101
3.14118
3.14136
3.14153
3.14171
3.14189
3.14206
3.14224
3.14241
3.14259
3.14276
3.14294
3.14311
3.14329
3.14346
3.14364
3.14381
3.14399
3.14416
3.14434
3.14451
3.14469
3.14486
3.14504
3.14521
3.14539
3.14556
3.14573
3.14591
3.14608
3.14626
3.14643
3.1466
3.14678
3.14695
3.14712
3.1473
3.14747
3.14765
3.14782
3.14799
3.14816
3.14834
3.14851
3.14868
3.14886
3.14903
3.1492
3.14937
3.14955
3.14972
3.14989
3.15006
3.15024
3.15041
3.15058
3.15075
3.15092
3.1511
3.15127
3.15144
3.15161
3.15178
3.15195
3.15213
3.1523
3.15247
3.15264
3.15281
3.15298
3.15315
3.15332
3.1535
3.15367
3.15384
3.15401
3.15418
3.15435
3.15452
3.15469
3.15486
3.15503
3.1552
3.15537
3.15554
3.15571
3.15588
3.15605
3.15622
3.15639
3.15656
3.15673
3.1569
3.15707
3.15724
3.15741
3.15758
3.15774
3.15791
3.15808
3.15825
3.15842
3.15859
3.15876
3.15893
3.15909
3.15926
3.15943
3.1596
3.15977
3.15994
3.1601
3.16027
3.16044
3.16061
3.16078
3.16094
3.16111
3.16128
3.16145
3.16161
3.16178
3.16195
3.16212
3.16228
3.16245
3.16262
3.16278
3.16295
3.16312
3.16329
3.16345
3.16362
3.16379
3.16395
3.16412
3.16428
3.16445
3.16462
3.16478
3.16495
3.16512
3.16528
3.16545
3.16561
3.16578
3.16594
3.16611
3.16628
3.16644
3.16661
3.16677
3.16694
3.1671
3.16727
3.16743
3.1676
3.16776
3.16793
3.16809
3.16826
3.16842
3.16859
3.16875
3.16891
3.16908
3.16924
3.16941
3.16957
3.16974
3.1699
3.17006
3.17023
3.17039
3.17056
3.17072
3.17088
3.17105
3.17121
3.17137
3.17154
3.1717
3.17186
3.17203
3.17219
3.17235
3.17252
3.17268
3.17284
3.173
3.17317
3.17333
3.17349
3.17365
3.17382
3.17398
3.17414
3.1743
3.17446
3.17463
3.17479
3.17495
3.17511
3.17527
3.17544
3.1756
3.17576
3.17592
3.17608
3.17624
3.17641
3.17657
3.17673
3.17689
3.17705
3.17721
3.17737
3.17753
3.17769
3.17785
3.17801
3.17818
3.17834
3.1785
3.17866
3.17882
3.17898
3.17914
3.1793
3.17946
3.17962
3.17978
3.17994
3.1801
3.18026
3.18042
3.18058
3.18074
3.18089
3.18105
3.18121
3.18137
3.18153
3.18169
3.18185
3.18201
3.18217
3.18233
3.18249
3.18264
3.1828
3.18296
3.18312
3.18328
3.18344
3.1836
3.18375
3.18391
3.18407
3.18423
3.18439
3.18454
3.1847
3.18486
3.18502
3.18517
3.18533
3.18549
3.18565
3.1858
3.18596
3.18612
3.18628
3.18643
3.18659
3.18675
3.1869
3.18706
3.18722
3.18738
3.18753
3.18769
3.18785
3.188
3.18816
3.18831
3.18847
3.18863
3.18878
3.18894
3.1891
3.18925
3.18941
3.18956
3.18972
3.18987
3.19003
3.19019
3.19034
3.1905
3.19065
3.19081
3.19096
3.19112
3.19127
3.19143
3.19158
3.19174
3.19189
3.19205
3.1922
3.19236
3.19251
3.19267
3.19282
3.19298
3.19313
3.19328
3.19344
3.19359
3.19375
3.1939
3.19405
3.19421
3.19436
3.19452
3.19467
3.19482
3.19498
3.19513
3.19528
3.19544
3.19559
3.19574
3.1959
3.19605
3.1962
3.19636
3.19651
3.19666
3.19682
3.19697
3.19712
3.19727
3.19743
3.19758
3.19773
3.19788
3.19804
3.19819
3.19834
3.19849
3.19864
3.1988
3.19895
3.1991
3.19925
3.1994
3.19956
3.19971
3.19986
3.20001
3.20016
3.20031
3.20046
3.20062
3.20077
3.20092
3.20107
3.20122
3.20137
3.20152
3.20167
3.20182
3.20197
3.20212
3.20228
3.20243
3.20258
3.20273
3.20288
3.20303
3.20318
3.20333
3.20348
3.20363
3.20378
3.20393
3.20408
3.20423
3.20438
3.20453
3.20468
3.20483
3.20498
3.20512
3.20527
3.20542
3.20557
3.20572
3.20587
3.20602
3.20617
3.20632
3.20647
3.20662
3.20676
3.20691
3.20706
3.20721
3.20736
3.20751
3.20766
3.2078
3.20795
3.2081
3.20825
3.2084
3.20854
3.20869
3.20884
3.20899
3.20914
3.20928
3.20943
3.20958
3.20973
3.20987
3.21002
3.21017
3.21032
3.21046
3.21061
3.21076
3.2109
3.21105
3.2112
3.21134
3.21149
3.21164
3.21178
3.21193
3.21208
3.21222
3.21237
3.21252
3.21266
3.21281
3.21296
3.2131
3.21325
3.21339
3.21354
3.21369
3.21383
3.21398
3.21412
3.21427
3.21441
3.21456
3.21471
3.21485
3.215
3.21514
3.21529
3.21543
3.21558
3.21572
3.21587
3.21601
3.21616
3.2163
3.21645
3.21659
3.21674
3.21688
3.21702
3.21717
3.21731
3.21746
3.2176
3.21775
3.21789
3.21803
3.21818
3.21832
3.21847
3.21861
3.21875
3.2189
3.21904
3.21918
3.21933
3.21947
3.21962
3.21976
3.2199
3.22005
3.22019
3.22033
3.22047
3.22062
3.22076
3.2209
3.22105
3.22119
3.22133
3.22147
3.22162
3.22176
3.2219
3.22204
3.22219
3.22233
3.22247
3.22261
3.22276
3.2229
3.22304
3.22318
3.22332
3.22347
3.22361
3.22375
3.22389
3.22403
3.22417
3.22432
3.22446
3.2246
3.22474
3.22488
3.22502
3.22516
3.2253
3.22545
3.22559
3.22573
3.22587
3.22601
3.22615
3.22629
3.22643
3.22657
3.22671
3.22685
3.22699
3.22713
3.22727
3.22741
3.22755
3.22769
3.22783
3.22797
3.22811
3.22825
3.22839
3.22853
3.22867
3.22881
3.22895
3.22909
3.22923
3.22937
3.22951
3.22965
3.22979
3.22993
3.23007
3.23021
3.23035
3.23048
3.23062
3.23076
3.2309
3.23104
3.23118
3.23132
3.23146
3.23159
3.23173
3.23187
3.23201
3.23215
3.23229
3.23242
3.23256
3.2327
3.23284
3.23298
3.23311
3.23325
3.23339
3.23353
3.23367
3.2338
3.23394
3.23408
3.23422
3.23435
3.23449
3.23463
3.23477
3.2349
3.23504
3.23518
3.23531
3.23545
3.23559
3.23572
3.23586
3.236
3.23613
3.23627
3.23641
3.23654
3.23668
3.23682
3.23695
3.23709
3.23723
3.23736
3.2375
3.23763
3.23777
3.23791
3.23804
3.23818
3.23831
3.23845
3.23858
3.23872
3.23886
3.23899
3.23913
3.23926
3.2394
3.23953
3.23967
3.2398
3.23994
3.24007
3.24021
3.24034
3.24048
3.24061
3.24075
3.24088
3.24102
3.24115
3.24129
3.24142
3.24156
3.24169
3.24182
3.24196
3.24209
3.24223
3.24236
3.24249
3.24263
3.24276
3.2429
3.24303
3.24316
3.2433
3.24343
3.24357
3.2437
3.24383
3.24397
3.2441
3.24423
3.24437
3.2445
3.24463
3.24477
3.2449
3.24503
3.24516
3.2453
3.24543
3.24556
3.2457
3.24583
3.24596
3.24609
3.24623
3.24636
3.24649
3.24662
3.24676
3.24689
3.24702
3.24715
3.24728
3.24742
3.24755
3.24768
3.24781
3.24794
3.24808
3.24821
3.24834
3.24847
3.2486
3.24873
3.24887
3.249
3.24913
3.24926
3.24939
3.24952
3.24965
3.24978
3.24992
3.25005
3.25018
3.25031
3.25044
3.25057
3.2507
3.25083
3.25096
3.25109
3.25122
3.25135
3.25148
3.25161
3.25174
3.25187
3.25201
3.25214
3.25227
3.2524
3.25253
3.25266
3.25279
3.25291
3.25304
3.25317
3.2533
3.25343
3.25356
3.25369
3.25382
3.25395
3.25408
3.25421
3.25434
3.25447
3.2546
3.25473
3.25486
3.25498
3.25511
3.25524
3.25537
3.2555
3.25563
3.25576
3.25589
3.25601
3.25614
3.25627
3.2564
3.25653
3.25666
3.25678
3.25691
3.25704
3.25717
3.2573
3.25743
3.25755
3.25768
3.25781
3.25794
3.25806
3.25819
3.25832
3.25845
3.25857
3.2587
3.25883
3.25896
3.25908
3.25921
3.25934
3.25947
3.25959
3.25972
3.25985
3.25997
3.2601
3.26023
3.26035
3.26048
3.26061
3.26073
3.26086
3.26099
3.26111
3.26124
3.26137
3.26149
3.26162
3.26175
3.26187
3.262
3.26212
3.26225
3.26238
3.2625
3.26263
3.26275
3.26288
3.26301
3.26313
3.26326
3.26338
3.26351
3.26363
3.26376
3.26388
3.26401
3.26413
3.26426
3.26438
3.26451
3.26464
3.26476
3.26489
3.26501
3.26513
3.26526
3.26538
3.26551
3.26563
3.26576
3.26588
3.26601
3.26613
3.26626
3.26638
3.2665
3.26663
3.26675
3.26688
3.267
3.26713
3.26725
3.26737
3.2675
3.26762
3.26775
3.26787
3.26799
3.26812
3.26824
3.26836
3.26849
3.26861
3.26873
3.26886
3.26898
3.2691
3.26923
3.26935
3.26947
3.2696
3.26972
3.26984
3.26996
3.27009
3.27021
3.27033
3.27046
3.27058
3.2707
3.27082
3.27095
3.27107
3.27119
3.27131
3.27144
3.27156
3.27168
3.2718
3.27192
3.27205
3.27217
3.27229
3.27241
3.27253
3.27266
3.27278
3.2729
3.27302
3.27314
3.27326
3.27339
3.27351
3.27363
3.27375
3.27387
3.27399
3.27411
3.27423
3.27436
3.27448
3.2746
3.27472
3.27484
3.27496
3.27508
3.2752
3.27532
3.27544
3.27556
3.27568
3.27581
3.27593
3.27605
3.27617
3.27629
3.27641
3.27653
3.27665
3.27677
3.27689
3.27701
3.27713
3.27725
3.27737
3.27749
3.27761
3.27773
3.27785
3.27797
3.27809
3.27821
3.27833
3.27844
3.27856
3.27868
3.2788
3.27892
3.27904
3.27916
3.27928
3.2794
3.27952
3.27964
3.27976
3.27987
3.27999
3.28011
3.28023
3.28035
3.28047
3.28059
3.28071
3.28082
3.28094
3.28106
3.28118
3.2813
3.28142
3.28153
3.28165
3.28177
3.28189
3.28201
3.28212
3.28224
3.28236
3.28248
3.2826
3.28271
3.28283
3.28295
3.28307
3.28318
3.2833
3.28342
3.28354
3.28365
3.28377
3.28389
3.28401
3.28412
3.28424
3.28436
3.28447
3.28459
3.28471
3.28482
3.28494
3.28506
3.28518
3.28529
3.28541
3.28553
3.28564
3.28576
3.28587
3.28599
3.28611
3.28622
3.28634
3.28646
3.28657
3.28669
3.2868
3.28692
3.28704
3.28715
3.28727
3.28738
3.2875
3.28762
3.28773
3.28785
3.28796
3.28808
3.28819
3.28831
3.28842
3.28854
3.28866
3.28877
3.28889
3.289
3.28912
3.28923
3.28935
3.28946
3.28958
3.28969
3.28981
3.28992
3.29004
3.29015
3.29027
3.29038
3.29049
3.29061
3.29072
3.29084
3.29095
3.29107
3.29118
3.2913
3.29141
3.29152
3.29164
3.29175
3.29187
3.29198
3.29209
3.29221
3.29232
3.29244
3.29255
3.29266
3.29278
3.29289
3.293
3.29312
3.29323
3.29334
3.29346
3.29357
3.29368
3.2938
3.29391
3.29402
3.29414
3.29425
3.29436
3.29448
3.29459
3.2947
3.29482
3.29493
3.29504
3.29515
3.29527
3.29538
3.29549
3.2956
3.29572
3.29583
3.29594
3.29605
3.29617
3.29628
3.29639
3.2965
3.29662
3.29673
3.29684
3.29695
3.29706
3.29718
3.29729
3.2974
3.29751
3.29762
3.29773
3.29785
3.29796
3.29807
3.29818
3.29829
3.2984
3.29851
3.29863
3.29874
3.29885
3.29896
3.29907
3.29918
3.29929
3.2994
3.29952
3.29963
3.29974
3.29985
3.29996
3.30007
3.30018
3.30029
3.3004
3.30051
3.30062
3.30073
3.30084
3.30095
3.30106
3.30117
3.30128
3.30139
3.30151
3.30162
3.30173
3.30184
3.30195
3.30206
3.30217
3.30227
3.30238
3.30249
3.3026
3.30271
3.30282
3.30293
3.30304
3.30315
3.30326
3.30337
3.30348
3.30359
3.3037
3.30381
3.30392
3.30403
3.30414
3.30425
3.30435
3.30446
3.30457
3.30468
3.30479
3.3049
3.30501
3.30501
