0
1.01118e-18
3.23136e-17
2.45045e-16
1.03122e-15
3.14279e-15
7.80974e-15
1.68572e-14
3.28216e-14
5.9066e-14
9.98941e-14
1.60664e-13
2.479e-13
3.69405e-13
5.34371e-13
7.53485e-13
1.03904e-12
1.40506e-12
1.86737e-12
2.44372e-12
3.15392e-12
4.01989e-12
5.0658e-12
6.31817e-12
7.80594e-12
9.56064e-12
1.16164e-11
1.40101e-11
1.67815e-11
1.99732e-11
2.36311e-11
2.78038e-11
3.25435e-11
3.79055e-11
4.39487e-11
5.07354e-11
5.83314e-11
6.68064e-11
7.62337e-11
8.66906e-11
9.82582e-11
1.11022e-10
1.25071e-10
1.40498e-10
1.57403e-10
1.75887e-10
1.96056e-10
2.18023e-10
2.41902e-10
2.67815e-10
2.95887e-10
3.26249e-10
3.59034e-10
3.94385e-10
4.32446e-10
4.73368e-10
5.17307e-10
5.64423e-10
6.14884e-10
6.68861e-10
7.26533e-10
7.88082e-10
8.53697e-10
9.23574e-10
9.97912e-10
1.07692e-09
1.16081e-09
1.24979e-09
1.3441e-09
1.44397e-09
1.54963e-09
1.66132e-09
1.7793e-09
1.90382e-09
2.03515e-09
2.17354e-09
2.31929e-09
2.47267e-09
2.63398e-09
2.8035e-09
2.98154e-09
3.16842e-09
3.36444e-09
3.56994e-09
3.78524e-09
4.01068e-09
4.24661e-09
4.49339e-09
4.75136e-09
5.02091e-09
5.3024e-09
5.59622e-09
5.90276e-09
6.22241e-09
6.55558e-09
6.90269e-09
7.26415e-09
7.6404e-09
8.03187e-09
8.439e-09
8.86225e-09
9.30209e-09
9.75897e-09
1.02334e-08
1.07258e-08
1.12367e-08
1.17666e-08
1.2316e-08
1.28855e-08
1.34755e-08
1.40866e-08
1.47194e-08
1.53743e-08
1.6052e-08
1.6753e-08
1.74779e-08
1.82272e-08
1.90017e-08
1.98018e-08
2.06282e-08
2.14815e-08
2.23623e-08
2.32714e-08
2.42092e-08
2.51766e-08
2.61741e-08
2.72024e-08
2.82622e-08
2.93542e-08
3.04791e-08
3.16377e-08
3.28305e-08
3.40585e-08
3.53222e-08
3.66225e-08
3.79601e-08
3.93357e-08
4.07503e-08
4.22044e-08
4.3699e-08
4.52348e-08
4.68127e-08
4.84334e-08
5.00978e-08
5.18068e-08
5.35612e-08
5.53619e-08
5.72097e-08
5.91055e-08
6.10502e-08
6.30447e-08
6.50899e-08
6.71868e-08
6.93362e-08
7.15391e-08
7.37965e-08
7.61094e-08
7.84786e-08
8.09051e-08
8.339e-08
8.59343e-08
8.85389e-08
9.1205e-08
9.39334e-08
9.67253e-08
9.95816e-08
1.02504e-07
1.05492e-07
1.08548e-07
1.11673e-07
1.14868e-07
1.18134e-07
1.21472e-07
1.24884e-07
1.2837e-07
1.31931e-07
1.35569e-07
1.39285e-07
1.4308e-07
1.46955e-07
1.50912e-07
1.54951e-07
1.59074e-07
1.63283e-07
1.67577e-07
1.7196e-07
1.76431e-07
1.80992e-07
1.85645e-07
1.90391e-07
1.9523e-07
2.00165e-07
2.05197e-07
2.10327e-07
2.15556e-07
2.20885e-07
2.26317e-07
2.31853e-07
2.37493e-07
2.43239e-07
2.49094e-07
2.55057e-07
2.61131e-07
2.67316e-07
2.73616e-07
2.8003e-07
2.8656e-07
2.93208e-07
2.99976e-07
3.06865e-07
3.13875e-07
3.2101e-07
3.2827e-07
3.35657e-07
3.43173e-07
3.50819e-07
3.58596e-07
3.66507e-07
3.74552e-07
3.82734e-07
3.91054e-07
3.99514e-07
4.08115e-07
4.16859e-07
4.25748e-07
4.34783e-07
4.43967e-07
4.533e-07
4.62784e-07
4.72422e-07
4.82214e-07
4.92163e-07
5.02271e-07
5.12538e-07
5.22968e-07
5.33561e-07
5.4432e-07
5.55246e-07
5.66341e-07
5.77607e-07
5.89045e-07
6.00658e-07
6.12448e-07
6.24416e-07
6.36564e-07
6.48894e-07
6.61409e-07
6.74109e-07
6.86996e-07
7.00074e-07
7.13343e-07
7.26806e-07
7.40464e-07
7.5432e-07
7.68375e-07
7.82632e-07
7.97093e-07
8.11759e-07
8.26632e-07
8.41715e-07
8.57009e-07
8.72518e-07
8.88242e-07
9.04183e-07
9.20345e-07
9.36729e-07
9.53336e-07
9.7017e-07
9.87233e-07
1.00453e-06
1.02205e-06
1.03981e-06
1.05781e-06
1.07604e-06
1.09452e-06
1.11324e-06
1.13221e-06
1.15142e-06
1.17089e-06
1.19061e-06
1.21058e-06
1.23081e-06
1.25129e-06
1.27204e-06
1.29306e-06
1.31434e-06
1.33588e-06
1.3577e-06
1.37979e-06
1.40216e-06
1.42481e-06
1.44773e-06
1.47094e-06
1.49443e-06
1.51821e-06
1.54228e-06
1.56664e-06
1.59129e-06
1.61625e-06
1.6415e-06
1.66705e-06
1.69291e-06
1.71907e-06
1.74555e-06
1.77233e-06
1.79943e-06
1.82685e-06
1.85459e-06
1.88264e-06
1.91103e-06
1.93973e-06
1.96877e-06
1.99814e-06
2.02785e-06
2.05789e-06
2.08827e-06
2.119e-06
2.15007e-06
2.18149e-06
2.21325e-06
2.24538e-06
2.27785e-06
2.31069e-06
2.34388e-06
2.37744e-06
2.41137e-06
2.44566e-06
2.48033e-06
2.51537e-06
2.55079e-06
2.58659e-06
2.62277e-06
2.65934e-06
2.6963e-06
2.73365e-06
2.77139e-06
2.80952e-06
2.84806e-06
2.887e-06
2.92635e-06
2.9661e-06
3.00626e-06
3.04684e-06
3.08784e-06
3.12925e-06
3.17109e-06
3.21335e-06
3.25604e-06
3.29916e-06
3.34272e-06
3.38671e-06
3.43115e-06
3.47602e-06
3.52134e-06
3.56711e-06
3.61334e-06
3.66002e-06
3.70715e-06
3.75475e-06
3.80281e-06
3.85134e-06
3.90033e-06
3.9498e-06
3.99975e-06
4.05018e-06
4.10108e-06
4.15248e-06
4.20436e-06
4.25673e-06
4.3096e-06
4.36297e-06
4.41683e-06
4.4712e-06
4.52608e-06
4.58147e-06
4.63737e-06
4.69379e-06
4.75073e-06
4.80819e-06
4.86618e-06
4.92469e-06
4.98374e-06
5.04333e-06
5.10345e-06
5.16412e-06
5.22533e-06
5.28709e-06
5.34941e-06
5.41228e-06
5.47571e-06
5.5397e-06
5.60425e-06
5.66937e-06
5.73507e-06
5.80134e-06
5.86819e-06
5.93562e-06
6.00364e-06
6.07224e-06
6.14144e-06
6.21124e-06
6.28163e-06
6.35262e-06
6.42422e-06
6.49643e-06
6.56925e-06
6.64269e-06
6.71674e-06
6.79142e-06
6.86673e-06
6.94266e-06
7.01923e-06
7.09643e-06
7.17428e-06
7.25277e-06
7.3319e-06
7.41169e-06
7.49213e-06
7.57322e-06
7.65498e-06
7.73741e-06
7.8205e-06
7.90426e-06
7.9887e-06
8.07381e-06
8.15961e-06
8.2461e-06
8.33328e-06
8.42114e-06
8.50971e-06
8.59898e-06
8.68895e-06
8.77962e-06
8.87101e-06
8.96312e-06
9.05594e-06
9.14948e-06
9.24375e-06
9.33876e-06
9.43449e-06
9.53096e-06
9.62817e-06
9.72613e-06
9.82483e-06
9.92429e-06
1.00245e-05
1.01255e-05
1.02272e-05
1.03297e-05
1.0433e-05
1.0537e-05
1.06418e-05
1.07475e-05
1.08538e-05
1.0961e-05
1.1069e-05
1.11778e-05
1.12873e-05
1.13977e-05
1.15089e-05
1.16209e-05
1.17337e-05
1.18474e-05
1.19618e-05
1.20771e-05
1.21932e-05
1.23102e-05
1.2428e-05
1.25466e-05
1.26661e-05
1.27864e-05
1.29076e-05
1.30296e-05
1.31526e-05
1.32763e-05
1.3401e-05
1.35265e-05
1.36529e-05
1.37802e-05
1.39084e-05
1.40374e-05
1.41674e-05
1.42982e-05
1.443e-05
1.45626e-05
1.46962e-05
1.48307e-05
1.49661e-05
1.51024e-05
1.52397e-05
1.53779e-05
1.5517e-05
1.5657e-05
1.5798e-05
1.594e-05
1.60829e-05
1.62267e-05
1.63716e-05
1.65173e-05
1.66641e-05
1.68118e-05
1.69605e-05
1.71101e-05
1.72608e-05
1.74124e-05
1.7565e-05
1.77187e-05
1.78733e-05
1.80289e-05
1.81856e-05
1.83432e-05
1.85019e-05
1.86616e-05
1.88223e-05
1.8984e-05
1.91468e-05
1.93106e-05
1.94754e-05
1.96413e-05
1.98083e-05
1.99763e-05
2.01453e-05
2.03155e-05
2.04867e-05
2.06589e-05
2.08323e-05
2.10067e-05
2.11822e-05
2.13588e-05
2.15364e-05
2.17152e-05
2.18951e-05
2.20761e-05
2.22582e-05
2.24414e-05
2.26257e-05
2.28111e-05
2.29977e-05
2.31854e-05
2.33742e-05
2.35642e-05
2.37553e-05
2.39476e-05
2.4141e-05
2.43356e-05
2.45313e-05
2.47282e-05
2.49263e-05
2.51255e-05
2.5326e-05
2.55276e-05
2.57304e-05
2.59344e-05
2.61395e-05
2.63459e-05
2.65535e-05
2.67623e-05
2.69723e-05
2.71835e-05
2.7396e-05
2.76097e-05
2.78246e-05
2.80407e-05
2.82581e-05
2.84767e-05
2.86966e-05
2.89177e-05
2.91401e-05
2.93637e-05
2.95887e-05
2.98148e-05
3.00423e-05
3.0271e-05
3.05011e-05
3.07324e-05
3.0965e-05
3.11989e-05
3.14341e-05
3.16706e-05
3.19084e-05
3.21476e-05
3.2388e-05
3.26298e-05
3.28729e-05
3.31174e-05
3.33632e-05
3.36103e-05
3.38588e-05
3.41086e-05
3.43598e-05
3.46123e-05
3.48663e-05
3.51215e-05
3.53782e-05
3.56362e-05
3.58956e-05
3.61565e-05
3.64187e-05
3.66823e-05
3.69473e-05
3.72137e-05
3.74815e-05
3.77507e-05
3.80214e-05
3.82934e-05
3.85669e-05
3.88419e-05
3.91183e-05
3.93961e-05
3.96754e-05
3.99561e-05
4.02383e-05
4.05219e-05
4.0807e-05
4.10936e-05
4.13816e-05
4.16712e-05
4.19622e-05
4.22547e-05
4.25487e-05
4.28442e-05
4.31412e-05
4.34397e-05
4.37397e-05
4.40413e-05
4.43443e-05
4.46489e-05
4.49551e-05
4.52627e-05
4.55719e-05
4.58827e-05
4.6195e-05
4.65088e-05
4.68242e-05
4.71412e-05
4.74597e-05
4.77798e-05
4.81015e-05
4.84248e-05
4.87497e-05
4.90761e-05
4.94042e-05
4.97338e-05
5.00651e-05
5.0398e-05
5.07325e-05
5.10686e-05
5.14063e-05
5.17457e-05
5.20867e-05
5.24293e-05
5.27736e-05
5.31195e-05
5.34671e-05
5.38163e-05
5.41673e-05
5.45198e-05
5.48741e-05
5.523e-05
5.55876e-05
5.59469e-05
5.63079e-05
5.66706e-05
5.70349e-05
5.7401e-05
5.77688e-05
5.81384e-05
5.85096e-05
5.88826e-05
5.92572e-05
5.96337e-05
6.00118e-05
6.03917e-05
6.07734e-05
6.11568e-05
6.1542e-05
6.19289e-05
6.23176e-05
6.27081e-05
6.31004e-05
6.34944e-05
6.38902e-05
6.42878e-05
6.46872e-05
6.50885e-05
6.54915e-05
6.58963e-05
6.6303e-05
6.67114e-05
6.71217e-05
6.75339e-05
6.79478e-05
6.83636e-05
6.87813e-05
6.92008e-05
6.96221e-05
7.00453e-05
7.04704e-05
7.08974e-05
7.13262e-05
7.17569e-05
7.21895e-05
7.2624e-05
7.30603e-05
7.34986e-05
7.39388e-05
7.43808e-05
7.48248e-05
7.52707e-05
7.57186e-05
7.61683e-05
7.662e-05
7.70737e-05
7.75292e-05
7.79867e-05
7.84462e-05
7.89076e-05
7.9371e-05
7.98364e-05
8.03037e-05
8.0773e-05
8.12443e-05
8.17176e-05
8.21928e-05
8.26701e-05
8.31494e-05
8.36306e-05
8.41139e-05
8.45992e-05
8.50865e-05
8.55758e-05
8.60672e-05
8.65606e-05
8.7056e-05
8.75535e-05
8.80531e-05
8.85547e-05
8.90583e-05
8.9564e-05
9.00718e-05
9.05817e-05
9.10936e-05
9.16076e-05
9.21237e-05
9.26419e-05
9.31622e-05
9.36846e-05
9.42091e-05
9.47358e-05
9.52645e-05
9.57954e-05
9.63284e-05
9.68635e-05
9.74008e-05
9.79402e-05
9.84817e-05
9.90254e-05
9.95713e-05
0.000100119
0.00010067
0.000101222
0.000101776
0.000102333
0.000102892
0.000103453
0.000104016
0.000104582
0.00010515
0.00010572
0.000106292
0.000106866
0.000107443
0.000108022
0.000108603
0.000109186
0.000109771
0.000110359
0.000110949
0.000111542
0.000112136
0.000112733
0.000113332
0.000113933
0.000114537
0.000115143
0.000115751
0.000116362
0.000116975
0.00011759
0.000118208
0.000118827
0.00011945
0.000120074
0.000120701
0.00012133
0.000121961
0.000122595
0.000123231
0.00012387
0.000124511
0.000125154
0.0001258
0.000126448
0.000127098
0.000127751
0.000128406
0.000129064
0.000129724
0.000130386
0.000131051
0.000131718
0.000132388
0.00013306
0.000133735
0.000134412
0.000135091
0.000135773
0.000136457
0.000137144
0.000137833
0.000138525
0.000139219
0.000139916
0.000140615
0.000141317
0.000142021
0.000142727
0.000143437
0.000144148
0.000144862
0.000145579
0.000146298
0.00014702
0.000147744
0.000148471
0.0001492
0.000149932
0.000150666
0.000151403
0.000152143
0.000152885
0.00015363
0.000154377
0.000155127
0.000155879
0.000156634
0.000157392
0.000158152
0.000158915
0.00015968
0.000160448
0.000161219
0.000161992
0.000162768
0.000163546
0.000164327
0.000165111
0.000165898
0.000166687
0.000167479
0.000168273
0.00016907
0.00016987
0.000170672
0.000171478
0.000172285
0.000173096
0.000173909
0.000174725
0.000175544
0.000176365
0.000177189
0.000178016
0.000178845
0.000179678
0.000180513
0.00018135
0.000182191
0.000183034
0.00018388
0.000184729
0.00018558
0.000186435
0.000187292
0.000188151
0.000189014
0.00018988
0.000190748
0.000191619
0.000192493
0.000193369
0.000194249
0.000195131
0.000196016
0.000196904
0.000197795
0.000198688
0.000199585
0.000200484
0.000201386
0.000202291
0.000203199
0.00020411
0.000205023
0.00020594
0.000206859
0.000207782
0.000208707
0.000209635
0.000210566
0.0002115
0.000212436
0.000213376
0.000214319
0.000215264
0.000216213
0.000217164
0.000218118
0.000219076
0.000220036
0.000220999
0.000221965
0.000222935
0.000223907
0.000224882
0.00022586
0.000226841
0.000227825
0.000228812
0.000229802
0.000230795
0.000231791
0.00023279
0.000233792
0.000234797
0.000235805
0.000236817
0.000237831
0.000238848
0.000239868
0.000240892
0.000241918
0.000242948
0.00024398
0.000245016
0.000246054
0.000247096
0.000248141
0.000249189
0.00025024
0.000251294
0.000252351
0.000253412
0.000254475
0.000255542
0.000256611
0.000257684
0.00025876
0.000259839
0.000260922
0.000262007
0.000263096
0.000264187
0.000265282
0.00026638
0.000267481
0.000268586
0.000269693
0.000270804
0.000271918
0.000273035
0.000274156
0.000275279
0.000276406
0.000277536
0.000278669
0.000279805
0.000280945
0.000282088
0.000283234
0.000284383
0.000285536
0.000286692
0.000287851
0.000289013
0.000290179
0.000291348
0.00029252
0.000293696
0.000294874
0.000296056
0.000297242
0.00029843
0.000299622
0.000300817
0.000302016
0.000303218
0.000304423
0.000305632
0.000306844
0.000308059
0.000309277
0.000310499
0.000311724
0.000312953
0.000314185
0.00031542
0.000316659
0.000317901
0.000319146
0.000320395
0.000321647
0.000322903
0.000324162
0.000325424
0.00032669
0.000327959
0.000329232
0.000330508
0.000331788
0.000333071
0.000334357
0.000335647
0.00033694
0.000338237
0.000339537
0.00034084
0.000342147
0.000343458
0.000344772
0.000346089
0.00034741
0.000348735
0.000350063
0.000351394
0.000352729
0.000354067
0.000355409
0.000356755
0.000358104
0.000359456
0.000360812
0.000362172
0.000363535
0.000364901
0.000366271
0.000367645
0.000369022
0.000370403
0.000371788
0.000373176
0.000374567
0.000375962
0.000377361
0.000378763
0.000380169
0.000381578
0.000382991
0.000384408
0.000385828
0.000387252
0.00038868
0.000390111
0.000391545
0.000392984
0.000394426
0.000395871
0.000397321
0.000398774
0.00040023
0.000401691
0.000403154
0.000404622
0.000406093
0.000407568
0.000409047
0.000410529
0.000412015
0.000413505
0.000414998
0.000416495
0.000417996
0.0004195
0.000421009
0.00042252
0.000424036
0.000425555
0.000427079
0.000428605
0.000430136
0.00043167
0.000433208
0.00043475
0.000436296
0.000437845
0.000439398
0.000440955
0.000442516
0.00044408
0.000445649
0.000447221
0.000448797
0.000450376
0.00045196
0.000453547
0.000455138
0.000456733
0.000458332
0.000459934
0.00046154
0.000463151
0.000464765
0.000466383
0.000468004
0.00046963
0.000471259
0.000472893
0.00047453
0.000476171
0.000477816
0.000479465
0.000481117
0.000482774
0.000484434
0.000486099
0.000487767
0.000489439
0.000491115
0.000492795
0.000494479
0.000496167
0.000497859
0.000499554
0.000501254
0.000502957
0.000504665
0.000506376
0.000508092
0.000509811
0.000511534
0.000513262
0.000514993
0.000516728
0.000518467
0.00052021
0.000521958
0.000523709
0.000525464
0.000527223
0.000528986
0.000530753
0.000532525
0.0005343
0.000536079
0.000537862
0.000539649
0.000541441
0.000543236
0.000545035
0.000546839
0.000548646
0.000550458
0.000552273
0.000554093
0.000555917
0.000557745
0.000559576
0.000561412
0.000563252
0.000565096
0.000566945
0.000568797
0.000570653
0.000572514
0.000574378
0.000576247
0.00057812
0.000579997
0.000581878
0.000583763
0.000585653
0.000587546
0.000589444
0.000591346
0.000593251
0.000595162
0.000597076
0.000598994
0.000600917
0.000602843
0.000604774
0.000606709
0.000608649
0.000610592
0.00061254
0.000614492
0.000616448
0.000618408
0.000620372
0.000622341
0.000624314
0.000626291
0.000628272
0.000630258
0.000632248
0.000634242
0.00063624
0.000638243
0.000640249
0.00064226
0.000644276
0.000646295
0.000648319
0.000650347
0.000652379
0.000654416
0.000656457
0.000658502
0.000660551
0.000662605
0.000664663
0.000666726
0.000668792
0.000670863
0.000672938
0.000675018
0.000677102
0.00067919
0.000681283
0.00068338
0.000685481
0.000687587
0.000689696
0.000691811
0.000693929
0.000696052
0.00069818
0.000700311
0.000702447
0.000704588
0.000706733
0.000708882
0.000711035
0.000713193
0.000715356
0.000717523
0.000719694
0.000721869
0.000724049
0.000726234
0.000728422
0.000730616
0.000732813
0.000735015
0.000737222
0.000739433
0.000741648
0.000743868
0.000746092
0.000748321
0.000750554
0.000752792
0.000755034
0.00075728
0.000759531
0.000761787
0.000764047
0.000766311
0.00076858
0.000770854
0.000773132
0.000775414
0.000777701
0.000779992
0.000782288
0.000784589
0.000786894
0.000789203
0.000791517
0.000793836
0.000796159
0.000798486
0.000800818
0.000803155
0.000805496
0.000807842
0.000810192
0.000812547
0.000814907
0.000817271
0.000819639
0.000822012
0.00082439
0.000826772
0.000829159
0.000831551
0.000833947
0.000836347
0.000838753
0.000841162
0.000843577
0.000845996
0.00084842
0.000850848
0.000853281
0.000855718
0.000858161
0.000860607
0.000863059
0.000865515
0.000867976
0.000870441
0.000872911
0.000875386
0.000877865
0.000880349
0.000882838
0.000885331
0.000887829
0.000890332
0.000892839
0.000895351
0.000897868
0.000900389
0.000902915
0.000905446
0.000907981
0.000910522
0.000913067
0.000915616
0.00091817
0.00092073
0.000923293
0.000925862
0.000928435
0.000931013
0.000933596
0.000936183
0.000938775
0.000941372
0.000943974
0.00094658
0.000949192
0.000951808
0.000954428
0.000957054
0.000959684
0.000962319
0.000964959
0.000967603
0.000970253
0.000972907
0.000975566
0.00097823
0.000980898
0.000983572
0.00098625
0.000988933
0.000991621
0.000994313
0.000997011
0.000999713
0.00100242
0.00100513
0.00100785
0.00101057
0.0010133
0.00101603
0.00101876
0.00102151
0.00102425
0.001027
0.00102976
0.00103252
0.00103528
0.00103805
0.00104083
0.00104361
0.00104639
0.00104918
0.00105198
0.00105478
0.00105758
0.00106039
0.00106321
0.00106602
0.00106885
0.00107168
0.00107451
0.00107735
0.00108019
0.00108304
0.0010859
0.00108875
0.00109162
0.00109449
0.00109736
0.00110024
0.00110312
0.00110601
0.0011089
0.0011118
0.0011147
0.00111761
0.00112052
0.00112344
0.00112637
0.00112929
0.00113223
0.00113516
0.00113811
0.00114105
0.00114401
0.00114697
0.00114993
0.0011529
0.00115587
0.00115885
0.00116183
0.00116482
0.00116781
0.00117081
0.00117381
0.00117682
0.00117983
0.00118285
0.00118587
0.0011889
0.00119194
0.00119497
0.00119802
0.00120107
0.00120412
0.00120718
0.00121024
0.00121331
0.00121638
0.00121946
0.00122255
0.00122564
0.00122873
0.00123183
0.00123493
0.00123804
0.00124116
0.00124428
0.0012474
0.00125053
0.00125367
0.00125681
0.00125995
0.0012631
0.00126626
0.00126942
0.00127258
0.00127576
0.00127893
0.00128211
0.0012853
0.00128849
0.00129169
0.00129489
0.0012981
0.00130131
0.00130452
0.00130775
0.00131097
0.00131421
0.00131745
0.00132069
0.00132394
0.00132719
0.00133045
0.00133371
0.00133698
0.00134026
0.00134353
0.00134682
0.00135011
0.0013534
0.0013567
0.00136001
0.00136332
0.00136664
0.00136996
0.00137328
0.00137662
0.00137995
0.00138329
0.00138664
0.00138999
0.00139335
0.00139671
0.00140008
0.00140346
0.00140684
0.00141022
0.00141361
0.001417
0.0014204
0.00142381
0.00142722
0.00143063
0.00143405
0.00143748
0.00144091
0.00144435
0.00144779
0.00145124
0.00145469
0.00145815
0.00146161
0.00146508
0.00146856
0.00147203
0.00147552
0.00147901
0.0014825
0.001486
0.00148951
0.00149302
0.00149654
0.00150006
0.00150359
0.00150712
0.00151066
0.0015142
0.00151775
0.0015213
0.00152486
0.00152843
0.001532
0.00153557
0.00153915
0.00154274
0.00154633
0.00154993
0.00155353
0.00155714
0.00156075
0.00156437
0.00156799
0.00157162
0.00157525
0.00157889
0.00158254
0.00158619
0.00158985
0.00159351
0.00159718
0.00160085
0.00160453
0.00160821
0.0016119
0.00161559
0.00161929
0.001623
0.00162671
0.00163042
0.00163414
0.00163787
0.0016416
0.00164534
0.00164908
0.00165283
0.00165658
0.00166034
0.00166411
0.00166788
0.00167165
0.00167544
0.00167922
0.00168301
0.00168681
0.00169061
0.00169442
0.00169824
0.00170206
0.00170588
0.00170971
0.00171355
0.00171739
0.00172124
0.00172509
0.00172895
0.00173281
0.00173668
0.00174055
0.00174443
0.00174832
0.00175221
0.00175611
0.00176001
0.00176392
0.00176783
0.00177175
0.00177567
0.0017796
0.00178354
0.00178748
0.00179143
0.00179538
0.00179934
0.0018033
0.00180727
0.00181124
0.00181522
0.00181921
0.0018232
0.00182719
0.0018312
0.0018352
0.00183922
0.00184324
0.00184726
0.00185129
0.00185533
0.00185937
0.00186341
0.00186747
0.00187152
0.00187559
0.00187966
0.00188373
0.00188781
0.0018919
0.00189599
0.00190009
0.00190419
0.0019083
0.00191241
0.00191653
0.00192066
0.00192479
0.00192892
0.00193307
0.00193721
0.00194137
0.00194553
0.00194969
0.00195386
0.00195804
0.00196222
0.00196641
0.0019706
0.0019748
0.001979
0.00198321
0.00198743
0.00199165
0.00199587
0.00200011
0.00200435
0.00200859
0.00201284
0.00201709
0.00202136
0.00202562
0.00202989
0.00203417
0.00203846
0.00204275
0.00204704
0.00205134
0.00205565
0.00205996
0.00206428
0.0020686
0.00207293
0.00207727
0.00208161
0.00208595
0.00209031
0.00209466
0.00209903
0.0021034
0.00210777
0.00211215
0.00211654
0.00212093
0.00212533
0.00212973
0.00213414
0.00213856
0.00214298
0.00214741
0.00215184
0.00215628
0.00216072
0.00216517
0.00216963
0.00217409
0.00217856
0.00218303
0.00218751
0.00219199
0.00219648
0.00220098
0.00220548
0.00220999
0.0022145
0.00221902
0.00222354
0.00222808
0.00223261
0.00223715
0.0022417
0.00224626
0.00225082
0.00225538
0.00225995
0.00226453
0.00226911
0.0022737
0.0022783
0.0022829
0.0022875
0.00229211
0.00229673
0.00230136
0.00230598
0.00231062
0.00231526
0.00231991
0.00232456
0.00232922
0.00233388
0.00233855
0.00234323
0.00234791
0.0023526
0.00235729
0.00236199
0.0023667
0.00237141
0.00237613
0.00238085
0.00238558
0.00239031
0.00239505
0.0023998
0.00240455
0.00240931
0.00241407
0.00241884
0.00242362
0.0024284
0.00243319
0.00243798
0.00244278
0.00244759
0.0024524
0.00245722
0.00246204
0.00246687
0.0024717
0.00247654
0.00248139
0.00248624
0.0024911
0.00249596
0.00250083
0.00250571
0.00251059
0.00251548
0.00252037
0.00252527
0.00253018
0.00253509
0.00254001
0.00254493
0.00254986
0.00255479
0.00255974
0.00256468
0.00256964
0.00257459
0.00257956
0.00258453
0.00258951
0.00259449
0.00259948
0.00260447
0.00260947
0.00261448
0.00261949
0.00262451
0.00262953
0.00263457
0.0026396
0.00264464
0.00264969
0.00265475
0.00265981
0.00266487
0.00266994
0.00267502
0.00268011
0.0026852
0.00269029
0.00269539
0.0027005
0.00270562
0.00271074
0.00271586
0.00272099
0.00272613
0.00273128
0.00273643
0.00274158
0.00274674
0.00275191
0.00275709
0.00276227
0.00276745
0.00277264
0.00277784
0.00278305
0.00278826
0.00279347
0.00279869
0.00280392
0.00280916
0.0028144
0.00281964
0.00282489
0.00283015
0.00283542
0.00284069
0.00284596
0.00285125
0.00285653
0.00286183
0.00286713
0.00287244
0.00287775
0.00288307
0.00288839
0.00289372
0.00289906
0.0029044
0.00290975
0.0029151
0.00292047
0.00292583
0.00293121
0.00293658
0.00294197
0.00294736
0.00295276
0.00295816
0.00296357
0.00296899
0.00297441
0.00297984
0.00298527
0.00299071
0.00299616
0.00300161
0.00300707
0.00301253
0.003018
0.00302348
0.00302896
0.00303445
0.00303994
0.00304544
0.00305095
0.00305646
0.00306198
0.00306751
0.00307304
0.00307858
0.00308412
0.00308967
0.00309522
0.00310079
0.00310635
0.00311193
0.00311751
0.00312309
0.00312869
0.00313428
0.00313989
0.0031455
0.00315112
0.00315674
0.00316237
0.003168
0.00317365
0.00317929
0.00318495
0.00319061
0.00319627
0.00320194
0.00320762
0.00321331
0.003219
0.00322469
0.0032304
0.00323611
0.00324182
0.00324754
0.00325327
0.003259
0.00326474
0.00327049
0.00327624
0.003282
0.00328776
0.00329353
0.00329931
0.00330509
0.00331088
0.00331668
0.00332248
0.00332828
0.0033341
0.00333992
0.00334574
0.00335158
0.00335741
0.00336326
0.00336911
0.00337497
0.00338083
0.0033867
0.00339257
0.00339846
0.00340434
0.00341024
0.00341614
0.00342204
0.00342796
0.00343388
0.0034398
0.00344573
0.00345167
0.00345761
0.00346356
0.00346952
0.00347548
0.00348145
0.00348742
0.0034934
0.00349939
0.00350538
0.00351138
0.00351739
0.0035234
0.00352942
0.00353544
0.00354147
0.00354751
0.00355355
0.0035596
0.00356566
0.00357172
0.00357779
0.00358386
0.00358994
0.00359603
0.00360212
0.00360822
0.00361433
0.00362044
0.00362656
0.00363268
0.00363881
0.00364495
0.00365109
0.00365724
0.00366339
0.00366955
0.00367572
0.0036819
0.00368808
0.00369426
0.00370046
0.00370665
0.00371286
0.00371907
0.00372529
0.00373151
0.00373774
0.00374398
0.00375022
0.00375647
0.00376273
0.00376899
0.00377526
0.00378153
0.00378781
0.0037941
0.00380039
0.00380669
0.00381299
0.00381931
0.00382562
0.00383195
0.00383828
0.00384462
0.00385096
0.00385731
0.00386366
0.00387003
0.0038764
0.00388277
0.00388915
0.00389554
0.00390193
0.00390833
0.00391474
0.00392115
0.00392757
0.00393399
0.00394042
0.00394686
0.00395331
0.00395976
0.00396621
0.00397267
0.00397914
0.00398562
0.0039921
0.00399859
0.00400508
0.00401158
0.00401809
0.0040246
0.00403112
0.00403765
0.00404418
0.00405072
0.00405726
0.00406382
0.00407037
0.00407694
0.00408351
0.00409008
0.00409667
0.00410325
0.00410985
0.00411645
0.00412306
0.00412967
0.00413629
0.00414292
0.00414956
0.00415619
0.00416284
0.00416949
0.00417615
0.00418282
0.00418949
0.00419617
0.00420285
0.00420954
0.00421624
0.00422294
0.00422965
0.00423637
0.00424309
0.00424982
0.00425655
0.00426329
0.00427004
0.00427679
0.00428355
0.00429032
0.00429709
0.00430387
0.00431066
0.00431745
0.00432425
0.00433105
0.00433786
0.00434468
0.0043515
0.00435834
0.00436517
0.00437201
0.00437886
0.00438572
0.00439258
0.00439945
0.00440632
0.00441321
0.00442009
0.00442699
0.00443389
0.00444079
0.00444771
0.00445463
0.00446155
0.00446848
0.00447542
0.00448237
0.00448932
0.00449628
0.00450324
0.00451021
0.00451719
0.00452417
0.00453116
0.00453815
0.00454516
0.00455217
0.00455918
0.0045662
0.00457323
0.00458026
0.0045873
0.00459435
0.00460141
0.00460847
0.00461553
0.0046226
0.00462968
0.00463677
0.00464386
0.00465096
0.00465806
0.00466517
0.00467229
0.00467941
0.00468655
0.00469368
0.00470082
0.00470797
0.00471513
0.00472229
0.00472946
0.00473664
0.00474382
0.004751
0.0047582
0.0047654
0.00477261
0.00477982
0.00478704
0.00479427
0.0048015
0.00480874
0.00481598
0.00482324
0.00483049
0.00483776
0.00484503
0.00485231
0.00485959
0.00486688
0.00487418
0.00488148
0.00488879
0.00489611
0.00490343
0.00491076
0.0049181
0.00492544
0.00493279
0.00494014
0.0049475
0.00495487
0.00496224
0.00496962
0.00497701
0.00498441
0.0049918
0.00499921
0.00500662
0.00501404
0.00502147
0.0050289
0.00503634
0.00504378
0.00505123
0.00505869
0.00506616
0.00507363
0.0050811
0.00508859
0.00509608
0.00510357
0.00511108
0.00511859
0.0051261
0.00513362
0.00514115
0.00514869
0.00515623
0.00516378
0.00517133
0.00517889
0.00518646
0.00519403
0.00520161
0.0052092
0.00521679
0.00522439
0.005232
0.00523961
0.00524723
0.00525486
0.00526249
0.00527013
0.00527777
0.00528542
0.00529308
0.00530074
0.00530842
0.00531609
0.00532378
0.00533147
0.00533916
0.00534687
0.00535458
0.00536229
0.00537001
0.00537774
0.00538548
0.00539322
0.00540097
0.00540872
0.00541648
0.00542425
0.00543202
0.00543981
0.00544759
0.00545539
0.00546319
0.00547099
0.00547881
0.00548662
0.00549445
0.00550228
0.00551012
0.00551797
0.00552582
0.00553368
0.00554154
0.00554941
0.00555729
0.00556517
0.00557307
0.00558096
0.00558887
0.00559678
0.00560469
0.00561262
0.00562055
0.00562848
0.00563642
0.00564437
0.00565233
0.00566029
0.00566826
0.00567623
0.00568421
0.0056922
0.0057002
0.0057082
0.00571621
0.00572422
0.00573224
0.00574027
0.0057483
0.00575634
0.00576439
0.00577244
0.0057805
0.00578856
0.00579664
0.00580471
0.0058128
0.00582089
0.00582899
0.00583709
0.00584521
0.00585332
0.00586145
0.00586958
0.00587772
0.00588586
0.00589401
0.00590217
0.00591033
0.0059185
0.00592667
0.00593486
0.00594305
0.00595124
0.00595944
0.00596765
0.00597587
0.00598409
0.00599232
0.00600055
0.00600879
0.00601704
0.0060253
0.00603356
0.00604182
0.0060501
0.00605838
0.00606666
0.00607496
0.00608326
0.00609156
0.00609988
0.0061082
0.00611652
0.00612485
0.00613319
0.00614154
0.00614989
0.00615825
0.00616661
0.00617498
0.00618336
0.00619175
0.00620014
0.00620853
0.00621694
0.00622535
0.00623376
0.00624219
0.00625062
0.00625905
0.0062675
0.00627595
0.0062844
0.00629286
0.00630133
0.00630981
0.00631829
0.00632678
0.00633527
0.00634378
0.00635228
0.0063608
0.00636932
0.00637785
0.00638638
0.00639492
0.00640347
0.00641202
0.00642058
0.00642915
0.00643772
0.0064463
0.00645489
0.00646348
0.00647208
0.00648069
0.0064893
0.00649792
0.00650654
0.00651518
0.00652381
0.00653246
0.00654111
0.00654977
0.00655843
0.0065671
0.00657578
0.00658446
0.00659316
0.00660185
0.00661056
0.00661927
0.00662798
0.00663671
0.00664544
0.00665417
0.00666291
0.00667166
0.00668042
0.00668918
0.00669795
0.00670673
0.00671551
0.0067243
0.00673309
0.00674189
0.0067507
0.00675952
0.00676834
0.00677716
0.006786
0.00679484
0.00680369
0.00681254
0.0068214
0.00683027
0.00683914
0.00684802
0.00685691
0.0068658
0.0068747
0.0068836
0.00689252
0.00690143
0.00691036
0.00691929
0.00692823
0.00693718
0.00694613
0.00695509
0.00696405
0.00697302
0.006982
0.00699098
0.00699997
0.00700897
0.00701797
0.00702698
0.007036
0.00704503
0.00705406
0.00706309
0.00707213
0.00708118
0.00709024
0.0070993
0.00710837
0.00711745
0.00712653
0.00713562
0.00714471
0.00715381
0.00716292
0.00717204
0.00718116
0.00719029
0.00719942
0.00720856
0.00721771
0.00722686
0.00723602
0.00724519
0.00725436
0.00726354
0.00727273
0.00728192
0.00729112
0.00730033
0.00730954
0.00731876
0.00732799
0.00733722
0.00734646
0.0073557
0.00736496
0.00737422
0.00738348
0.00739275
0.00740203
0.00741131
0.00742061
0.0074299
0.00743921
0.00744852
0.00745784
0.00746716
0.00747649
0.00748583
0.00749517
0.00750452
0.00751388
0.00752324
0.00753261
0.00754198
0.00755137
0.00756076
0.00757015
0.00757955
0.00758896
0.00759838
0.0076078
0.00761723
0.00762666
0.0076361
0.00764555
0.00765501
0.00766447
0.00767393
0.00768341
0.00769289
0.00770238
0.00771187
0.00772137
0.00773088
0.00774039
0.00774991
0.00775944
0.00776897
0.00777851
0.00778805
0.00779761
0.00780716
0.00781673
0.0078263
0.00783588
0.00784546
0.00785506
0.00786465
0.00787426
0.00788387
0.00789349
0.00790311
0.00791274
0.00792238
0.00793202
0.00794167
0.00795133
0.00796099
0.00797066
0.00798034
0.00799002
0.00799971
0.00800941
0.00801911
0.00802882
0.00803854
0.00804826
0.00805799
0.00806772
0.00807746
0.00808721
0.00809697
0.00810673
0.0081165
0.00812627
0.00813605
0.00814584
0.00815563
0.00816543
0.00817524
0.00818505
0.00819487
0.0082047
0.00821453
0.00822437
0.00823422
0.00824407
0.00825393
0.00826379
0.00827367
0.00828355
0.00829343
0.00830332
0.00831322
0.00832313
0.00833304
0.00834296
0.00835288
0.00836281
0.00837275
0.00838269
0.00839264
0.0084026
0.00841256
0.00842253
0.00843251
0.00844249
0.00845248
0.00846248
0.00847248
0.00848249
0.00849251
0.00850253
0.00851256
0.00852259
0.00853263
0.00854268
0.00855274
0.0085628
0.00857287
0.00858294
0.00859302
0.00860311
0.0086132
0.0086233
0.00863341
0.00864352
0.00865364
0.00866377
0.0086739
0.00868404
0.00869419
0.00870434
0.0087145
0.00872467
0.00873484
0.00874502
0.0087552
0.00876539
0.00877559
0.0087858
0.00879601
0.00880622
0.00881645
0.00882668
0.00883692
0.00884716
0.00885741
0.00886767
0.00887793
0.0088882
0.00889848
0.00890876
0.00891905
0.00892934
0.00893965
0.00894996
0.00896027
0.00897059
0.00898092
0.00899126
0.0090016
0.00901195
0.0090223
0.00903266
0.00904303
0.0090534
0.00906378
0.00907417
0.00908456
0.00909496
0.00910537
0.00911578
0.0091262
0.00913663
0.00914706
0.0091575
0.00916795
0.0091784
0.00918886
0.00919932
0.00920979
0.00922027
0.00923075
0.00924125
0.00925174
0.00926225
0.00927276
0.00928327
0.0092938
0.00930433
0.00931486
0.00932541
0.00933596
0.00934651
0.00935708
0.00936764
0.00937822
0.0093888
0.00939939
0.00940999
0.00942059
0.0094312
0.00944181
0.00945243
0.00946306
0.00947369
0.00948433
0.00949498
0.00950563
0.00951629
0.00952696
0.00953763
0.00954831
0.009559
0.00956969
0.00958039
0.00959109
0.00960181
0.00961252
0.00962325
0.00963398
0.00964472
0.00965546
0.00966621
0.00967697
0.00968773
0.0096985
0.00970928
0.00972006
0.00973085
0.00974165
0.00975245
0.00976326
0.00977408
0.0097849
0.00979573
0.00980656
0.00981741
0.00982825
0.00983911
0.00984997
0.00986084
0.00987171
0.00988259
0.00989348
0.00990437
0.00991527
0.00992618
0.00993709
0.00994801
0.00995894
0.00996987
0.00998081
0.00999175
0.0100027
0.0100137
0.0100246
0.0100356
0.0100466
0.0100576
0.0100685
0.0100795
0.0100905
0.0101016
0.0101126
0.0101236
0.0101346
0.0101457
0.0101567
0.0101678
0.0101788
0.0101899
0.0102009
0.010212
0.0102231
0.0102342
0.0102453
0.0102564
0.0102675
0.0102786
0.0102897
0.0103008
0.010312
0.0103231
0.0103343
0.0103454
0.0103566
0.0103677
0.0103789
0.0103901
0.0104013
0.0104125
0.0104237
0.0104349
0.0104461
0.0104573
0.0104685
0.0104797
0.010491
0.0105022
0.0105135
0.0105247
0.010536
0.0105473
0.0105585
0.0105698
0.0105811
0.0105924
0.0106037
0.010615
0.0106263
0.0106376
0.010649
0.0106603
0.0106716
0.010683
0.0106943
0.0107057
0.0107171
0.0107284
0.0107398
0.0107512
0.0107626
0.010774
0.0107854
0.0107968
0.0108082
0.0108196
0.0108311
0.0108425
0.0108539
0.0108654
0.0108768
0.0108883
0.0108998
0.0109112
0.0109227
0.0109342
0.0109457
0.0109572
0.0109687
0.0109802
0.0109917
0.0110033
0.0110148
0.0110263
0.0110379
0.0110494
0.011061
0.0110726
0.0110841
0.0110957
0.0111073
0.0111189
0.0111305
0.0111421
0.0111537
0.0111653
0.0111769
0.0111886
0.0112002
0.0112118
0.0112235
0.0112351
0.0112468
0.0112585
0.0112701
0.0112818
0.0112935
0.0113052
0.0113169
0.0113286
0.0113403
0.011352
0.0113638
0.0113755
0.0113872
0.011399
0.0114107
0.0114225
0.0114343
0.011446
0.0114578
0.0114696
0.0114814
0.0114932
0.011505
0.0115168
0.0115286
0.0115404
0.0115522
0.0115641
0.0115759
0.0115878
0.0115996
0.0116115
0.0116233
0.0116352
0.0116471
0.011659
0.0116709
0.0116828
0.0116947
0.0117066
0.0117185
0.0117304
0.0117424
0.0117543
0.0117662
0.0117782
0.0117901
0.0118021
0.0118141
0.011826
0.011838
0.01185
0.011862
0.011874
0.011886
0.011898
0.01191
0.0119221
0.0119341
0.0119461
0.0119582
0.0119702
0.0119823
0.0119944
0.0120064
0.0120185
0.0120306
0.0120427
0.0120548
0.0120669
0.012079
0.0120911
0.0121032
0.0121153
0.0121275
0.0121396
0.0121518
0.0121639
0.0121761
0.0121882
0.0122004
0.0122126
0.0122248
0.012237
0.0122492
0.0122614
0.0122736
0.0122858
0.012298
0.0123103
0.0123225
0.0123347
0.012347
0.0123592
0.0123715
0.0123838
0.012396
0.0124083
0.0124206
0.0124329
0.0124452
0.0124575
0.0124698
0.0124821
0.0124945
0.0125068
0.0125191
0.0125315
0.0125438
0.0125562
0.0125685
0.0125809
0.0125933
0.0126057
0.0126181
0.0126305
0.0126429
0.0126553
0.0126677
0.0126801
0.0126925
0.012705
0.0127174
0.0127298
0.0127423
0.0127547
0.0127672
0.0127797
0.0127922
0.0128046
0.0128171
0.0128296
0.0128421
0.0128546
0.0128672
0.0128797
0.0128922
0.0129047
0.0129173
0.0129298
0.0129424
0.0129549
0.0129675
0.0129801
0.0129927
0.0130052
0.0130178
0.0130304
0.013043
0.0130556
0.0130683
0.0130809
0.0130935
0.0131061
0.0131188
0.0131314
0.0131441
0.0131567
0.0131694
0.0131821
0.0131948
0.0132075
0.0132201
0.0132328
0.0132455
0.0132583
0.013271
0.0132837
0.0132964
0.0133092
0.0133219
0.0133347
0.0133474
0.0133602
0.0133729
0.0133857
0.0133985
0.0134113
0.0134241
0.0134369
0.0134497
0.0134625
0.0134753
0.0134881
0.013501
0.0135138
0.0135266
0.0135395
0.0135523
0.0135652
0.0135781
0.013591
0.0136038
0.0136167
0.0136296
0.0136425
0.0136554
0.0136683
0.0136812
0.0136942
0.0137071
0.01372
0.013733
0.0137459
0.0137589
0.0137719
0.0137848
0.0137978
0.0138108
0.0138238
0.0138368
0.0138498
0.0138628
0.0138758
0.0138888
0.0139018
0.0139149
0.0139279
0.0139409
0.013954
0.013967
0.0139801
0.0139932
0.0140062
0.0140193
0.0140324
0.0140455
0.0140586
0.0140717
0.0140848
0.0140979
0.0141111
0.0141242
0.0141373
0.0141505
0.0141636
0.0141768
0.01419
0.0142031
0.0142163
0.0142295
0.0142427
0.0142559
0.0142691
0.0142823
0.0142955
0.0143087
0.0143219
0.0143352
0.0143484
0.0143616
0.0143749
0.0143881
0.0144014
0.0144147
0.014428
0.0144412
0.0144545
0.0144678
0.0144811
0.0144944
0.0145077
0.0145211
0.0145344
0.0145477
0.014561
0.0145744
0.0145877
0.0146011
0.0146145
0.0146278
0.0146412
0.0146546
0.014668
0.0146814
0.0146948
0.0147082
0.0147216
0.014735
0.0147484
0.0147618
0.0147753
0.0147887
0.0148022
0.0148156
0.0148291
0.0148426
0.014856
0.0148695
0.014883
0.0148965
0.01491
0.0149235
0.014937
0.0149505
0.014964
0.0149776
0.0149911
0.0150047
0.0150182
0.0150318
0.0150453
0.0150589
0.0150725
0.015086
0.0150996
0.0151132
0.0151268
0.0151404
0.015154
0.0151676
0.0151813
0.0151949
0.0152085
0.0152222
0.0152358
0.0152495
0.0152631
0.0152768
0.0152905
0.0153041
0.0153178
0.0153315
0.0153452
0.0153589
0.0153726
0.0153863
0.0154001
0.0154138
0.0154275
0.0154413
0.015455
0.0154688
0.0154825
0.0154963
0.0155101
0.0155238
0.0155376
0.0155514
0.0155652
0.015579
0.0155928
0.0156066
0.0156204
0.0156343
0.0156481
0.0156619
0.0156758
0.0156896
0.0157035
0.0157174
0.0157312
0.0157451
0.015759
0.0157729
0.0157868
0.0158007
0.0158146
0.0158285
0.0158424
0.0158563
0.0158702
0.0158842
0.0158981
0.0159121
0.015926
0.01594
0.015954
0.0159679
0.0159819
0.0159959
0.0160099
0.0160239
0.0160379
0.0160519
0.0160659
0.0160799
0.016094
0.016108
0.016122
0.0161361
0.0161501
0.0161642
0.0161783
0.0161923
0.0162064
0.0162205
0.0162346
0.0162487
0.0162628
0.0162769
0.016291
0.0163051
0.0163192
0.0163334
0.0163475
0.0163617
0.0163758
0.01639
0.0164041
0.0164183
0.0164325
0.0164467
0.0164608
0.016475
0.0164892
0.0165034
0.0165176
0.0165319
0.0165461
0.0165603
0.0165746
0.0165888
0.016603
0.0166173
0.0166316
0.0166458
0.0166601
0.0166744
0.0166887
0.016703
0.0167172
0.0167315
0.0167459
0.0167602
0.0167745
0.0167888
0.0168032
0.0168175
0.0168318
0.0168462
0.0168605
0.0168749
0.0168893
0.0169037
0.016918
0.0169324
0.0169468
0.0169612
0.0169756
0.01699
0.0170044
0.0170189
0.0170333
0.0170477
0.0170622
0.0170766
0.0170911
0.0171055
0.01712
0.0171345
0.017149
0.0171634
0.0171779
0.0171924
0.0172069
0.0172214
0.017236
0.0172505
0.017265
0.0172795
0.0172941
0.0173086
0.0173232
0.0173377
0.0173523
0.0173669
0.0173814
0.017396
0.0174106
0.0174252
0.0174398
0.0174544
0.017469
0.0174836
0.0174982
0.0175129
0.0175275
0.0175422
0.0175568
0.0175715
0.0175861
0.0176008
0.0176154
0.0176301
0.0176448
0.0176595
0.0176742
0.0176889
0.0177036
0.0177183
0.017733
0.0177478
0.0177625
0.0177772
0.017792
0.0178067
0.0178215
0.0178362
0.017851
0.0178658
0.0178806
0.0178953
0.0179101
0.0179249
0.0179397
0.0179545
0.0179694
0.0179842
0.017999
0.0180138
0.0180287
0.0180435
0.0180584
0.0180732
0.0180881
0.018103
0.0181178
0.0181327
0.0181476
0.0181625
0.0181774
0.0181923
0.0182072
0.0182221
0.018237
0.018252
0.0182669
0.0182818
0.0182968
0.0183117
0.0183267
0.0183417
0.0183566
0.0183716
0.0183866
0.0184016
0.0184166
0.0184316
0.0184466
0.0184616
0.0184766
0.0184916
0.0185067
0.0185217
0.0185367
0.0185518
0.0185668
0.0185819
0.018597
0.018612
0.0186271
0.0186422
0.0186573
0.0186724
0.0186875
0.0187026
0.0187177
0.0187328
0.018748
0.0187631
0.0187782
0.0187934
0.0188085
0.0188237
0.0188388
0.018854
0.0188692
0.0188843
0.0188995
0.0189147
0.0189299
0.0189451
0.0189603
0.0189755
0.0189908
0.019006
0.0190212
0.0190364
0.0190517
0.0190669
0.0190822
0.0190975
0.0191127
0.019128
0.0191433
0.0191586
0.0191738
0.0191891
0.0192044
0.0192198
0.0192351
0.0192504
0.0192657
0.019281
0.0192964
0.0193117
0.0193271
0.0193424
0.0193578
0.0193732
0.0193885
0.0194039
0.0194193
0.0194347
0.0194501
0.0194655
0.0194809
0.0194963
0.0195117
0.0195272
0.0195426
0.019558
0.0195735
0.0195889
0.0196044
0.0196198
0.0196353
0.0196508
0.0196662
0.0196817
0.0196972
0.0197127
0.0197282
0.0197437
0.0197592
0.0197748
0.0197903
0.0198058
0.0198214
0.0198369
0.0198524
0.019868
0.0198836
0.0198991
0.0199147
0.0199303
0.0199459
0.0199615
0.019977
0.0199926
0.0200083
0.0200239
0.0200395
0.0200551
0.0200707
0.0200864
0.020102
0.0201177
0.0201333
0.020149
0.0201646
0.0201803
0.020196
0.0202117
0.0202274
0.0202431
0.0202588
0.0202745
0.0202902
0.0203059
0.0203216
0.0203374
0.0203531
0.0203688
0.0203846
0.0204003
0.0204161
0.0204319
0.0204476
0.0204634
0.0204792
0.020495
0.0205108
0.0205266
0.0205424
0.0205582
0.020574
0.0205898
0.0206056
0.0206215
0.0206373
0.0206532
0.020669
0.0206849
0.0207007
0.0207166
0.0207325
0.0207484
0.0207642
0.0207801
0.020796
0.0208119
0.0208278
0.0208438
0.0208597
0.0208756
0.0208915
0.0209075
0.0209234
0.0209394
0.0209553
0.0209713
0.0209873
0.0210032
0.0210192
0.0210352
0.0210512
0.0210672
0.0210832
0.0210992
0.0211152
0.0211312
0.0211472
0.0211633
0.0211793
0.0211953
0.0212114
0.0212274
0.0212435
0.0212596
0.0212756
0.0212917
0.0213078
0.0213239
0.02134
0.0213561
0.0213722
0.0213883
0.0214044
0.0214205
0.0214367
0.0214528
0.0214689
0.0214851
0.0215012
0.0215174
0.0215336
0.0215497
0.0215659
0.0215821
0.0215983
0.0216145
0.0216306
0.0216468
0.0216631
0.0216793
0.0216955
0.0217117
0.0217279
0.0217442
0.0217604
0.0217767
0.0217929
0.0218092
0.0218255
0.0218417
0.021858
0.0218743
0.0218906
0.0219069
0.0219232
0.0219395
0.0219558
0.0219721
0.0219884
0.0220047
0.0220211
0.0220374
0.0220538
0.0220701
0.0220865
0.0221028
0.0221192
0.0221356
0.022152
0.0221683
0.0221847
0.0222011
0.0222175
0.0222339
0.0222503
0.0222668
0.0222832
0.0222996
0.0223161
0.0223325
0.0223489
0.0223654
0.0223819
0.0223983
0.0224148
0.0224313
0.0224477
0.0224642
0.0224807
0.0224972
0.0225137
0.0225302
0.0225468
0.0225633
0.0225798
0.0225963
0.0226129
0.0226294
0.022646
0.0226625
0.0226791
0.0226956
0.0227122
0.0227288
0.0227454
0.022762
0.0227786
0.0227952
0.0228118
0.0228284
0.022845
0.0228616
0.0228782
0.0228949
0.0229115
0.0229282
0.0229448
0.0229615
0.0229781
0.0229948
0.0230115
0.0230281
0.0230448
0.0230615
0.0230782
0.0230949
0.0231116
0.0231283
0.023145
0.0231618
0.0231785
0.0231952
0.023212
0.0232287
0.0232455
0.0232622
0.023279
0.0232958
0.0233125
0.0233293
0.0233461
0.0233629
0.0233797
0.0233965
0.0234133
0.0234301
0.0234469
0.0234638
0.0234806
0.0234974
0.0235143
0.0235311
0.023548
0.0235648
0.0235817
0.0235985
0.0236154
0.0236323
0.0236492
0.0236661
0.023683
0.0236999
0.0237168
0.0237337
0.0237506
0.0237675
0.0237845
0.0238014
0.0238183
0.0238353
0.0238522
0.0238692
0.0238862
0.0239031
0.0239201
0.0239371
0.0239541
0.0239711
0.0239881
0.0240051
0.0240221
0.0240391
0.0240561
0.0240731
0.0240902
0.0241072
0.0241242
0.0241413
0.0241583
0.0241754
0.0241925
0.0242095
0.0242266
0.0242437
0.0242608
0.0242779
0.024295
0.0243121
0.0243292
0.0243463
0.0243634
0.0243805
0.0243976
0.0244148
0.0244319
0.0244491
0.0244662
0.0244834
0.0245005
0.0245177
0.0245349
0.0245521
0.0245692
0.0245864
0.0246036
0.0246208
0.024638
0.0246553
0.0246725
0.0246897
0.0247069
0.0247242
0.0247414
0.0247586
0.0247759
0.0247932
0.0248104
0.0248277
0.024845
0.0248622
0.0248795
0.0248968
0.0249141
0.0249314
0.0249487
0.024966
0.0249833
0.0250007
0.025018
0.0250353
0.0250527
0.02507
0.0250873
0.0251047
0.0251221
0.0251394
0.0251568
0.0251742
0.0251916
0.0252089
0.0252263
0.0252437
0.0252611
0.0252785
0.025296
0.0253134
0.0253308
0.0253482
0.0253657
0.0253831
0.0254006
0.025418
0.0254355
0.0254529
0.0254704
0.0254879
0.0255054
0.0255229
0.0255403
0.0255578
0.0255753
0.0255928
0.0256104
0.0256279
0.0256454
0.0256629
0.0256805
0.025698
0.0257156
0.0257331
0.0257507
0.0257682
0.0257858
0.0258034
0.0258209
0.0258385
0.0258561
0.0258737
0.0258913
0.0259089
0.0259265
0.0259441
0.0259618
0.0259794
0.025997
0.0260147
0.0260323
0.0260499
0.0260676
0.0260853
0.0261029
0.0261206
0.0261383
0.026156
0.0261736
0.0261913
0.026209
0.0262267
0.0262444
0.0262621
0.0262799
0.0262976
0.0263153
0.0263331
0.0263508
0.0263685
0.0263863
0.026404
0.0264218
0.0264396
0.0264573
0.0264751
0.0264929
0.0265107
0.0265285
0.0265463
0.0265641
0.0265819
0.0265997
0.0266175
0.0266354
0.0266532
0.026671
0.0266889
0.0267067
0.0267246
0.0267424
0.0267603
0.0267782
0.026796
0.0268139
0.0268318
0.0268497
0.0268676
0.0268855
0.0269034
0.0269213
0.0269392
0.0269571
0.0269751
0.026993
0.0270109
0.0270289
0.0270468
0.0270648
0.0270827
0.0271007
0.0271187
0.0271367
0.0271546
0.0271726
0.0271906
0.0272086
0.0272266
0.0272446
0.0272626
0.0272807
0.0272987
0.0273167
0.0273347
0.0273528
0.0273708
0.0273889
0.0274069
0.027425
0.0274431
0.0274611
0.0274792
0.0274973
0.0275154
0.0275335
0.0275516
0.0275697
0.0275878
0.0276059
0.027624
0.0276421
0.0276603
0.0276784
0.0276965
0.0277147
0.0277328
0.027751
0.0277691
0.0277873
0.0278055
0.0278237
0.0278418
0.02786
0.0278782
0.0278964
0.0279146
0.0279328
0.027951
0.0279693
0.0279875
0.0280057
0.028024
0.0280422
0.0280604
0.0280787
0.0280969
0.0281152
0.0281335
0.0281517
0.02817
0.0281883
0.0282066
0.0282249
0.0282432
0.0282615
0.0282798
0.0282981
0.0283164
0.0283347
0.0283531
0.0283714
0.0283898
0.0284081
0.0284264
0.0284448
0.0284632
0.0284815
0.0284999
0.0285183
0.0285367
0.028555
0.0285734
0.0285918
0.0286102
0.0286286
0.0286471
0.0286655
0.0286839
0.0287023
0.0287208
0.0287392
0.0287576
0.0287761
0.0287946
0.028813
0.0288315
0.0288499
0.0288684
0.0288869
0.0289054
0.0289239
0.0289424
0.0289609
0.0289794
0.0289979
0.0290164
0.0290349
0.0290535
0.029072
0.0290905
0.0291091
0.0291276
0.0291462
0.0291647
0.0291833
0.0292019
0.0292204
0.029239
0.0292576
0.0292762
0.0292948
0.0293134
0.029332
0.0293506
0.0293692
0.0293878
0.0294065
0.0294251
0.0294437
0.0294624
0.029481
0.0294997
0.0295183
0.029537
0.0295557
0.0295743
0.029593
0.0296117
0.0296304
0.0296491
0.0296678
0.0296865
0.0297052
0.0297239
0.0297426
0.0297613
0.0297801
0.0297988
0.0298175
0.0298363
0.029855
0.0298738
0.0298926
0.0299113
0.0299301
0.0299489
0.0299676
0.0299864
0.0300052
0.030024
0.0300428
0.0300616
0.0300804
0.0300993
0.0301181
0.0301369
0.0301557
0.0301746
0.0301934
0.0302123
0.0302311
0.03025
0.0302688
0.0302877
0.0303066
0.0303254
0.0303443
0.0303632
0.0303821
0.030401
0.0304199
0.0304388
0.0304577
0.0304766
0.0304956
0.0305145
0.0305334
0.0305524
0.0305713
0.0305903
0.0306092
0.0306282
0.0306471
0.0306661
0.0306851
0.0307041
0.0307231
0.030742
0.030761
0.03078
0.030799
0.030818
0.0308371
0.0308561
0.0308751
0.0308941
0.0309132
0.0309322
0.0309513
0.0309703
0.0309894
0.0310084
0.0310275
0.0310466
0.0310656
0.0310847
0.0311038
0.0311229
0.031142
0.0311611
0.0311802
0.0311993
0.0312184
0.0312375
0.0312567
0.0312758
0.0312949
0.0313141
0.0313332
0.0313524
0.0313715
0.0313907
0.0314099
0.031429
0.0314482
0.0314674
0.0314866
0.0315058
0.031525
0.0315442
0.0315634
0.0315826
0.0316018
0.031621
0.0316403
0.0316595
0.0316787
0.031698
0.0317172
0.0317365
0.0317557
0.031775
0.0317942
0.0318135
0.0318328
0.0318521
0.0318714
0.0318907
0.03191
0.0319293
0.0319486
0.0319679
0.0319872
0.0320065
0.0320258
0.0320452
0.0320645
0.0320838
0.0321032
0.0321225
0.0321419
0.0321613
0.0321806
0.0322
0.0322194
0.0322388
0.0322581
0.0322775
0.0322969
0.0323163
0.0323357
0.0323552
0.0323746
0.032394
0.0324134
0.0324328
0.0324523
0.0324717
0.0324912
0.0325106
0.0325301
0.0325495
0.032569
0.0325885
0.032608
0.0326274
0.0326469
0.0326664
0.0326859
0.0327054
0.0327249
0.0327444
0.0327639
0.0327835
0.032803
0.0328225
0.032842
0.0328616
0.0328811
0.0329007
0.0329202
0.0329398
0.0329594
0.0329789
0.0329985
0.0330181
0.0330377
0.0330573
0.0330769
0.0330965
0.0331161
0.0331357
0.0331553
0.0331749
0.0331945
0.0332142
0.0332338
0.0332534
0.0332731
0.0332927
0.0333124
0.033332
0.0333517
0.0333714
0.033391
0.0334107
0.0334304
0.0334501
0.0334698
0.0334895
0.0335092
0.0335289
0.0335486
0.0335683
0.033588
0.0336078
0.0336275
0.0336472
0.033667
0.0336867
0.0337065
0.0337262
0.033746
0.0337657
0.0337855
0.0338053
0.0338251
0.0338449
0.0338646
0.0338844
0.0339042
0.033924
0.0339439
0.0339637
0.0339835
0.0340033
0.0340231
0.034043
0.0340628
0.0340827
0.0341025
0.0341224
0.0341422
0.0341621
0.034182
0.0342018
0.0342217
0.0342416
0.0342615
0.0342814
0.0343013
0.0343212
0.0343411
0.034361
0.0343809
0.0344008
0.0344207
0.0344407
0.0344606
0.0344805
0.0345005
0.0345204
0.0345404
0.0345604
0.0345803
0.0346003
0.0346203
0.0346402
0.0346602
0.0346802
0.0347002
0.0347202
0.0347402
0.0347602
0.0347802
0.0348003
0.0348203
0.0348403
0.0348603
0.0348804
0.0349004
0.0349205
0.0349405
0.0349606
0.0349806
0.0350007
0.0350208
0.0350408
0.0350609
0.035081
0.0351011
0.0351212
0.0351413
0.0351614
0.0351815
0.0352016
0.0352217
0.0352419
0.035262
0.0352821
0.0353022
0.0353224
0.0353425
0.0353627
0.0353828
0.035403
0.0354232
0.0354433
0.0354635
0.0354837
0.0355039
0.0355241
0.0355443
0.0355645
0.0355847
0.0356049
0.0356251
0.0356453
0.0356655
0.0356858
0.035706
0.0357262
0.0357465
0.0357667
0.035787
0.0358072
0.0358275
0.0358478
0.035868
0.0358883
0.0359086
0.0359289
0.0359492
0.0359695
0.0359898
0.0360101
0.0360304
0.0360507
0.036071
0.0360913
0.0361116
0.036132
0.0361523
0.0361727
0.036193
0.0362134
0.0362337
0.0362541
0.0362744
0.0362948
0.0363152
0.0363356
0.0363559
0.0363763
0.0363967
0.0364171
0.0364375
0.0364579
0.0364783
0.0364988
0.0365192
0.0365396
0.03656
0.0365805
0.0366009
0.0366214
0.0366418
0.0366623
0.0366827
0.0367032
0.0367237
0.0367441
0.0367646
0.0367851
0.0368056
0.0368261
0.0368466
0.0368671
0.0368876
0.0369081
0.0369286
0.0369491
0.0369696
0.0369902
0.0370107
0.0370312
0.0370518
0.0370723
0.0370929
0.0371134
0.037134
0.0371546
0.0371751
0.0371957
0.0372163
0.0372369
0.0372575
0.0372781
0.0372987
0.0373193
0.0373399
0.0373605
0.0373811
0.0374017
0.0374224
0.037443
0.0374636
0.0374843
0.0375049
0.0375256
0.0375462
0.0375669
0.0375876
0.0376082
0.0376289
0.0376496
0.0376703
0.0376909
0.0377116
0.0377323
0.037753
0.0377737
0.0377944
0.0378152
0.0378359
0.0378566
0.0378773
0.0378981
0.0379188
0.0379396
0.0379603
0.0379811
0.0380018
0.0380226
0.0380433
0.0380641
0.0380849
0.0381057
0.0381264
0.0381472
0.038168
0.0381888
0.0382096
0.0382304
0.0382512
0.0382721
0.0382929
0.0383137
0.0383345
0.0383554
0.0383762
0.0383971
0.0384179
0.0384388
0.0384596
0.0384805
0.0385013
0.0385222
0.0385431
0.038564
0.0385849
0.0386057
0.0386266
0.0386475
0.0386684
0.0386894
0.0387103
0.0387312
0.0387521
0.038773
0.038794
0.0388149
0.0388358
0.0388568
0.0388777
0.0388987
0.0389196
0.0389406
0.0389616
0.0389825
0.0390035
0.0390245
0.0390455
0.0390665
0.0390875
0.0391085
0.0391295
0.0391505
0.0391715
0.0391925
0.0392135
0.0392346
0.0392556
0.0392766
0.0392977
0.0393187
0.0393398
0.0393608
0.0393819
0.0394029
0.039424
0.0394451
0.0394661
0.0394872
0.0395083
0.0395294
0.0395505
0.0395716
0.0395927
0.0396138
0.0396349
0.039656
0.0396772
0.0396983
0.0397194
0.0397405
0.0397617
0.0397828
0.039804
0.0398251
0.0398463
0.0398675
0.0398886
0.0399098
0.039931
0.0399521
0.0399733
0.0399945
0.0400157
0.0400369
0.0400581
0.0400793
0.0401005
0.0401217
0.040143
0.0401642
0.0401854
0.0402066
0.0402279
0.0402491
0.0402704
0.0402916
0.0403129
0.0403341
0.0403554
0.0403767
0.040398
0.0404192
0.0404405
0.0404618
0.0404831
0.0405044
0.0405257
0.040547
0.0405683
0.0405896
0.0406109
0.0406323
0.0406536
0.0406749
0.0406963
0.0407176
0.0407389
0.0407603
0.0407816
0.040803
0.0408244
0.0408457
0.0408671
0.0408885
0.0409099
0.0409312
0.0409526
0.040974
0.0409954
0.0410168
0.0410382
0.0410596
0.0410811
0.0411025
0.0411239
0.0411453
0.0411668
0.0411882
0.0412096
0.0412311
0.0412525
0.041274
0.0412955
0.0413169
0.0413384
0.0413599
0.0413813
0.0414028
0.0414243
0.0414458
0.0414673
0.0414888
0.0415103
0.0415318
0.0415533
0.0415748
0.0415964
0.0416179
0.0416394
0.041661
0.0416825
0.041704
0.0417256
0.0417471
0.0417687
0.0417903
0.0418118
0.0418334
0.041855
0.0418765
0.0418981
0.0419197
0.0419413
0.0419629
0.0419845
0.0420061
0.0420277
0.0420493
0.0420709
0.0420926
0.0421142
0.0421358
0.0421575
0.0421791
0.0422007
0.0422224
0.042244
0.0422657
0.0422874
0.042309
0.0423307
0.0423524
0.0423741
0.0423957
0.0424174
0.0424391
0.0424608
0.0424825
0.0425042
0.0425259
0.0425476
0.0425694
0.0425911
0.0426128
0.0426345
0.0426563
0.042678
0.0426998
0.0427215
0.0427433
0.042765
0.0427868
0.0428085
0.0428303
0.0428521
0.0428739
0.0428957
0.0429174
0.0429392
0.042961
0.0429828
0.0430046
0.0430264
0.0430483
0.0430701
0.0430919
0.0431137
0.0431355
0.0431574
0.0431792
0.0432011
0.0432229
0.0432448
0.0432666
0.0432885
0.0433103
0.0433322
0.0433541
0.043376
0.0433978
0.0434197
0.0434416
0.0434635
0.0434854
0.0435073
0.0435292
0.0435511
0.0435731
0.043595
0.0436169
0.0436388
0.0436608
0.0436827
0.0437046
0.0437266
0.0437485
0.0437705
0.0437925
0.0438144
0.0438364
0.0438584
0.0438803
0.0439023
0.0439243
0.0439463
0.0439683
0.0439903
0.0440123
0.0440343
0.0440563
0.0440783
0.0441003
0.0441223
0.0441444
0.0441664
0.0441884
0.0442105
0.0442325
0.0442546
0.0442766
0.0442987
0.0443207
0.0443428
0.0443649
0.044387
0.044409
0.0444311
0.0444532
0.0444753
0.0444974
0.0445195
0.0445416
0.0445637
0.0445858
0.0446079
0.04463
0.0446522
0.0446743
0.0446964
0.0447186
0.0447407
0.0447629
0.044785
0.0448072
0.0448293
0.0448515
0.0448736
0.0448958
0.044918
0.0449402
0.0449623
0.0449845
0.0450067
0.0450289
0.0450511
0.0450733
0.0450955
0.0451177
0.04514
0.0451622
0.0451844
0.0452066
0.0452289
0.0452511
0.0452734
0.0452956
0.0453179
0.0453401
0.0453624
0.0453846
0.0454069
0.0454292
0.0454514
0.0454737
0.045496
0.0455183
0.0455406
0.0455629
0.0455852
0.0456075
0.0456298
0.0456521
0.0456744
0.0456967
0.0457191
0.0457414
0.0457637
0.0457861
0.0458084
0.0458308
0.0458531
0.0458755
0.0458978
0.0459202
0.0459426
0.0459649
0.0459873
0.0460097
0.0460321
0.0460545
0.0460768
0.0460992
0.0461216
0.046144
0.0461665
0.0461889
0.0462113
0.0462337
0.0462561
0.0462786
0.046301
0.0463234
0.0463459
0.0463683
0.0463908
0.0464132
0.0464357
0.0464581
0.0464806
0.0465031
0.0465255
0.046548
0.0465705
0.046593
0.0466155
0.046638
0.0466605
0.046683
0.0467055
0.046728
0.0467505
0.046773
0.0467956
0.0468181
0.0468406
0.0468632
0.0468857
0.0469082
0.0469308
0.0469533
0.0469759
0.0469985
0.047021
0.0470436
0.0470662
0.0470887
0.0471113
0.0471339
0.0471565
0.0471791
0.0472017
0.0472243
0.0472469
0.0472695
0.0472921
0.0473147
0.0473374
0.04736
0.0473826
0.0474052
0.0474279
0.0474505
0.0474732
0.0474958
0.0475185
0.0475411
0.0475638
0.0475865
0.0476091
0.0476318
0.0476545
0.0476772
0.0476999
0.0477225
0.0477452
0.0477679
0.0477906
0.0478133
0.0478361
0.0478588
0.0478815
0.0479042
0.0479269
0.0479497
0.0479724
0.0479952
0.0480179
0.0480406
0.0480634
0.0480861
0.0481089
0.0481317
0.0481544
0.0481772
0.0482
0.0482228
0.0482455
0.0482683
0.0482911
0.0483139
0.0483367
0.0483595
0.0483823
0.0484051
0.048428
0.0484508
0.0484736
0.0484964
0.0485193
0.0485421
0.0485649
0.0485878
0.0486106
0.0486335
0.0486563
0.0486792
0.0487021
0.0487249
0.0487478
0.0487707
0.0487936
0.0488164
0.0488393
0.0488622
0.0488851
0.048908
0.0489309
0.0489538
0.0489767
0.0489997
0.0490226
0.0490455
0.0490684
0.0490914
0.0491143
0.0491372
0.0491602
0.0491831
0.0492061
0.049229
0.049252
0.049275
0.0492979
0.0493209
0.0493439
0.0493669
0.0493898
0.0494128
0.0494358
0.0494588
0.0494818
0.0495048
0.0495278
0.0495508
0.0495738
0.0495969
0.0496199
0.0496429
0.0496659
0.049689
0.049712
0.0497351
0.0497581
0.0497812
0.0498042
0.0498273
0.0498503
0.0498734
0.0498965
0.0499195
0.0499426
0.0499657
0.0499888
0.0500119
0.050035
0.0500581
0.0500812
0.0501043
0.0501274
0.0501505
0.0501736
0.0501967
0.0502199
0.050243
0.0502661
0.0502893
0.0503124
0.0503355
0.0503587
0.0503818
0.050405
0.0504282
0.0504513
0.0504745
0.0504977
0.0505208
0.050544
0.0505672
0.0505904
0.0506136
0.0506368
0.05066
0.0506832
0.0507064
0.0507296
0.0507528
0.050776
0.0507993
0.0508225
0.0508457
0.050869
0.0508922
0.0509154
0.0509387
0.0509619
0.0509852
0.0510084
0.0510317
0.051055
0.0510782
0.0511015
0.0511248
0.0511481
0.0511714
0.0511946
0.0512179
0.0512412
0.0512645
0.0512878
0.0513111
0.0513345
0.0513578
0.0513811
0.0514044
0.0514277
0.0514511
0.0514744
0.0514977
0.0515211
0.0515444
0.0515678
0.0515911
0.0516145
0.0516379
0.0516612
0.0516846
0.051708
0.0517314
0.0517547
0.0517781
0.0518015
0.0518249
0.0518483
0.0518717
0.0518951
0.0519185
0.0519419
0.0519653
0.0519888
0.0520122
0.0520356
0.052059
0.0520825
0.0521059
0.0521294
0.0521528
0.0521763
0.0521997
0.0522232
0.0522466
0.0522701
0.0522936
0.052317
0.0523405
0.052364
0.0523875
0.052411
0.0524345
0.052458
0.0524815
0.052505
0.0525285
0.052552
0.0525755
0.052599
0.0526225
0.0526461
0.0526696
0.0526931
0.0527167
0.0527402
0.0527637
0.0527873
0.0528109
0.0528344
0.052858
0.0528815
0.0529051
0.0529287
0.0529522
0.0529758
0.0529994
0.053023
0.0530466
0.0530702
0.0530938
0.0531174
0.053141
0.0531646
0.0531882
0.0532118
0.0532355
0.0532591
0.0532827
0.0533063
0.05333
0.0533536
0.0533773
0.0534009
0.0534246
0.0534482
0.0534719
0.0534955
0.0535192
0.0535429
0.0535665
0.0535902
0.0536139
0.0536376
0.0536613
0.053685
0.0537087
0.0537324
0.0537561
0.0537798
0.0538035
0.0538272
0.0538509
0.0538746
0.0538984
0.0539221
0.0539458
0.0539696
0.0539933
0.0540171
0.0540408
0.0540646
0.0540883
0.0541121
0.0541358
0.0541596
0.0541834
0.0542071
0.0542309
0.0542547
0.0542785
0.0543023
0.0543261
0.0543499
0.0543737
0.0543975
0.0544213
0.0544451
0.0544689
0.0544927
0.0545166
0.0545404
0.0545642
0.054588
0.0546119
0.0546357
0.0546596
0.0546834
0.0547073
0.0547311
0.054755
0.0547789
0.0548027
0.0548266
0.0548505
0.0548743
0.0548982
0.0549221
0.054946
0.0549699
0.0549938
0.0550177
0.0550416
0.0550655
0.0550894
0.0551133
0.0551373
0.0551612
0.0551851
0.055209
0.055233
0.0552569
0.0552808
0.0553048
0.0553287
0.0553527
0.0553766
0.0554006
0.0554246
0.0554485
0.0554725
0.0554965
0.0555205
0.0555444
0.0555684
0.0555924
0.0556164
0.0556404
0.0556644
0.0556884
0.0557124
0.0557364
0.0557604
0.0557844
0.0558085
0.0558325
0.0558565
0.0558806
0.0559046
0.0559286
0.0559527
0.0559767
0.0560008
0.0560248
0.0560489
0.0560729
0.056097
0.0561211
0.0561452
0.0561692
0.0561933
0.0562174
0.0562415
0.0562656
0.0562897
0.0563138
0.0563379
0.056362
0.0563861
0.0564102
0.0564343
0.0564584
0.0564825
0.0565067
0.0565308
0.0565549
0.0565791
0.0566032
0.0566274
0.0566515
0.0566757
0.0566998
0.056724
0.0567481
0.0567723
0.0567965
0.0568206
0.0568448
0.056869
0.0568932
0.0569174
0.0569416
0.0569658
0.05699
0.0570142
0.0570384
0.0570626
0.0570868
0.057111
0.0571352
0.0571595
0.0571837
0.0572079
0.0572321
0.0572564
0.0572806
0.0573049
0.0573291
0.0573534
0.0573776
0.0574019
0.0574261
0.0574504
0.0574747
0.057499
0.0575232
0.0575475
0.0575718
0.0575961
0.0576204
0.0576447
0.057669
0.0576933
0.0577176
0.0577419
0.0577662
0.0577905
0.0578148
0.0578392
0.0578635
0.0578878
0.0579122
0.0579365
0.0579608
0.0579852
0.0580095
0.0580339
0.0580582
0.0580826
0.058107
0.0581313
0.0581557
0.0581801
0.0582044
0.0582288
0.0582532
0.0582776
0.058302
0.0583264
0.0583508
0.0583752
0.0583996
0.058424
0.0584484
0.0584728
0.0584972
0.0585217
0.0585461
0.0585705
0.058595
0.0586194
0.0586438
0.0586683
0.0586927
0.0587172
0.0587416
0.0587661
0.0587905
0.058815
0.0588395
0.058864
0.0588884
0.0589129
0.0589374
0.0589619
0.0589864
0.0590109
0.0590354
0.0590599
0.0590844
0.0591089
0.0591334
0.0591579
0.0591824
0.0592069
0.0592314
0.059256
0.0592805
0.059305
0.0593296
0.0593541
0.0593787
0.0594032
0.0594278
0.0594523
0.0594769
0.0595014
0.059526
0.0595506
0.0595752
0.0595997
0.0596243
0.0596489
0.0596735
0.0596981
0.0597227
0.0597473
0.0597719
0.0597965
0.0598211
0.0598457
0.0598703
0.0598949
0.0599195
0.0599442
0.0599688
0.0599934
0.0600181
0.0600427
0.0600673
0.060092
0.0601166
0.0601413
0.0601659
0.0601906
0.0602153
0.0602399
0.0602646
0.0602893
0.0603139
0.0603386
0.0603633
0.060388
0.0604127
0.0604374
0.0604621
0.0604868
0.0605115
0.0605362
0.0605609
0.0605856
0.0606103
0.0606351
0.0606598
0.0606845
0.0607092
0.060734
0.0607587
0.0607835
0.0608082
0.0608329
0.0608577
0.0608825
0.0609072
0.060932
0.0609567
0.0609815
0.0610063
0.0610311
0.0610558
0.0610806
0.0611054
0.0611302
0.061155
0.0611798
0.0612046
0.0612294
0.0612542
0.061279
0.0613038
0.0613286
0.0613535
0.0613783
0.0614031
0.0614279
0.0614528
0.0614776
0.0615024
0.0615273
0.0615521
0.061577
0.0616018
0.0616267
0.0616516
0.0616764
0.0617013
0.0617262
0.061751
0.0617759
0.0618008
0.0618257
0.0618506
0.0618755
0.0619003
0.0619252
0.0619501
0.0619751
0.062
0.0620249
0.0620498
0.0620747
0.0620996
0.0621246
0.0621495
0.0621744
0.0621993
0.0622243
0.0622492
0.0622742
0.0622991
0.0623241
0.062349
0.062374
0.0623989
0.0624239
0.0624489
0.0624738
0.0624988
0.0625238
0.0625488
0.0625738
0.0625988
0.0626237
0.0626487
0.0626737
0.0626987
0.0627237
0.0627488
0.0627738
0.0627988
0.0628238
0.0628488
0.0628738
0.0628989
0.0629239
0.0629489
0.062974
0.062999
0.0630241
0.0630491
0.0630742
0.0630992
0.0631243
0.0631493
0.0631744
0.0631995
0.0632245
0.0632496
0.0632747
0.0632998
0.0633249
0.06335
0.063375
0.0634001
0.0634252
0.0634503
0.0634754
0.0635006
0.0635257
0.0635508
0.0635759
0.063601
0.0636261
0.0636513
0.0636764
0.0637015
0.0637267
0.0637518
0.063777
0.0638021
0.0638273
0.0638524
0.0638776
0.0639027
0.0639279
0.0639531
0.0639782
0.0640034
0.0640286
0.0640538
0.0640789
0.0641041
0.0641293
0.0641545
0.0641797
0.0642049
0.0642301
0.0642553
0.0642805
0.0643057
0.064331
0.0643562
0.0643814
0.0644066
0.0644319
0.0644571
0.0644823
0.0645076
0.0645328
0.064558
0.0645833
0.0646086
0.0646338
0.0646591
0.0646843
0.0647096
0.0647349
0.0647601
0.0647854
0.0648107
0.064836
0.0648613
0.0648865
0.0649118
0.0649371
0.0649624
0.0649877
0.065013
0.0650383
0.0650636
0.065089
0.0651143
0.0651396
0.0651649
0.0651902
0.0652156
0.0652409
0.0652662
0.0652916
0.0653169
0.0653423
0.0653676
0.065393
0.0654183
0.0654437
0.0654691
0.0654944
0.0655198
0.0655452
0.0655705
0.0655959
0.0656213
0.0656467
0.0656721
0.0656975
0.0657228
0.0657482
0.0657736
0.0657991
0.0658245
0.0658499
0.0658753
0.0659007
0.0659261
0.0659515
0.065977
0.0660024
0.0660278
0.0660533
0.0660787
0.0661041
0.0661296
0.066155
0.0661805
0.0662059
0.0662314
0.0662569
0.0662823
0.0663078
0.0663333
0.0663587
0.0663842
0.0664097
0.0664352
0.0664607
0.0664862
0.0665117
0.0665372
0.0665627
0.0665882
0.0666137
0.0666392
0.0666647
0.0666902
0.0667157
0.0667412
0.0667668
0.0667923
0.0668178
0.0668434
0.0668689
0.0668944
0.06692
0.0669455
0.0669711
0.0669966
0.0670222
0.0670477
0.0670733
0.0670989
0.0671244
0.06715
0.0671756
0.0672012
0.0672268
0.0672523
0.0672779
0.0673035
0.0673291
0.0673547
0.0673803
0.0674059
0.0674315
0.0674571
0.0674827
0.0675084
0.067534
0.0675596
0.0675852
0.0676109
0.0676365
0.0676621
0.0676878
0.0677134
0.0677391
0.0677647
0.0677904
0.067816
0.0678417
0.0678673
0.067893
0.0679187
0.0679443
0.06797
0.0679957
0.0680213
0.068047
0.0680727
0.0680984
0.0681241
0.0681498
0.0681755
0.0682012
0.0682269
0.0682526
0.0682783
0.068304
0.0683297
0.0683555
0.0683812
0.0684069
0.0684326
0.0684584
0.0684841
0.0685098
0.0685356
0.0685613
0.0685871
0.0686128
0.0686386
0.0686643
0.0686901
0.0687159
0.0687416
0.0687674
0.0687932
0.0688189
0.0688447
0.0688705
0.0688963
0.0689221
0.0689479
0.0689737
0.0689994
0.0690252
0.069051
0.0690769
0.0691027
0.0691285
0.0691543
0.0691801
0.0692059
0.0692318
0.0692576
0.0692834
0.0693092
0.0693351
0.0693609
0.0693868
0.0694126
0.0694385
0.0694643
0.0694902
0.069516
0.0695419
0.0695677
0.0695936
0.0696195
0.0696454
0.0696712
0.0696971
0.069723
0.0697489
0.0697748
0.0698007
0.0698266
0.0698525
0.0698784
0.0699043
0.0699302
0.0699561
0.069982
0.0700079
0.0700338
0.0700597
0.0700857
0.0701116
0.0701375
0.0701635
0.0701894
0.0702153
0.0702413
0.0702672
0.0702932
0.0703191
0.0703451
0.070371
0.070397
0.070423
0.0704489
0.0704749
0.0705009
0.0705269
0.0705528
0.0705788
0.0706048
0.0706308
0.0706568
0.0706828
0.0707088
0.0707348
0.0707608
0.0707868
0.0708128
0.0708388
0.0708648
0.0708908
0.0709169
0.0709429
0.0709689
0.070995
0.071021
0.071047
0.0710731
0.0710991
0.0711251
0.0711512
0.0711772
0.0712033
0.0712294
0.0712554
0.0712815
0.0713076
0.0713336
0.0713597
0.0713858
0.0714118
0.0714379
0.071464
0.0714901
0.0715162
0.0715423
0.0715684
0.0715945
0.0716206
0.0716467
0.0716728
0.0716989
0.071725
0.0717511
0.0717773
0.0718034
0.0718295
0.0718556
0.0718818
0.0719079
0.071934
0.0719602
0.0719863
0.0720125
0.0720386
0.0720648
0.0720909
0.0721171
0.0721433
0.0721694
0.0721956
0.0722218
0.0722479
0.0722741
0.0723003
0.0723265
0.0723527
0.0723788
0.072405
0.0724312
0.0724574
0.0724836
0.0725098
0.072536
0.0725622
0.0725885
0.0726147
0.0726409
0.0726671
0.0726933
0.0727196
0.0727458
0.072772
0.0727983
0.0728245
0.0728507
0.072877
0.0729032
0.0729295
0.0729557
0.072982
0.0730082
0.0730345
0.0730608
0.073087
0.0731133
0.0731396
0.0731659
0.0731921
0.0732184
0.0732447
0.073271
0.0732973
0.0733236
0.0733499
0.0733762
0.0734025
0.0734288
0.0734551
0.0734814
0.0735077
0.073534
0.0735604
0.0735867
0.073613
0.0736393
0.0736657
0.073692
0.0737183
0.0737447
0.073771
0.0737974
0.0738237
0.0738501
0.0738764
0.0739028
0.0739291
0.0739555
0.0739819
0.0740082
0.0740346
0.074061
0.0740874
0.0741137
0.0741401
0.0741665
0.0741929
0.0742193
0.0742457
0.0742721
0.0742985
0.0743249
0.0743513
0.0743777
0.0744041
0.0744305
0.074457
0.0744834
0.0745098
0.0745362
0.0745627
0.0745891
0.0746155
0.074642
0.0746684
0.0746949
0.0747213
0.0747478
0.0747742
0.0748007
0.0748271
0.0748536
0.07488
0.0749065
0.074933
0.0749595
0.0749859
0.0749859
