0
3.37014e-15
5.38448e-14
2.72197e-13
8.59041e-13
2.09426e-12
4.33641e-12
8.0222e-12
1.36659e-11
2.18587e-11
3.32683e-11
4.86383e-11
6.87875e-11
9.46097e-11
1.27073e-10
1.67218e-10
2.1616e-10
2.75086e-10
3.45257e-10
4.28001e-10
5.24722e-10
6.36892e-10
7.66052e-10
9.13816e-10
1.08186e-09
1.27194e-09
1.48587e-09
1.72553e-09
1.99287e-09
2.28992e-09
2.61875e-09
2.98152e-09
3.38043e-09
3.81777e-09
4.29587e-09
4.81715e-09
5.38406e-09
5.99915e-09
6.66499e-09
7.38426e-09
8.15965e-09
8.99394e-09
9.88998e-09
1.08507e-08
1.18789e-08
1.29778e-08
1.41503e-08
1.53996e-08
1.6729e-08
1.81415e-08
1.96406e-08
2.12296e-08
2.29118e-08
2.46908e-08
2.65701e-08
2.85532e-08
3.06438e-08
3.28456e-08
3.51622e-08
3.75976e-08
4.01554e-08
4.28397e-08
4.56543e-08
4.86032e-08
5.16905e-08
5.49203e-08
5.82967e-08
6.18239e-08
6.55061e-08
6.93476e-08
7.33529e-08
7.75261e-08
8.18718e-08
8.63945e-08
9.10987e-08
9.59888e-08
1.0107e-07
1.06346e-07
1.11822e-07
1.17503e-07
1.23393e-07
1.29498e-07
1.35822e-07
1.42371e-07
1.49148e-07
1.5616e-07
1.6341e-07
1.70906e-07
1.7865e-07
1.86649e-07
1.94908e-07
2.03432e-07
2.12226e-07
2.21296e-07
2.30647e-07
2.40285e-07
2.50214e-07
2.60441e-07
2.7097e-07
2.81808e-07
2.9296e-07
3.04432e-07
3.16229e-07
3.28357e-07
3.40822e-07
3.5363e-07
3.66785e-07
3.80295e-07
3.94165e-07
4.08401e-07
4.23009e-07
4.37995e-07
4.53365e-07
4.69124e-07
4.8528e-07
5.01838e-07
5.18804e-07
5.36184e-07
5.53985e-07
5.72213e-07
5.90874e-07
6.09974e-07
6.29521e-07
6.49519e-07
6.69975e-07
6.90897e-07
7.1229e-07
7.3416e-07
7.56515e-07
7.7936e-07
8.02703e-07
8.2655e-07
8.50907e-07
8.75781e-07
9.01179e-07
9.27108e-07
9.53574e-07
9.80583e-07
1.00814e-06
1.03626e-06
1.06494e-06
1.0942e-06
1.12403e-06
1.15444e-06
1.18545e-06
1.21705e-06
1.24927e-06
1.28209e-06
1.31553e-06
1.3496e-06
1.38431e-06
1.41965e-06
1.45564e-06
1.49229e-06
1.5296e-06
1.56757e-06
1.60623e-06
1.64556e-06
1.68559e-06
1.72632e-06
1.76775e-06
1.80989e-06
1.85275e-06
1.89634e-06
1.94067e-06
1.98573e-06
2.03155e-06
2.07812e-06
2.12545e-06
2.17356e-06
2.22244e-06
2.27211e-06
2.32257e-06
2.37384e-06
2.42591e-06
2.4788e-06
2.53251e-06
2.58705e-06
2.64244e-06
2.69866e-06
2.75575e-06
2.81369e-06
2.8725e-06
2.93219e-06
2.99276e-06
3.05422e-06
3.11659e-06
3.17986e-06
3.24404e-06
3.30915e-06
3.37519e-06
3.44217e-06
3.51009e-06
3.57896e-06
3.6488e-06
3.71961e-06
3.79139e-06
3.86416e-06
3.93792e-06
4.01268e-06
4.08845e-06
4.16524e-06
4.24304e-06
4.32189e-06
4.40177e-06
4.4827e-06
4.56468e-06
4.64773e-06
4.73185e-06
4.81704e-06
4.90333e-06
4.99071e-06
5.07919e-06
5.16879e-06
5.2595e-06
5.35134e-06
5.44432e-06
5.53844e-06
5.63371e-06
5.73014e-06
5.82773e-06
5.92651e-06
6.02646e-06
6.12761e-06
6.22995e-06
6.33351e-06
6.43827e-06
6.54427e-06
6.65149e-06
6.75995e-06
6.86966e-06
6.98063e-06
7.09286e-06
7.20637e-06
7.32115e-06
7.43722e-06
7.55459e-06
7.67326e-06
7.79325e-06
7.91455e-06
8.03719e-06
8.16116e-06
8.28648e-06
8.41315e-06
8.54118e-06
8.67059e-06
8.80137e-06
8.93354e-06
9.0671e-06
9.20206e-06
9.33844e-06
9.47623e-06
9.61545e-06
9.75611e-06
9.89821e-06
1.00418e-05
1.01868e-05
1.03332e-05
1.04812e-05
1.06306e-05
1.07816e-05
1.0934e-05
1.10879e-05
1.12434e-05
1.14004e-05
1.15589e-05
1.1719e-05
1.18806e-05
1.20438e-05
1.22085e-05
1.23748e-05
1.25427e-05
1.27122e-05
1.28833e-05
1.3056e-05
1.32303e-05
1.34062e-05
1.35838e-05
1.3763e-05
1.39438e-05
1.41263e-05
1.43105e-05
1.44963e-05
1.46839e-05
1.48731e-05
1.5064e-05
1.52566e-05
1.5451e-05
1.5647e-05
1.58448e-05
1.60444e-05
1.62456e-05
1.64487e-05
1.66535e-05
1.686e-05
1.70684e-05
1.72785e-05
1.74904e-05
1.77042e-05
1.79197e-05
1.81371e-05
1.83563e-05
1.85773e-05
1.88002e-05
1.9025e-05
1.92516e-05
1.948e-05
1.97104e-05
1.99426e-05
2.01767e-05
2.04128e-05
2.06507e-05
2.08906e-05
2.11324e-05
2.13761e-05
2.16217e-05
2.18694e-05
2.21189e-05
2.23705e-05
2.2624e-05
2.28795e-05
2.3137e-05
2.33965e-05
2.3658e-05
2.39215e-05
2.4187e-05
2.44546e-05
2.47242e-05
2.49959e-05
2.52696e-05
2.55454e-05
2.58233e-05
2.61032e-05
2.63852e-05
2.66694e-05
2.69556e-05
2.72439e-05
2.75344e-05
2.7827e-05
2.81217e-05
2.84186e-05
2.87176e-05
2.90188e-05
2.93222e-05
2.96277e-05
2.99354e-05
3.02453e-05
3.05574e-05
3.08717e-05
3.11883e-05
3.1507e-05
3.1828e-05
3.21513e-05
3.24767e-05
3.28045e-05
3.31345e-05
3.34668e-05
3.38013e-05
3.41382e-05
3.44773e-05
3.48187e-05
3.51625e-05
3.55086e-05
3.5857e-05
3.62077e-05
3.65608e-05
3.69162e-05
3.7274e-05
3.76341e-05
3.79967e-05
3.83616e-05
3.87289e-05
3.90986e-05
3.94707e-05
3.98452e-05
4.02221e-05
4.06015e-05
4.09833e-05
4.13675e-05
4.17542e-05
4.21433e-05
4.2535e-05
4.29291e-05
4.33256e-05
4.37247e-05
4.41263e-05
4.45303e-05
4.49369e-05
4.5346e-05
4.57577e-05
4.61718e-05
4.65885e-05
4.70078e-05
4.74296e-05
4.7854e-05
4.8281e-05
4.87105e-05
4.91426e-05
4.95774e-05
5.00147e-05
5.04546e-05
5.08972e-05
5.13424e-05
5.17902e-05
5.22407e-05
5.26938e-05
5.31496e-05
5.3608e-05
5.40691e-05
5.45329e-05
5.49994e-05
5.54685e-05
5.59404e-05
5.6415e-05
5.68922e-05
5.73723e-05
5.7855e-05
5.83405e-05
5.88287e-05
5.93197e-05
5.98134e-05
6.031e-05
6.08092e-05
6.13113e-05
6.18162e-05
6.23238e-05
6.28343e-05
6.33475e-05
6.38636e-05
6.43825e-05
6.49043e-05
6.54289e-05
6.59563e-05
6.64866e-05
6.70197e-05
6.75558e-05
6.80946e-05
6.86364e-05
6.91811e-05
6.97287e-05
7.02791e-05
7.08325e-05
7.13888e-05
7.1948e-05
7.25102e-05
7.30753e-05
7.36433e-05
7.42144e-05
7.47883e-05
7.53652e-05
7.59452e-05
7.6528e-05
7.71139e-05
7.77028e-05
7.82947e-05
7.88896e-05
7.94875e-05
8.00884e-05
8.06924e-05
8.12994e-05
8.19094e-05
8.25225e-05
8.31387e-05
8.37579e-05
8.43802e-05
8.50056e-05
8.5634e-05
8.62656e-05
8.69002e-05
8.7538e-05
8.81789e-05
8.88229e-05
8.947e-05
9.01202e-05
9.07736e-05
9.14302e-05
9.20899e-05
9.27527e-05
9.34187e-05
9.40879e-05
9.47603e-05
9.54359e-05
9.61146e-05
9.67966e-05
9.74818e-05
9.81702e-05
9.88618e-05
9.95566e-05
0.000100255
0.000100956
0.000101661
0.000102368
0.000103079
0.000103794
0.000104511
0.000105232
0.000105956
0.000106684
0.000107415
0.000108149
0.000108886
0.000109627
0.000110371
0.000111118
0.000111869
0.000112623
0.00011338
0.000114141
0.000114905
0.000115673
0.000116443
0.000117218
0.000117995
0.000118776
0.000119561
0.000120348
0.00012114
0.000121934
0.000122732
0.000123534
0.000124339
0.000125147
0.000125959
0.000126774
0.000127593
0.000128415
0.000129241
0.00013007
0.000130903
0.000131739
0.000132579
0.000133422
0.000134269
0.000135119
0.000135973
0.00013683
0.000137691
0.000138555
0.000139423
0.000140294
0.000141169
0.000142048
0.00014293
0.000143816
0.000144705
0.000145598
0.000146494
0.000147395
0.000148298
0.000149206
0.000150116
0.000151031
0.000151949
0.000152871
0.000153796
0.000154726
0.000155658
0.000156595
0.000157535
0.000158479
0.000159426
0.000160377
0.000161332
0.00016229
0.000163253
0.000164218
0.000165188
0.000166161
0.000167138
0.000168119
0.000169104
0.000170092
0.000171084
0.00017208
0.000173079
0.000174082
0.000175089
0.0001761
0.000177115
0.000178133
0.000179155
0.000180181
0.000181211
0.000182244
0.000183282
0.000184323
0.000185368
0.000186417
0.000187469
0.000188526
0.000189586
0.00019065
0.000191718
0.00019279
0.000193866
0.000194945
0.000196029
0.000197116
0.000198207
0.000199303
0.000200402
0.000201504
0.000202611
0.000203722
0.000204837
0.000205955
0.000207078
0.000208204
0.000209335
0.000210469
0.000211607
0.000212749
0.000213896
0.000215046
0.0002162
0.000217358
0.00021852
0.000219686
0.000220856
0.00022203
0.000223208
0.00022439
0.000225576
0.000226766
0.00022796
0.000229158
0.00023036
0.000231566
0.000232776
0.00023399
0.000235209
0.000236431
0.000237657
0.000238888
0.000240122
0.000241361
0.000242603
0.00024385
0.000245101
0.000246356
0.000247615
0.000248878
0.000250145
0.000251416
0.000252692
0.000253971
0.000255255
0.000256542
0.000257834
0.00025913
0.00026043
0.000261735
0.000263043
0.000264356
0.000265673
0.000266993
0.000268319
0.000269648
0.000270981
0.000272319
0.000273661
0.000275007
0.000276357
0.000277711
0.00027907
0.000280433
0.0002818
0.000283171
0.000284546
0.000285926
0.00028731
0.000288698
0.000290091
0.000291487
0.000292888
0.000294293
0.000295703
0.000297116
0.000298534
0.000299956
0.000301383
0.000302814
0.000304249
0.000305688
0.000307131
0.000308579
0.000310032
0.000311488
0.000312949
0.000314414
0.000315883
0.000317357
0.000318835
0.000320318
0.000321804
0.000323295
0.000324791
0.000326291
0.000327795
0.000329303
0.000330816
0.000332333
0.000333855
0.000335381
0.000336911
0.000338446
0.000339985
0.000341528
0.000343076
0.000344628
0.000346185
0.000347746
0.000349311
0.000350881
0.000352455
0.000354034
0.000355617
0.000357204
0.000358796
0.000360392
0.000361993
0.000363598
0.000365208
0.000366822
0.000368441
0.000370064
0.000371691
0.000373323
0.00037496
0.0003766
0.000378246
0.000379896
0.00038155
0.000383209
0.000384872
0.00038654
0.000388212
0.000389889
0.00039157
0.000393256
0.000394946
0.000396641
0.00039834
0.000400044
0.000401752
0.000403465
0.000405182
0.000406904
0.000408631
0.000410362
0.000412097
0.000413837
0.000415582
0.000417331
0.000419085
0.000420843
0.000422606
0.000424373
0.000426145
0.000427922
0.000429703
0.000431489
0.000433279
0.000435074
0.000436874
0.000438678
0.000440487
0.0004423
0.000444118
0.00044594
0.000447768
0.000449599
0.000451436
0.000453277
0.000455122
0.000456973
0.000458827
0.000460687
0.000462551
0.00046442
0.000466293
0.000468171
0.000470054
0.000471942
0.000473834
0.00047573
0.000477632
0.000479538
0.000481448
0.000483364
0.000485284
0.000487209
0.000489138
0.000491072
0.000493011
0.000494954
0.000496903
0.000498855
0.000500813
0.000502775
0.000504742
0.000506714
0.00050869
0.000510671
0.000512657
0.000514648
0.000516643
0.000518643
0.000520648
0.000522657
0.000524671
0.00052669
0.000528714
0.000530742
0.000532775
0.000534813
0.000536856
0.000538903
0.000540955
0.000543012
0.000545074
0.000547141
0.000549212
0.000551288
0.000553368
0.000555454
0.000557544
0.000559639
0.000561739
0.000563844
0.000565953
0.000568068
0.000570187
0.000572311
0.000574439
0.000576573
0.000578711
0.000580854
0.000583002
0.000585154
0.000587312
0.000589474
0.000591641
0.000593813
0.00059599
0.000598172
0.000600358
0.00060255
0.000604746
0.000606947
0.000609152
0.000611363
0.000613579
0.000615799
0.000618024
0.000620254
0.000622489
0.000624729
0.000626973
0.000629223
0.000631477
0.000633736
0.000636
0.000638269
0.000640543
0.000642822
0.000645105
0.000647394
0.000649687
0.000651986
0.000654289
0.000656597
0.00065891
0.000661227
0.00066355
0.000665878
0.00066821
0.000670548
0.00067289
0.000675237
0.000677589
0.000679946
0.000682308
0.000684675
0.000687047
0.000689424
0.000691805
0.000694192
0.000696584
0.00069898
0.000701381
0.000703788
0.000706199
0.000708615
0.000711036
0.000713462
0.000715893
0.000718329
0.00072077
0.000723216
0.000725667
0.000728123
0.000730583
0.000733049
0.00073552
0.000737995
0.000740476
0.000742961
0.000745452
0.000747948
0.000750448
0.000752953
0.000755464
0.000757979
0.0007605
0.000763025
0.000765555
0.000768091
0.000770631
0.000773176
0.000775727
0.000778282
0.000780842
0.000783408
0.000785978
0.000788553
0.000791134
0.000793719
0.000796309
0.000798905
0.000801505
0.00080411
0.000806721
0.000809336
0.000811956
0.000814582
0.000817212
0.000819848
0.000822488
0.000825134
0.000827784
0.00083044
0.000833101
0.000835766
0.000838437
0.000841113
0.000843793
0.000846479
0.00084917
0.000851866
0.000854567
0.000857273
0.000859984
0.0008627
0.000865421
0.000868147
0.000870879
0.000873615
0.000876356
0.000879103
0.000881854
0.000884611
0.000887372
0.000890139
0.000892911
0.000895688
0.00089847
0.000901256
0.000904049
0.000906846
0.000909648
0.000912455
0.000915267
0.000918085
0.000920907
0.000923735
0.000926568
0.000929405
0.000932248
0.000935096
0.000937949
0.000940807
0.000943671
0.000946539
0.000949412
0.000952291
0.000955174
0.000958063
0.000960957
0.000963856
0.00096676
0.000969669
0.000972583
0.000975503
0.000978427
0.000981357
0.000984291
0.000987231
0.000990176
0.000993126
0.000996081
0.000999041
0.00100201
0.00100498
0.00100795
0.00101093
0.00101392
0.00101691
0.00101991
0.00102291
0.00102591
0.00102893
0.00103194
0.00103496
0.00103799
0.00104102
0.00104406
0.0010471
0.00105015
0.0010532
0.00105626
0.00105932
0.00106239
0.00106546
0.00106854
0.00107163
0.00107472
0.00107781
0.00108091
0.00108401
0.00108712
0.00109024
0.00109336
0.00109648
0.00109961
0.00110274
0.00110588
0.00110903
0.00111218
0.00111534
0.0011185
0.00112166
0.00112483
0.00112801
0.00113119
0.00113438
0.00113757
0.00114077
0.00114397
0.00114718
0.00115039
0.00115361
0.00115683
0.00116006
0.00116329
0.00116653
0.00116977
0.00117302
0.00117628
0.00117953
0.0011828
0.00118607
0.00118934
0.00119262
0.00119591
0.0011992
0.00120249
0.00120579
0.0012091
0.00121241
0.00121573
0.00121905
0.00122238
0.00122571
0.00122904
0.00123239
0.00123573
0.00123909
0.00124244
0.00124581
0.00124917
0.00125255
0.00125593
0.00125931
0.0012627
0.00126609
0.00126949
0.0012729
0.00127631
0.00127972
0.00128314
0.00128657
0.00129
0.00129343
0.00129687
0.00130032
0.00130377
0.00130723
0.00131069
0.00131416
0.00131763
0.00132111
0.00132459
0.00132808
0.00133157
0.00133507
0.00133857
0.00134208
0.00134559
0.00134911
0.00135264
0.00135617
0.0013597
0.00136324
0.00136679
0.00137034
0.00137389
0.00137745
0.00138102
0.00138459
0.00138817
0.00139175
0.00139534
0.00139893
0.00140253
0.00140613
0.00140974
0.00141335
0.00141697
0.00142059
0.00142422
0.00142785
0.00143149
0.00143514
0.00143879
0.00144244
0.0014461
0.00144977
0.00145344
0.00145712
0.0014608
0.00146448
0.00146817
0.00147187
0.00147557
0.00147928
0.00148299
0.00148671
0.00149043
0.00149416
0.0014979
0.00150163
0.00150538
0.00150913
0.00151288
0.00151664
0.00152041
0.00152418
0.00152795
0.00153173
0.00153552
0.00153931
0.00154311
0.00154691
0.00155071
0.00155453
0.00155834
0.00156217
0.00156599
0.00156983
0.00157366
0.00157751
0.00158136
0.00158521
0.00158907
0.00159293
0.0015968
0.00160068
0.00160456
0.00160844
0.00161234
0.00161623
0.00162013
0.00162404
0.00162795
0.00163187
0.00163579
0.00163972
0.00164365
0.00164759
0.00165153
0.00165548
0.00165943
0.00166339
0.00166736
0.00167132
0.0016753
0.00167928
0.00168326
0.00168725
0.00169125
0.00169525
0.00169926
0.00170327
0.00170729
0.00171131
0.00171533
0.00171937
0.0017234
0.00172745
0.0017315
0.00173555
0.00173961
0.00174367
0.00174774
0.00175181
0.00175589
0.00175998
0.00176407
0.00176816
0.00177227
0.00177637
0.00178048
0.0017846
0.00178872
0.00179285
0.00179698
0.00180112
0.00180526
0.00180941
0.00181356
0.00181772
0.00182188
0.00182605
0.00183022
0.0018344
0.00183859
0.00184278
0.00184697
0.00185117
0.00185538
0.00185959
0.00186381
0.00186803
0.00187225
0.00187649
0.00188072
0.00188497
0.00188921
0.00189347
0.00189772
0.00190199
0.00190626
0.00191053
0.00191481
0.00191909
0.00192338
0.00192768
0.00193198
0.00193628
0.00194059
0.00194491
0.00194923
0.00195356
0.00195789
0.00196223
0.00196657
0.00197091
0.00197527
0.00197963
0.00198399
0.00198836
0.00199273
0.00199711
0.00200149
0.00200588
0.00201028
0.00201468
0.00201908
0.00202349
0.00202791
0.00203233
0.00203675
0.00204119
0.00204562
0.00205006
0.00205451
0.00205896
0.00206342
0.00206788
0.00207235
0.00207682
0.0020813
0.00208579
0.00209027
0.00209477
0.00209927
0.00210377
0.00210828
0.0021128
0.00211732
0.00212184
0.00212637
0.00213091
0.00213545
0.00214
0.00214455
0.00214911
0.00215367
0.00215824
0.00216281
0.00216739
0.00217197
0.00217656
0.00218115
0.00218575
0.00219036
0.00219497
0.00219958
0.0022042
0.00220882
0.00221345
0.00221809
0.00222273
0.00222738
0.00223203
0.00223668
0.00224135
0.00224601
0.00225069
0.00225536
0.00226005
0.00226473
0.00226943
0.00227412
0.00227883
0.00228354
0.00228825
0.00229297
0.00229769
0.00230242
0.00230716
0.0023119
0.00231664
0.0023214
0.00232615
0.00233091
0.00233568
0.00234045
0.00234523
0.00235001
0.0023548
0.00235959
0.00236439
0.00236919
0.002374
0.00237881
0.00238363
0.00238845
0.00239328
0.00239811
0.00240295
0.0024078
0.00241265
0.0024175
0.00242236
0.00242723
0.0024321
0.00243697
0.00244186
0.00244674
0.00245163
0.00245653
0.00246143
0.00246634
0.00247125
0.00247617
0.00248109
0.00248602
0.00249095
0.00249589
0.00250083
0.00250578
0.00251074
0.0025157
0.00252066
0.00252563
0.0025306
0.00253558
0.00254057
0.00254556
0.00255055
0.00255556
0.00256056
0.00256557
0.00257059
0.00257561
0.00258064
0.00258567
0.00259071
0.00259575
0.0026008
0.00260585
0.00261091
0.00261597
0.00262104
0.00262611
0.00263119
0.00263627
0.00264136
0.00264646
0.00265156
0.00265666
0.00266177
0.00266689
0.00267201
0.00267713
0.00268226
0.0026874
0.00269254
0.00269768
0.00270284
0.00270799
0.00271315
0.00271832
0.00272349
0.00272867
0.00273385
0.00273904
0.00274423
0.00274943
0.00275463
0.00275984
0.00276506
0.00277027
0.0027755
0.00278073
0.00278596
0.0027912
0.00279644
0.00280169
0.00280695
0.00281221
0.00281747
0.00282274
0.00282802
0.0028333
0.00283859
0.00284388
0.00284917
0.00285447
0.00285978
0.00286509
0.00287041
0.00287573
0.00288106
0.00288639
0.00289173
0.00289707
0.00290242
0.00290777
0.00291313
0.00291849
0.00292386
0.00292923
0.00293461
0.00294
0.00294538
0.00295078
0.00295618
0.00296158
0.00296699
0.00297241
0.00297783
0.00298325
0.00298868
0.00299412
0.00299956
0.003005
0.00301045
0.00301591
0.00302137
0.00302684
0.00303231
0.00303778
0.00304326
0.00304875
0.00305424
0.00305974
0.00306524
0.00307075
0.00307626
0.00308178
0.0030873
0.00309283
0.00309836
0.0031039
0.00310944
0.00311499
0.00312054
0.0031261
0.00313167
0.00313723
0.00314281
0.00314839
0.00315397
0.00315956
0.00316515
0.00317075
0.00317636
0.00318197
0.00318758
0.0031932
0.00319883
0.00320446
0.00321009
0.00321573
0.00322138
0.00322703
0.00323268
0.00323834
0.00324401
0.00324968
0.00325536
0.00326104
0.00326672
0.00327242
0.00327811
0.00328381
0.00328952
0.00329523
0.00330095
0.00330667
0.0033124
0.00331813
0.00332387
0.00332961
0.00333536
0.00334111
0.00334687
0.00335263
0.0033584
0.00336417
0.00336995
0.00337573
0.00338152
0.00338731
0.00339311
0.00339891
0.00340472
0.00341054
0.00341635
0.00342218
0.00342801
0.00343384
0.00343968
0.00344552
0.00345137
0.00345723
0.00346308
0.00346895
0.00347482
0.00348069
0.00348657
0.00349246
0.00349835
0.00350424
0.00351014
0.00351605
0.00352196
0.00352787
0.00353379
0.00353971
0.00354564
0.00355158
0.00355752
0.00356347
0.00356942
0.00357537
0.00358133
0.0035873
0.00359327
0.00359924
0.00360522
0.00361121
0.0036172
0.00362319
0.0036292
0.0036352
0.00364121
0.00364723
0.00365325
0.00365927
0.00366531
0.00367134
0.00367738
0.00368343
0.00368948
0.00369554
0.0037016
0.00370766
0.00371374
0.00371981
0.00372589
0.00373198
0.00373807
0.00374417
0.00375027
0.00375637
0.00376249
0.0037686
0.00377472
0.00378085
0.00378698
0.00379312
0.00379926
0.00380541
0.00381156
0.00381771
0.00382388
0.00383004
0.00383621
0.00384239
0.00384857
0.00385476
0.00386095
0.00386715
0.00387335
0.00387956
0.00388577
0.00389198
0.00389821
0.00390443
0.00391066
0.0039169
0.00392314
0.00392939
0.00393564
0.0039419
0.00394816
0.00395443
0.0039607
0.00396697
0.00397326
0.00397954
0.00398583
0.00399213
0.00399843
0.00400474
0.00401105
0.00401737
0.00402369
0.00403001
0.00403634
0.00404268
0.00404902
0.00405537
0.00406172
0.00406808
0.00407444
0.0040808
0.00408717
0.00409355
0.00409993
0.00410632
0.00411271
0.0041191
0.00412551
0.00413191
0.00413832
0.00414474
0.00415116
0.00415758
0.00416402
0.00417045
0.00417689
0.00418334
0.00418979
0.00419624
0.0042027
0.00420917
0.00421564
0.00422211
0.00422859
0.00423508
0.00424157
0.00424806
0.00425456
0.00426107
0.00426758
0.00427409
0.00428061
0.00428714
0.00429367
0.0043002
0.00430674
0.00431328
0.00431983
0.00432639
0.00433295
0.00433951
0.00434608
0.00435265
0.00435923
0.00436582
0.0043724
0.004379
0.0043856
0.0043922
0.00439881
0.00440542
0.00441204
0.00441866
0.00442529
0.00443192
0.00443856
0.0044452
0.00445185
0.0044585
0.00446516
0.00447182
0.00447849
0.00448516
0.00449184
0.00449852
0.00450521
0.0045119
0.00451859
0.00452529
0.004532
0.00453871
0.00454543
0.00455215
0.00455887
0.00456561
0.00457234
0.00457908
0.00458583
0.00459258
0.00459933
0.00460609
0.00461286
0.00461963
0.0046264
0.00463318
0.00463996
0.00464675
0.00465355
0.00466035
0.00466715
0.00467396
0.00468077
0.00468759
0.00469441
0.00470124
0.00470807
0.00471491
0.00472175
0.0047286
0.00473545
0.00474231
0.00474917
0.00475604
0.00476291
0.00476979
0.00477667
0.00478356
0.00479045
0.00479734
0.00480424
0.00481115
0.00481806
0.00482498
0.0048319
0.00483882
0.00484575
0.00485269
0.00485963
0.00486657
0.00487352
0.00488047
0.00488743
0.00489439
0.00490136
0.00490834
0.00491531
0.0049223
0.00492929
0.00493628
0.00494328
0.00495028
0.00495728
0.0049643
0.00497131
0.00497833
0.00498536
0.00499239
0.00499943
0.00500647
0.00501351
0.00502056
0.00502762
0.00503468
0.00504174
0.00504881
0.00505589
0.00506297
0.00507005
0.00507714
0.00508423
0.00509133
0.00509843
0.00510554
0.00511265
0.00511977
0.00512689
0.00513402
0.00514115
0.00514829
0.00515543
0.00516258
0.00516973
0.00517688
0.00518404
0.00519121
0.00519838
0.00520555
0.00521273
0.00521992
0.00522711
0.0052343
0.0052415
0.0052487
0.00525591
0.00526312
0.00527034
0.00527756
0.00528479
0.00529202
0.00529926
0.0053065
0.00531375
0.005321
0.00532825
0.00533551
0.00534278
0.00535005
0.00535732
0.0053646
0.00537189
0.00537917
0.00538647
0.00539377
0.00540107
0.00540838
0.00541569
0.00542301
0.00543033
0.00543766
0.00544499
0.00545232
0.00545966
0.00546701
0.00547436
0.00548172
0.00548908
0.00549644
0.00550381
0.00551118
0.00551856
0.00552595
0.00553333
0.00554073
0.00554812
0.00555553
0.00556293
0.00557035
0.00557776
0.00558518
0.00559261
0.00560004
0.00560747
0.00561491
0.00562236
0.00562981
0.00563726
0.00564472
0.00565218
0.00565965
0.00566712
0.0056746
0.00568208
0.00568957
0.00569706
0.00570456
0.00571206
0.00571957
0.00572708
0.00573459
0.00574211
0.00574963
0.00575716
0.0057647
0.00577224
0.00577978
0.00578733
0.00579488
0.00580244
0.00581
0.00581756
0.00582513
0.00583271
0.00584029
0.00584788
0.00585546
0.00586306
0.00587066
0.00587826
0.00588587
0.00589348
0.0059011
0.00590872
0.00591635
0.00592398
0.00593162
0.00593926
0.0059469
0.00595455
0.00596221
0.00596987
0.00597753
0.0059852
0.00599287
0.00600055
0.00600823
0.00601592
0.00602361
0.00603131
0.00603901
0.00604672
0.00605443
0.00606214
0.00606986
0.00607758
0.00608531
0.00609305
0.00610078
0.00610853
0.00611627
0.00612403
0.00613178
0.00613954
0.00614731
0.00615508
0.00616285
0.00617063
0.00617842
0.00618621
0.006194
0.0062018
0.0062096
0.00621741
0.00622522
0.00623304
0.00624086
0.00624868
0.00625651
0.00626435
0.00627219
0.00628003
0.00628788
0.00629573
0.00630359
0.00631145
0.00631932
0.00632719
0.00633506
0.00634295
0.00635083
0.00635872
0.00636661
0.00637451
0.00638242
0.00639032
0.00639824
0.00640615
0.00641408
0.006422
0.00642993
0.00643787
0.00644581
0.00645375
0.0064617
0.00646965
0.00647761
0.00648557
0.00649354
0.00650151
0.00650949
0.00651747
0.00652546
0.00653345
0.00654144
0.00654944
0.00655744
0.00656545
0.00657346
0.00658148
0.0065895
0.00659753
0.00660556
0.00661359
0.00662163
0.00662968
0.00663773
0.00664578
0.00665384
0.0066619
0.00666997
0.00667804
0.00668611
0.0066942
0.00670228
0.00671037
0.00671846
0.00672656
0.00673467
0.00674277
0.00675088
0.006759
0.00676712
0.00677525
0.00678338
0.00679151
0.00679965
0.0068078
0.00681594
0.0068241
0.00683225
0.00684041
0.00684858
0.00685675
0.00686493
0.00687311
0.00688129
0.00688948
0.00689767
0.00690587
0.00691407
0.00692228
0.00693049
0.0069387
0.00694692
0.00695515
0.00696338
0.00697161
0.00697985
0.00698809
0.00699634
0.00700459
0.00701284
0.0070211
0.00702937
0.00703764
0.00704591
0.00705419
0.00706247
0.00707076
0.00707905
0.00708734
0.00709564
0.00710395
0.00711226
0.00712057
0.00712889
0.00713721
0.00714554
0.00715387
0.0071622
0.00717054
0.00717889
0.00718724
0.00719559
0.00720395
0.00721231
0.00722068
0.00722905
0.00723743
0.00724581
0.00725419
0.00726258
0.00727097
0.00727937
0.00728777
0.00729618
0.00730459
0.00731301
0.00732142
0.00732985
0.00733828
0.00734671
0.00735515
0.00736359
0.00737204
0.00738049
0.00738894
0.0073974
0.00740587
0.00741433
0.00742281
0.00743128
0.00743976
0.00744825
0.00745674
0.00746524
0.00747373
0.00748224
0.00749075
0.00749926
0.00750777
0.0075163
0.00752482
0.00753335
0.00754188
0.00755042
0.00755897
0.00756751
0.00757607
0.00758462
0.00759318
0.00760175
0.00761032
0.00761889
0.00762747
0.00763605
0.00764464
0.00765323
0.00766182
0.00767042
0.00767903
0.00768763
0.00769625
0.00770486
0.00771348
0.00772211
0.00773074
0.00773937
0.00774801
0.00775666
0.0077653
0.00777396
0.00778261
0.00779127
0.00779994
0.00780861
0.00781728
0.00782596
0.00783464
0.00784333
0.00785202
0.00786071
0.00786941
0.00787812
0.00788682
0.00789554
0.00790425
0.00791297
0.0079217
0.00793043
0.00793916
0.0079479
0.00795665
0.00796539
0.00797414
0.0079829
0.00799166
0.00800042
0.00800919
0.00801796
0.00802674
0.00803552
0.00804431
0.0080531
0.00806189
0.00807069
0.0080795
0.0080883
0.00809711
0.00810593
0.00811475
0.00812357
0.0081324
0.00814124
0.00815007
0.00815892
0.00816776
0.00817661
0.00818547
0.00819432
0.00820319
0.00821205
0.00822093
0.0082298
0.00823868
0.00824757
0.00825645
0.00826535
0.00827424
0.00828315
0.00829205
0.00830096
0.00830988
0.00831879
0.00832772
0.00833664
0.00834557
0.00835451
0.00836345
0.00837239
0.00838134
0.00839029
0.00839925
0.00840821
0.00841718
0.00842615
0.00843512
0.0084441
0.00845308
0.00846207
0.00847106
0.00848005
0.00848905
0.00849805
0.00850706
0.00851607
0.00852509
0.00853411
0.00854313
0.00855216
0.0085612
0.00857023
0.00857927
0.00858832
0.00859737
0.00860642
0.00861548
0.00862454
0.00863361
0.00864268
0.00865176
0.00866083
0.00866992
0.00867901
0.0086881
0.00869719
0.00870629
0.0087154
0.00872451
0.00873362
0.00874274
0.00875186
0.00876098
0.00877011
0.00877925
0.00878838
0.00879753
0.00880667
0.00881582
0.00882498
0.00883414
0.0088433
0.00885247
0.00886164
0.00887081
0.00887999
0.00888918
0.00889837
0.00890756
0.00891676
0.00892596
0.00893516
0.00894437
0.00895358
0.0089628
0.00897202
0.00898125
0.00899048
0.00899971
0.00900895
0.00901819
0.00902744
0.00903669
0.00904594
0.0090552
0.00906446
0.00907373
0.009083
0.00909228
0.00910156
0.00911084
0.00912013
0.00912942
0.00913872
0.00914802
0.00915732
0.00916663
0.00917594
0.00918526
0.00919458
0.0092039
0.00921323
0.00922257
0.0092319
0.00924125
0.00925059
0.00925994
0.0092693
0.00927865
0.00928802
0.00929738
0.00930675
0.00931613
0.0093255
0.00933489
0.00934427
0.00935366
0.00936306
0.00937246
0.00938186
0.00939127
0.00940068
0.0094101
0.00941952
0.00942894
0.00943837
0.0094478
0.00945723
0.00946667
0.00947612
0.00948557
0.00949502
0.00950448
0.00951394
0.0095234
0.00953287
0.00954234
0.00955182
0.0095613
0.00957078
0.00958027
0.00958977
0.00959926
0.00960876
0.00961827
0.00962778
0.00963729
0.00964681
0.00965633
0.00966586
0.00967539
0.00968492
0.00969446
0.009704
0.00971354
0.00972309
0.00973265
0.00974221
0.00975177
0.00976133
0.0097709
0.00978048
0.00979006
0.00979964
0.00980923
0.00981882
0.00982841
0.00983801
0.00984761
0.00985722
0.00986683
0.00987644
0.00988606
0.00989568
0.00990531
0.00991494
0.00992458
0.00993421
0.00994386
0.0099535
0.00996315
0.00997281
0.00998247
0.00999213
0.0100018
0.0100115
0.0100211
0.0100308
0.0100405
0.0100502
0.0100599
0.0100696
0.0100793
0.010089
0.0100987
0.0101084
0.0101181
0.0101278
0.0101376
0.0101473
0.010157
0.0101667
0.0101765
0.0101862
0.010196
0.0102057
0.0102155
0.0102252
0.010235
0.0102448
0.0102545
0.0102643
0.0102741
0.0102839
0.0102937
0.0103035
0.0103132
0.010323
0.0103328
0.0103427
0.0103525
0.0103623
0.0103721
0.0103819
0.0103917
0.0104016
0.0104114
0.0104212
0.0104311
0.0104409
0.0104508
0.0104606
0.0104705
0.0104804
0.0104902
0.0105001
0.01051
0.0105198
0.0105297
0.0105396
0.0105495
0.0105594
0.0105693
0.0105792
0.0105891
0.010599
0.0106089
0.0106188
0.0106288
0.0106387
0.0106486
0.0106585
0.0106685
0.0106784
0.0106884
0.0106983
0.0107083
0.0107182
0.0107282
0.0107381
0.0107481
0.0107581
0.0107681
0.010778
0.010788
0.010798
0.010808
0.010818
0.010828
0.010838
0.010848
0.010858
0.010868
0.0108781
0.0108881
0.0108981
0.0109081
0.0109182
0.0109282
0.0109382
0.0109483
0.0109583
0.0109684
0.0109785
0.0109885
0.0109986
0.0110087
0.0110187
0.0110288
0.0110389
0.011049
0.0110591
0.0110691
0.0110792
0.0110893
0.0110994
0.0111096
0.0111197
0.0111298
0.0111399
0.01115
0.0111602
0.0111703
0.0111804
0.0111906
0.0112007
0.0112108
0.011221
0.0112312
0.0112413
0.0112515
0.0112616
0.0112718
0.011282
0.0112922
0.0113023
0.0113125
0.0113227
0.0113329
0.0113431
0.0113533
0.0113635
0.0113737
0.0113839
0.0113941
0.0114044
0.0114146
0.0114248
0.011435
0.0114453
0.0114555
0.0114658
0.011476
0.0114863
0.0114965
0.0115068
0.011517
0.0115273
0.0115376
0.0115478
0.0115581
0.0115684
0.0115787
0.011589
0.0115993
0.0116095
0.0116198
0.0116302
0.0116405
0.0116508
0.0116611
0.0116714
0.0116817
0.0116921
0.0117024
0.0117127
0.0117231
0.0117334
0.0117437
0.0117541
0.0117644
0.0117748
0.0117852
0.0117955
0.0118059
0.0118163
0.0118266
0.011837
0.0118474
0.0118578
0.0118682
0.0118786
0.011889
0.0118994
0.0119098
0.0119202
0.0119306
0.011941
0.0119514
0.0119619
0.0119723
0.0119827
0.0119931
0.0120036
0.012014
0.0120245
0.0120349
0.0120454
0.0120558
0.0120663
0.0120768
0.0120872
0.0120977
0.0121082
0.0121187
0.0121291
0.0121396
0.0121501
0.0121606
0.0121711
0.0121816
0.0121921
0.0122026
0.0122132
0.0122237
0.0122342
0.0122447
0.0122552
0.0122658
0.0122763
0.0122869
0.0122974
0.0123079
0.0123185
0.0123291
0.0123396
0.0123502
0.0123607
0.0123713
0.0123819
0.0123925
0.012403
0.0124136
0.0124242
0.0124348
0.0124454
0.012456
0.0124666
0.0124772
0.0124878
0.0124984
0.012509
0.0125197
0.0125303
0.0125409
0.0125516
0.0125622
0.0125728
0.0125835
0.0125941
0.0126048
0.0126154
0.0126261
0.0126367
0.0126474
0.0126581
0.0126688
0.0126794
0.0126901
0.0127008
0.0127115
0.0127222
0.0127329
0.0127436
0.0127543
0.012765
0.0127757
0.0127864
0.0127971
0.0128078
0.0128186
0.0128293
0.01284
0.0128508
0.0128615
0.0128722
0.012883
0.0128937
0.0129045
0.0129152
0.012926
0.0129368
0.0129475
0.0129583
0.0129691
0.0129799
0.0129906
0.0130014
0.0130122
0.013023
0.0130338
0.0130446
0.0130554
0.0130662
0.013077
0.0130878
0.0130987
0.0131095
0.0131203
0.0131311
0.013142
0.0131528
0.0131636
0.0131745
0.0131853
0.0131962
0.013207
0.0132179
0.0132288
0.0132396
0.0132505
0.0132614
0.0132722
0.0132831
0.013294
0.0133049
0.0133158
0.0133267
0.0133376
0.0133485
0.0133594
0.0133703
0.0133812
0.0133921
0.013403
0.013414
0.0134249
0.0134358
0.0134468
0.0134577
0.0134686
0.0134796
0.0134905
0.0135015
0.0135124
0.0135234
0.0135344
0.0135453
0.0135563
0.0135673
0.0135782
0.0135892
0.0136002
0.0136112
0.0136222
0.0136332
0.0136442
0.0136552
0.0136662
0.0136772
0.0136882
0.0136992
0.0137102
0.0137213
0.0137323
0.0137433
0.0137544
0.0137654
0.0137764
0.0137875
0.0137985
0.0138096
0.0138206
0.0138317
0.0138427
0.0138538
0.0138649
0.013876
0.013887
0.0138981
0.0139092
0.0139203
0.0139314
0.0139425
0.0139536
0.0139647
0.0139758
0.0139869
0.013998
0.0140091
0.0140202
0.0140313
0.0140425
0.0140536
0.0140647
0.0140759
0.014087
0.0140981
0.0141093
0.0141204
0.0141316
0.0141427
0.0141539
0.0141651
0.0141762
0.0141874
0.0141986
0.0142098
0.0142209
0.0142321
0.0142433
0.0142545
0.0142657
0.0142769
0.0142881
0.0142993
0.0143105
0.0143217
0.0143329
0.0143442
0.0143554
0.0143666
0.0143778
0.0143891
0.0144003
0.0144116
0.0144228
0.014434
0.0144453
0.0144565
0.0144678
0.0144791
0.0144903
0.0145016
0.0145129
0.0145241
0.0145354
0.0145467
0.014558
0.0145693
0.0145806
0.0145919
0.0146032
0.0146145
0.0146258
0.0146371
0.0146484
0.0146597
0.014671
0.0146824
0.0146937
0.014705
0.0147163
0.0147277
0.014739
0.0147504
0.0147617
0.0147731
0.0147844
0.0147958
0.0148071
0.0148185
0.0148299
0.0148412
0.0148526
0.014864
0.0148754
0.0148868
0.0148982
0.0149095
0.0149209
0.0149323
0.0149437
0.0149551
0.0149666
0.014978
0.0149894
0.0150008
0.0150122
0.0150237
0.0150351
0.0150465
0.0150579
0.0150694
0.0150808
0.0150923
0.0151037
0.0151152
0.0151266
0.0151381
0.0151496
0.015161
0.0151725
0.015184
0.0151954
0.0152069
0.0152184
0.0152299
0.0152414
0.0152529
0.0152644
0.0152759
0.0152874
0.0152989
0.0153104
0.0153219
0.0153334
0.015345
0.0153565
0.015368
0.0153795
0.0153911
0.0154026
0.0154142
0.0154257
0.0154372
0.0154488
0.0154604
0.0154719
0.0154835
0.015495
0.0155066
0.0155182
0.0155297
0.0155413
0.0155529
0.0155645
0.0155761
0.0155877
0.0155993
0.0156109
0.0156225
0.0156341
0.0156457
0.0156573
0.0156689
0.0156805
0.0156921
0.0157038
0.0157154
0.015727
0.0157387
0.0157503
0.0157619
0.0157736
0.0157852
0.0157969
0.0158085
0.0158202
0.0158319
0.0158435
0.0158552
0.0158669
0.0158785
0.0158902
0.0159019
0.0159136
0.0159253
0.015937
0.0159487
0.0159604
0.0159721
0.0159838
0.0159955
0.0160072
0.0160189
0.0160306
0.0160423
0.0160541
0.0160658
0.0160775
0.0160892
0.016101
0.0161127
0.0161245
0.0161362
0.016148
0.0161597
0.0161715
0.0161832
0.016195
0.0162068
0.0162185
0.0162303
0.0162421
0.0162539
0.0162657
0.0162774
0.0162892
0.016301
0.0163128
0.0163246
0.0163364
0.0163482
0.01636
0.0163719
0.0163837
0.0163955
0.0164073
0.0164191
0.016431
0.0164428
0.0164546
0.0164665
0.0164783
0.0164902
0.016502
0.0165139
0.0165257
0.0165376
0.0165494
0.0165613
0.0165732
0.016585
0.0165969
0.0166088
0.0166207
0.0166326
0.0166445
0.0166563
0.0166682
0.0166801
0.016692
0.0167039
0.0167158
0.0167278
0.0167397
0.0167516
0.0167635
0.0167754
0.0167874
0.0167993
0.0168112
0.0168232
0.0168351
0.016847
0.016859
0.0168709
0.0168829
0.0168948
0.0169068
0.0169188
0.0169307
0.0169427
0.0169547
0.0169666
0.0169786
0.0169906
0.0170026
0.0170146
0.0170266
0.0170386
0.0170506
0.0170626
0.0170746
0.0170866
0.0170986
0.0171106
0.0171226
0.0171346
0.0171466
0.0171587
0.0171707
0.0171827
0.0171948
0.0172068
0.0172189
0.0172309
0.0172429
0.017255
0.0172671
0.0172791
0.0172912
0.0173032
0.0173153
0.0173274
0.0173394
0.0173515
0.0173636
0.0173757
0.0173878
0.0173999
0.017412
0.0174241
0.0174362
0.0174483
0.0174604
0.0174725
0.0174846
0.0174967
0.0175088
0.0175209
0.0175331
0.0175452
0.0175573
0.0175695
0.0175816
0.0175937
0.0176059
0.017618
0.0176302
0.0176423
0.0176545
0.0176666
0.0176788
0.017691
0.0177031
0.0177153
0.0177275
0.0177397
0.0177518
0.017764
0.0177762
0.0177884
0.0178006
0.0178128
0.017825
0.0178372
0.0178494
0.0178616
0.0178738
0.017886
0.0178983
0.0179105
0.0179227
0.0179349
0.0179472
0.0179594
0.0179716
0.0179839
0.0179961
0.0180084
0.0180206
0.0180329
0.0180451
0.0180574
0.0180696
0.0180819
0.0180942
0.0181064
0.0181187
0.018131
0.0181433
0.0181556
0.0181679
0.0181801
0.0181924
0.0182047
0.018217
0.0182293
0.0182416
0.0182539
0.0182663
0.0182786
0.0182909
0.0183032
0.0183155
0.0183279
0.0183402
0.0183525
0.0183649
0.0183772
0.0183895
0.0184019
0.0184142
0.0184266
0.0184389
0.0184513
0.0184637
0.018476
0.0184884
0.0185008
0.0185131
0.0185255
0.0185379
0.0185503
0.0185627
0.0185751
0.0185874
0.0185998
0.0186122
0.0186246
0.018637
0.0186494
0.0186619
0.0186743
0.0186867
0.0186991
0.0187115
0.018724
0.0187364
0.0187488
0.0187612
0.0187737
0.0187861
0.0187986
0.018811
0.0188235
0.0188359
0.0188484
0.0188608
0.0188733
0.0188858
0.0188982
0.0189107
0.0189232
0.0189356
0.0189481
0.0189606
0.0189731
0.0189856
0.0189981
0.0190106
0.0190231
0.0190356
0.0190481
0.0190606
0.0190731
0.0190856
0.0190981
0.0191106
0.0191232
0.0191357
0.0191482
0.0191607
0.0191733
0.0191858
0.0191984
0.0192109
0.0192235
0.019236
0.0192486
0.0192611
0.0192737
0.0192862
0.0192988
0.0193114
0.0193239
0.0193365
0.0193491
0.0193617
0.0193742
0.0193868
0.0193994
0.019412
0.0194246
0.0194372
0.0194498
0.0194624
0.019475
0.0194876
0.0195002
0.0195128
0.0195255
0.0195381
0.0195507
0.0195633
0.019576
0.0195886
0.0196012
0.0196139
0.0196265
0.0196392
0.0196518
0.0196645
0.0196771
0.0196898
0.0197024
0.0197151
0.0197278
0.0197404
0.0197531
0.0197658
0.0197784
0.0197911
0.0198038
0.0198165
0.0198292
0.0198419
0.0198546
0.0198673
0.01988
0.0198927
0.0199054
0.0199181
0.0199308
0.0199435
0.0199562
0.019969
0.0199817
0.0199944
0.0200071
0.0200199
0.0200326
0.0200454
0.0200581
0.0200708
0.0200836
0.0200963
0.0201091
0.0201218
0.0201346
0.0201474
0.0201601
0.0201729
0.0201857
0.0201984
0.0202112
0.020224
0.0202368
0.0202496
0.0202624
0.0202752
0.020288
0.0203007
0.0203136
0.0203264
0.0203392
0.020352
0.0203648
0.0203776
0.0203904
0.0204032
0.0204161
0.0204289
0.0204417
0.0204545
0.0204674
0.0204802
0.0204931
0.0205059
0.0205188
0.0205316
0.0205445
0.0205573
0.0205702
0.020583
0.0205959
0.0206088
0.0206216
0.0206345
0.0206474
0.0206603
0.0206731
0.020686
0.0206989
0.0207118
0.0207247
0.0207376
0.0207505
0.0207634
0.0207763
0.0207892
0.0208021
0.020815
0.020828
0.0208409
0.0208538
0.0208667
0.0208796
0.0208926
0.0209055
0.0209184
0.0209314
0.0209443
0.0209573
0.0209702
0.0209832
0.0209961
0.0210091
0.021022
0.021035
0.021048
0.0210609
0.0210739
0.0210869
0.0210999
0.0211128
0.0211258
0.0211388
0.0211518
0.0211648
0.0211778
0.0211908
0.0212038
0.0212168
0.0212298
0.0212428
0.0212558
0.0212688
0.0212818
0.0212948
0.0213079
0.0213209
0.0213339
0.0213469
0.02136
0.021373
0.0213861
0.0213991
0.0214121
0.0214252
0.0214382
0.0214513
0.0214643
0.0214774
0.0214905
0.0215035
0.0215166
0.0215297
0.0215427
0.0215558
0.0215689
0.021582
0.0215951
0.0216081
0.0216212
0.0216343
0.0216474
0.0216605
0.0216736
0.0216867
0.0216998
0.0217129
0.021726
0.0217392
0.0217523
0.0217654
0.0217785
0.0217916
0.0218048
0.0218179
0.021831
0.0218442
0.0218573
0.0218705
0.0218836
0.0218968
0.0219099
0.0219231
0.0219362
0.0219494
0.0219625
0.0219757
0.0219889
0.022002
0.0220152
0.0220284
0.0220416
0.0220547
0.0220679
0.0220811
0.0220943
0.0221075
0.0221207
0.0221339
0.0221471
0.0221603
0.0221735
0.0221867
0.0221999
0.0222131
0.0222264
0.0222396
0.0222528
0.022266
0.0222793
0.0222925
0.0223057
0.022319
0.0223322
0.0223454
0.0223587
0.0223719
0.0223852
0.0223984
0.0224117
0.022425
0.0224382
0.0224515
0.0224647
0.022478
0.0224913
0.0225046
0.0225178
0.0225311
0.0225444
0.0225577
0.022571
0.0225843
0.0225976
0.0226109
0.0226242
0.0226375
0.0226508
0.0226641
0.0226774
0.0226907
0.022704
0.0227173
0.0227307
0.022744
0.0227573
0.0227706
0.022784
0.0227973
0.0228106
0.022824
0.0228373
0.0228507
0.022864
0.0228774
0.0228907
0.0229041
0.0229174
0.0229308
0.0229442
0.0229575
0.0229709
0.0229843
0.0229977
0.023011
0.0230244
0.0230378
0.0230512
0.0230646
0.023078
0.0230914
0.0231048
0.0231182
0.0231316
0.023145
0.0231584
0.0231718
0.0231852
0.0231986
0.023212
0.0232255
0.0232389
0.0232523
0.0232657
0.0232792
0.0232926
0.023306
0.0233195
0.0233329
0.0233464
0.0233598
0.0233733
0.0233867
0.0234002
0.0234136
0.0234271
0.0234406
0.023454
0.0234675
0.023481
0.0234945
0.0235079
0.0235214
0.0235349
0.0235484
0.0235619
0.0235754
0.0235889
0.0236024
0.0236159
0.0236294
0.0236429
0.0236564
0.0236699
0.0236834
0.0236969
0.0237104
0.0237239
0.0237375
0.023751
0.0237645
0.0237781
0.0237916
0.0238051
0.0238187
0.0238322
0.0238457
0.0238593
0.0238728
0.0238864
0.0239
0.0239135
0.0239271
0.0239406
0.0239542
0.0239678
0.0239813
0.0239949
0.0240085
0.0240221
0.0240356
0.0240492
0.0240628
0.0240764
0.02409
0.0241036
0.0241172
0.0241308
0.0241444
0.024158
0.0241716
0.0241852
0.0241988
0.0242124
0.0242261
0.0242397
0.0242533
0.0242669
0.0242806
0.0242942
0.0243078
0.0243215
0.0243351
0.0243487
0.0243624
0.024376
0.0243897
0.0244033
0.024417
0.0244306
0.0244443
0.024458
0.0244716
0.0244853
0.024499
0.0245126
0.0245263
0.02454
0.0245537
0.0245673
0.024581
0.0245947
0.0246084
0.0246221
0.0246358
0.0246495
0.0246632
0.0246769
0.0246906
0.0247043
0.024718
0.0247317
0.0247455
0.0247592
0.0247729
0.0247866
0.0248004
0.0248141
0.0248278
0.0248415
0.0248553
0.024869
0.0248828
0.0248965
0.0249103
0.024924
0.0249378
0.0249515
0.0249653
0.024979
0.0249928
0.0250066
0.0250203
0.0250341
0.0250479
0.0250616
0.0250754
0.0250892
0.025103
0.0251168
0.0251306
0.0251444
0.0251581
0.0251719
0.0251857
0.0251995
0.0252133
0.0252272
0.025241
0.0252548
0.0252686
0.0252824
0.0252962
0.02531
0.0253239
0.0253377
0.0253515
0.0253654
0.0253792
0.025393
0.0254069
0.0254207
0.0254345
0.0254484
0.0254622
0.0254761
0.02549
0.0255038
0.0255177
0.0255315
0.0255454
0.0255593
0.0255731
0.025587
0.0256009
0.0256148
0.0256286
0.0256425
0.0256564
0.0256703
0.0256842
0.0256981
0.025712
0.0257259
0.0257398
0.0257537
0.0257676
0.0257815
0.0257954
0.0258093
0.0258232
0.0258371
0.025851
0.025865
0.0258789
0.0258928
0.0259068
0.0259207
0.0259346
0.0259486
0.0259625
0.0259764
0.0259904
0.0260043
0.0260183
0.0260322
0.0260462
0.0260601
0.0260741
0.0260881
0.026102
0.026116
0.02613
0.0261439
0.0261579
0.0261719
0.0261859
0.0261999
0.0262138
0.0262278
0.0262418
0.0262558
0.0262698
0.0262838
0.0262978
0.0263118
0.0263258
0.0263398
0.0263538
0.0263678
0.0263818
0.0263959
0.0264099
0.0264239
0.0264379
0.026452
0.026466
0.02648
0.0264941
0.0265081
0.0265221
0.0265362
0.0265502
0.0265643
0.0265783
0.0265924
0.0266064
0.0266205
0.0266345
0.0266486
0.0266627
0.0266767
0.0266908
0.0267049
0.0267189
0.026733
0.0267471
0.0267612
0.0267752
0.0267893
0.0268034
0.0268175
0.0268316
0.0268457
0.0268598
0.0268739
0.026888
0.0269021
0.0269162
0.0269303
0.0269444
0.0269585
0.0269727
0.0269868
0.0270009
0.027015
0.0270292
0.0270433
0.0270574
0.0270716
0.0270857
0.0270998
0.027114
0.0271281
0.0271423
0.0271564
0.0271706
0.0271847
0.0271989
0.027213
0.0272272
0.0272414
0.0272555
0.0272697
0.0272839
0.027298
0.0273122
0.0273264
0.0273406
0.0273547
0.0273689
0.0273831
0.0273973
0.0274115
0.0274257
0.0274399
0.0274541
0.0274683
0.0274825
0.0274967
0.0275109
0.0275251
0.0275393
0.0275536
0.0275678
0.027582
0.0275962
0.0276104
0.0276247
0.0276389
0.0276531
0.0276674
0.0276816
0.0276958
0.0277101
0.0277243
0.0277386
0.0277528
0.0277671
0.0277813
0.0277956
0.0278099
0.0278241
0.0278384
0.0278526
0.0278669
0.0278812
0.0278955
0.0279097
0.027924
0.0279383
0.0279526
0.0279669
0.0279812
0.0279954
0.0280097
0.028024
0.0280383
0.0280526
0.0280669
0.0280812
0.0280955
0.0281098
0.0281242
0.0281385
0.0281528
0.0281671
0.0281814
0.0281958
0.0282101
0.0282244
0.0282387
0.0282531
0.0282674
0.0282817
0.0282961
0.0283104
0.0283248
0.0283391
0.0283535
0.0283678
0.0283822
0.0283965
0.0284109
0.0284252
0.0284396
0.028454
0.0284683
0.0284827
0.0284971
0.0285115
0.0285258
0.0285402
0.0285546
0.028569
0.0285834
0.0285978
0.0286121
0.0286265
0.0286409
0.0286553
0.0286697
0.0286841
0.0286985
0.0287129
0.0287274
0.0287418
0.0287562
0.0287706
0.028785
0.0287994
0.0288139
0.0288283
0.0288427
0.0288571
0.0288716
0.028886
0.0289005
0.0289149
0.0289293
0.0289438
0.0289582
0.0289727
0.0289871
0.0290016
0.029016
0.0290305
0.029045
0.0290594
0.0290739
0.0290884
0.0291028
0.0291173
0.0291318
0.0291462
0.0291607
0.0291752
0.0291897
0.0292042
0.0292187
0.0292332
0.0292476
0.0292621
0.0292766
0.0292911
0.0293056
0.0293201
0.0293347
0.0293492
0.0293637
0.0293782
0.0293927
0.0294072
0.0294217
0.0294363
0.0294508
0.0294653
0.0294798
0.0294944
0.0295089
0.0295234
0.029538
0.0295525
0.0295671
0.0295816
0.0295962
0.0296107
0.0296253
0.0296398
0.0296544
0.0296689
0.0296835
0.0296981
0.0297126
0.0297272
0.0297418
0.0297563
0.0297709
0.0297855
0.0298001
0.0298147
0.0298292
0.0298438
0.0298584
0.029873
0.0298876
0.0299022
0.0299168
0.0299314
0.029946
0.0299606
0.0299752
0.0299898
0.0300044
0.030019
0.0300336
0.0300483
0.0300629
0.0300775
0.0300921
0.0301068
0.0301214
0.030136
0.0301507
0.0301653
0.0301799
0.0301946
0.0302092
0.0302239
0.0302385
0.0302532
0.0302678
0.0302825
0.0302971
0.0303118
0.0303264
0.0303411
0.0303558
0.0303704
0.0303851
0.0303998
0.0304144
0.0304291
0.0304438
0.0304585
0.0304732
0.0304878
0.0305025
0.0305172
0.0305319
0.0305466
0.0305613
0.030576
0.0305907
0.0306054
0.0306201
0.0306348
0.0306495
0.0306642
0.0306789
0.0306937
0.0307084
0.0307231
0.0307378
0.0307526
0.0307673
0.030782
0.0307967
0.0308115
0.0308262
0.0308409
0.0308557
0.0308704
0.0308852
0.0308999
0.0309147
0.0309294
0.0309442
0.0309589
0.0309737
0.0309884
0.0310032
0.031018
0.0310327
0.0310475
0.0310623
0.0310771
0.0310918
0.0311066
0.0311214
0.0311362
0.031151
0.0311657
0.0311805
0.0311953
0.0312101
0.0312249
0.0312397
0.0312545
0.0312693
0.0312841
0.0312989
0.0313137
0.0313285
0.0313433
0.0313582
0.031373
0.0313878
0.0314026
0.0314174
0.0314323
0.0314471
0.0314619
0.0314768
0.0314916
0.0315064
0.0315213
0.0315361
0.031551
0.0315658
0.0315806
0.0315955
0.0316103
0.0316252
0.0316401
0.0316549
0.0316698
0.0316846
0.0316995
0.0317144
0.0317292
0.0317441
0.031759
0.0317739
0.0317887
0.0318036
0.0318185
0.0318334
0.0318483
0.0318632
0.031878
0.0318929
0.0319078
0.0319227
0.0319376
0.0319525
0.0319674
0.0319823
0.0319972
0.0320122
0.0320271
0.032042
0.0320569
0.0320718
0.0320867
0.0321017
0.0321166
0.0321315
0.0321464
0.0321614
0.0321763
0.0321912
0.0322062
0.0322211
0.0322361
0.032251
0.0322659
0.0322809
0.0322958
0.0323108
0.0323258
0.0323407
0.0323557
0.0323706
0.0323856
0.0324006
0.0324155
0.0324305
0.0324455
0.0324604
0.0324754
0.0324904
0.0325054
0.0325204
0.0325353
0.0325503
0.0325653
0.0325803
0.0325953
0.0326103
0.0326253
0.0326403
0.0326553
0.0326703
0.0326853
0.0327003
0.0327153
0.0327303
0.0327453
0.0327604
0.0327754
0.0327904
0.0328054
0.0328204
0.0328355
0.0328505
0.0328655
0.0328806
0.0328956
0.0329106
0.0329257
0.0329407
0.0329558
0.0329708
0.0329858
0.0330009
0.0330159
0.033031
0.0330461
0.0330611
0.0330762
0.0330912
0.0331063
0.0331214
0.0331364
0.0331515
0.0331666
0.0331816
0.0331967
0.0332118
0.0332269
0.033242
0.0332571
0.0332721
0.0332872
0.0333023
0.0333174
0.0333325
0.0333476
0.0333627
0.0333778
0.0333929
0.033408
0.0334231
0.0334382
0.0334533
0.0334685
0.0334836
0.0334987
0.0335138
0.0335289
0.0335441
0.0335592
0.0335743
0.0335894
0.0336046
0.0336197
0.0336348
0.03365
0.0336651
0.0336803
0.0336954
0.0337106
0.0337257
0.0337409
0.033756
0.0337712
0.0337863
0.0338015
0.0338166
0.0338318
0.033847
0.0338621
0.0338773
0.0338925
0.0339077
0.0339228
0.033938
0.0339532
0.0339684
0.0339835
0.0339987
0.0340139
0.0340291
0.0340443
0.0340595
0.0340747
0.0340899
0.0341051
0.0341203
0.0341355
0.0341507
0.0341659
0.0341811
0.0341963
0.0342115
0.0342268
0.034242
0.0342572
0.0342724
0.0342876
0.0343029
0.0343181
0.0343333
0.0343486
0.0343638
0.034379
0.0343943
0.0344095
0.0344248
0.03444
0.0344553
0.0344705
0.0344857
0.034501
0.0345163
0.0345315
0.0345468
0.034562
0.0345773
0.0345926
0.0346078
0.0346231
0.0346384
0.0346536
0.0346689
0.0346842
0.0346995
0.0347147
0.03473
0.0347453
0.0347606
0.0347759
0.0347912
0.0348065
0.0348218
0.0348371
0.0348524
0.0348677
0.034883
0.0348983
0.0349136
0.0349289
0.0349442
0.0349595
0.0349748
0.0349901
0.0350055
0.0350208
0.0350361
0.0350514
0.0350668
0.0350821
0.0350974
0.0351128
0.0351281
0.0351434
0.0351588
0.0351741
0.0351894
0.0352048
0.0352201
0.0352355
0.0352508
0.0352662
0.0352815
0.0352969
0.0353123
0.0353276
0.035343
0.0353583
0.0353737
0.0353891
0.0354044
0.0354198
0.0354352
0.0354506
0.0354659
0.0354813
0.0354967
0.0355121
0.0355275
0.0355429
0.0355583
0.0355736
0.035589
0.0356044
0.0356198
0.0356352
0.0356506
0.035666
0.0356814
0.0356969
0.0357123
0.0357277
0.0357431
0.0357585
0.0357739
0.0357893
0.0358048
0.0358202
0.0358356
0.035851
0.0358665
0.0358819
0.0358973
0.0359128
0.0359282
0.0359436
0.0359591
0.0359745
0.03599
0.0360054
0.0360209
0.0360363
0.0360518
0.0360672
0.0360827
0.0360981
0.0361136
0.0361291
0.0361445
0.03616
0.0361755
0.0361909
0.0362064
0.0362219
0.0362373
0.0362528
0.0362683
0.0362838
0.0362993
0.0363148
0.0363302
0.0363457
0.0363612
0.0363767
0.0363922
0.0364077
0.0364232
0.0364387
0.0364542
0.0364697
0.0364852
0.0365007
0.0365162
0.0365318
0.0365473
0.0365628
0.0365783
0.0365938
0.0366093
0.0366249
0.0366404
0.0366559
0.0366715
0.036687
0.0367025
0.0367181
0.0367336
0.0367491
0.0367647
0.0367802
0.0367958
0.0368113
0.0368269
0.0368424
0.036858
0.0368735
0.0368891
0.0369046
0.0369202
0.0369357
0.0369513
0.0369669
0.0369824
0.036998
0.0370136
0.0370292
0.0370447
0.0370603
0.0370759
0.0370915
0.0371071
0.0371226
0.0371382
0.0371538
0.0371694
0.037185
0.0372006
0.0372162
0.0372318
0.0372474
0.037263
0.0372786
0.0372942
0.0373098
0.0373254
0.037341
0.0373566
0.0373723
0.0373879
0.0374035
0.0374191
0.0374347
0.0374504
0.037466
0.0374816
0.0374972
0.0375129
0.0375285
0.0375441
0.0375598
0.0375754
0.0375911
0.0376067
0.0376223
0.037638
0.0376536
0.0376693
0.0376849
0.0377006
0.0377163
0.0377319
0.0377476
0.0377632
0.0377789
0.0377946
0.0378102
0.0378259
0.0378416
0.0378572
0.0378729
0.0378886
0.0379043
0.03792
0.0379356
0.0379513
0.037967
0.0379827
0.0379984
0.0380141
0.0380298
0.0380455
0.0380612
0.0380769
0.0380926
0.0381083
0.038124
0.0381397
0.0381554
0.0381711
0.0381868
0.0382025
0.0382182
0.038234
0.0382497
0.0382654
0.0382811
0.0382968
0.0383126
0.0383283
0.038344
0.0383598
0.0383755
0.0383912
0.038407
0.0384227
0.0384384
0.0384542
0.0384699
0.0384857
0.0385014
0.0385172
0.0385329
0.0385487
0.0385644
0.0385802
0.038596
0.0386117
0.0386275
0.0386433
0.038659
0.0386748
0.0386906
0.0387063
0.0387221
0.0387379
0.0387537
0.0387694
0.0387852
0.038801
0.0388168
0.0388326
0.0388484
0.0388642
0.0388799
0.0388957
0.0389115
0.0389273
0.0389431
0.0389589
0.0389747
0.0389905
0.0390064
0.0390222
0.039038
0.0390538
0.0390696
0.0390854
0.0391012
0.0391171
0.0391329
0.0391487
0.0391645
0.0391804
0.0391962
0.039212
0.0392278
0.0392437
0.0392595
0.0392754
0.0392912
0.039307
0.0393229
0.0393387
0.0393546
0.0393704
0.0393863
0.0394021
0.039418
0.0394338
0.0394497
0.0394655
0.0394814
0.0394973
0.0395131
0.039529
0.0395449
0.0395607
0.0395766
0.0395925
0.0396084
0.0396242
0.0396401
0.039656
0.0396719
0.0396878
0.0397036
0.0397195
0.0397354
0.0397513
0.0397672
0.0397831
0.039799
0.0398149
0.0398308
0.0398467
0.0398626
0.0398785
0.0398944
0.0399103
0.0399262
0.0399422
0.0399581
0.039974
0.0399899
0.0400058
0.0400217
0.0400377
0.0400536
0.0400695
0.0400854
0.0401014
0.0401173
0.0401332
0.0401492
0.0401651
0.0401811
0.040197
0.0402129
0.0402289
0.0402448
0.0402608
0.0402767
0.0402927
0.0403086
0.0403246
0.0403405
0.0403565
0.0403725
0.0403884
0.0404044
0.0404204
0.0404363
0.0404523
0.0404683
0.0404842
0.0405002
0.0405162
0.0405322
0.0405481
0.0405641
0.0405801
0.0405961
0.0406121
0.0406281
0.0406441
0.0406601
0.040676
0.040692
0.040708
0.040724
0.04074
0.040756
0.040772
0.0407881
0.0408041
0.0408201
0.0408361
0.0408521
0.0408681
0.0408841
0.0409001
0.0409162
0.0409322
0.0409482
0.0409642
0.0409803
0.0409963
0.0410123
0.0410283
0.0410444
0.0410604
0.0410765
0.0410925
0.0411085
0.0411246
0.0411406
0.0411567
0.0411727
0.0411888
0.0412048
0.0412209
0.0412369
0.041253
0.041269
0.0412851
0.0413012
0.0413172
0.0413333
0.0413493
0.0413654
0.0413815
0.0413976
0.0414136
0.0414297
0.0414458
0.0414619
0.0414779
0.041494
0.0415101
0.0415262
0.0415423
0.0415584
0.0415745
0.0415905
0.0416066
0.0416227
0.0416388
0.0416549
0.041671
0.0416871
0.0417032
0.0417193
0.0417354
0.0417516
0.0417677
0.0417838
0.0417999
0.041816
0.0418321
0.0418482
0.0418644
0.0418805
0.0418966
0.0419127
0.0419289
0.041945
0.0419611
0.0419773
0.0419934
0.0420095
0.0420257
0.0420418
0.042058
0.0420741
0.0420902
0.0421064
0.0421225
0.0421387
0.0421548
0.042171
0.0421871
0.0422033
0.0422195
0.0422356
0.0422518
0.0422679
0.0422841
0.0423003
0.0423164
0.0423326
0.0423488
0.042365
0.0423811
0.0423973
0.0424135
0.0424297
0.0424458
0.042462
0.0424782
0.0424944
0.0425106
0.0425268
0.042543
0.0425592
0.0425754
0.0425916
0.0426078
0.042624
0.0426402
0.0426564
0.0426726
0.0426888
0.042705
0.0427212
0.0427374
0.0427536
0.0427698
0.042786
0.0428023
0.0428185
0.0428347
0.0428509
0.0428671
0.0428834
0.0428996
0.0429158
0.0429321
0.0429483
0.0429645
0.0429808
0.042997
0.0430132
0.0430295
0.0430457
0.043062
0.0430782
0.0430945
0.0431107
0.043127
0.0431432
0.0431595
0.0431757
0.043192
0.0432083
0.0432245
0.0432408
0.043257
0.0432733
0.0432896
0.0433058
0.0433221
0.0433384
0.0433547
0.0433709
0.0433872
0.0434035
0.0434198
0.0434361
0.0434523
0.0434686
0.0434849
0.0435012
0.0435175
0.0435338
0.0435501
0.0435664
0.0435827
0.043599
0.0436153
0.0436316
0.0436479
0.0436642
0.0436805
0.0436968
0.0437131
0.0437294
0.0437457
0.0437621
0.0437784
0.0437947
0.043811
0.0438273
0.0438437
0.04386
0.0438763
0.0438926
0.043909
0.0439253
0.0439416
0.043958
0.0439743
0.0439906
0.044007
0.0440233
0.0440397
0.044056
0.0440723
0.0440887
0.044105
0.0441214
0.0441377
0.0441541
0.0441705
0.0441868
0.0442032
0.0442195
0.0442359
0.0442523
0.0442686
0.044285
0.0443014
0.0443177
0.0443341
0.0443505
0.0443668
0.0443832
0.0443996
0.044416
0.0444324
0.0444487
0.0444651
0.0444815
0.0444979
0.0445143
0.0445307
0.0445471
0.0445635
0.0445799
0.0445963
0.0446127
0.0446291
0.0446455
0.0446619
0.0446783
0.0446947
0.0447111
0.0447275
0.0447439
0.0447603
0.0447767
0.0447932
0.0448096
0.044826
0.0448424
0.0448588
0.0448753
0.0448917
0.0449081
0.0449245
0.044941
0.0449574
0.0449738
0.0449903
0.0450067
0.0450231
0.0450396
0.045056
0.0450725
0.0450889
0.0451054
0.0451218
0.0451383
0.0451547
0.0451712
0.0451876
0.0452041
0.0452205
0.045237
0.0452534
0.0452699
0.0452864
0.0453028
0.0453193
0.0453358
0.0453522
0.0453687
0.0453852
0.0454017
0.0454181
0.0454346
0.0454511
0.0454676
0.0454841
0.0455005
0.045517
0.0455335
0.04555
0.0455665
0.045583
0.0455995
0.045616
0.0456325
0.045649
0.0456655
0.045682
0.0456985
0.045715
0.0457315
0.045748
0.0457645
0.045781
0.0457975
0.045814
0.0458306
0.0458471
0.0458636
0.0458801
0.0458966
0.0459132
0.0459297
0.0459462
0.0459627
0.0459793
0.0459958
0.0460123
0.0460289
0.0460454
0.0460619
0.0460785
0.046095
0.0461115
0.0461281
0.0461446
0.0461612
0.0461777
0.0461943
0.0462108
0.0462274
0.0462439
0.0462605
0.046277
0.0462936
0.0463102
0.0463267
0.0463433
0.0463599
0.0463764
0.046393
0.0464096
0.0464261
0.0464427
0.0464593
0.0464758
0.0464924
0.046509
0.0465256
0.0465422
0.0465587
0.0465753
0.0465919
0.0466085
0.0466251
0.0466417
0.0466583
0.0466749
0.0466915
0.0467081
0.0467247
0.0467413
0.0467579
0.0467745
0.0467911
0.0468077
0.0468243
0.0468409
0.0468575
0.0468741
0.0468907
0.0469073
0.0469239
0.0469406
0.0469572
0.0469738
0.0469904
0.0470071
0.0470237
0.0470403
0.0470569
0.0470736
0.0470902
0.0471068
0.0471235
0.0471401
0.0471567
0.0471734
0.04719
0.0472067
0.0472233
0.0472399
0.0472566
0.0472732
0.0472899
0.0473065
0.0473232
0.0473398
0.0473565
0.0473732
0.0473898
0.0474065
0.0474231
0.0474398
0.0474565
0.0474731
0.0474898
0.0475065
0.0475231
0.0475398
0.0475565
0.0475732
0.0475898
0.0476065
0.0476232
0.0476399
0.0476566
0.0476732
0.0476899
0.0477066
0.0477233
0.04774
0.0477567
0.0477734
0.0477901
0.0478068
0.0478235
0.0478402
0.0478569
0.0478736
0.0478903
0.047907
0.0479237
0.0479404
0.0479571
0.0479738
0.0479905
0.0480072
0.0480239
0.0480407
0.0480574
0.0480741
0.0480908
0.0481075
0.0481243
0.048141
0.0481577
0.0481744
0.0481912
0.0482079
0.0482246
0.0482414
0.0482581
0.0482748
0.0482916
0.0483083
0.0483251
0.0483418
0.0483585
0.0483753
0.048392
0.0484088
0.0484255
0.0484423
0.048459
0.0484758
0.0484926
0.0485093
0.0485261
0.0485428
0.0485596
0.0485764
0.0485931
0.0486099
0.0486267
0.0486434
0.0486602
0.048677
0.0486937
0.0487105
0.0487273
0.0487441
0.0487609
0.0487776
0.0487944
0.0488112
0.048828
0.0488448
0.0488616
0.0488783
0.0488951
0.0489119
0.0489287
0.0489455
0.0489623
0.0489791
0.0489959
0.0490127
0.0490295
0.0490463
0.0490631
0.0490799
0.0490967
0.0491136
0.0491304
0.0491472
0.049164
0.0491808
0.0491976
0.0492144
0.0492313
0.0492481
0.0492649
0.0492817
0.0492986
0.0493154
0.0493322
0.049349
0.0493659
0.0493827
0.0493995
0.0494164
0.0494332
0.04945
0.0494669
0.0494837
0.0495006
0.0495174
0.0495343
0.0495511
0.049568
0.0495848
0.0496017
0.0496185
0.0496354
0.0496522
0.0496691
0.0496859
0.0497028
0.0497197
0.0497365
0.0497534
0.0497703
0.0497871
0.049804
0.0498209
0.0498377
0.0498546
0.0498715
0.0498884
0.0499052
0.0499221
0.049939
0.0499559
0.0499728
0.0499896
0.0500065
0.0500234
0.0500403
0.0500572
0.0500741
0.050091
0.0501079
0.0501248
0.0501417
0.0501586
0.0501755
0.0501924
0.0502093
0.0502262
0.0502431
0.05026
0.0502769
0.0502938
0.0503107
0.0503276
0.0503445
0.0503614
0.0503784
0.0503953
0.0504122
0.0504291
0.050446
0.050463
0.0504799
0.0504968
0.0505137
0.0505307
0.0505476
0.0505645
0.0505815
0.0505984
0.0506153
0.0506323
0.0506492
0.0506662
0.0506831
0.0507
0.050717
0.0507339
0.0507509
0.0507678
0.0507848
0.0508017
0.0508187
0.0508356
0.0508526
0.0508695
0.0508865
0.0509035
0.0509204
0.0509374
0.0509543
0.0509713
0.0509883
0.0510052
0.0510222
0.0510392
0.0510562
0.0510731
0.0510901
0.0511071
0.0511241
0.051141
0.051158
0.051175
0.051192
0.051209
0.051226
0.0512429
0.0512599
0.0512769
0.0512939
0.0513109
0.0513279
0.0513449
0.0513619
0.0513789
0.0513959
0.0514129
0.0514299
0.0514469
0.0514639
0.0514809
0.0514979
0.0515149
0.0515319
0.051549
0.051566
0.051583
0.0516
0.051617
0.051634
0.0516511
0.0516681
0.0516851
0.0517021
0.0517191
0.0517362
0.0517532
0.0517702
0.0517873
0.0518043
0.0518213
0.0518384
0.0518554
0.0518724
0.0518895
0.0519065
0.0519236
0.0519406
0.0519577
0.0519747
0.0519917
0.0520088
0.0520258
0.0520429
0.0520599
0.052077
0.0520941
0.0521111
0.0521282
0.0521452
0.0521623
0.0521794
0.0521964
0.0522135
0.0522305
0.0522476
0.0522647
0.0522818
0.0522988
0.0523159
0.052333
0.0523501
0.0523671
0.0523842
0.0524013
0.0524184
0.0524355
0.0524525
0.0524696
0.0524867
0.0525038
0.0525209
0.052538
0.0525551
0.0525722
0.0525893
0.0526063
0.0526234
0.0526405
0.0526576
0.0526747
0.0526918
0.052709
0.0527261
0.0527432
0.0527603
0.0527774
0.0527945
0.0528116
0.0528287
0.0528458
0.0528629
0.0528801
0.0528972
0.0529143
0.0529314
0.0529485
0.0529657
0.0529828
0.0529999
0.053017
0.0530342
0.0530513
0.0530684
0.0530856
0.0531027
0.0531198
0.053137
0.0531541
0.0531713
0.0531884
0.0532055
0.0532227
0.0532398
0.053257
0.0532741
0.0532913
0.0533084
0.0533256
0.0533427
0.0533599
0.053377
0.0533942
0.0534114
0.0534285
0.0534457
0.0534628
0.05348
0.0534972
0.0535143
0.0535315
0.0535487
0.0535658
0.053583
0.0536002
0.0536174
0.0536345
0.0536517
0.0536689
0.0536861
0.0537032
0.0537204
0.0537376
0.0537548
0.053772
0.0537892
0.0538064
0.0538235
0.0538407
0.0538579
0.0538751
0.0538923
0.0539095
0.0539267
0.0539439
0.0539611
0.0539783
0.0539955
0.0540127
0.0540299
0.0540471
0.0540643
0.0540815
0.0540987
0.054116
0.0541332
0.0541504
0.0541676
0.0541848
0.054202
0.0542193
0.0542365
0.0542537
0.0542709
0.0542881
0.0543054
0.0543226
0.0543398
0.0543571
0.0543743
0.0543915
0.0544088
0.054426
0.0544432
0.0544605
0.0544777
0.0544949
0.0545122
0.0545294
0.0545467
0.0545639
0.0545812
0.0545984
0.0546157
0.0546329
0.0546502
0.0546674
0.0546847
0.0547019
0.0547192
0.0547364
0.0547537
0.054771
0.0547882
0.0548055
0.0548227
0.05484
0.0548573
0.0548745
0.0548918
0.0549091
0.0549264
0.0549436
0.0549609
0.0549782
0.0549955
0.0550127
0.05503
0.0550473
0.0550646
0.0550819
0.0550991
0.0551164
0.0551337
0.055151
0.0551683
0.0551856
0.0552029
0.0552202
0.0552375
0.0552548
0.0552721
0.0552894
0.0553067
0.055324
0.0553413
0.0553586
0.0553759
0.0553932
0.0554105
0.0554278
0.0554451
0.0554624
0.0554797
0.055497
0.0555144
0.0555317
0.055549
0.0555663
0.0555836
0.0556009
0.0556183
0.0556356
0.0556529
0.0556702
0.0556876
0.0557049
0.0557222
0.0557396
0.0557569
0.0557742
0.0557916
0.0558089
0.0558262
0.0558436
0.0558609
0.0558783
0.0558956
0.0559129
0.0559303
0.0559476
0.055965
0.0559823
0.0559997
0.056017
0.0560344
0.0560517
0.0560691
0.0560864
0.0561038
0.0561212
0.0561385
0.0561559
0.0561732
0.0561906
0.056208
0.0562253
0.0562427
0.0562601
0.0562774
0.0562948
0.0563122
0.0563296
0.0563469
0.0563643
0.0563817
0.0563991
0.0564164
0.0564338
0.0564512
0.0564686
0.056486
0.0565034
0.0565207
0.0565381
0.0565555
0.0565729
0.0565903
0.0566077
0.0566251
0.0566425
0.0566599
0.0566773
0.0566947
0.0567121
0.0567295
0.0567469
0.0567643
0.0567817
0.0567991
0.0568165
0.0568339
0.0568513
0.0568687
0.0568862
0.0569036
0.056921
0.0569384
0.0569558
0.0569732
0.0569907
0.0570081
0.0570255
0.0570429
0.0570603
0.0570778
0.0570952
0.0571126
0.0571301
0.0571475
0.0571649
0.0571824
0.0571998
0.0572172
0.0572347
0.0572521
0.0572695
0.057287
0.0573044
0.0573219
0.0573393
0.0573568
0.0573742
0.0573916
0.0574091
0.0574265
0.057444
0.0574614
0.0574789
0.0574964
0.0575138
0.0575313
0.0575487
0.0575662
0.0575837
0.0576011
0.0576186
0.057636
0.0576535
0.057671
0.0576884
0.0577059
0.0577234
0.0577409
0.0577583
0.0577758
0.0577933
0.0578108
0.0578282
0.0578457
0.0578632
0.0578807
0.0578982
0.0579156
0.0579331
0.0579506
0.0579681
0.0579856
0.0580031
0.0580206
0.0580381
0.0580556
0.058073
0.0580905
0.058108
0.0581255
0.058143
0.0581605
0.058178
0.0581955
0.058213
0.0582306
0.0582481
0.0582656
0.0582831
0.0583006
0.0583181
0.0583356
0.0583531
0.0583706
0.0583881
0.0584057
0.0584232
0.0584407
0.0584582
0.0584757
0.0584933
0.0585108
0.0585283
0.0585458
0.0585634
0.0585809
0.0585984
0.058616
0.0586335
0.058651
0.0586686
0.0586861
0.0587036
0.0587212
0.0587387
0.0587563
0.0587738
0.0587913
0.0588089
0.0588264
0.058844
0.0588615
0.0588791
0.0588966
0.0589142
0.0589317
0.0589493
0.0589668
0.0589844
0.0590019
0.0590195
0.0590371
0.0590546
0.0590722
0.0590897
0.0591073
0.0591249
0.0591424
0.05916
0.0591776
0.0591951
0.0592127
0.0592303
0.0592479
0.0592654
0.059283
0.0593006
0.0593182
0.0593357
0.0593533
0.0593709
0.0593885
0.0594061
0.0594237
0.0594412
0.0594588
0.0594764
0.059494
0.0595116
0.0595292
0.0595468
0.0595644
0.059582
0.0595996
0.0596172
0.0596348
0.0596524
0.05967
0.0596876
0.0597052
0.0597228
0.0597404
0.059758
0.0597756
0.0597932
0.0598108
0.0598284
0.059846
0.0598637
0.0598813
0.0598989
0.0599165
0.0599341
0.0599517
0.0599694
0.059987
0.0600046
0.0600222
0.0600399
0.0600575
0.0600751
0.0600927
0.0601104
0.060128
0.0601456
0.0601633
0.0601809
0.0601985
0.0602162
0.0602338
0.0602514
0.0602691
0.0602867
0.0603044
0.060322
0.0603397
0.0603573
0.0603749
0.0603926
0.0604102
0.0604279
0.0604455
0.0604632
0.0604808
0.0604985
0.0605162
0.0605338
0.0605515
0.0605691
0.0605868
0.0606045
0.0606221
0.0606398
0.0606574
0.0606751
0.0606928
0.0607104
0.0607281
0.0607458
0.0607635
0.0607811
0.0607988
0.0608165
0.0608341
0.0608518
0.0608695
0.0608872
0.0609049
0.0609225
0.0609402
0.0609579
0.0609756
0.0609933
0.061011
0.0610287
0.0610463
0.061064
0.0610817
0.0610994
0.0611171
0.0611348
0.0611525
0.0611702
0.0611879
0.0612056
0.0612233
0.061241
0.0612587
0.0612764
0.0612941
0.0613118
0.0613295
0.0613472
0.0613649
0.0613827
0.0614004
0.0614181
0.0614358
0.0614535
0.0614712
0.0614889
0.0615067
0.0615244
0.0615421
0.0615598
0.0615775
0.0615953
0.061613
0.0616307
0.0616484
0.0616662
0.0616839
0.0617016
0.0617194
0.0617371
0.0617548
0.0617726
0.0617903
0.061808
0.0618258
0.0618435
0.0618613
0.061879
0.0618967
0.0619145
0.0619322
0.06195
0.0619677
0.0619855
0.0620032
0.062021
0.0620387
0.0620565
0.0620742
0.062092
0.0621097
0.0621275
0.0621453
0.062163
0.0621808
0.0621985
0.0622163
0.0622341
0.0622518
0.0622696
0.0622874
0.0623051
0.0623229
0.0623407
0.0623584
0.0623762
0.062394
0.0624118
0.0624295
0.0624473
0.0624651
0.0624829
0.0625006
0.0625184
0.0625362
0.062554
0.0625718
0.0625896
0.0626073
0.0626251
0.0626429
0.0626429
