0
5.61792e-15
8.97736e-14
4.53907e-13
1.43277e-12
3.49357e-12
7.23515e-12
1.33872e-11
2.28092e-11
3.64901e-11
5.55469e-11
8.12242e-11
1.14893e-10
1.58051e-10
2.12321e-10
2.79448e-10
3.61303e-10
4.59879e-10
5.7729e-10
7.15772e-10
8.77681e-10
1.06549e-09
1.2818e-09
1.52932e-09
1.81088e-09
2.12943e-09
2.48802e-09
2.88984e-09
3.33817e-09
3.83642e-09
4.38812e-09
4.99687e-09
5.66644e-09
6.40067e-09
7.20352e-09
8.07905e-09
9.03146e-09
1.0065e-08
1.11841e-08
1.23933e-08
1.36971e-08
1.51003e-08
1.66076e-08
1.8224e-08
1.99546e-08
2.18043e-08
2.37786e-08
2.58826e-08
2.81218e-08
3.05017e-08
3.3028e-08
3.57064e-08
3.85426e-08
4.15426e-08
4.47124e-08
4.80582e-08
5.1586e-08
5.53023e-08
5.92133e-08
6.33256e-08
6.76457e-08
7.21804e-08
7.69363e-08
8.19203e-08
8.71393e-08
9.26003e-08
9.83106e-08
1.04277e-07
1.10507e-07
1.17009e-07
1.23788e-07
1.30854e-07
1.38213e-07
1.45874e-07
1.53844e-07
1.62131e-07
1.70743e-07
1.79687e-07
1.88973e-07
1.98609e-07
2.08602e-07
2.18961e-07
2.29694e-07
2.4081e-07
2.52318e-07
2.64226e-07
2.76543e-07
2.89278e-07
3.0244e-07
3.16037e-07
3.30079e-07
3.44574e-07
3.59533e-07
3.74964e-07
3.90877e-07
4.0728e-07
4.24185e-07
4.41599e-07
4.59533e-07
4.77996e-07
4.96999e-07
5.1655e-07
5.36661e-07
5.5734e-07
5.78598e-07
6.00445e-07
6.22891e-07
6.45947e-07
6.69622e-07
6.93928e-07
7.18873e-07
7.4447e-07
7.70728e-07
7.97658e-07
8.25271e-07
8.53578e-07
8.82588e-07
9.12314e-07
9.42766e-07
9.73955e-07
1.00589e-06
1.03859e-06
1.07205e-06
1.1063e-06
1.14134e-06
1.17719e-06
1.21385e-06
1.25133e-06
1.28966e-06
1.32883e-06
1.36887e-06
1.40978e-06
1.45158e-06
1.49427e-06
1.53787e-06
1.58239e-06
1.62784e-06
1.67424e-06
1.72159e-06
1.76991e-06
1.81921e-06
1.8695e-06
1.9208e-06
1.97312e-06
2.02646e-06
2.08085e-06
2.13629e-06
2.19279e-06
2.25038e-06
2.30905e-06
2.36883e-06
2.42973e-06
2.49176e-06
2.55493e-06
2.61925e-06
2.68474e-06
2.75142e-06
2.81928e-06
2.88835e-06
2.95865e-06
3.03017e-06
3.10294e-06
3.17697e-06
3.25227e-06
3.32885e-06
3.40673e-06
3.48593e-06
3.56645e-06
3.6483e-06
3.73151e-06
3.81608e-06
3.90204e-06
3.98938e-06
4.07813e-06
4.16829e-06
4.25989e-06
4.35294e-06
4.44744e-06
4.54342e-06
4.64089e-06
4.73986e-06
4.84034e-06
4.94235e-06
5.0459e-06
5.15101e-06
5.25769e-06
5.36596e-06
5.47582e-06
5.5873e-06
5.7004e-06
5.81514e-06
5.93154e-06
6.04961e-06
6.16936e-06
6.29081e-06
6.41396e-06
6.53885e-06
6.66547e-06
6.79385e-06
6.924e-06
7.05593e-06
7.18966e-06
7.3252e-06
7.46257e-06
7.60178e-06
7.74285e-06
7.88578e-06
8.0306e-06
8.17732e-06
8.32596e-06
8.47652e-06
8.62903e-06
8.78349e-06
8.93993e-06
9.09835e-06
9.25878e-06
9.42123e-06
9.5857e-06
9.75223e-06
9.92081e-06
1.00915e-05
1.02642e-05
1.04391e-05
1.06161e-05
1.07952e-05
1.09765e-05
1.11599e-05
1.13455e-05
1.15333e-05
1.17234e-05
1.19156e-05
1.21101e-05
1.23069e-05
1.25059e-05
1.27072e-05
1.29108e-05
1.31167e-05
1.3325e-05
1.35356e-05
1.37486e-05
1.39639e-05
1.41817e-05
1.44018e-05
1.46244e-05
1.48494e-05
1.50769e-05
1.53069e-05
1.55393e-05
1.57742e-05
1.60117e-05
1.62517e-05
1.64942e-05
1.67393e-05
1.6987e-05
1.72373e-05
1.74901e-05
1.77456e-05
1.80038e-05
1.82646e-05
1.85281e-05
1.87942e-05
1.90631e-05
1.93347e-05
1.9609e-05
1.9886e-05
2.01659e-05
2.04485e-05
2.07339e-05
2.10221e-05
2.13131e-05
2.1607e-05
2.19038e-05
2.22034e-05
2.25059e-05
2.28113e-05
2.31197e-05
2.3431e-05
2.37452e-05
2.40624e-05
2.43826e-05
2.47058e-05
2.5032e-05
2.53612e-05
2.56935e-05
2.60289e-05
2.63673e-05
2.67088e-05
2.70535e-05
2.74012e-05
2.77521e-05
2.81062e-05
2.84634e-05
2.88238e-05
2.91875e-05
2.95543e-05
2.99244e-05
3.02978e-05
3.06744e-05
3.10543e-05
3.14375e-05
3.1824e-05
3.22139e-05
3.26071e-05
3.30036e-05
3.34036e-05
3.38069e-05
3.42137e-05
3.46239e-05
3.50375e-05
3.54546e-05
3.58751e-05
3.62992e-05
3.67267e-05
3.71578e-05
3.75925e-05
3.80306e-05
3.84724e-05
3.89177e-05
3.93667e-05
3.98192e-05
4.02754e-05
4.07353e-05
4.11988e-05
4.1666e-05
4.21368e-05
4.26115e-05
4.30898e-05
4.35719e-05
4.40577e-05
4.45473e-05
4.50408e-05
4.5538e-05
4.6039e-05
4.65439e-05
4.70527e-05
4.75653e-05
4.80818e-05
4.86022e-05
4.91266e-05
4.96548e-05
5.01871e-05
5.07233e-05
5.12635e-05
5.18076e-05
5.23558e-05
5.29081e-05
5.34643e-05
5.40247e-05
5.45891e-05
5.51576e-05
5.57303e-05
5.6307e-05
5.68879e-05
5.7473e-05
5.80622e-05
5.86556e-05
5.92533e-05
5.98551e-05
6.04612e-05
6.10715e-05
6.16862e-05
6.23051e-05
6.29283e-05
6.35558e-05
6.41876e-05
6.48238e-05
6.54644e-05
6.61093e-05
6.67587e-05
6.74124e-05
6.80706e-05
6.87332e-05
6.94003e-05
7.00719e-05
7.07479e-05
7.14285e-05
7.21136e-05
7.28032e-05
7.34973e-05
7.41961e-05
7.48994e-05
7.56073e-05
7.63199e-05
7.7037e-05
7.77588e-05
7.84853e-05
7.92165e-05
7.99523e-05
8.06929e-05
8.14382e-05
8.21882e-05
8.2943e-05
8.37026e-05
8.44669e-05
8.52361e-05
8.601e-05
8.67888e-05
8.75725e-05
8.8361e-05
8.91544e-05
8.99527e-05
9.07559e-05
9.1564e-05
9.23771e-05
9.31952e-05
9.40182e-05
9.48462e-05
9.56792e-05
9.65172e-05
9.73603e-05
9.82084e-05
9.90616e-05
9.99198e-05
0.000100783
0.000101652
0.000102525
0.000103404
0.000104288
0.000105177
0.000106071
0.000106971
0.000107875
0.000108785
0.000109701
0.000110621
0.000111547
0.000112478
0.000113414
0.000114356
0.000115303
0.000116255
0.000117213
0.000118176
0.000119144
0.000120118
0.000121098
0.000122083
0.000123073
0.000124069
0.00012507
0.000126077
0.000127089
0.000128107
0.00012913
0.000130159
0.000131194
0.000132234
0.00013328
0.000134331
0.000135388
0.000136451
0.000137519
0.000138593
0.000139673
0.000140758
0.000141849
0.000142946
0.000144049
0.000145158
0.000146272
0.000147392
0.000148518
0.00014965
0.000150787
0.000151931
0.00015308
0.000154235
0.000155396
0.000156564
0.000157737
0.000158916
0.0001601
0.000161291
0.000162488
0.000163691
0.0001649
0.000166115
0.000167336
0.000168563
0.000169797
0.000171036
0.000172281
0.000173533
0.000174791
0.000176054
0.000177325
0.000178601
0.000179883
0.000181172
0.000182467
0.000183768
0.000185075
0.000186389
0.000187709
0.000189035
0.000190368
0.000191706
0.000193052
0.000194403
0.000195761
0.000197126
0.000198496
0.000199874
0.000201257
0.000202647
0.000204044
0.000205447
0.000206856
0.000208272
0.000209694
0.000211123
0.000212559
0.000214001
0.00021545
0.000216905
0.000218367
0.000219835
0.00022131
0.000222792
0.000224281
0.000225776
0.000227277
0.000228786
0.000230301
0.000231823
0.000233351
0.000234887
0.000236429
0.000237978
0.000239533
0.000241096
0.000242665
0.000244241
0.000245824
0.000247414
0.000249011
0.000250615
0.000252225
0.000253842
0.000255467
0.000257098
0.000258736
0.000260382
0.000262034
0.000263693
0.000265359
0.000267032
0.000268713
0.0002704
0.000272094
0.000273796
0.000275504
0.00027722
0.000278943
0.000280673
0.00028241
0.000284154
0.000285905
0.000287664
0.00028943
0.000291202
0.000292983
0.00029477
0.000296565
0.000298367
0.000300176
0.000301992
0.000303816
0.000305647
0.000307486
0.000309331
0.000311184
0.000313045
0.000314913
0.000316788
0.000318671
0.000320561
0.000322458
0.000324363
0.000326275
0.000328195
0.000330123
0.000332057
0.000334
0.00033595
0.000337907
0.000339872
0.000341844
0.000343824
0.000345812
0.000347807
0.00034981
0.000351821
0.000353839
0.000355864
0.000357898
0.000359939
0.000361988
0.000364044
0.000366108
0.00036818
0.00037026
0.000372347
0.000374442
0.000376545
0.000378656
0.000380774
0.0003829
0.000385034
0.000387176
0.000389326
0.000391484
0.000393649
0.000395823
0.000398004
0.000400193
0.00040239
0.000404595
0.000406808
0.000409029
0.000411258
0.000413495
0.000415739
0.000417992
0.000420253
0.000422522
0.000424799
0.000427084
0.000429377
0.000431678
0.000433987
0.000436304
0.00043863
0.000440963
0.000443305
0.000445654
0.000448012
0.000450378
0.000452753
0.000455135
0.000457526
0.000459925
0.000462332
0.000464747
0.000467171
0.000469603
0.000472043
0.000474491
0.000476948
0.000479413
0.000481886
0.000484368
0.000486858
0.000489356
0.000491863
0.000494378
0.000496901
0.000499433
0.000501973
0.000504522
0.000507079
0.000509645
0.000512219
0.000514801
0.000517392
0.000519992
0.0005226
0.000525216
0.000527841
0.000530475
0.000533117
0.000535767
0.000538426
0.000541094
0.00054377
0.000546455
0.000549149
0.000551851
0.000554562
0.000557281
0.000560009
0.000562746
0.000565491
0.000568246
0.000571008
0.00057378
0.00057656
0.000579349
0.000582147
0.000584953
0.000587768
0.000590592
0.000593425
0.000596267
0.000599117
0.000601976
0.000604844
0.000607721
0.000610607
0.000613501
0.000616405
0.000619317
0.000622238
0.000625168
0.000628107
0.000631055
0.000634012
0.000636978
0.000639952
0.000642936
0.000645929
0.00064893
0.000651941
0.000654961
0.000657989
0.000661027
0.000664074
0.000667129
0.000670194
0.000673268
0.000676351
0.000679443
0.000682544
0.000685654
0.000688774
0.000691902
0.00069504
0.000698186
0.000701342
0.000704507
0.000707681
0.000710865
0.000714057
0.000717259
0.00072047
0.000723691
0.00072692
0.000730159
0.000733407
0.000736664
0.00073993
0.000743206
0.000746491
0.000749786
0.000753089
0.000756402
0.000759725
0.000763056
0.000766397
0.000769748
0.000773107
0.000776477
0.000779855
0.000783243
0.00078664
0.000790047
0.000793463
0.000796889
0.000800324
0.000803768
0.000807222
0.000810686
0.000814159
0.000817641
0.000821133
0.000824634
0.000828145
0.000831666
0.000835196
0.000838735
0.000842284
0.000845843
0.000849411
0.000852989
0.000856577
0.000860174
0.00086378
0.000867396
0.000871022
0.000874658
0.000878303
0.000881958
0.000885622
0.000889296
0.00089298
0.000896674
0.000900377
0.00090409
0.000907813
0.000911545
0.000915287
0.000919039
0.000922801
0.000926572
0.000930353
0.000934144
0.000937945
0.000941755
0.000945576
0.000949406
0.000953246
0.000957096
0.000960955
0.000964825
0.000968704
0.000972593
0.000976492
0.000980401
0.00098432
0.000988249
0.000992188
0.000996136
0.00100009
0.00100406
0.00100804
0.00101203
0.00101603
0.00102004
0.00102405
0.00102808
0.00103212
0.00103617
0.00104023
0.0010443
0.00104837
0.00105246
0.00105656
0.00106067
0.00106479
0.00106892
0.00107305
0.0010772
0.00108136
0.00108553
0.00108971
0.0010939
0.0010981
0.00110231
0.00110653
0.00111076
0.001115
0.00111925
0.00112351
0.00112778
0.00113206
0.00113635
0.00114065
0.00114496
0.00114928
0.00115361
0.00115795
0.00116231
0.00116667
0.00117104
0.00117542
0.00117982
0.00118422
0.00118863
0.00119306
0.00119749
0.00120194
0.00120639
0.00121086
0.00121533
0.00121982
0.00122431
0.00122882
0.00123334
0.00123786
0.0012424
0.00124695
0.00125151
0.00125608
0.00126066
0.00126525
0.00126985
0.00127446
0.00127908
0.00128371
0.00128835
0.001293
0.00129767
0.00130234
0.00130702
0.00131172
0.00131642
0.00132114
0.00132586
0.0013306
0.00133534
0.0013401
0.00134487
0.00134965
0.00135444
0.00135924
0.00136405
0.00136887
0.0013737
0.00137854
0.00138339
0.00138825
0.00139313
0.00139801
0.00140291
0.00140781
0.00141273
0.00141765
0.00142259
0.00142754
0.0014325
0.00143747
0.00144245
0.00144744
0.00145244
0.00145745
0.00146247
0.00146751
0.00147255
0.00147761
0.00148267
0.00148775
0.00149283
0.00149793
0.00150304
0.00150816
0.00151329
0.00151843
0.00152358
0.00152874
0.00153392
0.0015391
0.0015443
0.0015495
0.00155472
0.00155994
0.00156518
0.00157043
0.00157569
0.00158096
0.00158624
0.00159153
0.00159684
0.00160215
0.00160748
0.00161281
0.00161816
0.00162352
0.00162888
0.00163426
0.00163965
0.00164506
0.00165047
0.00165589
0.00166132
0.00166677
0.00167222
0.00167769
0.00168317
0.00168866
0.00169416
0.00169967
0.00170519
0.00171072
0.00171627
0.00172182
0.00172739
0.00173296
0.00173855
0.00174415
0.00174976
0.00175538
0.00176101
0.00176665
0.00177231
0.00177797
0.00178365
0.00178934
0.00179504
0.00180074
0.00180647
0.0018122
0.00181794
0.00182369
0.00182946
0.00183523
0.00184102
0.00184682
0.00185263
0.00185845
0.00186428
0.00187012
0.00187598
0.00188184
0.00188772
0.00189361
0.0018995
0.00190541
0.00191133
0.00191727
0.00192321
0.00192916
0.00193513
0.00194111
0.0019471
0.0019531
0.00195911
0.00196513
0.00197116
0.00197721
0.00198326
0.00198933
0.00199541
0.0020015
0.0020076
0.00201371
0.00201983
0.00202597
0.00203211
0.00203827
0.00204444
0.00205062
0.00205681
0.00206301
0.00206922
0.00207545
0.00208169
0.00208793
0.00209419
0.00210046
0.00210674
0.00211304
0.00211934
0.00212566
0.00213198
0.00213832
0.00214467
0.00215103
0.00215741
0.00216379
0.00217019
0.00217659
0.00218301
0.00218944
0.00219588
0.00220234
0.0022088
0.00221528
0.00222176
0.00222826
0.00223477
0.00224129
0.00224782
0.00225437
0.00226092
0.00226749
0.00227407
0.00228066
0.00228726
0.00229387
0.0023005
0.00230713
0.00231378
0.00232044
0.00232711
0.00233379
0.00234049
0.00234719
0.00235391
0.00236064
0.00236738
0.00237413
0.00238089
0.00238766
0.00239445
0.00240125
0.00240806
0.00241488
0.00242171
0.00242855
0.00243541
0.00244228
0.00244915
0.00245604
0.00246295
0.00246986
0.00247678
0.00248372
0.00249067
0.00249763
0.0025046
0.00251158
0.00251858
0.00252558
0.0025326
0.00253963
0.00254667
0.00255372
0.00256079
0.00256786
0.00257495
0.00258205
0.00258916
0.00259628
0.00260342
0.00261056
0.00261772
0.00262489
0.00263207
0.00263927
0.00264647
0.00265369
0.00266091
0.00266815
0.0026754
0.00268267
0.00268994
0.00269723
0.00270453
0.00271184
0.00271916
0.00272649
0.00273384
0.00274119
0.00274856
0.00275594
0.00276333
0.00277074
0.00277815
0.00278558
0.00279302
0.00280047
0.00280793
0.00281541
0.0028229
0.00283039
0.0028379
0.00284543
0.00285296
0.0028605
0.00286806
0.00287563
0.00288321
0.0028908
0.00289841
0.00290602
0.00291365
0.00292129
0.00292894
0.00293661
0.00294428
0.00295197
0.00295967
0.00296738
0.0029751
0.00298284
0.00299058
0.00299834
0.00300611
0.00301389
0.00302169
0.00302949
0.00303731
0.00304514
0.00305298
0.00306083
0.0030687
0.00307658
0.00308447
0.00309237
0.00310028
0.0031082
0.00311614
0.00312409
0.00313205
0.00314002
0.00314801
0.003156
0.00316401
0.00317203
0.00318006
0.00318811
0.00319616
0.00320423
0.00321231
0.0032204
0.00322851
0.00323662
0.00324475
0.00325289
0.00326104
0.0032692
0.00327738
0.00328557
0.00329377
0.00330198
0.0033102
0.00331843
0.00332668
0.00333494
0.00334321
0.0033515
0.00335979
0.0033681
0.00337642
0.00338475
0.00339309
0.00340145
0.00340981
0.00341819
0.00342658
0.00343499
0.0034434
0.00345183
0.00346027
0.00346872
0.00347718
0.00348566
0.00349415
0.00350265
0.00351116
0.00351968
0.00352822
0.00353677
0.00354533
0.0035539
0.00356248
0.00357108
0.00357968
0.0035883
0.00359694
0.00360558
0.00361424
0.00362291
0.00363159
0.00364028
0.00364898
0.0036577
0.00366643
0.00367517
0.00368392
0.00369269
0.00370146
0.00371025
0.00371905
0.00372787
0.00373669
0.00374553
0.00375438
0.00376324
0.00377212
0.003781
0.0037899
0.00379881
0.00380773
0.00381667
0.00382561
0.00383457
0.00384354
0.00385253
0.00386152
0.00387053
0.00387955
0.00388858
0.00389762
0.00390668
0.00391575
0.00392483
0.00393392
0.00394302
0.00395214
0.00396127
0.00397041
0.00397956
0.00398873
0.0039979
0.00400709
0.00401629
0.00402551
0.00403473
0.00404397
0.00405322
0.00406249
0.00407176
0.00408105
0.00409035
0.00409966
0.00410898
0.00411832
0.00412766
0.00413702
0.0041464
0.00415578
0.00416518
0.00417459
0.00418401
0.00419344
0.00420288
0.00421234
0.00422181
0.00423129
0.00424079
0.00425029
0.00425981
0.00426934
0.00427889
0.00428844
0.00429801
0.00430759
0.00431718
0.00432678
0.0043364
0.00434603
0.00435567
0.00436532
0.00437499
0.00438467
0.00439435
0.00440406
0.00441377
0.0044235
0.00443324
0.00444299
0.00445275
0.00446252
0.00447231
0.00448211
0.00449192
0.00450175
0.00451159
0.00452143
0.0045313
0.00454117
0.00455105
0.00456095
0.00457086
0.00458078
0.00459072
0.00460067
0.00461062
0.0046206
0.00463058
0.00464058
0.00465058
0.0046606
0.00467064
0.00468068
0.00469074
0.00470081
0.00471089
0.00472098
0.00473109
0.00474121
0.00475134
0.00476148
0.00477164
0.00478181
0.00479199
0.00480218
0.00481238
0.0048226
0.00483283
0.00484307
0.00485333
0.00486359
0.00487387
0.00488416
0.00489446
0.00490478
0.00491511
0.00492545
0.0049358
0.00494616
0.00495654
0.00496693
0.00497733
0.00498774
0.00499817
0.00500861
0.00501906
0.00502952
0.00504
0.00505049
0.00506099
0.0050715
0.00508202
0.00509256
0.00510311
0.00511367
0.00512424
0.00513483
0.00514543
0.00515604
0.00516666
0.0051773
0.00518794
0.0051986
0.00520928
0.00521996
0.00523066
0.00524137
0.00525209
0.00526282
0.00527357
0.00528433
0.0052951
0.00530588
0.00531668
0.00532749
0.00533831
0.00534914
0.00535998
0.00537084
0.00538171
0.00539259
0.00540349
0.00541439
0.00542531
0.00543624
0.00544719
0.00545814
0.00546911
0.00548009
0.00549109
0.00550209
0.00551311
0.00552414
0.00553518
0.00554624
0.0055573
0.00556838
0.00557948
0.00559058
0.0056017
0.00561282
0.00562397
0.00563512
0.00564629
0.00565746
0.00566865
0.00567986
0.00569107
0.0057023
0.00571354
0.00572479
0.00573606
0.00574733
0.00575862
0.00576993
0.00578124
0.00579257
0.0058039
0.00581526
0.00582662
0.005838
0.00584938
0.00586078
0.0058722
0.00588362
0.00589506
0.00590651
0.00591797
0.00592945
0.00594094
0.00595243
0.00596395
0.00597547
0.00598701
0.00599856
0.00601012
0.00602169
0.00603328
0.00604488
0.00605649
0.00606811
0.00607975
0.00609139
0.00610305
0.00611473
0.00612641
0.00613811
0.00614982
0.00616154
0.00617327
0.00618502
0.00619678
0.00620855
0.00622034
0.00623213
0.00624394
0.00625576
0.0062676
0.00627944
0.0062913
0.00630317
0.00631505
0.00632695
0.00633885
0.00635077
0.00636271
0.00637465
0.00638661
0.00639858
0.00641056
0.00642255
0.00643456
0.00644658
0.00645861
0.00647065
0.00648271
0.00649478
0.00650686
0.00651895
0.00653106
0.00654318
0.00655531
0.00656745
0.0065796
0.00659177
0.00660395
0.00661614
0.00662835
0.00664056
0.00665279
0.00666503
0.00667729
0.00668955
0.00670183
0.00671412
0.00672643
0.00673874
0.00675107
0.00676341
0.00677576
0.00678813
0.00680051
0.0068129
0.0068253
0.00683771
0.00685014
0.00686258
0.00687503
0.00688749
0.00689997
0.00691246
0.00692496
0.00693747
0.00695
0.00696254
0.00697509
0.00698765
0.00700023
0.00701281
0.00702541
0.00703803
0.00705065
0.00706329
0.00707594
0.0070886
0.00710127
0.00711396
0.00712666
0.00713937
0.00715209
0.00716483
0.00717758
0.00719034
0.00720311
0.0072159
0.00722869
0.00724151
0.00725433
0.00726716
0.00728001
0.00729287
0.00730574
0.00731862
0.00733152
0.00734443
0.00735735
0.00737029
0.00738323
0.00739619
0.00740916
0.00742214
0.00743514
0.00744815
0.00746117
0.0074742
0.00748724
0.0075003
0.00751337
0.00752645
0.00753955
0.00755265
0.00756577
0.0075789
0.00759204
0.0076052
0.00761837
0.00763155
0.00764474
0.00765795
0.00767116
0.00768439
0.00769764
0.00771089
0.00772416
0.00773744
0.00775073
0.00776403
0.00777735
0.00779068
0.00780402
0.00781737
0.00783074
0.00784411
0.0078575
0.00787091
0.00788432
0.00789775
0.00791119
0.00792464
0.0079381
0.00795158
0.00796507
0.00797857
0.00799208
0.00800561
0.00801915
0.0080327
0.00804626
0.00805984
0.00807342
0.00808702
0.00810063
0.00811426
0.00812789
0.00814154
0.0081552
0.00816888
0.00818256
0.00819626
0.00820997
0.0082237
0.00823743
0.00825118
0.00826494
0.00827871
0.00829249
0.00830629
0.0083201
0.00833392
0.00834775
0.0083616
0.00837546
0.00838933
0.00840321
0.00841711
0.00843101
0.00844493
0.00845886
0.00847281
0.00848676
0.00850073
0.00851471
0.00852871
0.00854271
0.00855673
0.00857076
0.0085848
0.00859886
0.00861293
0.008627
0.0086411
0.0086552
0.00866932
0.00868344
0.00869759
0.00871174
0.0087259
0.00874008
0.00875427
0.00876847
0.00878269
0.00879691
0.00881115
0.0088254
0.00883967
0.00885394
0.00886823
0.00888253
0.00889684
0.00891117
0.0089255
0.00893985
0.00895422
0.00896859
0.00898298
0.00899737
0.00901178
0.00902621
0.00904064
0.00905509
0.00906955
0.00908402
0.0090985
0.009113
0.00912751
0.00914203
0.00915656
0.00917111
0.00918567
0.00920024
0.00921482
0.00922941
0.00924402
0.00925864
0.00927327
0.00928791
0.00930257
0.00931723
0.00933191
0.00934661
0.00936131
0.00937603
0.00939076
0.0094055
0.00942025
0.00943501
0.00944979
0.00946458
0.00947938
0.0094942
0.00950903
0.00952386
0.00953871
0.00955358
0.00956845
0.00958334
0.00959824
0.00961315
0.00962808
0.00964301
0.00965796
0.00967292
0.0096879
0.00970288
0.00971788
0.00973289
0.00974791
0.00976294
0.00977799
0.00979305
0.00980812
0.0098232
0.0098383
0.0098534
0.00986852
0.00988365
0.0098988
0.00991395
0.00992912
0.0099443
0.00995949
0.0099747
0.00998991
0.0100051
0.0100204
0.0100356
0.0100509
0.0100662
0.0100815
0.0100968
0.0101121
0.0101274
0.0101428
0.0101581
0.0101735
0.0101888
0.0102042
0.0102196
0.010235
0.0102505
0.0102659
0.0102813
0.0102968
0.0103123
0.0103278
0.0103433
0.0103588
0.0103743
0.0103898
0.0104054
0.0104209
0.0104365
0.0104521
0.0104677
0.0104833
0.0104989
0.0105145
0.0105302
0.0105458
0.0105615
0.0105772
0.0105928
0.0106085
0.0106243
0.01064
0.0106557
0.0106715
0.0106872
0.010703
0.0107188
0.0107346
0.0107504
0.0107662
0.0107821
0.0107979
0.0108138
0.0108297
0.0108455
0.0108614
0.0108773
0.0108933
0.0109092
0.0109251
0.0109411
0.0109571
0.010973
0.010989
0.011005
0.0110211
0.0110371
0.0110531
0.0110692
0.0110852
0.0111013
0.0111174
0.0111335
0.0111496
0.0111658
0.0111819
0.011198
0.0112142
0.0112304
0.0112466
0.0112628
0.011279
0.0112952
0.0113114
0.0113277
0.0113439
0.0113602
0.0113765
0.0113928
0.0114091
0.0114254
0.0114417
0.0114581
0.0114744
0.0114908
0.0115072
0.0115236
0.01154
0.0115564
0.0115728
0.0115892
0.0116057
0.0116221
0.0116386
0.0116551
0.0116716
0.0116881
0.0117046
0.0117212
0.0117377
0.0117543
0.0117709
0.0117874
0.011804
0.0118206
0.0118373
0.0118539
0.0118705
0.0118872
0.0119038
0.0119205
0.0119372
0.0119539
0.0119706
0.0119874
0.0120041
0.0120208
0.0120376
0.0120544
0.0120712
0.012088
0.0121048
0.0121216
0.0121384
0.0121553
0.0121721
0.012189
0.0122059
0.0122228
0.0122397
0.0122566
0.0122735
0.0122905
0.0123074
0.0123244
0.0123414
0.0123584
0.0123754
0.0123924
0.0124094
0.0124264
0.0124435
0.0124605
0.0124776
0.0124947
0.0125118
0.0125289
0.012546
0.0125632
0.0125803
0.0125975
0.0126146
0.0126318
0.012649
0.0126662
0.0126834
0.0127006
0.0127179
0.0127351
0.0127524
0.0127697
0.0127869
0.0128042
0.0128216
0.0128389
0.0128562
0.0128736
0.0128909
0.0129083
0.0129257
0.0129431
0.0129605
0.0129779
0.0129953
0.0130128
0.0130302
0.0130477
0.0130651
0.0130826
0.0131001
0.0131176
0.0131352
0.0131527
0.0131703
0.0131878
0.0132054
0.013223
0.0132406
0.0132582
0.0132758
0.0132934
0.0133111
0.0133287
0.0133464
0.0133641
0.0133817
0.0133994
0.0134172
0.0134349
0.0134526
0.0134704
0.0134881
0.0135059
0.0135237
0.0135415
0.0135593
0.0135771
0.0135949
0.0136128
0.0136306
0.0136485
0.0136664
0.0136843
0.0137022
0.0137201
0.013738
0.0137559
0.0137739
0.0137919
0.0138098
0.0138278
0.0138458
0.0138638
0.0138818
0.0138999
0.0139179
0.013936
0.013954
0.0139721
0.0139902
0.0140083
0.0140264
0.0140445
0.0140627
0.0140808
0.014099
0.0141171
0.0141353
0.0141535
0.0141717
0.01419
0.0142082
0.0142264
0.0142447
0.0142629
0.0142812
0.0142995
0.0143178
0.0143361
0.0143544
0.0143728
0.0143911
0.0144095
0.0144279
0.0144462
0.0144646
0.014483
0.0145015
0.0145199
0.0145383
0.0145568
0.0145752
0.0145937
0.0146122
0.0146307
0.0146492
0.0146677
0.0146863
0.0147048
0.0147234
0.0147419
0.0147605
0.0147791
0.0147977
0.0148163
0.014835
0.0148536
0.0148723
0.0148909
0.0149096
0.0149283
0.014947
0.0149657
0.0149844
0.0150031
0.0150219
0.0150406
0.0150594
0.0150782
0.015097
0.0151158
0.0151346
0.0151534
0.0151722
0.0151911
0.01521
0.0152288
0.0152477
0.0152666
0.0152855
0.0153044
0.0153234
0.0153423
0.0153612
0.0153802
0.0153992
0.0154182
0.0154372
0.0154562
0.0154752
0.0154942
0.0155133
0.0155323
0.0155514
0.0155705
0.0155896
0.0156087
0.0156278
0.0156469
0.0156661
0.0156852
0.0157044
0.0157235
0.0157427
0.0157619
0.0157811
0.0158003
0.0158196
0.0158388
0.0158581
0.0158773
0.0158966
0.0159159
0.0159352
0.0159545
0.0159738
0.0159932
0.0160125
0.0160319
0.0160512
0.0160706
0.01609
0.0161094
0.0161288
0.0161482
0.0161677
0.0161871
0.0162066
0.016226
0.0162455
0.016265
0.0162845
0.016304
0.0163236
0.0163431
0.0163627
0.0163822
0.0164018
0.0164214
0.016441
0.0164606
0.0164802
0.0164998
0.0165195
0.0165391
0.0165588
0.0165785
0.0165982
0.0166179
0.0166376
0.0166573
0.016677
0.0166968
0.0167165
0.0167363
0.0167561
0.0167759
0.0167957
0.0168155
0.0168353
0.0168551
0.016875
0.0168948
0.0169147
0.0169346
0.0169545
0.0169744
0.0169943
0.0170142
0.0170342
0.0170541
0.0170741
0.0170941
0.017114
0.017134
0.017154
0.0171741
0.0171941
0.0172141
0.0172342
0.0172543
0.0172743
0.0172944
0.0173145
0.0173346
0.0173547
0.0173749
0.017395
0.0174152
0.0174353
0.0174555
0.0174757
0.0174959
0.0175161
0.0175363
0.0175566
0.0175768
0.0175971
0.0176173
0.0176376
0.0176579
0.0176782
0.0176985
0.0177188
0.0177392
0.0177595
0.0177799
0.0178002
0.0178206
0.017841
0.0178614
0.0178818
0.0179023
0.0179227
0.0179431
0.0179636
0.0179841
0.0180046
0.018025
0.0180455
0.0180661
0.0180866
0.0181071
0.0181277
0.0181482
0.0181688
0.0181894
0.01821
0.0182306
0.0182512
0.0182718
0.0182925
0.0183131
0.0183338
0.0183545
0.0183751
0.0183958
0.0184165
0.0184373
0.018458
0.0184787
0.0184995
0.0185202
0.018541
0.0185618
0.0185826
0.0186034
0.0186242
0.018645
0.0186659
0.0186867
0.0187076
0.0187285
0.0187493
0.0187702
0.0187912
0.0188121
0.018833
0.0188539
0.0188749
0.0188959
0.0189168
0.0189378
0.0189588
0.0189798
0.0190008
0.0190219
0.0190429
0.019064
0.019085
0.0191061
0.0191272
0.0191483
0.0191694
0.0191905
0.0192116
0.0192328
0.0192539
0.0192751
0.0192963
0.0193174
0.0193386
0.0193598
0.0193811
0.0194023
0.0194235
0.0194448
0.019466
0.0194873
0.0195086
0.0195299
0.0195512
0.0195725
0.0195938
0.0196152
0.0196365
0.0196579
0.0196793
0.0197007
0.019722
0.0197435
0.0197649
0.0197863
0.0198077
0.0198292
0.0198506
0.0198721
0.0198936
0.0199151
0.0199366
0.0199581
0.0199796
0.0200012
0.0200227
0.0200443
0.0200659
0.0200874
0.020109
0.0201306
0.0201523
0.0201739
0.0201955
0.0202172
0.0202388
0.0202605
0.0202822
0.0203039
0.0203256
0.0203473
0.020369
0.0203907
0.0204125
0.0204342
0.020456
0.0204778
0.0204996
0.0205214
0.0205432
0.020565
0.0205868
0.0206087
0.0206305
0.0206524
0.0206743
0.0206962
0.0207181
0.02074
0.0207619
0.0207838
0.0208058
0.0208277
0.0208497
0.0208717
0.0208937
0.0209157
0.0209377
0.0209597
0.0209817
0.0210038
0.0210258
0.0210479
0.0210699
0.021092
0.0211141
0.0211362
0.0211584
0.0211805
0.0212026
0.0212248
0.0212469
0.0212691
0.0212913
0.0213135
0.0213357
0.0213579
0.0213801
0.0214024
0.0214246
0.0214469
0.0214691
0.0214914
0.0215137
0.021536
0.0215583
0.0215806
0.021603
0.0216253
0.0216477
0.02167
0.0216924
0.0217148
0.0217372
0.0217596
0.021782
0.0218044
0.0218269
0.0218493
0.0218718
0.0218943
0.0219168
0.0219393
0.0219618
0.0219843
0.0220068
0.0220293
0.0220519
0.0220745
0.022097
0.0221196
0.0221422
0.0221648
0.0221874
0.02221
0.0222327
0.0222553
0.022278
0.0223006
0.0223233
0.022346
0.0223687
0.0223914
0.0224141
0.0224369
0.0224596
0.0224824
0.0225051
0.0225279
0.0225507
0.0225735
0.0225963
0.0226191
0.0226419
0.0226648
0.0226876
0.0227105
0.0227333
0.0227562
0.0227791
0.022802
0.0228249
0.0228478
0.0228708
0.0228937
0.0229167
0.0229396
0.0229626
0.0229856
0.0230086
0.0230316
0.0230546
0.0230777
0.0231007
0.0231237
0.0231468
0.0231699
0.023193
0.0232161
0.0232392
0.0232623
0.0232854
0.0233085
0.0233317
0.0233548
0.023378
0.0234012
0.0234244
0.0234476
0.0234708
0.023494
0.0235172
0.0235405
0.0235637
0.023587
0.0236103
0.0236335
0.0236568
0.0236801
0.0237034
0.0237268
0.0237501
0.0237735
0.0237968
0.0238202
0.0238436
0.0238669
0.0238903
0.0239138
0.0239372
0.0239606
0.023984
0.0240075
0.024031
0.0240544
0.0240779
0.0241014
0.0241249
0.0241484
0.024172
0.0241955
0.024219
0.0242426
0.0242662
0.0242897
0.0243133
0.0243369
0.0243605
0.0243842
0.0244078
0.0244314
0.0244551
0.0244787
0.0245024
0.0245261
0.0245498
0.0245735
0.0245972
0.0246209
0.0246447
0.0246684
0.0246922
0.0247159
0.0247397
0.0247635
0.0247873
0.0248111
0.0248349
0.0248587
0.0248826
0.0249064
0.0249303
0.0249541
0.024978
0.0250019
0.0250258
0.0250497
0.0250737
0.0250976
0.0251215
0.0251455
0.0251694
0.0251934
0.0252174
0.0252414
0.0252654
0.0252894
0.0253134
0.0253375
0.0253615
0.0253856
0.0254096
0.0254337
0.0254578
0.0254819
0.025506
0.0255301
0.0255543
0.0255784
0.0256025
0.0256267
0.0256509
0.0256751
0.0256992
0.0257234
0.0257477
0.0257719
0.0257961
0.0258204
0.0258446
0.0258689
0.0258931
0.0259174
0.0259417
0.025966
0.0259903
0.0260147
0.026039
0.0260633
0.0260877
0.0261121
0.0261364
0.0261608
0.0261852
0.0262096
0.026234
0.0262585
0.0262829
0.0263073
0.0263318
0.0263563
0.0263807
0.0264052
0.0264297
0.0264542
0.0264788
0.0265033
0.0265278
0.0265524
0.0265769
0.0266015
0.0266261
0.0266507
0.0266753
0.0266999
0.0267245
0.0267491
0.0267738
0.0267984
0.0268231
0.0268478
0.0268724
0.0268971
0.0269218
0.0269465
0.0269713
0.026996
0.0270207
0.0270455
0.0270703
0.027095
0.0271198
0.0271446
0.0271694
0.0271942
0.027219
0.0272439
0.0272687
0.0272936
0.0273184
0.0273433
0.0273682
0.0273931
0.027418
0.0274429
0.0274678
0.0274928
0.0275177
0.0275427
0.0275676
0.0275926
0.0276176
0.0276426
0.0276676
0.0276926
0.0277176
0.0277427
0.0277677
0.0277928
0.0278178
0.0278429
0.027868
0.0278931
0.0279182
0.0279433
0.0279684
0.0279936
0.0280187
0.0280439
0.028069
0.0280942
0.0281194
0.0281446
0.0281698
0.028195
0.0282203
0.0282455
0.0282707
0.028296
0.0283213
0.0283465
0.0283718
0.0283971
0.0284224
0.0284477
0.0284731
0.0284984
0.0285237
0.0285491
0.0285745
0.0285998
0.0286252
0.0286506
0.028676
0.0287014
0.0287269
0.0287523
0.0287778
0.0288032
0.0288287
0.0288541
0.0288796
0.0289051
0.0289306
0.0289561
0.0289817
0.0290072
0.0290328
0.0290583
0.0290839
0.0291094
0.029135
0.0291606
0.0291862
0.0292118
0.0292375
0.0292631
0.0292887
0.0293144
0.0293401
0.0293657
0.0293914
0.0294171
0.0294428
0.0294685
0.0294943
0.02952
0.0295457
0.0295715
0.0295972
0.029623
0.0296488
0.0296746
0.0297004
0.0297262
0.029752
0.0297779
0.0298037
0.0298295
0.0298554
0.0298813
0.0299072
0.029933
0.0299589
0.0299849
0.0300108
0.0300367
0.0300626
0.0300886
0.0301146
0.0301405
0.0301665
0.0301925
0.0302185
0.0302445
0.0302705
0.0302965
0.0303226
0.0303486
0.0303747
0.0304007
0.0304268
0.0304529
0.030479
0.0305051
0.0305312
0.0305573
0.0305835
0.0306096
0.0306358
0.0306619
0.0306881
0.0307143
0.0307405
0.0307667
0.0307929
0.0308191
0.0308454
0.0308716
0.0308979
0.0309241
0.0309504
0.0309767
0.031003
0.0310293
0.0310556
0.0310819
0.0311082
0.0311346
0.0311609
0.0311873
0.0312136
0.03124
0.0312664
0.0312928
0.0313192
0.0313456
0.031372
0.0313985
0.0314249
0.0314514
0.0314778
0.0315043
0.0315308
0.0315573
0.0315838
0.0316103
0.0316368
0.0316633
0.0316899
0.0317164
0.031743
0.0317696
0.0317962
0.0318227
0.0318493
0.0318759
0.0319026
0.0319292
0.0319558
0.0319825
0.0320091
0.0320358
0.0320625
0.0320892
0.0321159
0.0321426
0.0321693
0.032196
0.0322227
0.0322495
0.0322762
0.032303
0.0323298
0.0323565
0.0323833
0.0324101
0.0324369
0.0324638
0.0324906
0.0325174
0.0325443
0.0325711
0.032598
0.0326249
0.0326518
0.0326786
0.0327055
0.0327325
0.0327594
0.0327863
0.0328133
0.0328402
0.0328672
0.0328941
0.0329211
0.0329481
0.0329751
0.0330021
0.0330291
0.0330562
0.0330832
0.0331103
0.0331373
0.0331644
0.0331915
0.0332185
0.0332456
0.0332727
0.0332998
0.033327
0.0333541
0.0333812
0.0334084
0.0334356
0.0334627
0.0334899
0.0335171
0.0335443
0.0335715
0.0335987
0.0336259
0.0336532
0.0336804
0.0337077
0.0337349
0.0337622
0.0337895
0.0338168
0.0338441
0.0338714
0.0338987
0.033926
0.0339534
0.0339807
0.0340081
0.0340355
0.0340628
0.0340902
0.0341176
0.034145
0.0341724
0.0341999
0.0342273
0.0342547
0.0342822
0.0343096
0.0343371
0.0343646
0.0343921
0.0344196
0.0344471
0.0344746
0.0345021
0.0345297
0.0345572
0.0345848
0.0346123
0.0346399
0.0346675
0.0346951
0.0347227
0.0347503
0.0347779
0.0348055
0.0348332
0.0348608
0.0348885
0.0349161
0.0349438
0.0349715
0.0349992
0.0350269
0.0350546
0.0350823
0.03511
0.0351378
0.0351655
0.0351933
0.0352211
0.0352488
0.0352766
0.0353044
0.0353322
0.03536
0.0353878
0.0354157
0.0354435
0.0354714
0.0354992
0.0355271
0.035555
0.0355829
0.0356108
0.0356387
0.0356666
0.0356945
0.0357224
0.0357504
0.0357783
0.0358063
0.0358343
0.0358622
0.0358902
0.0359182
0.0359462
0.0359742
0.0360023
0.0360303
0.0360583
0.0360864
0.0361145
0.0361425
0.0361706
0.0361987
0.0362268
0.0362549
0.036283
0.0363111
0.0363393
0.0363674
0.0363956
0.0364237
0.0364519
0.0364801
0.0365083
0.0365365
0.0365647
0.0365929
0.0366211
0.0366493
0.0366776
0.0367058
0.0367341
0.0367624
0.0367907
0.0368189
0.0368472
0.0368756
0.0369039
0.0369322
0.0369605
0.0369889
0.0370172
0.0370456
0.037074
0.0371023
0.0371307
0.0371591
0.0371875
0.0372159
0.0372444
0.0372728
0.0373012
0.0373297
0.0373582
0.0373866
0.0374151
0.0374436
0.0374721
0.0375006
0.0375291
0.0375576
0.0375862
0.0376147
0.0376433
0.0376718
0.0377004
0.037729
0.0377576
0.0377862
0.0378148
0.0378434
0.037872
0.0379006
0.0379293
0.0379579
0.0379866
0.0380152
0.0380439
0.0380726
0.0381013
0.03813
0.0381587
0.0381874
0.0382162
0.0382449
0.0382737
0.0383024
0.0383312
0.0383599
0.0383887
0.0384175
0.0384463
0.0384751
0.038504
0.0385328
0.0385616
0.0385905
0.0386193
0.0386482
0.0386771
0.0387059
0.0387348
0.0387637
0.0387926
0.0388216
0.0388505
0.0388794
0.0389084
0.0389373
0.0389663
0.0389952
0.0390242
0.0390532
0.0390822
0.0391112
0.0391402
0.0391693
0.0391983
0.0392273
0.0392564
0.0392854
0.0393145
0.0393436
0.0393727
0.0394018
0.0394309
0.03946
0.0394891
0.0395182
0.0395474
0.0395765
0.0396057
0.0396348
0.039664
0.0396932
0.0397224
0.0397516
0.0397808
0.03981
0.0398392
0.0398685
0.0398977
0.039927
0.0399562
0.0399855
0.0400148
0.0400441
0.0400734
0.0401027
0.040132
0.0401613
0.0401906
0.04022
0.0402493
0.0402787
0.040308
0.0403374
0.0403668
0.0403962
0.0404256
0.040455
0.0404844
0.0405138
0.0405433
0.0405727
0.0406022
0.0406316
0.0406611
0.0406906
0.0407201
0.0407496
0.0407791
0.0408086
0.0408381
0.0408676
0.0408972
0.0409267
0.0409563
0.0409859
0.0410154
0.041045
0.0410746
0.0411042
0.0411338
0.0411634
0.0411931
0.0412227
0.0412523
0.041282
0.0413117
0.0413413
0.041371
0.0414007
0.0414304
0.0414601
0.0414898
0.0415195
0.0415493
0.041579
0.0416087
0.0416385
0.0416683
0.041698
0.0417278
0.0417576
0.0417874
0.0418172
0.041847
0.0418769
0.0419067
0.0419365
0.0419664
0.0419962
0.0420261
0.042056
0.0420859
0.0421158
0.0421457
0.0421756
0.0422055
0.0422354
0.0422654
0.0422953
0.0423253
0.0423552
0.0423852
0.0424152
0.0424452
0.0424752
0.0425052
0.0425352
0.0425652
0.0425952
0.0426253
0.0426553
0.0426854
0.0427154
0.0427455
0.0427756
0.0428057
0.0428358
0.0428659
0.042896
0.0429261
0.0429562
0.0429864
0.0430165
0.0430467
0.0430769
0.043107
0.0431372
0.0431674
0.0431976
0.0432278
0.043258
0.0432882
0.0433185
0.0433487
0.043379
0.0434092
0.0434395
0.0434698
0.0435001
0.0435303
0.0435607
0.043591
0.0436213
0.0436516
0.0436819
0.0437123
0.0437426
0.043773
0.0438034
0.0438337
0.0438641
0.0438945
0.0439249
0.0439553
0.0439857
0.0440162
0.0440466
0.044077
0.0441075
0.044138
0.0441684
0.0441989
0.0442294
0.0442599
0.0442904
0.0443209
0.0443514
0.0443819
0.0444125
0.044443
0.0444736
0.0445041
0.0445347
0.0445653
0.0445959
0.0446265
0.0446571
0.0446877
0.0447183
0.0447489
0.0447796
0.0448102
0.0448408
0.0448715
0.0449022
0.0449329
0.0449635
0.0449942
0.0450249
0.0450556
0.0450864
0.0451171
0.0451478
0.0451786
0.0452093
0.0452401
0.0452708
0.0453016
0.0453324
0.0453632
0.045394
0.0454248
0.0454556
0.0454865
0.0455173
0.0455481
0.045579
0.0456098
0.0456407
0.0456716
0.0457025
0.0457334
0.0457643
0.0457952
0.0458261
0.045857
0.0458879
0.0459189
0.0459498
0.0459808
0.0460118
0.0460427
0.0460737
0.0461047
0.0461357
0.0461667
0.0461977
0.0462287
0.0462598
0.0462908
0.0463219
0.0463529
0.046384
0.046415
0.0464461
0.0464772
0.0465083
0.0465394
0.0465705
0.0466016
0.0466328
0.0466639
0.0466951
0.0467262
0.0467574
0.0467885
0.0468197
0.0468509
0.0468821
0.0469133
0.0469445
0.0469757
0.047007
0.0470382
0.0470694
0.0471007
0.0471319
0.0471632
0.0471945
0.0472258
0.0472571
0.0472884
0.0473197
0.047351
0.0473823
0.0474136
0.047445
0.0474763
0.0475077
0.047539
0.0475704
0.0476018
0.0476332
0.0476646
0.047696
0.0477274
0.0477588
0.0477902
0.0478217
0.0478531
0.0478846
0.047916
0.0479475
0.047979
0.0480105
0.048042
0.0480735
0.048105
0.0481365
0.048168
0.0481995
0.0482311
0.0482626
0.0482942
0.0483258
0.0483573
0.0483889
0.0484205
0.0484521
0.0484837
0.0485153
0.0485469
0.0485786
0.0486102
0.0486418
0.0486735
0.0487052
0.0487368
0.0487685
0.0488002
0.0488319
0.0488636
0.0488953
0.048927
0.0489587
0.0489905
0.0490222
0.0490539
0.0490857
0.0491175
0.0491492
0.049181
0.0492128
0.0492446
0.0492764
0.0493082
0.04934
0.0493719
0.0494037
0.0494355
0.0494674
0.0494992
0.0495311
0.049563
0.0495949
0.0496268
0.0496587
0.0496906
0.0497225
0.0497544
0.0497863
0.0498183
0.0498502
0.0498822
0.0499141
0.0499461
0.0499781
0.0500101
0.050042
0.050074
0.0501061
0.0501381
0.0501701
0.0502021
0.0502342
0.0502662
0.0502983
0.0503303
0.0503624
0.0503945
0.0504266
0.0504587
0.0504908
0.0505229
0.050555
0.0505871
0.0506192
0.0506514
0.0506835
0.0507157
0.0507479
0.05078
0.0508122
0.0508444
0.0508766
0.0509088
0.050941
0.0509732
0.0510055
0.0510377
0.0510699
0.0511022
0.0511344
0.0511667
0.051199
0.0512313
0.0512635
0.0512958
0.0513281
0.0513605
0.0513928
0.0514251
0.0514574
0.0514898
0.0515221
0.0515545
0.0515869
0.0516192
0.0516516
0.051684
0.0517164
0.0517488
0.0517812
0.0518136
0.0518461
0.0518785
0.0519109
0.0519434
0.0519759
0.0520083
0.0520408
0.0520733
0.0521058
0.0521383
0.0521708
0.0522033
0.0522358
0.0522683
0.0523009
0.0523334
0.052366
0.0523985
0.0524311
0.0524637
0.0524962
0.0525288
0.0525614
0.052594
0.0526266
0.0526593
0.0526919
0.0527245
0.0527572
0.0527898
0.0528225
0.0528551
0.0528878
0.0529205
0.0529532
0.0529859
0.0530186
0.0530513
0.053084
0.0531167
0.0531495
0.0531822
0.0532149
0.0532477
0.0532805
0.0533132
0.053346
0.0533788
0.0534116
0.0534444
0.0534772
0.05351
0.0535428
0.0535757
0.0536085
0.0536414
0.0536742
0.0537071
0.05374
0.0537728
0.0538057
0.0538386
0.0538715
0.0539044
0.0539373
0.0539703
0.0540032
0.0540361
0.0540691
0.054102
0.054135
0.0541679
0.0542009
0.0542339
0.0542669
0.0542999
0.0543329
0.0543659
0.0543989
0.054432
0.054465
0.054498
0.0545311
0.0545641
0.0545972
0.0546303
0.0546634
0.0546964
0.0547295
0.0547626
0.0547958
0.0548289
0.054862
0.0548951
0.0549283
0.0549614
0.0549946
0.0550277
0.0550609
0.0550941
0.0551273
0.0551605
0.0551937
0.0552269
0.0552601
0.0552933
0.0553265
0.0553598
0.055393
0.0554263
0.0554595
0.0554928
0.0555261
0.0555593
0.0555926
0.0556259
0.0556592
0.0556925
0.0557258
0.0557592
0.0557925
0.0558258
0.0558592
0.0558925
0.0559259
0.0559593
0.0559927
0.056026
0.0560594
0.0560928
0.0561262
0.0561596
0.0561931
0.0562265
0.0562599
0.0562934
0.0563268
0.0563603
0.0563937
0.0564272
0.0564607
0.0564942
0.0565277
0.0565612
0.0565947
0.0566282
0.0566617
0.0566953
0.0567288
0.0567623
0.0567959
0.0568295
0.056863
0.0568966
0.0569302
0.0569638
0.0569974
0.057031
0.0570646
0.0570982
0.0571318
0.0571655
0.0571991
0.0572327
0.0572664
0.0573001
0.0573337
0.0573674
0.0574011
0.0574348
0.0574685
0.0575022
0.0575359
0.0575696
0.0576033
0.0576371
0.0576708
0.0577046
0.0577383
0.0577721
0.0578059
0.0578396
0.0578734
0.0579072
0.057941
0.0579748
0.0580086
0.0580425
0.0580763
0.0581101
0.058144
0.0581778
0.0582117
0.0582455
0.0582794
0.0583133
0.0583472
0.0583811
0.058415
0.0584489
0.0584828
0.0585167
0.0585506
0.0585846
0.0586185
0.0586525
0.0586864
0.0587204
0.0587544
0.0587883
0.0588223
0.0588563
0.0588903
0.0589243
0.0589583
0.0589924
0.0590264
0.0590604
0.0590945
0.0591285
0.0591626
0.0591967
0.0592307
0.0592648
0.0592989
0.059333
0.0593671
0.0594012
0.0594353
0.0594694
0.0595036
0.0595377
0.0595718
0.059606
0.0596401
0.0596743
0.0597085
0.0597427
0.0597768
0.059811
0.0598452
0.0598794
0.0599137
0.0599479
0.0599821
0.0600163
0.0600506
0.0600848
0.0601191
0.0601534
0.0601876
0.0602219
0.0602562
0.0602905
0.0603248
0.0603591
0.0603934
0.0604277
0.060462
0.0604964
0.0605307
0.0605651
0.0605994
0.0606338
0.0606681
0.0607025
0.0607369
0.0607713
0.0608057
0.0608401
0.0608745
0.0609089
0.0609433
0.0609778
0.0610122
0.0610467
0.0610811
0.0611156
0.06115
0.0611845
0.061219
0.0612535
0.061288
0.0613225
0.061357
0.0613915
0.061426
0.0614606
0.0614951
0.0615296
0.0615642
0.0615987
0.0616333
0.0616679
0.0617025
0.061737
0.0617716
0.0618062
0.0618408
0.0618755
0.0619101
0.0619447
0.0619793
0.062014
0.0620486
0.0620833
0.0621179
0.0621526
0.0621873
0.062222
0.0622567
0.0622913
0.0623261
0.0623608
0.0623955
0.0624302
0.0624649
0.0624997
0.0625344
0.0625692
0.0626039
0.0626387
0.0626735
0.0627082
0.062743
0.0627778
0.0628126
0.0628474
0.0628822
0.062917
0.0629519
0.0629867
0.0630215
0.0630564
0.0630912
0.0631261
0.063161
0.0631959
0.0632307
0.0632656
0.0633005
0.0633354
0.0633703
0.0634052
0.0634402
0.0634751
0.06351
0.063545
0.0635799
0.0636149
0.0636498
0.0636848
0.0637198
0.0637548
0.0637898
0.0638248
0.0638598
0.0638948
0.0639298
0.0639648
0.0639998
0.0640349
0.0640699
0.064105
0.06414
0.0641751
0.0642102
0.0642452
0.0642803
0.0643154
0.0643505
0.0643856
0.0644207
0.0644559
0.064491
0.0645261
0.0645613
0.0645964
0.0646315
0.0646667
0.0647019
0.064737
0.0647722
0.0648074
0.0648426
0.0648778
0.064913
0.0649482
0.0649834
0.0650187
0.0650539
0.0650891
0.0651244
0.0651596
0.0651949
0.0652302
0.0652654
0.0653007
0.065336
0.0653713
0.0654066
0.0654419
0.0654772
0.0655125
0.0655479
0.0655832
0.0656185
0.0656539
0.0656892
0.0657246
0.06576
0.0657953
0.0658307
0.0658661
0.0659015
0.0659369
0.0659723
0.0660077
0.0660431
0.0660786
0.066114
0.0661494
0.0661849
0.0662203
0.0662558
0.0662913
0.0663267
0.0663622
0.0663977
0.0664332
0.0664687
0.0665042
0.0665397
0.0665752
0.0666108
0.0666463
0.0666818
0.0667174
0.0667529
0.0667885
0.066824
0.0668596
0.0668952
0.0669308
0.0669664
0.067002
0.0670376
0.0670732
0.0671088
0.0671444
0.0671801
0.0672157
0.0672513
0.067287
0.0673226
0.0673583
0.067394
0.0674297
0.0674653
0.067501
0.0675367
0.0675724
0.0676081
0.0676439
0.0676796
0.0677153
0.067751
0.0677868
0.0678225
0.0678583
0.0678941
0.0679298
0.0679656
0.0680014
0.0680372
0.068073
0.0681088
0.0681446
0.0681804
0.0682162
0.068252
0.0682879
0.0683237
0.0683595
0.0683954
0.0684313
0.0684671
0.068503
0.0685389
0.0685748
0.0686106
0.0686465
0.0686824
0.0687184
0.0687543
0.0687902
0.0688261
0.0688621
0.068898
0.068934
0.0689699
0.0690059
0.0690418
0.0690778
0.0691138
0.0691498
0.0691858
0.0692218
0.0692578
0.0692938
0.0693298
0.0693659
0.0694019
0.0694379
0.069474
0.06951
0.0695461
0.0695821
0.0696182
0.0696543
0.0696904
0.0697265
0.0697626
0.0697987
0.0698348
0.0698709
0.069907
0.0699432
0.0699793
0.0700154
0.0700516
0.0700877
0.0701239
0.0701601
0.0701962
0.0702324
0.0702686
0.0703048
0.070341
0.0703772
0.0704134
0.0704496
0.0704859
0.0705221
0.0705583
0.0705946
0.0706308
0.0706671
0.0707033
0.0707396
0.0707759
0.0708122
0.0708484
0.0708847
0.070921
0.0709573
0.0709937
0.07103
0.0710663
0.0711026
0.071139
0.0711753
0.0712117
0.071248
0.0712844
0.0713208
0.0713571
0.0713935
0.0714299
0.0714663
0.0715027
0.0715391
0.0715755
0.0716119
0.0716484
0.0716848
0.0717212
0.0717577
0.0717941
0.0718306
0.0718671
0.0719035
0.07194
0.0719765
0.072013
0.0720495
0.072086
0.0721225
0.072159
0.0721955
0.072232
0.0722686
0.0723051
0.0723417
0.0723782
0.0724148
0.0724513
0.0724879
0.0725245
0.0725611
0.0725976
0.0726342
0.0726708
0.0727074
0.0727441
0.0727807
0.0728173
0.0728539
0.0728906
0.0729272
0.0729639
0.0730005
0.0730372
0.0730739
0.0731105
0.0731472
0.0731839
0.0732206
0.0732573
0.073294
0.0733307
0.0733674
0.0734042
0.0734409
0.0734776
0.0735144
0.0735511
0.0735879
0.0736246
0.0736614
0.0736982
0.0737349
0.0737717
0.0738085
0.0738453
0.0738821
0.0739189
0.0739558
0.0739926
0.0740294
0.0740662
0.0741031
0.0741399
0.0741768
0.0742136
0.0742505
0.0742874
0.0743243
0.0743611
0.074398
0.0744349
0.0744718
0.0745087
0.0745457
0.0745826
0.0746195
0.0746564
0.0746934
0.0747303
0.0747673
0.0748042
0.0748412
0.0748782
0.0749151
0.0749521
0.0749891
0.0750261
0.0750631
0.0751001
0.0751371
0.0751741
0.0752111
0.0752482
0.0752852
0.0753223
0.0753593
0.0753964
0.0754334
0.0754705
0.0755076
0.0755446
0.0755817
0.0756188
0.0756559
0.075693
0.0757301
0.0757672
0.0758043
0.0758415
0.0758786
0.0759157
0.0759529
0.07599
0.0760272
0.0760644
0.0761015
0.0761387
0.0761759
0.0762131
0.0762503
0.0762875
0.0763247
0.0763619
0.0763991
0.0764363
0.0764735
0.0765108
0.076548
0.0765853
0.0766225
0.0766598
0.076697
0.0767343
0.0767716
0.0768089
0.0768461
0.0768834
0.0769207
0.076958
0.0769953
0.0770327
0.07707
0.0771073
0.0771447
0.077182
0.0772193
0.0772567
0.0772941
0.0773314
0.0773688
0.0774062
0.0774435
0.0774809
0.0775183
0.0775557
0.0775931
0.0776305
0.077668
0.0777054
0.0777428
0.0777803
0.0778177
0.0778551
0.0778926
0.0779301
0.0779675
0.078005
0.0780425
0.07808
0.0781174
0.0781549
0.0781924
0.0782299
0.0782675
0.078305
0.0783425
0.07838
0.0784176
0.0784551
0.0784927
0.0785302
0.0785678
0.0786053
0.0786429
0.0786805
0.0787181
0.0787556
0.0787932
0.0788308
0.0788684
0.0789061
0.0789437
0.0789813
0.0790189
0.0790566
0.0790942
0.0791318
0.0791695
0.0792072
0.0792448
0.0792825
0.0793202
0.0793579
0.0793955
0.0794332
0.0794709
0.0795086
0.0795463
0.0795841
0.0796218
0.0796595
0.0796972
0.079735
0.0797727
0.0798105
0.0798482
0.079886
0.0799238
0.0799615
0.0799993
0.0800371
0.0800749
0.0801127
0.0801505
0.0801883
0.0802261
0.0802639
0.0803018
0.0803396
0.0803774
0.0804153
0.0804531
0.080491
0.0805288
0.0805667
0.0806046
0.0806425
0.0806803
0.0807182
0.0807561
0.080794
0.0808319
0.0808698
0.0809078
0.0809457
0.0809836
0.0810215
0.0810595
0.0810974
0.0811354
0.0811733
0.0812113
0.0812493
0.0812872
0.0813252
0.0813632
0.0814012
0.0814392
0.0814772
0.0815152
0.0815532
0.0815913
0.0816293
0.0816673
0.0817053
0.0817434
0.0817814
0.0818195
0.0818576
0.0818956
0.0819337
0.0819718
0.0820098
0.0820479
0.082086
0.0821241
0.0821622
0.0822003
0.0822385
0.0822766
0.0823147
0.0823528
0.082391
0.0824291
0.0824673
0.0825054
0.0825436
0.0825818
0.0826199
0.0826581
0.0826963
0.0827345
0.0827727
0.0828109
0.0828491
0.0828873
0.0829255
0.0829637
0.083002
0.0830402
0.0830784
0.0831167
0.0831549
0.0831932
0.0832315
0.0832697
0.083308
0.0833463
0.0833846
0.0834229
0.0834612
0.0834995
0.0835378
0.0835761
0.0836144
0.0836527
0.083691
0.0837294
0.0837677
0.0838061
0.0838444
0.0838828
0.0839211
0.0839595
0.0839979
0.0840363
0.0840746
0.084113
0.0841514
0.0841898
0.0842282
0.0842667
0.0843051
0.0843435
0.0843819
0.0844204
0.0844588
0.0844972
0.0845357
0.0845741
0.0846126
0.0846511
0.0846896
0.084728
0.0847665
0.084805
0.0848435
0.084882
0.0849205
0.084959
0.0849975
0.0850361
0.0850746
0.0851131
0.0851517
0.0851902
0.0852288
0.0852673
0.0853059
0.0853444
0.085383
0.0854216
0.0854602
0.0854988
0.0855374
0.085576
0.0856146
0.0856532
0.0856918
0.0857304
0.085769
0.0858077
0.0858463
0.0858849
0.0859236
0.0859622
0.0860009
0.0860396
0.0860782
0.0861169
0.0861556
0.0861943
0.086233
0.0862717
0.0863104
0.0863491
0.0863878
0.0864265
0.0864652
0.086504
0.0865427
0.0865814
0.0866202
0.0866589
0.0866977
0.0867365
0.0867752
0.086814
0.0868528
0.0868916
0.0869304
0.0869692
0.087008
0.0870468
0.0870856
0.0871244
0.0871632
0.087202
0.0872409
0.0872797
0.0873185
0.0873574
0.0873962
0.0874351
0.087474
0.0875128
0.0875517
0.0875906
0.0876295
0.0876684
0.0877073
0.0877462
0.0877851
0.087824
0.0878629
0.0879018
0.0879408
0.0879797
0.0880186
0.0880576
0.0880965
0.0881355
0.0881744
0.0882134
0.0882524
0.0882914
0.0883303
0.0883693
0.0884083
0.0884473
0.0884863
0.0885253
0.0885643
0.0886034
0.0886424
0.0886814
0.0887205
0.0887595
0.0887985
0.0888376
0.0888767
0.0889157
0.0889548
0.0889939
0.0890329
0.089072
0.0891111
0.0891502
0.0891893
0.0892284
0.0892675
0.0893066
0.0893457
0.0893849
0.089424
0.0894631
0.0895023
0.0895414
0.0895806
0.0896197
0.0896589
0.0896981
0.0897372
0.0897764
0.0898156
0.0898548
0.089894
0.0899332
0.0899724
0.0900116
0.0900508
0.09009
0.0901292
0.0901685
0.0902077
0.0902469
0.0902862
0.0903254
0.0903647
0.090404
0.0904432
0.0904825
0.0905218
0.090561
0.0906003
0.0906396
0.0906789
0.0907182
0.0907575
0.0907968
0.0908362
0.0908755
0.0909148
0.0909542
0.0909935
0.0910328
0.0910722
0.0911115
0.0911509
0.0911903
0.0912296
0.091269
0.0913084
0.0913478
0.0913872
0.0914266
0.091466
0.0915054
0.0915448
0.0915842
0.0916236
0.091663
0.0917025
0.0917419
0.0917814
0.0918208
0.0918603
0.0918997
0.0919392
0.0919786
0.0920181
0.0920576
0.0920971
0.0921366
0.0921761
0.0922156
0.0922551
0.0922946
0.0923341
0.0923736
0.0924131
0.0924527
0.0924922
0.0925317
0.0925713
0.0926108
0.0926504
0.0926899
0.0927295
0.0927691
0.0928087
0.0928482
0.0928878
0.0929274
0.092967
0.0930066
0.0930462
0.0930858
0.0931254
0.0931651
0.0932047
0.0932443
0.093284
0.0933236
0.0933632
0.0934029
0.0934426
0.0934822
0.0935219
0.0935616
0.0936012
0.0936409
0.0936806
0.0937203
0.09376
0.0937997
0.0938394
0.0938791
0.0939188
0.0939586
0.0939983
0.094038
0.0940777
0.0941175
0.0941572
0.094197
0.0942367
0.0942765
0.0943163
0.0943561
0.0943958
0.0944356
0.0944754
0.0945152
0.094555
0.0945948
0.0946346
0.0946744
0.0947142
0.0947541
0.0947939
0.0948337
0.0948736
0.0949134
0.0949532
0.0949931
0.095033
0.0950728
0.0951127
0.0951526
0.0951924
0.0952323
0.0952722
0.0953121
0.095352
0.0953919
0.0954318
0.0954717
0.0955116
0.0955516
0.0955915
0.0956314
0.0956714
0.0957113
0.0957512
0.0957912
0.0958311
0.0958711
0.0959111
0.095951
0.095991
0.096031
0.096071
0.096111
0.096151
0.096191
0.096231
0.096271
0.096311
0.096351
0.0963911
0.0964311
0.0964711
0.0965112
0.0965512
0.0965913
0.0966313
0.0966714
0.0967115
0.0967515
0.0967916
0.0968317
0.0968718
0.0969119
0.0969519
0.096992
0.0970321
0.0970723
0.0971124
0.0971525
0.0971926
0.0972327
0.0972729
0.097313
0.0973532
0.0973933
0.0974335
0.0974736
0.0975138
0.097554
0.0975941
0.0976343
0.0976745
0.0977147
0.0977549
0.0977951
0.0978353
0.0978755
0.0979157
0.0979559
0.0979961
0.0980363
0.0980766
0.0981168
0.0981571
0.0981973
0.0982376
0.0982778
0.0983181
0.0983583
0.0983986
0.0984389
0.0984792
0.0985194
0.0985597
0.0986
0.0986403
0.0986806
0.0987209
0.0987612
0.0988016
0.0988419
0.0988822
0.0989225
0.0989629
0.0990032
0.0990436
0.0990839
0.0991243
0.0991646
0.099205
0.0992454
0.0992858
0.0993261
0.0993665
0.0994069
0.0994473
0.0994877
0.0995281
0.0995685
0.0996089
0.0996494
0.0996898
0.0997302
0.0997706
0.0998111
0.0998515
0.099892
0.0999324
0.0999729
0.100013
0.100054
0.100094
0.100135
0.100175
0.100216
0.100256
0.100297
0.100337
0.100378
0.100418
0.100459
0.100499
0.10054
0.10058
0.100621
0.100661
0.100702
0.100742
0.100783
0.100824
0.100864
0.100905
0.100945
0.100986
0.101026
0.101067
0.101108
0.101148
0.101189
0.101229
0.10127
0.101311
0.101351
0.101392
0.101432
0.101473
0.101514
0.101554
0.101595
0.101636
0.101676
0.101717
0.101758
0.101798
0.101839
0.10188
0.10192
0.101961
0.102002
0.102042
0.102083
0.102124
0.102165
0.102205
0.102246
0.102287
0.102327
0.102368
0.102409
0.10245
0.10249
0.102531
0.102572
0.102613
0.102653
0.102694
0.102735
0.102776
0.102817
0.102857
0.102898
0.102939
0.10298
0.103021
0.103061
0.103102
0.103143
0.103184
0.103225
0.103266
0.103306
0.103347
0.103388
0.103429
0.10347
0.103511
0.103551
0.103592
0.103633
0.103674
0.103715
0.103756
0.103797
0.103838
0.103879
0.10392
0.10396
0.104001
0.104042
0.104083
0.104124
0.104165
0.104206
0.104247
0.104288
0.104329
0.10437
0.104411
0.104452
0.104493
0.104534
0.104575
0.104616
0.104657
0.104698
0.104739
0.10478
0.104821
0.104862
0.104903
0.104944
0.104985
0.105026
0.105067
0.105108
0.105149
0.10519
0.105231
0.105272
0.105313
0.105354
0.105395
0.105436
0.105477
0.105519
0.10556
0.105601
0.105642
0.105683
0.105724
0.105765
0.105806
0.105847
0.105889
0.10593
0.105971
0.106012
0.106053
0.106094
0.106135
0.106177
0.106218
0.106259
0.1063
0.106341
0.106382
0.106424
0.106465
0.106506
0.106547
0.106588
0.10663
0.106671
0.106712
0.106753
0.106794
0.106836
0.106877
0.106918
0.106959
0.107001
0.107042
0.107083
0.107124
0.107166
0.107207
0.107248
0.10729
0.107331
0.107372
0.107413
0.107455
0.107496
0.107537
0.107579
0.10762
0.107661
0.107703
0.107744
0.107785
0.107827
0.107868
0.107909
0.107951
0.107992
0.108033
0.108075
0.108116
0.108157
0.108199
0.10824
0.108282
0.108323
0.108364
0.108406
0.108447
0.108489
0.10853
0.108571
0.108613
0.108654
0.108696
0.108737
0.108779
0.10882
0.108861
0.108903
0.108944
0.108986
0.109027
0.109069
0.10911
0.109152
0.109193
0.109235
0.109276
0.109318
0.109359
0.109401
0.109442
0.109484
0.109525
0.109567
0.109608
0.10965
0.109691
0.109733
0.109774
0.109816
0.109858
0.109899
0.109941
0.109982
0.110024
0.110065
0.110107
0.110149
0.11019
0.110232
0.110273
0.110315
0.110356
0.110398
0.11044
0.110481
0.110523
0.110565
0.110606
0.110648
0.110689
0.110731
0.110773
0.110814
0.110856
0.110898
0.110939
0.110981
0.111023
0.111064
0.111106
0.111148
0.111189
0.111231
0.111273
0.111315
0.111356
0.111398
0.11144
0.111481
0.111523
0.111565
0.111607
0.111648
0.11169
0.111732
0.111774
0.111815
0.111857
0.111899
0.111941
0.111982
0.112024
0.112066
0.112108
0.11215
0.112191
0.112233
0.112275
0.112317
0.112359
0.1124
0.112442
0.112484
0.112526
0.112568
0.112609
0.112651
0.112693
0.112735
0.112777
0.112819
0.112861
0.112902
0.112944
0.112986
0.113028
0.11307
0.113112
0.113154
0.113196
0.113238
0.113279
0.113321
0.113363
0.113405
0.113447
0.113489
0.113531
0.113573
0.113615
0.113657
0.113699
0.113741
0.113783
0.113825
0.113866
0.113908
0.11395
0.113992
0.114034
0.114076
0.114118
0.11416
0.114202
0.114244
0.114286
0.114328
0.11437
0.114412
0.114454
0.114496
0.114538
0.11458
0.114622
0.114665
0.114707
0.114749
0.114791
0.114833
0.114875
0.114917
0.114959
0.115001
0.115043
0.115085
0.115127
0.115169
0.115211
0.115254
0.115296
0.115338
0.11538
0.115422
0.115464
0.115506
0.115548
0.11559
0.115633
0.115675
0.115717
0.115759
0.115801
0.115843
0.115885
0.115928
0.11597
0.116012
0.116054
0.116096
0.116139
0.116181
0.116223
0.116265
0.116307
0.11635
0.116392
0.116434
0.116476
0.116518
0.116561
0.116603
0.116645
0.116687
0.11673
0.116772
0.116814
0.116856
0.116899
0.116941
0.116983
0.117025
0.117068
0.11711
0.117152
0.117194
0.117237
0.117279
0.117321
0.117364
0.117406
0.117448
0.117491
0.117533
0.117575
0.117618
0.11766
0.117702
0.117745
0.117787
0.117829
0.117872
0.117914
0.117956
0.117999
0.118041
0.118083
0.118126
0.118168
0.118211
0.118253
0.118295
0.118338
0.11838
0.118423
0.118465
0.118507
0.11855
0.118592
0.118635
0.118677
0.118719
0.118762
0.118804
0.118847
0.118889
0.118932
0.118974
0.119017
0.119059
0.119102
0.119144
0.119186
0.119229
0.119271
0.119314
0.119356
0.119399
0.119441
0.119484
0.119526
0.119569
0.119611
0.119654
0.119696
0.119739
0.119782
0.119824
0.119867
0.119909
0.119952
0.119994
0.120037
0.120079
0.120122
0.120164
0.120207
0.12025
0.120292
0.120335
0.120377
0.12042
0.120463
0.120505
0.120548
0.12059
0.120633
0.120676
0.120718
0.120761
0.120803
0.120846
0.120889
0.120931
0.120974
0.121017
0.121059
0.121102
0.121145
0.121187
0.12123
0.121273
0.121315
0.121358
0.121401
0.121443
0.121486
0.121529
0.121571
0.121614
0.121657
0.121699
0.121742
0.121785
0.121828
0.12187
0.121913
0.121956
0.121999
0.122041
0.122084
0.122127
0.12217
0.122212
0.122255
0.122298
0.122341
0.122383
0.122426
0.122469
0.122512
0.122554
0.122597
0.12264
0.122683
0.122726
0.122768
0.122811
0.122854
0.122897
0.12294
0.122983
0.123025
0.123068
0.123111
0.123154
0.123197
0.12324
0.123282
0.123325
0.123368
0.123411
0.123454
0.123497
0.12354
0.123582
0.123625
0.123668
0.123711
0.123754
0.123797
0.12384
0.123883
0.123926
0.123968
0.124011
0.124054
0.124097
0.12414
0.124183
0.124226
0.124269
0.124312
0.124355
0.124398
0.124441
0.124484
0.124527
0.12457
0.124613
0.124656
0.124699
0.124742
0.124785
0.124828
0.124871
0.124914
0.124957
0.125
0.125043
0.125086
0.125129
0.125172
0.125215
0.125258
0.125301
0.125344
0.125387
0.12543
0.125473
0.125516
0.125559
0.125602
0.125645
0.125688
0.125731
0.125774
0.125817
0.12586
0.125903
0.125947
0.12599
0.126033
0.126076
0.126119
0.126162
0.126205
0.126248
0.126291
0.126334
0.126378
0.126421
0.126464
0.126507
0.12655
0.126593
0.126636
0.12668
0.126723
0.126766
0.126809
0.126852
0.126895
0.126939
0.126982
0.127025
0.127068
0.127111
0.127154
0.127198
0.127241
0.127284
0.127327
0.12737
0.127414
0.127457
0.1275
0.127543
0.127587
0.12763
0.127673
0.127716
0.127759
0.127803
0.127846
0.127889
0.127932
0.127976
0.128019
0.128062
0.128106
0.128149
0.128192
0.128235
0.128279
0.128322
0.128365
0.128409
0.128452
0.128495
0.128538
0.128582
0.128625
0.128668
0.128712
0.128755
0.128798
0.128842
0.128885
0.128928
0.128972
0.129015
0.129058
0.129102
0.129145
0.129188
0.129232
0.129275
0.129319
0.129362
0.129405
0.129449
0.129492
0.129535
0.129579
0.129622
0.129666
0.129709
0.129753
0.129796
0.129839
0.129883
0.129926
0.12997
0.130013
0.130056
0.1301
0.130143
0.130187
0.13023
0.130274
0.130317
0.130361
0.130404
0.130448
0.130491
0.130534
0.130578
0.130621
0.130665
0.130708
0.130752
0.130795
0.130839
0.130882
0.130926
0.130969
0.131013
0.131056
0.1311
0.131143
0.131187
0.131231
0.131274
0.131318
0.131361
0.131405
0.131448
0.131492
0.131535
0.131579
0.131622
0.131666
0.13171
0.131753
0.131797
0.13184
0.131884
0.131928
0.131971
0.132015
0.132058
0.132102
0.132146
0.132189
0.132233
0.132276
0.13232
0.132364
0.132407
0.132451
0.132495
0.132538
0.132582
0.132625
0.132669
0.132713
0.132756
0.1328
0.132844
0.132887
0.132931
0.132975
0.133018
0.133062
0.133106
0.133149
0.133193
0.133237
0.133281
0.133324
0.133368
0.133412
0.133455
0.133499
0.133543
0.133587
0.13363
0.133674
0.133718
0.133761
0.133805
0.133849
0.133893
0.133936
0.13398
0.134024
0.134068
0.134111
0.134155
0.134199
0.134243
0.134287
0.13433
0.134374
0.134418
0.134462
0.134505
0.134549
0.134593
0.134637
0.134681
0.134725
0.134768
0.134812
0.134856
0.1349
0.134944
0.134987
0.135031
0.135075
0.135119
0.135163
0.135207
0.135251
0.135294
0.135338
0.135382
0.135426
0.13547
0.135514
0.135558
0.135601
0.135645
0.135689
0.135733
0.135777
0.135821
0.135865
0.135909
0.135953
0.135997
0.13604
0.136084
0.136128
0.136172
0.136216
0.13626
0.136304
0.136348
0.136392
0.136436
0.13648
0.136524
0.136568
0.136612
0.136656
0.1367
0.136744
0.136788
0.136832
0.136876
0.13692
0.136964
0.137008
0.137051
0.137095
0.137139
0.137183
0.137228
0.137272
0.137316
0.13736
0.137404
0.137448
0.137492
0.137536
0.13758
0.137624
0.137668
0.137712
0.137756
0.1378
0.137844
0.137888
0.137932
0.137976
0.13802
0.138064
0.138108
0.138152
0.138197
0.138241
0.138285
0.138329
0.138373
0.138417
0.138461
0.138505
0.138549
0.138593
0.138638
0.138682
0.138726
0.13877
0.138814
0.138858
0.138902
0.138946
0.138991
0.139035
0.139079
0.139123
0.139167
0.139211
0.139255
0.1393
0.139344
0.139388
0.139432
0.139476
0.139521
0.139565
0.139609
0.139653
0.139697
0.139741
0.139786
0.13983
0.139874
0.139918
0.139963
0.140007
0.140051
0.140095
0.140139
0.140184
0.140228
0.140272
0.140316
0.140361
0.140405
0.140449
0.140493
0.140538
0.140582
0.140626
0.14067
0.140715
0.140759
0.140803
0.140848
0.140892
0.140936
0.14098
0.141025
0.141069
0.141113
0.141158
0.141202
0.141246
0.141291
0.141335
0.141379
0.141423
0.141468
0.141512
0.141556
0.141601
0.141645
0.141689
0.141734
0.141778
0.141823
0.141867
0.141911
0.141956
0.142
0.142044
0.142089
0.142133
0.142177
0.142222
0.142266
0.142311
0.142355
0.142399
0.142444
0.142488
0.142533
0.142577
0.142621
0.142666
0.14271
0.142755
0.142799
0.142844
0.142888
0.142932
0.142977
0.143021
0.143066
0.14311
0.143155
0.143199
0.143244
0.143288
0.143332
0.143377
0.143421
0.143466
0.14351
0.143555
0.143599
0.143644
0.143688
0.143733
0.143777
0.143822
0.143866
0.143911
0.143955
0.144
0.144044
0.144089
0.144133
0.144178
0.144222
0.144267
0.144311
0.144356
0.144401
0.144445
0.14449
0.144534
0.144579
0.144623
0.144668
0.144712
0.144757
0.144802
0.144846
0.144891
0.144935
0.14498
0.145024
0.145069
0.145114
0.145158
0.145203
0.145247
0.145292
0.145337
0.145381
0.145426
0.14547
0.145515
0.14556
0.145604
0.145649
0.145694
0.145738
0.145783
0.145827
0.145872
0.145917
0.145961
0.146006
0.146051
0.146095
0.14614
0.146185
0.146229
0.146274
0.146319
0.146363
0.146408
0.146453
0.146497
0.146542
0.146587
0.146631
0.146676
0.146721
0.146766
0.14681
0.146855
0.1469
0.146944
0.146989
0.147034
0.147079
0.147123
0.147168
0.147213
0.147258
0.147302
0.147347
0.147392
0.147437
0.147481
0.147526
0.147571
0.147616
0.14766
0.147705
0.14775
0.147795
0.147839
0.147884
0.147929
0.147974
0.148019
0.148063
0.148108
0.148153
0.148198
0.148243
0.148287
0.148332
0.148377
0.148422
0.148467
0.148512
0.148556
0.148601
0.148646
0.148691
0.148736
0.148781
0.148825
0.14887
0.148915
0.14896
0.149005
0.14905
0.149095
0.149139
0.149184
0.149229
0.149274
0.149319
0.149364
0.149409
0.149454
0.149498
0.149543
0.149588
0.149633
0.149678
0.149723
0.149768
0.149813
0.149858
0.149903
0.149948
0.149992
0.150037
0.150082
0.150127
0.150172
0.150217
0.150262
0.150307
0.150352
0.150397
0.150442
0.150487
0.150532
0.150577
0.150622
0.150667
0.150712
0.150757
0.150802
0.150847
0.150892
0.150937
0.150982
0.151027
0.151072
0.151117
0.151162
0.151207
0.151252
0.151297
0.151342
0.151387
0.151432
0.151477
0.151522
0.151567
0.151612
0.151657
0.151702
0.151747
0.151792
0.151837
0.151882
0.151927
0.151972
0.152017
0.152062
0.152107
0.152153
0.152198
0.152243
0.152243
